[0.025s] Invoking command in '/root/ros2_ws/src/robotica/build/keyboard': AMENT_PREFIX_PATH=/root/ros2_ws/src/robotica/install/keyboard_msgs:${AMENT_PREFIX_PATH} CMAKE_PREFIX_PATH=/root/ros2_ws/src/robotica/install/keyboard_msgs:/root/ros2_ws/install/sim_ros2_interface:/opt/ros/humble LD_LIBRARY_PATH=/root/ros2_ws/src/robotica/install/keyboard_msgs/lib:/usr/lib/x86_64-linux-gnu/gazebo-11/plugins:/opt/ros/humble/opt/rviz_ogre_vendor/lib:/opt/ros/humble/lib/x86_64-linux-gnu:/opt/ros/humble/lib:/usr/lib/x86_64-linux-gnu/gazebo-11/plugins PYTHONPATH=/root/ros2_ws/src/robotica/install/keyboard_msgs/local/lib/python3.10/dist-packages:${PYTHONPATH} /usr/bin/cmake /root/ros2_ws/src/robotica/ros2-keyboard/keyboard -DCMAKE_INSTALL_PREFIX=/root/ros2_ws/src/robotica/install/keyboard
[0.118s] -- The C compiler identification is GNU 11.4.0
[0.217s] -- The CXX compiler identification is GNU 11.4.0
[0.230s] -- Detecting C compiler ABI info
[0.352s] -- Detecting C compiler ABI info - done
[0.364s] -- Check for working C compiler: /usr/bin/cc - skipped
[0.364s] -- Detecting C compile features
[0.365s] -- Detecting C compile features - done
[0.370s] -- Detecting CXX compiler ABI info
[0.510s] -- Detecting CXX compiler ABI info - done
[0.527s] -- Check for working CXX compiler: /usr/bin/c++ - skipped
[0.528s] -- Detecting CXX compile features
[0.529s] -- Detecting CXX compile features - done
[0.534s] -- Found ament_cmake: 1.3.12 (/opt/ros/humble/share/ament_cmake/cmake)
[0.802s] -- Found Python3: /usr/bin/python3 (found version "3.10.12") found components: Interpreter 
[0.982s] -- Found rclcpp: 16.0.14 (/opt/ros/humble/share/rclcpp/cmake)
[1.076s] -- Found rosidl_generator_c: 3.1.7 (/opt/ros/humble/share/rosidl_generator_c/cmake)
[1.088s] -- Found rosidl_adapter: 3.1.7 (/opt/ros/humble/share/rosidl_adapter/cmake)
[1.106s] -- Found rosidl_generator_cpp: 3.1.7 (/opt/ros/humble/share/rosidl_generator_cpp/cmake)
[1.130s] -- Using all available rosidl_typesupport_c: rosidl_typesupport_fastrtps_c;rosidl_typesupport_introspection_c
[1.165s] -- Using all available rosidl_typesupport_cpp: rosidl_typesupport_fastrtps_cpp;rosidl_typesupport_introspection_cpp
[1.265s] -- Found rmw_implementation_cmake: 6.1.2 (/opt/ros/humble/share/rmw_implementation_cmake/cmake)
[1.273s] -- Found rmw_fastrtps_cpp: 6.2.8 (/opt/ros/humble/share/rmw_fastrtps_cpp/cmake)
[1.454s] -- Found OpenSSL: /usr/lib/x86_64-linux-gnu/libcrypto.so (found version "3.0.2")  
[1.511s] -- Found FastRTPS: /opt/ros/humble/include  
[1.608s] -- Using RMW implementation 'rmw_fastrtps_cpp' as default
[1.629s] -- Looking for pthread.h
[1.769s] -- Looking for pthread.h - found
[1.770s] -- Performing Test CMAKE_HAVE_LIBC_PTHREAD
[1.905s] -- Performing Test CMAKE_HAVE_LIBC_PTHREAD - Success
[1.908s] -- Found Threads: TRUE  
[2.006s] -- Found SDL: /usr/lib/x86_64-linux-gnu/libSDLmain.a;/usr/lib/x86_64-linux-gnu/libSDL.so (found version "1.2.15") 
[2.006s] -- Found keyboard_msgs: 1.0.0 (/root/ros2_ws/src/robotica/install/keyboard_msgs/share/keyboard_msgs/cmake)
[2.031s] -- Found ament_lint_auto: 0.12.14 (/opt/ros/humble/share/ament_lint_auto/cmake)
[2.185s] -- Added test 'copyright' to check source files copyright and LICENSE
[2.187s] -- Added test 'cppcheck' to perform static code analysis on C / C++ code
[2.187s] -- Configured cppcheck include dirs: $<BUILD_INTERFACE:/root/ros2_ws/src/robotica/ros2-keyboard/keyboard/include>
[2.187s] -- Configured cppcheck exclude dirs and/or files: 
[2.188s] -- Added test 'cpplint' to check C / C++ code against the Google style
[2.188s] -- Configured cpplint exclude dirs and/or files: 
[2.189s] -- Added test 'flake8' to check Python code syntax and style conventions
[2.190s] -- Added test 'lint_cmake' to check CMake code style
[2.191s] -- Added test 'pep257' to check Python code against some of the docstring style conventions in PEP 257
[2.192s] -- Added test 'uncrustify' to check C / C++ code style
[2.192s] -- Configured uncrustify additional arguments: 
[2.193s] -- Added test 'xmllint' to check XML markup files
[2.195s] -- Configuring done
[2.208s] -- Generating done
[2.213s] -- Build files have been written to: /root/ros2_ws/src/robotica/build/keyboard
[2.226s] Invoked command in '/root/ros2_ws/src/robotica/build/keyboard' returned '0': AMENT_PREFIX_PATH=/root/ros2_ws/src/robotica/install/keyboard_msgs:${AMENT_PREFIX_PATH} CMAKE_PREFIX_PATH=/root/ros2_ws/src/robotica/install/keyboard_msgs:/root/ros2_ws/install/sim_ros2_interface:/opt/ros/humble LD_LIBRARY_PATH=/root/ros2_ws/src/robotica/install/keyboard_msgs/lib:/usr/lib/x86_64-linux-gnu/gazebo-11/plugins:/opt/ros/humble/opt/rviz_ogre_vendor/lib:/opt/ros/humble/lib/x86_64-linux-gnu:/opt/ros/humble/lib:/usr/lib/x86_64-linux-gnu/gazebo-11/plugins PYTHONPATH=/root/ros2_ws/src/robotica/install/keyboard_msgs/local/lib/python3.10/dist-packages:${PYTHONPATH} /usr/bin/cmake /root/ros2_ws/src/robotica/ros2-keyboard/keyboard -DCMAKE_INSTALL_PREFIX=/root/ros2_ws/src/robotica/install/keyboard
[2.229s] Invoking command in '/root/ros2_ws/src/robotica/build/keyboard': AMENT_PREFIX_PATH=/root/ros2_ws/src/robotica/install/keyboard_msgs:${AMENT_PREFIX_PATH} CMAKE_PREFIX_PATH=/root/ros2_ws/src/robotica/install/keyboard_msgs:/root/ros2_ws/install/sim_ros2_interface:/opt/ros/humble LD_LIBRARY_PATH=/root/ros2_ws/src/robotica/install/keyboard_msgs/lib:/usr/lib/x86_64-linux-gnu/gazebo-11/plugins:/opt/ros/humble/opt/rviz_ogre_vendor/lib:/opt/ros/humble/lib/x86_64-linux-gnu:/opt/ros/humble/lib:/usr/lib/x86_64-linux-gnu/gazebo-11/plugins PYTHONPATH=/root/ros2_ws/src/robotica/install/keyboard_msgs/local/lib/python3.10/dist-packages:${PYTHONPATH} /usr/bin/cmake --build /root/ros2_ws/src/robotica/build/keyboard -- -j22 -l22
[2.313s] [ 50%] [32mBuilding CXX object CMakeFiles/keyboard.dir/src/keyboard.cpp.o[0m
[11.184s] [100%] [32m[1mLinking CXX executable keyboard[0m
[11.630s] [100%] Built target keyboard
[11.665s] Invoked command in '/root/ros2_ws/src/robotica/build/keyboard' returned '0': AMENT_PREFIX_PATH=/root/ros2_ws/src/robotica/install/keyboard_msgs:${AMENT_PREFIX_PATH} CMAKE_PREFIX_PATH=/root/ros2_ws/src/robotica/install/keyboard_msgs:/root/ros2_ws/install/sim_ros2_interface:/opt/ros/humble LD_LIBRARY_PATH=/root/ros2_ws/src/robotica/install/keyboard_msgs/lib:/usr/lib/x86_64-linux-gnu/gazebo-11/plugins:/opt/ros/humble/opt/rviz_ogre_vendor/lib:/opt/ros/humble/lib/x86_64-linux-gnu:/opt/ros/humble/lib:/usr/lib/x86_64-linux-gnu/gazebo-11/plugins PYTHONPATH=/root/ros2_ws/src/robotica/install/keyboard_msgs/local/lib/python3.10/dist-packages:${PYTHONPATH} /usr/bin/cmake --build /root/ros2_ws/src/robotica/build/keyboard -- -j22 -l22
[11.669s] Invoking command in '/root/ros2_ws/src/robotica/build/keyboard': AMENT_PREFIX_PATH=/root/ros2_ws/src/robotica/install/keyboard_msgs:${AMENT_PREFIX_PATH} CMAKE_PREFIX_PATH=/root/ros2_ws/src/robotica/install/keyboard_msgs:/root/ros2_ws/install/sim_ros2_interface:/opt/ros/humble LD_LIBRARY_PATH=/root/ros2_ws/src/robotica/install/keyboard_msgs/lib:/usr/lib/x86_64-linux-gnu/gazebo-11/plugins:/opt/ros/humble/opt/rviz_ogre_vendor/lib:/opt/ros/humble/lib/x86_64-linux-gnu:/opt/ros/humble/lib:/usr/lib/x86_64-linux-gnu/gazebo-11/plugins PYTHONPATH=/root/ros2_ws/src/robotica/install/keyboard_msgs/local/lib/python3.10/dist-packages:${PYTHONPATH} /usr/bin/cmake --install /root/ros2_ws/src/robotica/build/keyboard
[11.690s] -- Install configuration: "Release"
[11.691s] -- Installing: /root/ros2_ws/src/robotica/install/keyboard/lib/keyboard/keyboard
[11.693s] -- Set runtime path of "/root/ros2_ws/src/robotica/install/keyboard/lib/keyboard/keyboard" to ""
[11.693s] -- Installing: /root/ros2_ws/src/robotica/install/keyboard/lib/keyboard/keyboard_to_joy.py
[11.694s] -- Installing: /root/ros2_ws/src/robotica/install/keyboard/share/keyboard/config
[11.694s] -- Installing: /root/ros2_ws/src/robotica/install/keyboard/share/keyboard/config/example_config.yaml
[11.695s] -- Installing: /root/ros2_ws/src/robotica/install/keyboard/share/ament_index/resource_index/package_run_dependencies/keyboard
[11.695s] -- Installing: /root/ros2_ws/src/robotica/install/keyboard/share/ament_index/resource_index/parent_prefix_path/keyboard
[11.696s] -- Installing: /root/ros2_ws/src/robotica/install/keyboard/share/keyboard/environment/ament_prefix_path.sh
[11.696s] -- Installing: /root/ros2_ws/src/robotica/install/keyboard/share/keyboard/environment/ament_prefix_path.dsv
[11.697s] -- Installing: /root/ros2_ws/src/robotica/install/keyboard/share/keyboard/environment/path.sh
[11.697s] -- Installing: /root/ros2_ws/src/robotica/install/keyboard/share/keyboard/environment/path.dsv
[11.698s] -- Installing: /root/ros2_ws/src/robotica/install/keyboard/share/keyboard/local_setup.bash
[11.698s] -- Installing: /root/ros2_ws/src/robotica/install/keyboard/share/keyboard/local_setup.sh
[11.699s] -- Installing: /root/ros2_ws/src/robotica/install/keyboard/share/keyboard/local_setup.zsh
[11.699s] -- Installing: /root/ros2_ws/src/robotica/install/keyboard/share/keyboard/local_setup.dsv
[11.700s] -- Installing: /root/ros2_ws/src/robotica/install/keyboard/share/keyboard/package.dsv
[11.700s] -- Installing: /root/ros2_ws/src/robotica/install/keyboard/share/ament_index/resource_index/packages/keyboard
[11.701s] -- Installing: /root/ros2_ws/src/robotica/install/keyboard/share/keyboard/cmake/keyboardConfig.cmake
[11.701s] -- Installing: /root/ros2_ws/src/robotica/install/keyboard/share/keyboard/cmake/keyboardConfig-version.cmake
[11.701s] -- Installing: /root/ros2_ws/src/robotica/install/keyboard/share/keyboard/package.xml
[11.708s] Invoked command in '/root/ros2_ws/src/robotica/build/keyboard' returned '0': AMENT_PREFIX_PATH=/root/ros2_ws/src/robotica/install/keyboard_msgs:${AMENT_PREFIX_PATH} CMAKE_PREFIX_PATH=/root/ros2_ws/src/robotica/install/keyboard_msgs:/root/ros2_ws/install/sim_ros2_interface:/opt/ros/humble LD_LIBRARY_PATH=/root/ros2_ws/src/robotica/install/keyboard_msgs/lib:/usr/lib/x86_64-linux-gnu/gazebo-11/plugins:/opt/ros/humble/opt/rviz_ogre_vendor/lib:/opt/ros/humble/lib/x86_64-linux-gnu:/opt/ros/humble/lib:/usr/lib/x86_64-linux-gnu/gazebo-11/plugins PYTHONPATH=/root/ros2_ws/src/robotica/install/keyboard_msgs/local/lib/python3.10/dist-packages:${PYTHONPATH} /usr/bin/cmake --install /root/ros2_ws/src/robotica/build/keyboard
