[0.010s] Invoking command in '/root/ros2_ws/src/robotica/build/robmovil_msgs': CMAKE_PREFIX_PATH=${CMAKE_PREFIX_PATH}:/opt/ros/humble /usr/bin/cmake /root/ros2_ws/src/robotica/robmovil_msgs -DCMAKE_INSTALL_PREFIX=/root/ros2_ws/src/robotica/install/robmovil_msgs
[0.078s] -- The C compiler identification is GNU 11.4.0
[0.141s] -- The CXX compiler identification is GNU 11.4.0
[0.150s] -- Detecting C compiler ABI info
[0.243s] -- Detecting C compiler ABI info - done
[0.254s] -- Check for working C compiler: /usr/bin/cc - skipped
[0.254s] -- Detecting C compile features
[0.255s] -- Detecting C compile features - done
[0.259s] -- Detecting CXX compiler ABI info
[0.357s] -- Detecting CXX compiler ABI info - done
[0.365s] -- Check for working CXX compiler: /usr/bin/c++ - skipped
[0.366s] -- Detecting CXX compile features
[0.366s] -- Detecting CXX compile features - done
[0.371s] -- Found rosidl_default_generators: 1.2.0 (/opt/ros/humble/share/rosidl_default_generators/cmake)
[0.374s] -- Found ament_cmake_core: 1.3.12 (/opt/ros/humble/share/ament_cmake_core/cmake)
[0.570s] -- Found Python3: /usr/bin/python3 (found version "3.10.12") found components: Interpreter 
[0.665s] -- Using all available rosidl_typesupport_c: rosidl_typesupport_fastrtps_c;rosidl_typesupport_introspection_c
[0.681s] -- Found rosidl_adapter: 3.1.7 (/opt/ros/humble/share/rosidl_adapter/cmake)
[0.805s] -- Using all available rosidl_typesupport_cpp: rosidl_typesupport_fastrtps_cpp;rosidl_typesupport_introspection_cpp
[0.864s] -- Found geometry_msgs: 4.9.0 (/opt/ros/humble/share/geometry_msgs/cmake)
[1.366s] -- Found ament_cmake_ros: 0.10.0 (/opt/ros/humble/share/ament_cmake_ros/cmake)
[1.801s] -- Using all available rosidl_typesupport_c: rosidl_typesupport_fastrtps_c;rosidl_typesupport_introspection_c
[2.442s] -- Using all available rosidl_typesupport_cpp: rosidl_typesupport_fastrtps_cpp;rosidl_typesupport_introspection_cpp
[2.490s] -- Found PythonInterp: /usr/bin/python3 (found suitable version "3.10.12", minimum required is "3.6") 
[2.495s] -- Found python_cmake_module: 0.10.0 (/opt/ros/humble/share/python_cmake_module/cmake)
[2.549s] -- Found PythonLibs: /usr/lib/x86_64-linux-gnu/libpython3.10.so (found suitable version "3.10.12", minimum required is "3.5") 
[2.550s] -- Using PYTHON_EXECUTABLE: /usr/bin/python3
[2.550s] -- Using PYTHON_INCLUDE_DIRS: /usr/include/python3.10
[2.550s] -- Using PYTHON_LIBRARIES: /usr/lib/x86_64-linux-gnu/libpython3.10.so
[2.593s] -- Found PythonExtra: .so  
[2.735s] -- Configuring done
[2.826s] -- Generating done
[2.866s] -- Build files have been written to: /root/ros2_ws/src/robotica/build/robmovil_msgs
[2.894s] Invoked command in '/root/ros2_ws/src/robotica/build/robmovil_msgs' returned '0': CMAKE_PREFIX_PATH=${CMAKE_PREFIX_PATH}:/opt/ros/humble /usr/bin/cmake /root/ros2_ws/src/robotica/robmovil_msgs -DCMAKE_INSTALL_PREFIX=/root/ros2_ws/src/robotica/install/robmovil_msgs
[2.898s] Invoking command in '/root/ros2_ws/src/robotica/build/robmovil_msgs': CMAKE_PREFIX_PATH=${CMAKE_PREFIX_PATH}:/opt/ros/humble /usr/bin/cmake --build /root/ros2_ws/src/robotica/build/robmovil_msgs -- -j22 -l22
[3.014s] [  1%] [34m[1mGenerating C code for ROS interfaces[0m
[3.037s] [  2%] [34m[1mGenerating C++ code for ROS interfaces[0m
[3.067s] [  2%] Built target ament_cmake_python_copy_robmovil_msgs
[3.704s] running egg_info
[3.706s] creating robmovil_msgs.egg-info
[3.707s] writing robmovil_msgs.egg-info/PKG-INFO
[3.707s] writing dependency_links to robmovil_msgs.egg-info/dependency_links.txt
[3.708s] writing top-level names to robmovil_msgs.egg-info/top_level.txt
[3.709s] writing manifest file 'robmovil_msgs.egg-info/SOURCES.txt'
[3.713s] reading manifest file 'robmovil_msgs.egg-info/SOURCES.txt'
[3.714s] writing manifest file 'robmovil_msgs.egg-info/SOURCES.txt'
[3.780s] [  2%] Built target ament_cmake_python_build_robmovil_msgs_egg
[4.571s] [  2%] Built target robmovil_msgs__cpp
[4.603s] [  4%] [34m[1mGenerating C++ introspection for ROS interfaces[0m
[4.611s] [  5%] [34m[1mGenerating C++ type support for eProsima Fast-RTPS[0m
[4.612s] [  7%] [34m[1mGenerating C++ type support dispatch for ROS interfaces[0m
[4.819s] [  8%] [32mBuilding C object CMakeFiles/robmovil_msgs__rosidl_generator_c.dir/rosidl_generator_c/robmovil_msgs/msg/detail/multi_encoder_ticks__functions.c.o[0m
[4.827s] [  9%] [32mBuilding C object CMakeFiles/robmovil_msgs__rosidl_generator_c.dir/rosidl_generator_c/robmovil_msgs/msg/detail/encoder_ticks__functions.c.o[0m
[4.827s] [ 11%] [32mBuilding C object CMakeFiles/robmovil_msgs__rosidl_generator_c.dir/rosidl_generator_c/robmovil_msgs/msg/detail/landmark_array__functions.c.o[0m
[4.828s] [ 14%] [32mBuilding C object CMakeFiles/robmovil_msgs__rosidl_generator_c.dir/rosidl_generator_c/robmovil_msgs/msg/detail/trajectory_point__functions.c.o[0m
[4.828s] [ 14%] [32mBuilding C object CMakeFiles/robmovil_msgs__rosidl_generator_c.dir/rosidl_generator_c/robmovil_msgs/msg/detail/trajectory__functions.c.o[0m
[4.829s] [ 15%] [32mBuilding C object CMakeFiles/robmovil_msgs__rosidl_generator_c.dir/rosidl_generator_c/robmovil_msgs/msg/detail/landmark__functions.c.o[0m
[5.047s] [ 16%] [32m[1mLinking C shared library librobmovil_msgs__rosidl_generator_c.so[0m
[5.176s] [ 16%] Built target robmovil_msgs__rosidl_generator_c
[5.212s] [ 18%] [34m[1mGenerating C type support for eProsima Fast-RTPS[0m
[5.212s] [ 19%] [34m[1mGenerating C introspection for ROS interfaces[0m
[5.212s] [ 21%] [34m[1mGenerating C type support dispatch for ROS interfaces[0m
[6.171s] [ 22%] [32mBuilding CXX object CMakeFiles/robmovil_msgs__rosidl_typesupport_cpp.dir/rosidl_typesupport_cpp/robmovil_msgs/msg/multi_encoder_ticks__type_support.cpp.o[0m
[6.173s] [ 23%] [32mBuilding CXX object CMakeFiles/robmovil_msgs__rosidl_typesupport_cpp.dir/rosidl_typesupport_cpp/robmovil_msgs/msg/landmark__type_support.cpp.o[0m
[6.175s] [ 25%] [32mBuilding CXX object CMakeFiles/robmovil_msgs__rosidl_typesupport_cpp.dir/rosidl_typesupport_cpp/robmovil_msgs/msg/trajectory_point__type_support.cpp.o[0m
[6.175s] [ 28%] [32mBuilding CXX object CMakeFiles/robmovil_msgs__rosidl_typesupport_cpp.dir/rosidl_typesupport_cpp/robmovil_msgs/msg/trajectory__type_support.cpp.o[0m
[6.176s] [ 28%] [32mBuilding CXX object CMakeFiles/robmovil_msgs__rosidl_typesupport_cpp.dir/rosidl_typesupport_cpp/robmovil_msgs/msg/encoder_ticks__type_support.cpp.o[0m
[6.178s] [ 29%] [32mBuilding CXX object CMakeFiles/robmovil_msgs__rosidl_typesupport_cpp.dir/rosidl_typesupport_cpp/robmovil_msgs/msg/landmark_array__type_support.cpp.o[0m
[6.354s] [ 30%] [32mBuilding CXX object CMakeFiles/robmovil_msgs__rosidl_typesupport_fastrtps_cpp.dir/rosidl_typesupport_fastrtps_cpp/robmovil_msgs/msg/detail/dds_fastrtps/encoder_ticks__type_support.cpp.o[0m
[6.359s] [ 32%] [32mBuilding CXX object CMakeFiles/robmovil_msgs__rosidl_typesupport_fastrtps_cpp.dir/rosidl_typesupport_fastrtps_cpp/robmovil_msgs/msg/detail/dds_fastrtps/multi_encoder_ticks__type_support.cpp.o[0m
[6.361s] [ 33%] [32mBuilding CXX object CMakeFiles/robmovil_msgs__rosidl_typesupport_fastrtps_cpp.dir/rosidl_typesupport_fastrtps_cpp/robmovil_msgs/msg/detail/dds_fastrtps/trajectory__type_support.cpp.o[0m
[6.370s] [ 35%] [32mBuilding CXX object CMakeFiles/robmovil_msgs__rosidl_typesupport_fastrtps_cpp.dir/rosidl_typesupport_fastrtps_cpp/robmovil_msgs/msg/detail/dds_fastrtps/landmark_array__type_support.cpp.o[0m
[6.389s] [ 36%] [32mBuilding CXX object CMakeFiles/robmovil_msgs__rosidl_typesupport_fastrtps_cpp.dir/rosidl_typesupport_fastrtps_cpp/robmovil_msgs/msg/detail/dds_fastrtps/landmark__type_support.cpp.o[0m
[6.390s] [ 38%] [32mBuilding CXX object CMakeFiles/robmovil_msgs__rosidl_typesupport_fastrtps_cpp.dir/rosidl_typesupport_fastrtps_cpp/robmovil_msgs/msg/detail/dds_fastrtps/trajectory_point__type_support.cpp.o[0m
[6.414s] [ 39%] [32mBuilding CXX object CMakeFiles/robmovil_msgs__rosidl_typesupport_introspection_cpp.dir/rosidl_typesupport_introspection_cpp/robmovil_msgs/msg/detail/multi_encoder_ticks__type_support.cpp.o[0m
[6.442s] [ 40%] [32mBuilding CXX object CMakeFiles/robmovil_msgs__rosidl_typesupport_introspection_cpp.dir/rosidl_typesupport_introspection_cpp/robmovil_msgs/msg/detail/landmark_array__type_support.cpp.o[0m
[6.447s] [ 42%] [32mBuilding CXX object CMakeFiles/robmovil_msgs__rosidl_typesupport_introspection_cpp.dir/rosidl_typesupport_introspection_cpp/robmovil_msgs/msg/detail/trajectory_point__type_support.cpp.o[0m
[6.450s] [ 43%] [32mBuilding CXX object CMakeFiles/robmovil_msgs__rosidl_typesupport_introspection_cpp.dir/rosidl_typesupport_introspection_cpp/robmovil_msgs/msg/detail/trajectory__type_support.cpp.o[0m
[6.469s] [ 45%] [32mBuilding CXX object CMakeFiles/robmovil_msgs__rosidl_typesupport_introspection_cpp.dir/rosidl_typesupport_introspection_cpp/robmovil_msgs/msg/detail/landmark__type_support.cpp.o[0m
[6.470s] [ 46%] [32mBuilding CXX object CMakeFiles/robmovil_msgs__rosidl_typesupport_introspection_cpp.dir/rosidl_typesupport_introspection_cpp/robmovil_msgs/msg/detail/encoder_ticks__type_support.cpp.o[0m
[7.112s] [ 47%] [32mBuilding CXX object CMakeFiles/robmovil_msgs__rosidl_typesupport_c.dir/rosidl_typesupport_c/robmovil_msgs/msg/encoder_ticks__type_support.cpp.o[0m
[7.323s] [ 49%] [32mBuilding CXX object CMakeFiles/robmovil_msgs__rosidl_typesupport_c.dir/rosidl_typesupport_c/robmovil_msgs/msg/multi_encoder_ticks__type_support.cpp.o[0m
[7.517s] [ 50%] [32mBuilding CXX object CMakeFiles/robmovil_msgs__rosidl_typesupport_c.dir/rosidl_typesupport_c/robmovil_msgs/msg/trajectory__type_support.cpp.o[0m
[7.532s] [ 52%] [32mBuilding CXX object CMakeFiles/robmovil_msgs__rosidl_typesupport_c.dir/rosidl_typesupport_c/robmovil_msgs/msg/trajectory_point__type_support.cpp.o[0m
[7.789s] [ 53%] [32mBuilding C object CMakeFiles/robmovil_msgs__rosidl_typesupport_introspection_c.dir/rosidl_typesupport_introspection_c/robmovil_msgs/msg/detail/multi_encoder_ticks__type_support.c.o[0m
[7.838s] [ 54%] [32mBuilding CXX object CMakeFiles/robmovil_msgs__rosidl_typesupport_c.dir/rosidl_typesupport_c/robmovil_msgs/msg/landmark_array__type_support.cpp.o[0m
[7.844s] [ 56%] [32mBuilding C object CMakeFiles/robmovil_msgs__rosidl_typesupport_introspection_c.dir/rosidl_typesupport_introspection_c/robmovil_msgs/msg/detail/trajectory__type_support.c.o[0m
[7.870s] [ 57%] [32mBuilding C object CMakeFiles/robmovil_msgs__rosidl_typesupport_introspection_c.dir/rosidl_typesupport_introspection_c/robmovil_msgs/msg/detail/trajectory_point__type_support.c.o[0m
[7.871s] [ 59%] [32mBuilding C object CMakeFiles/robmovil_msgs__rosidl_typesupport_introspection_c.dir/rosidl_typesupport_introspection_c/robmovil_msgs/msg/detail/encoder_ticks__type_support.c.o[0m
[7.891s] [ 60%] [32mBuilding CXX object CMakeFiles/robmovil_msgs__rosidl_typesupport_c.dir/rosidl_typesupport_c/robmovil_msgs/msg/landmark__type_support.cpp.o[0m
[8.019s] [ 61%] [32mBuilding CXX object CMakeFiles/robmovil_msgs__rosidl_typesupport_fastrtps_c.dir/rosidl_typesupport_fastrtps_c/robmovil_msgs/msg/detail/encoder_ticks__type_support_c.cpp.o[0m
[8.096s] [ 63%] [32mBuilding CXX object CMakeFiles/robmovil_msgs__rosidl_typesupport_fastrtps_c.dir/rosidl_typesupport_fastrtps_c/robmovil_msgs/msg/detail/trajectory__type_support_c.cpp.o[0m
[8.104s] [ 64%] [32mBuilding CXX object CMakeFiles/robmovil_msgs__rosidl_typesupport_fastrtps_c.dir/rosidl_typesupport_fastrtps_c/robmovil_msgs/msg/detail/multi_encoder_ticks__type_support_c.cpp.o[0m
[8.176s] [ 66%] [32mBuilding C object CMakeFiles/robmovil_msgs__rosidl_typesupport_introspection_c.dir/rosidl_typesupport_introspection_c/robmovil_msgs/msg/detail/landmark__type_support.c.o[0m
[8.191s] [ 67%] [32mBuilding C object CMakeFiles/robmovil_msgs__rosidl_typesupport_introspection_c.dir/rosidl_typesupport_introspection_c/robmovil_msgs/msg/detail/landmark_array__type_support.c.o[0m
[8.275s] [ 69%] [32m[1mLinking CXX shared library librobmovil_msgs__rosidl_typesupport_c.so[0m
[8.294s] [ 70%] [32mBuilding CXX object CMakeFiles/robmovil_msgs__rosidl_typesupport_fastrtps_c.dir/rosidl_typesupport_fastrtps_c/robmovil_msgs/msg/detail/trajectory_point__type_support_c.cpp.o[0m
[8.332s] [ 71%] [32mBuilding CXX object CMakeFiles/robmovil_msgs__rosidl_typesupport_fastrtps_c.dir/rosidl_typesupport_fastrtps_c/robmovil_msgs/msg/detail/landmark__type_support_c.cpp.o[0m
[8.416s] [ 73%] [32m[1mLinking CXX shared library librobmovil_msgs__rosidl_typesupport_cpp.so[0m
[8.436s] [ 74%] [32mBuilding CXX object CMakeFiles/robmovil_msgs__rosidl_typesupport_fastrtps_c.dir/rosidl_typesupport_fastrtps_c/robmovil_msgs/msg/detail/landmark_array__type_support_c.cpp.o[0m
[8.596s] [ 76%] [32m[1mLinking C shared library librobmovil_msgs__rosidl_typesupport_introspection_c.so[0m
[8.711s] [ 76%] Built target robmovil_msgs__rosidl_typesupport_c
[8.857s] [ 76%] Built target robmovil_msgs__rosidl_typesupport_cpp
[8.954s] [ 76%] Built target robmovil_msgs__rosidl_typesupport_introspection_c
[9.724s] [ 77%] [32m[1mLinking CXX shared library librobmovil_msgs__rosidl_typesupport_introspection_cpp.so[0m
[9.758s] [ 78%] [32m[1mLinking CXX shared library librobmovil_msgs__rosidl_typesupport_fastrtps_cpp.so[0m
[10.144s] [ 78%] Built target robmovil_msgs__rosidl_typesupport_fastrtps_cpp
[10.154s] [ 78%] Built target robmovil_msgs__rosidl_typesupport_introspection_cpp
[10.493s] [ 80%] [32m[1mLinking CXX shared library librobmovil_msgs__rosidl_typesupport_fastrtps_c.so[0m
[10.748s] [ 80%] Built target robmovil_msgs__rosidl_typesupport_fastrtps_c
[10.840s] [ 80%] Built target robmovil_msgs
[10.920s] [ 81%] [34m[1mGenerating Python code for ROS interfaces[0m
[13.180s] [ 81%] Built target robmovil_msgs__py
[13.239s] [ 84%] [32mBuilding C object CMakeFiles/robmovil_msgs__rosidl_generator_py.dir/rosidl_generator_py/robmovil_msgs/msg/_trajectory_point_s.c.o[0m
[13.239s] [ 84%] [32mBuilding C object CMakeFiles/robmovil_msgs__rosidl_generator_py.dir/rosidl_generator_py/robmovil_msgs/msg/_multi_encoder_ticks_s.c.o[0m
[13.243s] [ 85%] [32mBuilding C object CMakeFiles/robmovil_msgs__rosidl_generator_py.dir/rosidl_generator_py/robmovil_msgs/msg/_encoder_ticks_s.c.o[0m
[13.244s] [ 87%] [32mBuilding C object CMakeFiles/robmovil_msgs__rosidl_generator_py.dir/rosidl_generator_py/robmovil_msgs/msg/_trajectory_s.c.o[0m
[13.246s] [ 88%] [32mBuilding C object CMakeFiles/robmovil_msgs__rosidl_generator_py.dir/rosidl_generator_py/robmovil_msgs/msg/_landmark_s.c.o[0m
[13.246s] [ 90%] [32mBuilding C object CMakeFiles/robmovil_msgs__rosidl_generator_py.dir/rosidl_generator_py/robmovil_msgs/msg/_landmark_array_s.c.o[0m
[13.597s] [ 91%] [32m[1mLinking C shared library rosidl_generator_py/robmovil_msgs/librobmovil_msgs__rosidl_generator_py.so[0m
[13.717s] [ 91%] Built target robmovil_msgs__rosidl_generator_py
[13.781s] [ 92%] [32mBuilding C object CMakeFiles/robmovil_msgs__rosidl_typesupport_fastrtps_c__pyext.dir/rosidl_generator_py/robmovil_msgs/_robmovil_msgs_s.ep.rosidl_typesupport_fastrtps_c.c.o[0m
[13.782s] [ 94%] [32mBuilding C object CMakeFiles/robmovil_msgs__rosidl_typesupport_c__pyext.dir/rosidl_generator_py/robmovil_msgs/_robmovil_msgs_s.ep.rosidl_typesupport_c.c.o[0m
[13.786s] [ 95%] [32mBuilding C object CMakeFiles/robmovil_msgs__rosidl_typesupport_introspection_c__pyext.dir/rosidl_generator_py/robmovil_msgs/_robmovil_msgs_s.ep.rosidl_typesupport_introspection_c.c.o[0m
[14.064s] [ 97%] [32m[1mLinking C shared library rosidl_generator_py/robmovil_msgs/robmovil_msgs_s__rosidl_typesupport_introspection_c.cpython-310-x86_64-linux-gnu.so[0m
[14.117s] [ 98%] [32m[1mLinking C shared library rosidl_generator_py/robmovil_msgs/robmovil_msgs_s__rosidl_typesupport_c.cpython-310-x86_64-linux-gnu.so[0m
[14.180s] [ 98%] Built target robmovil_msgs__rosidl_typesupport_introspection_c__pyext
[14.184s] [100%] [32m[1mLinking C shared library rosidl_generator_py/robmovil_msgs/robmovil_msgs_s__rosidl_typesupport_fastrtps_c.cpython-310-x86_64-linux-gnu.so[0m
[14.223s] [100%] Built target robmovil_msgs__rosidl_typesupport_c__pyext
[14.297s] [100%] Built target robmovil_msgs__rosidl_typesupport_fastrtps_c__pyext
[14.324s] Invoked command in '/root/ros2_ws/src/robotica/build/robmovil_msgs' returned '0': CMAKE_PREFIX_PATH=${CMAKE_PREFIX_PATH}:/opt/ros/humble /usr/bin/cmake --build /root/ros2_ws/src/robotica/build/robmovil_msgs -- -j22 -l22
[14.354s] Invoking command in '/root/ros2_ws/src/robotica/build/robmovil_msgs': CMAKE_PREFIX_PATH=${CMAKE_PREFIX_PATH}:/opt/ros/humble /usr/bin/cmake --install /root/ros2_ws/src/robotica/build/robmovil_msgs
[14.380s] -- Install configuration: ""
[14.380s] -- Installing: /root/ros2_ws/src/robotica/install/robmovil_msgs/share/ament_index/resource_index/rosidl_interfaces/robmovil_msgs
[14.381s] -- Installing: /root/ros2_ws/src/robotica/install/robmovil_msgs/include/robmovil_msgs/robmovil_msgs
[14.381s] -- Installing: /root/ros2_ws/src/robotica/install/robmovil_msgs/include/robmovil_msgs/robmovil_msgs/msg
[14.382s] -- Installing: /root/ros2_ws/src/robotica/install/robmovil_msgs/include/robmovil_msgs/robmovil_msgs/msg/trajectory.h
[14.382s] -- Installing: /root/ros2_ws/src/robotica/install/robmovil_msgs/include/robmovil_msgs/robmovil_msgs/msg/landmark_array.h
[14.383s] -- Installing: /root/ros2_ws/src/robotica/install/robmovil_msgs/include/robmovil_msgs/robmovil_msgs/msg/landmark.h
[14.383s] -- Installing: /root/ros2_ws/src/robotica/install/robmovil_msgs/include/robmovil_msgs/robmovil_msgs/msg/detail
[14.384s] -- Installing: /root/ros2_ws/src/robotica/install/robmovil_msgs/include/robmovil_msgs/robmovil_msgs/msg/detail/landmark_array__struct.h
[14.384s] -- Installing: /root/ros2_ws/src/robotica/install/robmovil_msgs/include/robmovil_msgs/robmovil_msgs/msg/detail/encoder_ticks__type_support.h
[14.384s] -- Installing: /root/ros2_ws/src/robotica/install/robmovil_msgs/include/robmovil_msgs/robmovil_msgs/msg/detail/landmark__functions.c
[14.385s] -- Installing: /root/ros2_ws/src/robotica/install/robmovil_msgs/include/robmovil_msgs/robmovil_msgs/msg/detail/trajectory__functions.h
[14.385s] -- Installing: /root/ros2_ws/src/robotica/install/robmovil_msgs/include/robmovil_msgs/robmovil_msgs/msg/detail/multi_encoder_ticks__type_support.h
[14.385s] -- Installing: /root/ros2_ws/src/robotica/install/robmovil_msgs/include/robmovil_msgs/robmovil_msgs/msg/detail/encoder_ticks__functions.h
[14.385s] -- Installing: /root/ros2_ws/src/robotica/install/robmovil_msgs/include/robmovil_msgs/robmovil_msgs/msg/detail/encoder_ticks__functions.c
[14.386s] -- Installing: /root/ros2_ws/src/robotica/install/robmovil_msgs/include/robmovil_msgs/robmovil_msgs/msg/detail/encoder_ticks__struct.h
[14.386s] -- Installing: /root/ros2_ws/src/robotica/install/robmovil_msgs/include/robmovil_msgs/robmovil_msgs/msg/detail/landmark__type_support.h
[14.386s] -- Installing: /root/ros2_ws/src/robotica/install/robmovil_msgs/include/robmovil_msgs/robmovil_msgs/msg/detail/trajectory_point__functions.h
[14.387s] -- Installing: /root/ros2_ws/src/robotica/install/robmovil_msgs/include/robmovil_msgs/robmovil_msgs/msg/detail/multi_encoder_ticks__functions.c
[14.387s] -- Installing: /root/ros2_ws/src/robotica/install/robmovil_msgs/include/robmovil_msgs/robmovil_msgs/msg/detail/trajectory__struct.h
[14.387s] -- Installing: /root/ros2_ws/src/robotica/install/robmovil_msgs/include/robmovil_msgs/robmovil_msgs/msg/detail/multi_encoder_ticks__functions.h
[14.387s] -- Installing: /root/ros2_ws/src/robotica/install/robmovil_msgs/include/robmovil_msgs/robmovil_msgs/msg/detail/trajectory_point__functions.c
[14.388s] -- Installing: /root/ros2_ws/src/robotica/install/robmovil_msgs/include/robmovil_msgs/robmovil_msgs/msg/detail/trajectory_point__struct.h
[14.388s] -- Installing: /root/ros2_ws/src/robotica/install/robmovil_msgs/include/robmovil_msgs/robmovil_msgs/msg/detail/landmark_array__functions.c
[14.388s] -- Installing: /root/ros2_ws/src/robotica/install/robmovil_msgs/include/robmovil_msgs/robmovil_msgs/msg/detail/landmark_array__functions.h
[14.389s] -- Installing: /root/ros2_ws/src/robotica/install/robmovil_msgs/include/robmovil_msgs/robmovil_msgs/msg/detail/landmark__struct.h
[14.389s] -- Installing: /root/ros2_ws/src/robotica/install/robmovil_msgs/include/robmovil_msgs/robmovil_msgs/msg/detail/multi_encoder_ticks__struct.h
[14.389s] -- Installing: /root/ros2_ws/src/robotica/install/robmovil_msgs/include/robmovil_msgs/robmovil_msgs/msg/detail/landmark_array__type_support.h
[14.389s] -- Installing: /root/ros2_ws/src/robotica/install/robmovil_msgs/include/robmovil_msgs/robmovil_msgs/msg/detail/trajectory__functions.c
[14.389s] -- Installing: /root/ros2_ws/src/robotica/install/robmovil_msgs/include/robmovil_msgs/robmovil_msgs/msg/detail/landmark__functions.h
[14.390s] -- Installing: /root/ros2_ws/src/robotica/install/robmovil_msgs/include/robmovil_msgs/robmovil_msgs/msg/detail/trajectory__type_support.h
[14.390s] -- Installing: /root/ros2_ws/src/robotica/install/robmovil_msgs/include/robmovil_msgs/robmovil_msgs/msg/detail/trajectory_point__type_support.h
[14.390s] -- Installing: /root/ros2_ws/src/robotica/install/robmovil_msgs/include/robmovil_msgs/robmovil_msgs/msg/multi_encoder_ticks.h
[14.390s] -- Installing: /root/ros2_ws/src/robotica/install/robmovil_msgs/include/robmovil_msgs/robmovil_msgs/msg/encoder_ticks.h
[14.390s] -- Installing: /root/ros2_ws/src/robotica/install/robmovil_msgs/include/robmovil_msgs/robmovil_msgs/msg/rosidl_generator_c__visibility_control.h
[14.391s] -- Installing: /root/ros2_ws/src/robotica/install/robmovil_msgs/include/robmovil_msgs/robmovil_msgs/msg/trajectory_point.h
[14.391s] -- Installing: /root/ros2_ws/src/robotica/install/robmovil_msgs/share/robmovil_msgs/environment/library_path.sh
[14.391s] -- Installing: /root/ros2_ws/src/robotica/install/robmovil_msgs/share/robmovil_msgs/environment/library_path.dsv
[14.393s] -- Installing: /root/ros2_ws/src/robotica/install/robmovil_msgs/lib/librobmovil_msgs__rosidl_generator_c.so
[14.394s] -- Set runtime path of "/root/ros2_ws/src/robotica/install/robmovil_msgs/lib/librobmovil_msgs__rosidl_generator_c.so" to ""
[14.394s] -- Up-to-date: /root/ros2_ws/src/robotica/install/robmovil_msgs/include/robmovil_msgs/robmovil_msgs
[14.394s] -- Up-to-date: /root/ros2_ws/src/robotica/install/robmovil_msgs/include/robmovil_msgs/robmovil_msgs/msg
[14.394s] -- Up-to-date: /root/ros2_ws/src/robotica/install/robmovil_msgs/include/robmovil_msgs/robmovil_msgs/msg/detail
[14.395s] -- Installing: /root/ros2_ws/src/robotica/install/robmovil_msgs/include/robmovil_msgs/robmovil_msgs/msg/detail/trajectory__rosidl_typesupport_fastrtps_c.h
[14.395s] -- Installing: /root/ros2_ws/src/robotica/install/robmovil_msgs/include/robmovil_msgs/robmovil_msgs/msg/detail/landmark_array__rosidl_typesupport_fastrtps_c.h
[14.395s] -- Installing: /root/ros2_ws/src/robotica/install/robmovil_msgs/include/robmovil_msgs/robmovil_msgs/msg/detail/trajectory_point__rosidl_typesupport_fastrtps_c.h
[14.396s] -- Installing: /root/ros2_ws/src/robotica/install/robmovil_msgs/include/robmovil_msgs/robmovil_msgs/msg/detail/multi_encoder_ticks__rosidl_typesupport_fastrtps_c.h
[14.396s] -- Installing: /root/ros2_ws/src/robotica/install/robmovil_msgs/include/robmovil_msgs/robmovil_msgs/msg/detail/encoder_ticks__rosidl_typesupport_fastrtps_c.h
[14.396s] -- Installing: /root/ros2_ws/src/robotica/install/robmovil_msgs/include/robmovil_msgs/robmovil_msgs/msg/detail/landmark__rosidl_typesupport_fastrtps_c.h
[14.396s] -- Installing: /root/ros2_ws/src/robotica/install/robmovil_msgs/include/robmovil_msgs/robmovil_msgs/msg/rosidl_typesupport_fastrtps_c__visibility_control.h
[14.396s] -- Installing: /root/ros2_ws/src/robotica/install/robmovil_msgs/lib/librobmovil_msgs__rosidl_typesupport_fastrtps_c.so
[14.397s] -- Set runtime path of "/root/ros2_ws/src/robotica/install/robmovil_msgs/lib/librobmovil_msgs__rosidl_typesupport_fastrtps_c.so" to ""
[14.397s] -- Up-to-date: /root/ros2_ws/src/robotica/install/robmovil_msgs/include/robmovil_msgs/robmovil_msgs
[14.398s] -- Up-to-date: /root/ros2_ws/src/robotica/install/robmovil_msgs/include/robmovil_msgs/robmovil_msgs/msg
[14.398s] -- Up-to-date: /root/ros2_ws/src/robotica/install/robmovil_msgs/include/robmovil_msgs/robmovil_msgs/msg/detail
[14.398s] -- Installing: /root/ros2_ws/src/robotica/install/robmovil_msgs/include/robmovil_msgs/robmovil_msgs/msg/detail/trajectory_point__type_support.c
[14.399s] -- Installing: /root/ros2_ws/src/robotica/install/robmovil_msgs/include/robmovil_msgs/robmovil_msgs/msg/detail/multi_encoder_ticks__type_support.c
[14.399s] -- Installing: /root/ros2_ws/src/robotica/install/robmovil_msgs/include/robmovil_msgs/robmovil_msgs/msg/detail/encoder_ticks__type_support.c
[14.399s] -- Installing: /root/ros2_ws/src/robotica/install/robmovil_msgs/include/robmovil_msgs/robmovil_msgs/msg/detail/multi_encoder_ticks__rosidl_typesupport_introspection_c.h
[14.399s] -- Installing: /root/ros2_ws/src/robotica/install/robmovil_msgs/include/robmovil_msgs/robmovil_msgs/msg/detail/encoder_ticks__rosidl_typesupport_introspection_c.h
[14.399s] -- Installing: /root/ros2_ws/src/robotica/install/robmovil_msgs/include/robmovil_msgs/robmovil_msgs/msg/detail/trajectory__type_support.c
[14.400s] -- Installing: /root/ros2_ws/src/robotica/install/robmovil_msgs/include/robmovil_msgs/robmovil_msgs/msg/detail/trajectory__rosidl_typesupport_introspection_c.h
[14.400s] -- Installing: /root/ros2_ws/src/robotica/install/robmovil_msgs/include/robmovil_msgs/robmovil_msgs/msg/detail/landmark__type_support.c
[14.400s] -- Installing: /root/ros2_ws/src/robotica/install/robmovil_msgs/include/robmovil_msgs/robmovil_msgs/msg/detail/landmark__rosidl_typesupport_introspection_c.h
[14.400s] -- Installing: /root/ros2_ws/src/robotica/install/robmovil_msgs/include/robmovil_msgs/robmovil_msgs/msg/detail/trajectory_point__rosidl_typesupport_introspection_c.h
[14.400s] -- Installing: /root/ros2_ws/src/robotica/install/robmovil_msgs/include/robmovil_msgs/robmovil_msgs/msg/detail/landmark_array__rosidl_typesupport_introspection_c.h
[14.400s] -- Installing: /root/ros2_ws/src/robotica/install/robmovil_msgs/include/robmovil_msgs/robmovil_msgs/msg/detail/landmark_array__type_support.c
[14.401s] -- Installing: /root/ros2_ws/src/robotica/install/robmovil_msgs/include/robmovil_msgs/robmovil_msgs/msg/rosidl_typesupport_introspection_c__visibility_control.h
[14.401s] -- Installing: /root/ros2_ws/src/robotica/install/robmovil_msgs/lib/librobmovil_msgs__rosidl_typesupport_introspection_c.so
[14.401s] -- Set runtime path of "/root/ros2_ws/src/robotica/install/robmovil_msgs/lib/librobmovil_msgs__rosidl_typesupport_introspection_c.so" to ""
[14.401s] -- Installing: /root/ros2_ws/src/robotica/install/robmovil_msgs/lib/librobmovil_msgs__rosidl_typesupport_c.so
[14.401s] -- Set runtime path of "/root/ros2_ws/src/robotica/install/robmovil_msgs/lib/librobmovil_msgs__rosidl_typesupport_c.so" to ""
[14.402s] -- Up-to-date: /root/ros2_ws/src/robotica/install/robmovil_msgs/include/robmovil_msgs/robmovil_msgs
[14.403s] -- Up-to-date: /root/ros2_ws/src/robotica/install/robmovil_msgs/include/robmovil_msgs/robmovil_msgs/msg
[14.403s] -- Up-to-date: /root/ros2_ws/src/robotica/install/robmovil_msgs/include/robmovil_msgs/robmovil_msgs/msg/detail
[14.403s] -- Installing: /root/ros2_ws/src/robotica/install/robmovil_msgs/include/robmovil_msgs/robmovil_msgs/msg/detail/landmark_array__traits.hpp
[14.403s] -- Installing: /root/ros2_ws/src/robotica/install/robmovil_msgs/include/robmovil_msgs/robmovil_msgs/msg/detail/encoder_ticks__type_support.hpp
[14.404s] -- Installing: /root/ros2_ws/src/robotica/install/robmovil_msgs/include/robmovil_msgs/robmovil_msgs/msg/detail/trajectory__type_support.hpp
[14.404s] -- Installing: /root/ros2_ws/src/robotica/install/robmovil_msgs/include/robmovil_msgs/robmovil_msgs/msg/detail/trajectory_point__type_support.hpp
[14.405s] -- Installing: /root/ros2_ws/src/robotica/install/robmovil_msgs/include/robmovil_msgs/robmovil_msgs/msg/detail/landmark_array__struct.hpp
[14.405s] -- Installing: /root/ros2_ws/src/robotica/install/robmovil_msgs/include/robmovil_msgs/robmovil_msgs/msg/detail/trajectory_point__struct.hpp
[14.405s] -- Installing: /root/ros2_ws/src/robotica/install/robmovil_msgs/include/robmovil_msgs/robmovil_msgs/msg/detail/landmark__struct.hpp
[14.406s] -- Installing: /root/ros2_ws/src/robotica/install/robmovil_msgs/include/robmovil_msgs/robmovil_msgs/msg/detail/trajectory_point__builder.hpp
[14.407s] -- Installing: /root/ros2_ws/src/robotica/install/robmovil_msgs/include/robmovil_msgs/robmovil_msgs/msg/detail/multi_encoder_ticks__struct.hpp
[14.407s] -- Installing: /root/ros2_ws/src/robotica/install/robmovil_msgs/include/robmovil_msgs/robmovil_msgs/msg/detail/encoder_ticks__traits.hpp
[14.407s] -- Installing: /root/ros2_ws/src/robotica/install/robmovil_msgs/include/robmovil_msgs/robmovil_msgs/msg/detail/landmark__type_support.hpp
[14.407s] -- Installing: /root/ros2_ws/src/robotica/install/robmovil_msgs/include/robmovil_msgs/robmovil_msgs/msg/detail/landmark__traits.hpp
[14.408s] -- Installing: /root/ros2_ws/src/robotica/install/robmovil_msgs/include/robmovil_msgs/robmovil_msgs/msg/detail/trajectory__builder.hpp
[14.408s] -- Installing: /root/ros2_ws/src/robotica/install/robmovil_msgs/include/robmovil_msgs/robmovil_msgs/msg/detail/landmark_array__type_support.hpp
[14.408s] -- Installing: /root/ros2_ws/src/robotica/install/robmovil_msgs/include/robmovil_msgs/robmovil_msgs/msg/detail/multi_encoder_ticks__type_support.hpp
[14.409s] -- Installing: /root/ros2_ws/src/robotica/install/robmovil_msgs/include/robmovil_msgs/robmovil_msgs/msg/detail/trajectory__traits.hpp
[14.410s] -- Installing: /root/ros2_ws/src/robotica/install/robmovil_msgs/include/robmovil_msgs/robmovil_msgs/msg/detail/trajectory__struct.hpp
[14.410s] -- Installing: /root/ros2_ws/src/robotica/install/robmovil_msgs/include/robmovil_msgs/robmovil_msgs/msg/detail/encoder_ticks__builder.hpp
[14.411s] -- Installing: /root/ros2_ws/src/robotica/install/robmovil_msgs/include/robmovil_msgs/robmovil_msgs/msg/detail/encoder_ticks__struct.hpp
[14.411s] -- Installing: /root/ros2_ws/src/robotica/install/robmovil_msgs/include/robmovil_msgs/robmovil_msgs/msg/detail/landmark_array__builder.hpp
[14.411s] -- Installing: /root/ros2_ws/src/robotica/install/robmovil_msgs/include/robmovil_msgs/robmovil_msgs/msg/detail/multi_encoder_ticks__builder.hpp
[14.411s] -- Installing: /root/ros2_ws/src/robotica/install/robmovil_msgs/include/robmovil_msgs/robmovil_msgs/msg/detail/multi_encoder_ticks__traits.hpp
[14.412s] -- Installing: /root/ros2_ws/src/robotica/install/robmovil_msgs/include/robmovil_msgs/robmovil_msgs/msg/detail/trajectory_point__traits.hpp
[14.412s] -- Installing: /root/ros2_ws/src/robotica/install/robmovil_msgs/include/robmovil_msgs/robmovil_msgs/msg/detail/landmark__builder.hpp
[14.412s] -- Installing: /root/ros2_ws/src/robotica/install/robmovil_msgs/include/robmovil_msgs/robmovil_msgs/msg/trajectory_point.hpp
[14.412s] -- Installing: /root/ros2_ws/src/robotica/install/robmovil_msgs/include/robmovil_msgs/robmovil_msgs/msg/landmark.hpp
[14.413s] -- Installing: /root/ros2_ws/src/robotica/install/robmovil_msgs/include/robmovil_msgs/robmovil_msgs/msg/landmark_array.hpp
[14.413s] -- Installing: /root/ros2_ws/src/robotica/install/robmovil_msgs/include/robmovil_msgs/robmovil_msgs/msg/encoder_ticks.hpp
[14.413s] -- Installing: /root/ros2_ws/src/robotica/install/robmovil_msgs/include/robmovil_msgs/robmovil_msgs/msg/multi_encoder_ticks.hpp
[14.413s] -- Installing: /root/ros2_ws/src/robotica/install/robmovil_msgs/include/robmovil_msgs/robmovil_msgs/msg/trajectory.hpp
[14.414s] -- Installing: /root/ros2_ws/src/robotica/install/robmovil_msgs/include/robmovil_msgs/robmovil_msgs/msg/rosidl_generator_cpp__visibility_control.hpp
[14.414s] -- Up-to-date: /root/ros2_ws/src/robotica/install/robmovil_msgs/include/robmovil_msgs/robmovil_msgs
[14.414s] -- Up-to-date: /root/ros2_ws/src/robotica/install/robmovil_msgs/include/robmovil_msgs/robmovil_msgs/msg
[14.415s] -- Up-to-date: /root/ros2_ws/src/robotica/install/robmovil_msgs/include/robmovil_msgs/robmovil_msgs/msg/detail
[14.415s] -- Installing: /root/ros2_ws/src/robotica/install/robmovil_msgs/include/robmovil_msgs/robmovil_msgs/msg/detail/landmark_array__rosidl_typesupport_fastrtps_cpp.hpp
[14.415s] -- Installing: /root/ros2_ws/src/robotica/install/robmovil_msgs/include/robmovil_msgs/robmovil_msgs/msg/detail/landmark__rosidl_typesupport_fastrtps_cpp.hpp
[14.415s] -- Installing: /root/ros2_ws/src/robotica/install/robmovil_msgs/include/robmovil_msgs/robmovil_msgs/msg/detail/trajectory__rosidl_typesupport_fastrtps_cpp.hpp
[14.416s] -- Installing: /root/ros2_ws/src/robotica/install/robmovil_msgs/include/robmovil_msgs/robmovil_msgs/msg/detail/encoder_ticks__rosidl_typesupport_fastrtps_cpp.hpp
[14.416s] -- Installing: /root/ros2_ws/src/robotica/install/robmovil_msgs/include/robmovil_msgs/robmovil_msgs/msg/detail/trajectory_point__rosidl_typesupport_fastrtps_cpp.hpp
[14.416s] -- Installing: /root/ros2_ws/src/robotica/install/robmovil_msgs/include/robmovil_msgs/robmovil_msgs/msg/detail/dds_fastrtps
[14.416s] -- Installing: /root/ros2_ws/src/robotica/install/robmovil_msgs/include/robmovil_msgs/robmovil_msgs/msg/detail/multi_encoder_ticks__rosidl_typesupport_fastrtps_cpp.hpp
[14.417s] -- Installing: /root/ros2_ws/src/robotica/install/robmovil_msgs/include/robmovil_msgs/robmovil_msgs/msg/rosidl_typesupport_fastrtps_cpp__visibility_control.h
[14.417s] -- Installing: /root/ros2_ws/src/robotica/install/robmovil_msgs/lib/librobmovil_msgs__rosidl_typesupport_fastrtps_cpp.so
[14.417s] -- Set runtime path of "/root/ros2_ws/src/robotica/install/robmovil_msgs/lib/librobmovil_msgs__rosidl_typesupport_fastrtps_cpp.so" to ""
[14.417s] -- Up-to-date: /root/ros2_ws/src/robotica/install/robmovil_msgs/include/robmovil_msgs/robmovil_msgs
[14.417s] -- Up-to-date: /root/ros2_ws/src/robotica/install/robmovil_msgs/include/robmovil_msgs/robmovil_msgs/msg
[14.418s] -- Up-to-date: /root/ros2_ws/src/robotica/install/robmovil_msgs/include/robmovil_msgs/robmovil_msgs/msg/detail
[14.418s] -- Installing: /root/ros2_ws/src/robotica/install/robmovil_msgs/include/robmovil_msgs/robmovil_msgs/msg/detail/landmark__rosidl_typesupport_introspection_cpp.hpp
[14.418s] -- Installing: /root/ros2_ws/src/robotica/install/robmovil_msgs/include/robmovil_msgs/robmovil_msgs/msg/detail/trajectory_point__rosidl_typesupport_introspection_cpp.hpp
[14.418s] -- Installing: /root/ros2_ws/src/robotica/install/robmovil_msgs/include/robmovil_msgs/robmovil_msgs/msg/detail/multi_encoder_ticks__type_support.cpp
[14.419s] -- Installing: /root/ros2_ws/src/robotica/install/robmovil_msgs/include/robmovil_msgs/robmovil_msgs/msg/detail/landmark__type_support.cpp
[14.419s] -- Installing: /root/ros2_ws/src/robotica/install/robmovil_msgs/include/robmovil_msgs/robmovil_msgs/msg/detail/landmark_array__rosidl_typesupport_introspection_cpp.hpp
[14.419s] -- Installing: /root/ros2_ws/src/robotica/install/robmovil_msgs/include/robmovil_msgs/robmovil_msgs/msg/detail/encoder_ticks__type_support.cpp
[14.419s] -- Installing: /root/ros2_ws/src/robotica/install/robmovil_msgs/include/robmovil_msgs/robmovil_msgs/msg/detail/trajectory__type_support.cpp
[14.420s] -- Installing: /root/ros2_ws/src/robotica/install/robmovil_msgs/include/robmovil_msgs/robmovil_msgs/msg/detail/multi_encoder_ticks__rosidl_typesupport_introspection_cpp.hpp
[14.420s] -- Installing: /root/ros2_ws/src/robotica/install/robmovil_msgs/include/robmovil_msgs/robmovil_msgs/msg/detail/trajectory_point__type_support.cpp
[14.420s] -- Installing: /root/ros2_ws/src/robotica/install/robmovil_msgs/include/robmovil_msgs/robmovil_msgs/msg/detail/encoder_ticks__rosidl_typesupport_introspection_cpp.hpp
[14.420s] -- Installing: /root/ros2_ws/src/robotica/install/robmovil_msgs/include/robmovil_msgs/robmovil_msgs/msg/detail/trajectory__rosidl_typesupport_introspection_cpp.hpp
[14.421s] -- Installing: /root/ros2_ws/src/robotica/install/robmovil_msgs/include/robmovil_msgs/robmovil_msgs/msg/detail/landmark_array__type_support.cpp
[14.421s] -- Installing: /root/ros2_ws/src/robotica/install/robmovil_msgs/lib/librobmovil_msgs__rosidl_typesupport_introspection_cpp.so
[14.421s] -- Set runtime path of "/root/ros2_ws/src/robotica/install/robmovil_msgs/lib/librobmovil_msgs__rosidl_typesupport_introspection_cpp.so" to ""
[14.421s] -- Installing: /root/ros2_ws/src/robotica/install/robmovil_msgs/lib/librobmovil_msgs__rosidl_typesupport_cpp.so
[14.422s] -- Set runtime path of "/root/ros2_ws/src/robotica/install/robmovil_msgs/lib/librobmovil_msgs__rosidl_typesupport_cpp.so" to ""
[14.422s] -- Installing: /root/ros2_ws/src/robotica/install/robmovil_msgs/share/robmovil_msgs/environment/pythonpath.sh
[14.422s] -- Installing: /root/ros2_ws/src/robotica/install/robmovil_msgs/share/robmovil_msgs/environment/pythonpath.dsv
[14.423s] -- Installing: /root/ros2_ws/src/robotica/install/robmovil_msgs/local/lib/python3.10/dist-packages/robmovil_msgs-0.0.0-py3.10.egg-info
[14.423s] -- Installing: /root/ros2_ws/src/robotica/install/robmovil_msgs/local/lib/python3.10/dist-packages/robmovil_msgs-0.0.0-py3.10.egg-info/PKG-INFO
[14.423s] -- Installing: /root/ros2_ws/src/robotica/install/robmovil_msgs/local/lib/python3.10/dist-packages/robmovil_msgs-0.0.0-py3.10.egg-info/dependency_links.txt
[14.423s] -- Installing: /root/ros2_ws/src/robotica/install/robmovil_msgs/local/lib/python3.10/dist-packages/robmovil_msgs-0.0.0-py3.10.egg-info/top_level.txt
[14.424s] -- Installing: /root/ros2_ws/src/robotica/install/robmovil_msgs/local/lib/python3.10/dist-packages/robmovil_msgs-0.0.0-py3.10.egg-info/SOURCES.txt
[14.424s] -- Installing: /root/ros2_ws/src/robotica/install/robmovil_msgs/local/lib/python3.10/dist-packages/robmovil_msgs
[14.424s] -- Installing: /root/ros2_ws/src/robotica/install/robmovil_msgs/local/lib/python3.10/dist-packages/robmovil_msgs/_robmovil_msgs_s.ep.rosidl_typesupport_introspection_c.c
[14.424s] -- Installing: /root/ros2_ws/src/robotica/install/robmovil_msgs/local/lib/python3.10/dist-packages/robmovil_msgs/__init__.py
[14.425s] -- Installing: /root/ros2_ws/src/robotica/install/robmovil_msgs/local/lib/python3.10/dist-packages/robmovil_msgs/robmovil_msgs_s__rosidl_typesupport_fastrtps_c.cpython-310-x86_64-linux-gnu.so
[14.425s] -- Installing: /root/ros2_ws/src/robotica/install/robmovil_msgs/local/lib/python3.10/dist-packages/robmovil_msgs/msg
[14.425s] -- Installing: /root/ros2_ws/src/robotica/install/robmovil_msgs/local/lib/python3.10/dist-packages/robmovil_msgs/msg/__init__.py
[14.425s] -- Installing: /root/ros2_ws/src/robotica/install/robmovil_msgs/local/lib/python3.10/dist-packages/robmovil_msgs/msg/_encoder_ticks.py
[14.426s] -- Installing: /root/ros2_ws/src/robotica/install/robmovil_msgs/local/lib/python3.10/dist-packages/robmovil_msgs/msg/_multi_encoder_ticks_s.c
[14.426s] -- Installing: /root/ros2_ws/src/robotica/install/robmovil_msgs/local/lib/python3.10/dist-packages/robmovil_msgs/msg/_landmark.py
[14.426s] -- Installing: /root/ros2_ws/src/robotica/install/robmovil_msgs/local/lib/python3.10/dist-packages/robmovil_msgs/msg/_trajectory_point_s.c
[14.426s] -- Installing: /root/ros2_ws/src/robotica/install/robmovil_msgs/local/lib/python3.10/dist-packages/robmovil_msgs/msg/_landmark_array.py
[14.427s] -- Installing: /root/ros2_ws/src/robotica/install/robmovil_msgs/local/lib/python3.10/dist-packages/robmovil_msgs/msg/_encoder_ticks_s.c
[14.427s] -- Installing: /root/ros2_ws/src/robotica/install/robmovil_msgs/local/lib/python3.10/dist-packages/robmovil_msgs/msg/_trajectory_point.py
[14.427s] -- Installing: /root/ros2_ws/src/robotica/install/robmovil_msgs/local/lib/python3.10/dist-packages/robmovil_msgs/msg/_trajectory.py
[14.427s] -- Installing: /root/ros2_ws/src/robotica/install/robmovil_msgs/local/lib/python3.10/dist-packages/robmovil_msgs/msg/_landmark_s.c
[14.428s] -- Installing: /root/ros2_ws/src/robotica/install/robmovil_msgs/local/lib/python3.10/dist-packages/robmovil_msgs/msg/_trajectory_s.c
[14.428s] -- Installing: /root/ros2_ws/src/robotica/install/robmovil_msgs/local/lib/python3.10/dist-packages/robmovil_msgs/msg/_landmark_array_s.c
[14.428s] -- Installing: /root/ros2_ws/src/robotica/install/robmovil_msgs/local/lib/python3.10/dist-packages/robmovil_msgs/msg/_multi_encoder_ticks.py
[14.428s] -- Installing: /root/ros2_ws/src/robotica/install/robmovil_msgs/local/lib/python3.10/dist-packages/robmovil_msgs/robmovil_msgs_s__rosidl_typesupport_c.cpython-310-x86_64-linux-gnu.so
[14.428s] -- Installing: /root/ros2_ws/src/robotica/install/robmovil_msgs/local/lib/python3.10/dist-packages/robmovil_msgs/librobmovil_msgs__rosidl_generator_py.so
[14.429s] -- Installing: /root/ros2_ws/src/robotica/install/robmovil_msgs/local/lib/python3.10/dist-packages/robmovil_msgs/_robmovil_msgs_s.ep.rosidl_typesupport_fastrtps_c.c
[14.429s] -- Installing: /root/ros2_ws/src/robotica/install/robmovil_msgs/local/lib/python3.10/dist-packages/robmovil_msgs/_robmovil_msgs_s.ep.rosidl_typesupport_c.c
[14.429s] -- Installing: /root/ros2_ws/src/robotica/install/robmovil_msgs/local/lib/python3.10/dist-packages/robmovil_msgs/robmovil_msgs_s__rosidl_typesupport_introspection_c.cpython-310-x86_64-linux-gnu.so
[14.527s] Listing '/root/ros2_ws/src/robotica/install/robmovil_msgs/local/lib/python3.10/dist-packages/robmovil_msgs'...
[14.527s] Compiling '/root/ros2_ws/src/robotica/install/robmovil_msgs/local/lib/python3.10/dist-packages/robmovil_msgs/__init__.py'...
[14.527s] Listing '/root/ros2_ws/src/robotica/install/robmovil_msgs/local/lib/python3.10/dist-packages/robmovil_msgs/msg'...
[14.528s] Compiling '/root/ros2_ws/src/robotica/install/robmovil_msgs/local/lib/python3.10/dist-packages/robmovil_msgs/msg/__init__.py'...
[14.528s] Compiling '/root/ros2_ws/src/robotica/install/robmovil_msgs/local/lib/python3.10/dist-packages/robmovil_msgs/msg/_encoder_ticks.py'...
[14.528s] Compiling '/root/ros2_ws/src/robotica/install/robmovil_msgs/local/lib/python3.10/dist-packages/robmovil_msgs/msg/_landmark.py'...
[14.528s] Compiling '/root/ros2_ws/src/robotica/install/robmovil_msgs/local/lib/python3.10/dist-packages/robmovil_msgs/msg/_landmark_array.py'...
[14.528s] Compiling '/root/ros2_ws/src/robotica/install/robmovil_msgs/local/lib/python3.10/dist-packages/robmovil_msgs/msg/_multi_encoder_ticks.py'...
[14.528s] Compiling '/root/ros2_ws/src/robotica/install/robmovil_msgs/local/lib/python3.10/dist-packages/robmovil_msgs/msg/_trajectory.py'...
[14.528s] Compiling '/root/ros2_ws/src/robotica/install/robmovil_msgs/local/lib/python3.10/dist-packages/robmovil_msgs/msg/_trajectory_point.py'...
[14.538s] -- Installing: /root/ros2_ws/src/robotica/install/robmovil_msgs/local/lib/python3.10/dist-packages/robmovil_msgs/robmovil_msgs_s__rosidl_typesupport_fastrtps_c.cpython-310-x86_64-linux-gnu.so
[14.538s] -- Set runtime path of "/root/ros2_ws/src/robotica/install/robmovil_msgs/local/lib/python3.10/dist-packages/robmovil_msgs/robmovil_msgs_s__rosidl_typesupport_fastrtps_c.cpython-310-x86_64-linux-gnu.so" to ""
[14.539s] -- Installing: /root/ros2_ws/src/robotica/install/robmovil_msgs/local/lib/python3.10/dist-packages/robmovil_msgs/robmovil_msgs_s__rosidl_typesupport_introspection_c.cpython-310-x86_64-linux-gnu.so
[14.540s] -- Set runtime path of "/root/ros2_ws/src/robotica/install/robmovil_msgs/local/lib/python3.10/dist-packages/robmovil_msgs/robmovil_msgs_s__rosidl_typesupport_introspection_c.cpython-310-x86_64-linux-gnu.so" to ""
[14.540s] -- Installing: /root/ros2_ws/src/robotica/install/robmovil_msgs/local/lib/python3.10/dist-packages/robmovil_msgs/robmovil_msgs_s__rosidl_typesupport_c.cpython-310-x86_64-linux-gnu.so
[14.541s] -- Set runtime path of "/root/ros2_ws/src/robotica/install/robmovil_msgs/local/lib/python3.10/dist-packages/robmovil_msgs/robmovil_msgs_s__rosidl_typesupport_c.cpython-310-x86_64-linux-gnu.so" to ""
[14.541s] -- Installing: /root/ros2_ws/src/robotica/install/robmovil_msgs/lib/librobmovil_msgs__rosidl_generator_py.so
[14.542s] -- Set runtime path of "/root/ros2_ws/src/robotica/install/robmovil_msgs/lib/librobmovil_msgs__rosidl_generator_py.so" to ""
[14.542s] -- Installing: /root/ros2_ws/src/robotica/install/robmovil_msgs/share/robmovil_msgs/msg/EncoderTicks.idl
[14.543s] -- Installing: /root/ros2_ws/src/robotica/install/robmovil_msgs/share/robmovil_msgs/msg/MultiEncoderTicks.idl
[14.543s] -- Installing: /root/ros2_ws/src/robotica/install/robmovil_msgs/share/robmovil_msgs/msg/Trajectory.idl
[14.543s] -- Installing: /root/ros2_ws/src/robotica/install/robmovil_msgs/share/robmovil_msgs/msg/TrajectoryPoint.idl
[14.544s] -- Installing: /root/ros2_ws/src/robotica/install/robmovil_msgs/share/robmovil_msgs/msg/Landmark.idl
[14.544s] -- Installing: /root/ros2_ws/src/robotica/install/robmovil_msgs/share/robmovil_msgs/msg/LandmarkArray.idl
[14.545s] -- Installing: /root/ros2_ws/src/robotica/install/robmovil_msgs/share/robmovil_msgs/msg/EncoderTicks.msg
[14.545s] -- Installing: /root/ros2_ws/src/robotica/install/robmovil_msgs/share/robmovil_msgs/msg/MultiEncoderTicks.msg
[14.545s] -- Installing: /root/ros2_ws/src/robotica/install/robmovil_msgs/share/robmovil_msgs/msg/Trajectory.msg
[14.546s] -- Installing: /root/ros2_ws/src/robotica/install/robmovil_msgs/share/robmovil_msgs/msg/TrajectoryPoint.msg
[14.546s] -- Installing: /root/ros2_ws/src/robotica/install/robmovil_msgs/share/robmovil_msgs/msg/Landmark.msg
[14.546s] -- Installing: /root/ros2_ws/src/robotica/install/robmovil_msgs/share/robmovil_msgs/msg/LandmarkArray.msg
[14.546s] -- Installing: /root/ros2_ws/src/robotica/install/robmovil_msgs/share/ament_index/resource_index/package_run_dependencies/robmovil_msgs
[14.548s] -- Installing: /root/ros2_ws/src/robotica/install/robmovil_msgs/share/ament_index/resource_index/parent_prefix_path/robmovil_msgs
[14.549s] -- Installing: /root/ros2_ws/src/robotica/install/robmovil_msgs/share/robmovil_msgs/environment/ament_prefix_path.sh
[14.549s] -- Installing: /root/ros2_ws/src/robotica/install/robmovil_msgs/share/robmovil_msgs/environment/ament_prefix_path.dsv
[14.550s] -- Installing: /root/ros2_ws/src/robotica/install/robmovil_msgs/share/robmovil_msgs/environment/path.sh
[14.550s] -- Installing: /root/ros2_ws/src/robotica/install/robmovil_msgs/share/robmovil_msgs/environment/path.dsv
[14.551s] -- Installing: /root/ros2_ws/src/robotica/install/robmovil_msgs/share/robmovil_msgs/local_setup.bash
[14.551s] -- Installing: /root/ros2_ws/src/robotica/install/robmovil_msgs/share/robmovil_msgs/local_setup.sh
[14.552s] -- Installing: /root/ros2_ws/src/robotica/install/robmovil_msgs/share/robmovil_msgs/local_setup.zsh
[14.552s] -- Installing: /root/ros2_ws/src/robotica/install/robmovil_msgs/share/robmovil_msgs/local_setup.dsv
[14.553s] -- Installing: /root/ros2_ws/src/robotica/install/robmovil_msgs/share/robmovil_msgs/package.dsv
[14.553s] -- Installing: /root/ros2_ws/src/robotica/install/robmovil_msgs/share/ament_index/resource_index/packages/robmovil_msgs
[14.554s] -- Installing: /root/ros2_ws/src/robotica/install/robmovil_msgs/share/robmovil_msgs/cmake/export_robmovil_msgs__rosidl_generator_cExport.cmake
[14.554s] -- Installing: /root/ros2_ws/src/robotica/install/robmovil_msgs/share/robmovil_msgs/cmake/export_robmovil_msgs__rosidl_generator_cExport-noconfig.cmake
[14.555s] -- Installing: /root/ros2_ws/src/robotica/install/robmovil_msgs/share/robmovil_msgs/cmake/export_robmovil_msgs__rosidl_typesupport_fastrtps_cExport.cmake
[14.555s] -- Installing: /root/ros2_ws/src/robotica/install/robmovil_msgs/share/robmovil_msgs/cmake/export_robmovil_msgs__rosidl_typesupport_fastrtps_cExport-noconfig.cmake
[14.556s] -- Installing: /root/ros2_ws/src/robotica/install/robmovil_msgs/share/robmovil_msgs/cmake/robmovil_msgs__rosidl_typesupport_introspection_cExport.cmake
[14.556s] -- Installing: /root/ros2_ws/src/robotica/install/robmovil_msgs/share/robmovil_msgs/cmake/robmovil_msgs__rosidl_typesupport_introspection_cExport-noconfig.cmake
[14.557s] -- Installing: /root/ros2_ws/src/robotica/install/robmovil_msgs/share/robmovil_msgs/cmake/robmovil_msgs__rosidl_typesupport_cExport.cmake
[14.557s] -- Installing: /root/ros2_ws/src/robotica/install/robmovil_msgs/share/robmovil_msgs/cmake/robmovil_msgs__rosidl_typesupport_cExport-noconfig.cmake
[14.558s] -- Installing: /root/ros2_ws/src/robotica/install/robmovil_msgs/share/robmovil_msgs/cmake/export_robmovil_msgs__rosidl_generator_cppExport.cmake
[14.558s] -- Installing: /root/ros2_ws/src/robotica/install/robmovil_msgs/share/robmovil_msgs/cmake/export_robmovil_msgs__rosidl_typesupport_fastrtps_cppExport.cmake
[14.559s] -- Installing: /root/ros2_ws/src/robotica/install/robmovil_msgs/share/robmovil_msgs/cmake/export_robmovil_msgs__rosidl_typesupport_fastrtps_cppExport-noconfig.cmake
[14.559s] -- Installing: /root/ros2_ws/src/robotica/install/robmovil_msgs/share/robmovil_msgs/cmake/robmovil_msgs__rosidl_typesupport_introspection_cppExport.cmake
[14.560s] -- Installing: /root/ros2_ws/src/robotica/install/robmovil_msgs/share/robmovil_msgs/cmake/robmovil_msgs__rosidl_typesupport_introspection_cppExport-noconfig.cmake
[14.560s] -- Installing: /root/ros2_ws/src/robotica/install/robmovil_msgs/share/robmovil_msgs/cmake/robmovil_msgs__rosidl_typesupport_cppExport.cmake
[14.560s] -- Installing: /root/ros2_ws/src/robotica/install/robmovil_msgs/share/robmovil_msgs/cmake/robmovil_msgs__rosidl_typesupport_cppExport-noconfig.cmake
[14.561s] -- Installing: /root/ros2_ws/src/robotica/install/robmovil_msgs/share/robmovil_msgs/cmake/export_robmovil_msgs__rosidl_generator_pyExport.cmake
[14.561s] -- Installing: /root/ros2_ws/src/robotica/install/robmovil_msgs/share/robmovil_msgs/cmake/export_robmovil_msgs__rosidl_generator_pyExport-noconfig.cmake
[14.562s] -- Installing: /root/ros2_ws/src/robotica/install/robmovil_msgs/share/robmovil_msgs/cmake/rosidl_cmake-extras.cmake
[14.562s] -- Installing: /root/ros2_ws/src/robotica/install/robmovil_msgs/share/robmovil_msgs/cmake/ament_cmake_export_dependencies-extras.cmake
[14.563s] -- Installing: /root/ros2_ws/src/robotica/install/robmovil_msgs/share/robmovil_msgs/cmake/ament_cmake_export_include_directories-extras.cmake
[14.563s] -- Installing: /root/ros2_ws/src/robotica/install/robmovil_msgs/share/robmovil_msgs/cmake/ament_cmake_export_libraries-extras.cmake
[14.564s] -- Installing: /root/ros2_ws/src/robotica/install/robmovil_msgs/share/robmovil_msgs/cmake/ament_cmake_export_targets-extras.cmake
[14.564s] -- Installing: /root/ros2_ws/src/robotica/install/robmovil_msgs/share/robmovil_msgs/cmake/rosidl_cmake_export_typesupport_targets-extras.cmake
[14.564s] -- Installing: /root/ros2_ws/src/robotica/install/robmovil_msgs/share/robmovil_msgs/cmake/rosidl_cmake_export_typesupport_libraries-extras.cmake
[14.565s] -- Installing: /root/ros2_ws/src/robotica/install/robmovil_msgs/share/robmovil_msgs/cmake/robmovil_msgsConfig.cmake
[14.565s] -- Installing: /root/ros2_ws/src/robotica/install/robmovil_msgs/share/robmovil_msgs/cmake/robmovil_msgsConfig-version.cmake
[14.566s] -- Installing: /root/ros2_ws/src/robotica/install/robmovil_msgs/share/robmovil_msgs/package.xml
[14.572s] Invoked command in '/root/ros2_ws/src/robotica/build/robmovil_msgs' returned '0': CMAKE_PREFIX_PATH=${CMAKE_PREFIX_PATH}:/opt/ros/humble /usr/bin/cmake --install /root/ros2_ws/src/robotica/build/robmovil_msgs
