[0.108s] DEBUG:colcon:Command line arguments: ['/usr/bin/colcon', 'build']
[0.108s] DEBUG:colcon:Parsed command line arguments: Namespace(log_base=None, log_level=None, verb_name='build', build_base='build', install_base='install', merge_install=False, symlink_install=False, test_result_base=None, continue_on_error=False, executor='parallel', parallel_workers=4, event_handlers=None, ignore_user_meta=False, metas=['./colcon.meta'], base_paths=['.'], packages_ignore=None, packages_ignore_regex=None, paths=None, packages_up_to=None, packages_up_to_regex=None, packages_above=None, packages_above_and_dependencies=None, packages_above_depth=None, packages_select_by_dep=None, packages_skip_by_dep=None, packages_skip_up_to=None, packages_select_build_failed=False, packages_skip_build_finished=False, packages_select_test_failures=False, packages_skip_test_passed=False, packages_select=None, packages_skip=None, packages_select_regex=None, packages_skip_regex=None, packages_start=None, packages_end=None, cmake_args=None, cmake_target=None, cmake_target_skip_unavailable=False, cmake_clean_cache=False, cmake_clean_first=False, cmake_force_configure=False, ament_cmake_args=None, catkin_cmake_args=None, catkin_skip_building_tests=False, mixin_files=None, mixin=None, verb_parser=<colcon_mixin.mixin.mixin_argument.MixinArgumentDecorator object at 0x7220cc6e0f10>, verb_extension=<colcon_core.verb.build.BuildVerb object at 0x7220cc7d9db0>, main=<bound method BuildVerb.main of <colcon_core.verb.build.BuildVerb object at 0x7220cc7d9db0>>, mixin_verb=('build',))
[0.259s] Level 1:colcon.colcon_core.package_discovery:discover_packages(colcon_meta) check parameters
[0.259s] INFO:colcon.colcon_metadata.package_discovery.colcon_meta:Using configuration from '/root/.colcon/metadata/default/Gazebo.meta'
[0.260s] INFO:colcon.colcon_metadata.package_discovery.colcon_meta:Using configuration from '/root/.colcon/metadata/default/fastdds.meta'
[0.260s] INFO:colcon.colcon_metadata.package_discovery.colcon_meta:Using configuration from '/root/.colcon/metadata/default/fastrtps.meta'
[0.260s] Level 1:colcon.colcon_core.package_discovery:discover_packages(recursive) check parameters
[0.260s] Level 1:colcon.colcon_core.package_discovery:discover_packages(ignore) check parameters
[0.260s] Level 1:colcon.colcon_core.package_discovery:discover_packages(path) check parameters
[0.260s] Level 1:colcon.colcon_core.package_discovery:discover_packages(colcon_meta) discover
[0.260s] Level 1:colcon.colcon_core.package_discovery:discover_packages(recursive) discover
[0.260s] INFO:colcon.colcon_core.package_discovery:Crawling recursively for packages in '/root/ros2_ws/src/robotica'
[0.260s] Level 1:colcon.colcon_core.package_identification:_identify(.) by extensions ['ignore', 'ignore_ament_install']
[0.261s] Level 1:colcon.colcon_core.package_identification:_identify(.) by extension 'ignore'
[0.261s] Level 1:colcon.colcon_core.package_identification:_identify(.) by extension 'ignore_ament_install'
[0.261s] Level 1:colcon.colcon_core.package_identification:_identify(.) by extensions ['colcon_pkg']
[0.261s] Level 1:colcon.colcon_core.package_identification:_identify(.) by extension 'colcon_pkg'
[0.261s] Level 1:colcon.colcon_core.package_identification:_identify(.) by extensions ['colcon_meta']
[0.261s] Level 1:colcon.colcon_core.package_identification:_identify(.) by extension 'colcon_meta'
[0.261s] Level 1:colcon.colcon_core.package_identification:_identify(.) by extensions ['ros']
[0.261s] Level 1:colcon.colcon_core.package_identification:_identify(.) by extension 'ros'
[0.273s] Level 1:colcon.colcon_core.package_identification:_identify(.) by extensions ['cmake', 'python']
[0.273s] Level 1:colcon.colcon_core.package_identification:_identify(.) by extension 'cmake'
[0.273s] Level 1:colcon.colcon_core.package_identification:_identify(.) by extension 'python'
[0.273s] Level 1:colcon.colcon_core.package_identification:_identify(.) by extensions ['python_setup_py']
[0.273s] Level 1:colcon.colcon_core.package_identification:_identify(.) by extension 'python_setup_py'
[0.274s] Level 1:colcon.colcon_core.package_identification:_identify(build) by extensions ['ignore', 'ignore_ament_install']
[0.274s] Level 1:colcon.colcon_core.package_identification:_identify(build) by extension 'ignore'
[0.274s] Level 1:colcon.colcon_core.package_identification:_identify(build) ignored
[0.274s] Level 1:colcon.colcon_core.package_identification:_identify(coppeliaSim) by extensions ['ignore', 'ignore_ament_install']
[0.274s] Level 1:colcon.colcon_core.package_identification:_identify(coppeliaSim) by extension 'ignore'
[0.274s] Level 1:colcon.colcon_core.package_identification:_identify(coppeliaSim) by extension 'ignore_ament_install'
[0.274s] Level 1:colcon.colcon_core.package_identification:_identify(coppeliaSim) by extensions ['colcon_pkg']
[0.274s] Level 1:colcon.colcon_core.package_identification:_identify(coppeliaSim) by extension 'colcon_pkg'
[0.274s] Level 1:colcon.colcon_core.package_identification:_identify(coppeliaSim) by extensions ['colcon_meta']
[0.274s] Level 1:colcon.colcon_core.package_identification:_identify(coppeliaSim) by extension 'colcon_meta'
[0.274s] Level 1:colcon.colcon_core.package_identification:_identify(coppeliaSim) by extensions ['ros']
[0.274s] Level 1:colcon.colcon_core.package_identification:_identify(coppeliaSim) by extension 'ros'
[0.274s] Level 1:colcon.colcon_core.package_identification:_identify(coppeliaSim) by extensions ['cmake', 'python']
[0.274s] Level 1:colcon.colcon_core.package_identification:_identify(coppeliaSim) by extension 'cmake'
[0.274s] Level 1:colcon.colcon_core.package_identification:_identify(coppeliaSim) by extension 'python'
[0.274s] Level 1:colcon.colcon_core.package_identification:_identify(coppeliaSim) by extensions ['python_setup_py']
[0.274s] Level 1:colcon.colcon_core.package_identification:_identify(coppeliaSim) by extension 'python_setup_py'
[0.275s] Level 1:colcon.colcon_core.package_identification:_identify(install) by extensions ['ignore', 'ignore_ament_install']
[0.275s] Level 1:colcon.colcon_core.package_identification:_identify(install) by extension 'ignore'
[0.275s] Level 1:colcon.colcon_core.package_identification:_identify(install) ignored
[0.275s] Level 1:colcon.colcon_core.package_identification:_identify(lazo_abierto) by extensions ['ignore', 'ignore_ament_install']
[0.275s] Level 1:colcon.colcon_core.package_identification:_identify(lazo_abierto) by extension 'ignore'
[0.275s] Level 1:colcon.colcon_core.package_identification:_identify(lazo_abierto) by extension 'ignore_ament_install'
[0.275s] Level 1:colcon.colcon_core.package_identification:_identify(lazo_abierto) by extensions ['colcon_pkg']
[0.275s] Level 1:colcon.colcon_core.package_identification:_identify(lazo_abierto) by extension 'colcon_pkg'
[0.275s] Level 1:colcon.colcon_core.package_identification:_identify(lazo_abierto) by extensions ['colcon_meta']
[0.275s] Level 1:colcon.colcon_core.package_identification:_identify(lazo_abierto) by extension 'colcon_meta'
[0.275s] Level 1:colcon.colcon_core.package_identification:_identify(lazo_abierto) by extensions ['ros']
[0.275s] Level 1:colcon.colcon_core.package_identification:_identify(lazo_abierto) by extension 'ros'
[0.277s] DEBUG:colcon.colcon_core.package_identification:Package 'lazo_abierto' with type 'ros.ament_cmake' and name 'lazo_abierto'
[0.277s] Level 1:colcon.colcon_core.package_identification:_identify(lazo_cerrado) by extensions ['ignore', 'ignore_ament_install']
[0.277s] Level 1:colcon.colcon_core.package_identification:_identify(lazo_cerrado) by extension 'ignore'
[0.277s] Level 1:colcon.colcon_core.package_identification:_identify(lazo_cerrado) by extension 'ignore_ament_install'
[0.277s] Level 1:colcon.colcon_core.package_identification:_identify(lazo_cerrado) by extensions ['colcon_pkg']
[0.278s] Level 1:colcon.colcon_core.package_identification:_identify(lazo_cerrado) by extension 'colcon_pkg'
[0.278s] Level 1:colcon.colcon_core.package_identification:_identify(lazo_cerrado) by extensions ['colcon_meta']
[0.278s] Level 1:colcon.colcon_core.package_identification:_identify(lazo_cerrado) by extension 'colcon_meta'
[0.278s] Level 1:colcon.colcon_core.package_identification:_identify(lazo_cerrado) by extensions ['ros']
[0.278s] Level 1:colcon.colcon_core.package_identification:_identify(lazo_cerrado) by extension 'ros'
[0.279s] DEBUG:colcon.colcon_core.package_identification:Package 'lazo_cerrado' with type 'ros.ament_cmake' and name 'lazo_cerrado'
[0.279s] Level 1:colcon.colcon_core.package_identification:_identify(log) by extensions ['ignore', 'ignore_ament_install']
[0.279s] Level 1:colcon.colcon_core.package_identification:_identify(log) by extension 'ignore'
[0.279s] Level 1:colcon.colcon_core.package_identification:_identify(log) ignored
[0.279s] Level 1:colcon.colcon_core.package_identification:_identify(modelo_omnidireccional) by extensions ['ignore', 'ignore_ament_install']
[0.279s] Level 1:colcon.colcon_core.package_identification:_identify(modelo_omnidireccional) by extension 'ignore'
[0.279s] Level 1:colcon.colcon_core.package_identification:_identify(modelo_omnidireccional) by extension 'ignore_ament_install'
[0.279s] Level 1:colcon.colcon_core.package_identification:_identify(modelo_omnidireccional) by extensions ['colcon_pkg']
[0.279s] Level 1:colcon.colcon_core.package_identification:_identify(modelo_omnidireccional) by extension 'colcon_pkg'
[0.279s] Level 1:colcon.colcon_core.package_identification:_identify(modelo_omnidireccional) by extensions ['colcon_meta']
[0.279s] Level 1:colcon.colcon_core.package_identification:_identify(modelo_omnidireccional) by extension 'colcon_meta'
[0.279s] Level 1:colcon.colcon_core.package_identification:_identify(modelo_omnidireccional) by extensions ['ros']
[0.279s] Level 1:colcon.colcon_core.package_identification:_identify(modelo_omnidireccional) by extension 'ros'
[0.280s] DEBUG:colcon.colcon_core.package_identification:Package 'modelo_omnidireccional' with type 'ros.ament_cmake' and name 'modelo_omnidireccional'
[0.280s] Level 1:colcon.colcon_core.package_identification:_identify(robmovil_msgs) by extensions ['ignore', 'ignore_ament_install']
[0.280s] Level 1:colcon.colcon_core.package_identification:_identify(robmovil_msgs) by extension 'ignore'
[0.281s] Level 1:colcon.colcon_core.package_identification:_identify(robmovil_msgs) by extension 'ignore_ament_install'
[0.281s] Level 1:colcon.colcon_core.package_identification:_identify(robmovil_msgs) by extensions ['colcon_pkg']
[0.281s] Level 1:colcon.colcon_core.package_identification:_identify(robmovil_msgs) by extension 'colcon_pkg'
[0.281s] Level 1:colcon.colcon_core.package_identification:_identify(robmovil_msgs) by extensions ['colcon_meta']
[0.281s] Level 1:colcon.colcon_core.package_identification:_identify(robmovil_msgs) by extension 'colcon_meta'
[0.281s] Level 1:colcon.colcon_core.package_identification:_identify(robmovil_msgs) by extensions ['ros']
[0.281s] Level 1:colcon.colcon_core.package_identification:_identify(robmovil_msgs) by extension 'ros'
[0.281s] DEBUG:colcon.colcon_core.package_identification:Package 'robmovil_msgs' with type 'ros.ament_cmake' and name 'robmovil_msgs'
[0.281s] Level 1:colcon.colcon_core.package_discovery:discover_packages(recursive) using defaults
[0.282s] Level 1:colcon.colcon_core.package_discovery:discover_packages(ignore) discover
[0.282s] Level 1:colcon.colcon_core.package_discovery:discover_packages(ignore) using defaults
[0.282s] Level 1:colcon.colcon_core.package_discovery:discover_packages(path) discover
[0.282s] Level 1:colcon.colcon_core.package_discovery:discover_packages(path) using defaults
[0.301s] Level 5:colcon.colcon_core.verb:set package 'robmovil_msgs' build argument 'cmake_args' from command line to 'None'
[0.301s] Level 5:colcon.colcon_core.verb:set package 'robmovil_msgs' build argument 'cmake_target' from command line to 'None'
[0.301s] Level 5:colcon.colcon_core.verb:set package 'robmovil_msgs' build argument 'cmake_target_skip_unavailable' from command line to 'False'
[0.301s] Level 5:colcon.colcon_core.verb:set package 'robmovil_msgs' build argument 'cmake_clean_cache' from command line to 'False'
[0.301s] Level 5:colcon.colcon_core.verb:set package 'robmovil_msgs' build argument 'cmake_clean_first' from command line to 'False'
[0.301s] Level 5:colcon.colcon_core.verb:set package 'robmovil_msgs' build argument 'cmake_force_configure' from command line to 'False'
[0.301s] Level 5:colcon.colcon_core.verb:set package 'robmovil_msgs' build argument 'ament_cmake_args' from command line to 'None'
[0.301s] Level 5:colcon.colcon_core.verb:set package 'robmovil_msgs' build argument 'catkin_cmake_args' from command line to 'None'
[0.301s] Level 5:colcon.colcon_core.verb:set package 'robmovil_msgs' build argument 'catkin_skip_building_tests' from command line to 'False'
[0.302s] DEBUG:colcon.colcon_core.verb:Building package 'robmovil_msgs' with the following arguments: {'ament_cmake_args': None, 'build_base': '/root/ros2_ws/src/robotica/build/robmovil_msgs', 'catkin_cmake_args': None, 'catkin_skip_building_tests': False, 'cmake_args': None, 'cmake_clean_cache': False, 'cmake_clean_first': False, 'cmake_force_configure': False, 'cmake_target': None, 'cmake_target_skip_unavailable': False, 'install_base': '/root/ros2_ws/src/robotica/install/robmovil_msgs', 'merge_install': False, 'path': '/root/ros2_ws/src/robotica/robmovil_msgs', 'symlink_install': False, 'test_result_base': None}
[0.302s] Level 5:colcon.colcon_core.verb:set package 'lazo_abierto' build argument 'cmake_args' from command line to 'None'
[0.302s] Level 5:colcon.colcon_core.verb:set package 'lazo_abierto' build argument 'cmake_target' from command line to 'None'
[0.302s] Level 5:colcon.colcon_core.verb:set package 'lazo_abierto' build argument 'cmake_target_skip_unavailable' from command line to 'False'
[0.302s] Level 5:colcon.colcon_core.verb:set package 'lazo_abierto' build argument 'cmake_clean_cache' from command line to 'False'
[0.302s] Level 5:colcon.colcon_core.verb:set package 'lazo_abierto' build argument 'cmake_clean_first' from command line to 'False'
[0.302s] Level 5:colcon.colcon_core.verb:set package 'lazo_abierto' build argument 'cmake_force_configure' from command line to 'False'
[0.302s] Level 5:colcon.colcon_core.verb:set package 'lazo_abierto' build argument 'ament_cmake_args' from command line to 'None'
[0.302s] Level 5:colcon.colcon_core.verb:set package 'lazo_abierto' build argument 'catkin_cmake_args' from command line to 'None'
[0.302s] Level 5:colcon.colcon_core.verb:set package 'lazo_abierto' build argument 'catkin_skip_building_tests' from command line to 'False'
[0.302s] DEBUG:colcon.colcon_core.verb:Building package 'lazo_abierto' with the following arguments: {'ament_cmake_args': None, 'build_base': '/root/ros2_ws/src/robotica/build/lazo_abierto', 'catkin_cmake_args': None, 'catkin_skip_building_tests': False, 'cmake_args': None, 'cmake_clean_cache': False, 'cmake_clean_first': False, 'cmake_force_configure': False, 'cmake_target': None, 'cmake_target_skip_unavailable': False, 'install_base': '/root/ros2_ws/src/robotica/install/lazo_abierto', 'merge_install': False, 'path': '/root/ros2_ws/src/robotica/lazo_abierto', 'symlink_install': False, 'test_result_base': None}
[0.303s] Level 5:colcon.colcon_core.verb:set package 'modelo_omnidireccional' build argument 'cmake_args' from command line to 'None'
[0.303s] Level 5:colcon.colcon_core.verb:set package 'modelo_omnidireccional' build argument 'cmake_target' from command line to 'None'
[0.303s] Level 5:colcon.colcon_core.verb:set package 'modelo_omnidireccional' build argument 'cmake_target_skip_unavailable' from command line to 'False'
[0.303s] Level 5:colcon.colcon_core.verb:set package 'modelo_omnidireccional' build argument 'cmake_clean_cache' from command line to 'False'
[0.303s] Level 5:colcon.colcon_core.verb:set package 'modelo_omnidireccional' build argument 'cmake_clean_first' from command line to 'False'
[0.303s] Level 5:colcon.colcon_core.verb:set package 'modelo_omnidireccional' build argument 'cmake_force_configure' from command line to 'False'
[0.303s] Level 5:colcon.colcon_core.verb:set package 'modelo_omnidireccional' build argument 'ament_cmake_args' from command line to 'None'
[0.303s] Level 5:colcon.colcon_core.verb:set package 'modelo_omnidireccional' build argument 'catkin_cmake_args' from command line to 'None'
[0.303s] Level 5:colcon.colcon_core.verb:set package 'modelo_omnidireccional' build argument 'catkin_skip_building_tests' from command line to 'False'
[0.303s] DEBUG:colcon.colcon_core.verb:Building package 'modelo_omnidireccional' with the following arguments: {'ament_cmake_args': None, 'build_base': '/root/ros2_ws/src/robotica/build/modelo_omnidireccional', 'catkin_cmake_args': None, 'catkin_skip_building_tests': False, 'cmake_args': None, 'cmake_clean_cache': False, 'cmake_clean_first': False, 'cmake_force_configure': False, 'cmake_target': None, 'cmake_target_skip_unavailable': False, 'install_base': '/root/ros2_ws/src/robotica/install/modelo_omnidireccional', 'merge_install': False, 'path': '/root/ros2_ws/src/robotica/modelo_omnidireccional', 'symlink_install': False, 'test_result_base': None}
[0.303s] Level 5:colcon.colcon_core.verb:set package 'lazo_cerrado' build argument 'cmake_args' from command line to 'None'
[0.303s] Level 5:colcon.colcon_core.verb:set package 'lazo_cerrado' build argument 'cmake_target' from command line to 'None'
[0.304s] Level 5:colcon.colcon_core.verb:set package 'lazo_cerrado' build argument 'cmake_target_skip_unavailable' from command line to 'False'
[0.304s] Level 5:colcon.colcon_core.verb:set package 'lazo_cerrado' build argument 'cmake_clean_cache' from command line to 'False'
[0.304s] Level 5:colcon.colcon_core.verb:set package 'lazo_cerrado' build argument 'cmake_clean_first' from command line to 'False'
[0.304s] Level 5:colcon.colcon_core.verb:set package 'lazo_cerrado' build argument 'cmake_force_configure' from command line to 'False'
[0.304s] Level 5:colcon.colcon_core.verb:set package 'lazo_cerrado' build argument 'ament_cmake_args' from command line to 'None'
[0.304s] Level 5:colcon.colcon_core.verb:set package 'lazo_cerrado' build argument 'catkin_cmake_args' from command line to 'None'
[0.304s] Level 5:colcon.colcon_core.verb:set package 'lazo_cerrado' build argument 'catkin_skip_building_tests' from command line to 'False'
[0.304s] DEBUG:colcon.colcon_core.verb:Building package 'lazo_cerrado' with the following arguments: {'ament_cmake_args': None, 'build_base': '/root/ros2_ws/src/robotica/build/lazo_cerrado', 'catkin_cmake_args': None, 'catkin_skip_building_tests': False, 'cmake_args': None, 'cmake_clean_cache': False, 'cmake_clean_first': False, 'cmake_force_configure': False, 'cmake_target': None, 'cmake_target_skip_unavailable': False, 'install_base': '/root/ros2_ws/src/robotica/install/lazo_cerrado', 'merge_install': False, 'path': '/root/ros2_ws/src/robotica/lazo_cerrado', 'symlink_install': False, 'test_result_base': None}
[0.304s] INFO:colcon.colcon_core.executor:Executing jobs using 'parallel' executor
[0.306s] DEBUG:colcon.colcon_parallel_executor.executor.parallel:run_until_complete
[0.307s] INFO:colcon.colcon_ros.task.ament_cmake.build:Building ROS package in '/root/ros2_ws/src/robotica/robmovil_msgs' with build type 'ament_cmake'
[0.307s] INFO:colcon.colcon_cmake.task.cmake.build:Building CMake package in '/root/ros2_ws/src/robotica/robmovil_msgs'
[0.309s] INFO:colcon.colcon_core.plugin_system:Skipping extension 'colcon_core.shell.bat': Not used on non-Windows systems
[0.310s] INFO:colcon.colcon_core.shell:Skip shell extension 'powershell' for command environment: Not usable outside of PowerShell
[0.310s] DEBUG:colcon.colcon_core.shell:Skip shell extension 'dsv' for command environment
[0.333s] DEBUG:colcon.colcon_core.event_handler.log_command:Invoking command in '/root/ros2_ws/src/robotica/build/robmovil_msgs': CMAKE_PREFIX_PATH=${CMAKE_PREFIX_PATH}:/opt/ros/humble /usr/bin/cmake --build /root/ros2_ws/src/robotica/build/robmovil_msgs -- -j4 -l4
[0.821s] DEBUG:colcon.colcon_core.event_handler.log_command:Invoked command in '/root/ros2_ws/src/robotica/build/robmovil_msgs' returned '0': CMAKE_PREFIX_PATH=${CMAKE_PREFIX_PATH}:/opt/ros/humble /usr/bin/cmake --build /root/ros2_ws/src/robotica/build/robmovil_msgs -- -j4 -l4
[0.833s] DEBUG:colcon.colcon_core.event_handler.log_command:Invoking command in '/root/ros2_ws/src/robotica/build/robmovil_msgs': CMAKE_PREFIX_PATH=${CMAKE_PREFIX_PATH}:/opt/ros/humble /usr/bin/cmake --install /root/ros2_ws/src/robotica/build/robmovil_msgs
[0.906s] Level 1:colcon.colcon_core.environment:create_environment_scripts_only(robmovil_msgs)
[0.907s] DEBUG:colcon.colcon_core.event_handler.log_command:Invoked command in '/root/ros2_ws/src/robotica/build/robmovil_msgs' returned '0': CMAKE_PREFIX_PATH=${CMAKE_PREFIX_PATH}:/opt/ros/humble /usr/bin/cmake --install /root/ros2_ws/src/robotica/build/robmovil_msgs
[0.909s] Level 1:colcon.colcon_core.environment:checking '/root/ros2_ws/src/robotica/install/robmovil_msgs' for CMake module files
[0.910s] Level 1:colcon.colcon_core.environment:checking '/root/ros2_ws/src/robotica/install/robmovil_msgs' for CMake config files
[0.910s] Level 1:colcon.colcon_core.shell:create_environment_hook('robmovil_msgs', 'cmake_prefix_path')
[0.910s] INFO:colcon.colcon_core.shell:Creating environment hook '/root/ros2_ws/src/robotica/install/robmovil_msgs/share/robmovil_msgs/hook/cmake_prefix_path.ps1'
[0.911s] INFO:colcon.colcon_core.shell:Creating environment descriptor '/root/ros2_ws/src/robotica/install/robmovil_msgs/share/robmovil_msgs/hook/cmake_prefix_path.dsv'
[0.912s] INFO:colcon.colcon_core.shell:Creating environment hook '/root/ros2_ws/src/robotica/install/robmovil_msgs/share/robmovil_msgs/hook/cmake_prefix_path.sh'
[0.913s] Level 1:colcon.colcon_core.environment:checking '/root/ros2_ws/src/robotica/install/robmovil_msgs/lib'
[0.913s] Level 1:colcon.colcon_core.shell:create_environment_hook('robmovil_msgs', 'ld_library_path_lib')
[0.914s] INFO:colcon.colcon_core.shell:Creating environment hook '/root/ros2_ws/src/robotica/install/robmovil_msgs/share/robmovil_msgs/hook/ld_library_path_lib.ps1'
[0.914s] INFO:colcon.colcon_core.shell:Creating environment descriptor '/root/ros2_ws/src/robotica/install/robmovil_msgs/share/robmovil_msgs/hook/ld_library_path_lib.dsv'
[0.915s] INFO:colcon.colcon_core.shell:Creating environment hook '/root/ros2_ws/src/robotica/install/robmovil_msgs/share/robmovil_msgs/hook/ld_library_path_lib.sh'
[0.915s] Level 1:colcon.colcon_core.environment:checking '/root/ros2_ws/src/robotica/install/robmovil_msgs/bin'
[0.915s] Level 1:colcon.colcon_core.environment:checking '/root/ros2_ws/src/robotica/install/robmovil_msgs/lib/pkgconfig/robmovil_msgs.pc'
[0.917s] Level 1:colcon.colcon_core.environment:checking '/root/ros2_ws/src/robotica/install/robmovil_msgs/lib/python3.10/site-packages'
[0.918s] Level 1:colcon.colcon_core.environment:checking '/root/ros2_ws/src/robotica/install/robmovil_msgs/bin'
[0.918s] INFO:colcon.colcon_core.shell:Creating package script '/root/ros2_ws/src/robotica/install/robmovil_msgs/share/robmovil_msgs/package.ps1'
[0.920s] INFO:colcon.colcon_core.shell:Creating package descriptor '/root/ros2_ws/src/robotica/install/robmovil_msgs/share/robmovil_msgs/package.dsv'
[0.920s] INFO:colcon.colcon_core.shell:Creating package script '/root/ros2_ws/src/robotica/install/robmovil_msgs/share/robmovil_msgs/package.sh'
[0.921s] INFO:colcon.colcon_core.shell:Creating package script '/root/ros2_ws/src/robotica/install/robmovil_msgs/share/robmovil_msgs/package.bash'
[0.922s] INFO:colcon.colcon_core.shell:Creating package script '/root/ros2_ws/src/robotica/install/robmovil_msgs/share/robmovil_msgs/package.zsh'
[0.923s] Level 1:colcon.colcon_core.environment:create_file_with_runtime_dependencies(/root/ros2_ws/src/robotica/install/robmovil_msgs/share/colcon-core/packages/robmovil_msgs)
[0.924s] Level 1:colcon.colcon_core.environment:create_environment_scripts_only(robmovil_msgs)
[0.924s] Level 1:colcon.colcon_core.environment:checking '/root/ros2_ws/src/robotica/install/robmovil_msgs' for CMake module files
[0.925s] Level 1:colcon.colcon_core.environment:checking '/root/ros2_ws/src/robotica/install/robmovil_msgs' for CMake config files
[0.925s] Level 1:colcon.colcon_core.shell:create_environment_hook('robmovil_msgs', 'cmake_prefix_path')
[0.926s] INFO:colcon.colcon_core.shell:Creating environment hook '/root/ros2_ws/src/robotica/install/robmovil_msgs/share/robmovil_msgs/hook/cmake_prefix_path.ps1'
[0.926s] INFO:colcon.colcon_core.shell:Creating environment descriptor '/root/ros2_ws/src/robotica/install/robmovil_msgs/share/robmovil_msgs/hook/cmake_prefix_path.dsv'
[0.926s] INFO:colcon.colcon_core.shell:Creating environment hook '/root/ros2_ws/src/robotica/install/robmovil_msgs/share/robmovil_msgs/hook/cmake_prefix_path.sh'
[0.927s] Level 1:colcon.colcon_core.environment:checking '/root/ros2_ws/src/robotica/install/robmovil_msgs/lib'
[0.928s] Level 1:colcon.colcon_core.shell:create_environment_hook('robmovil_msgs', 'ld_library_path_lib')
[0.928s] INFO:colcon.colcon_core.shell:Creating environment hook '/root/ros2_ws/src/robotica/install/robmovil_msgs/share/robmovil_msgs/hook/ld_library_path_lib.ps1'
[0.929s] INFO:colcon.colcon_core.shell:Creating environment descriptor '/root/ros2_ws/src/robotica/install/robmovil_msgs/share/robmovil_msgs/hook/ld_library_path_lib.dsv'
[0.929s] INFO:colcon.colcon_core.shell:Creating environment hook '/root/ros2_ws/src/robotica/install/robmovil_msgs/share/robmovil_msgs/hook/ld_library_path_lib.sh'
[0.930s] Level 1:colcon.colcon_core.environment:checking '/root/ros2_ws/src/robotica/install/robmovil_msgs/bin'
[0.930s] Level 1:colcon.colcon_core.environment:checking '/root/ros2_ws/src/robotica/install/robmovil_msgs/lib/pkgconfig/robmovil_msgs.pc'
[0.930s] Level 1:colcon.colcon_core.environment:checking '/root/ros2_ws/src/robotica/install/robmovil_msgs/lib/python3.10/site-packages'
[0.931s] Level 1:colcon.colcon_core.environment:checking '/root/ros2_ws/src/robotica/install/robmovil_msgs/bin'
[0.931s] INFO:colcon.colcon_core.shell:Creating package script '/root/ros2_ws/src/robotica/install/robmovil_msgs/share/robmovil_msgs/package.ps1'
[0.931s] INFO:colcon.colcon_core.shell:Creating package descriptor '/root/ros2_ws/src/robotica/install/robmovil_msgs/share/robmovil_msgs/package.dsv'
[0.932s] INFO:colcon.colcon_core.shell:Creating package script '/root/ros2_ws/src/robotica/install/robmovil_msgs/share/robmovil_msgs/package.sh'
[0.932s] INFO:colcon.colcon_core.shell:Creating package script '/root/ros2_ws/src/robotica/install/robmovil_msgs/share/robmovil_msgs/package.bash'
[0.933s] INFO:colcon.colcon_core.shell:Creating package script '/root/ros2_ws/src/robotica/install/robmovil_msgs/share/robmovil_msgs/package.zsh'
[0.933s] Level 1:colcon.colcon_core.environment:create_file_with_runtime_dependencies(/root/ros2_ws/src/robotica/install/robmovil_msgs/share/colcon-core/packages/robmovil_msgs)
[0.933s] INFO:colcon.colcon_ros.task.ament_cmake.build:Building ROS package in '/root/ros2_ws/src/robotica/lazo_abierto' with build type 'ament_cmake'
[0.933s] INFO:colcon.colcon_cmake.task.cmake.build:Building CMake package in '/root/ros2_ws/src/robotica/lazo_abierto'
[0.934s] INFO:colcon.colcon_core.shell:Skip shell extension 'powershell' for command environment: Not usable outside of PowerShell
[0.934s] DEBUG:colcon.colcon_core.shell:Skip shell extension 'dsv' for command environment
[0.939s] INFO:colcon.colcon_ros.task.ament_cmake.build:Building ROS package in '/root/ros2_ws/src/robotica/modelo_omnidireccional' with build type 'ament_cmake'
[0.940s] INFO:colcon.colcon_cmake.task.cmake.build:Building CMake package in '/root/ros2_ws/src/robotica/modelo_omnidireccional'
[0.940s] INFO:colcon.colcon_core.shell:Skip shell extension 'powershell' for command environment: Not usable outside of PowerShell
[0.940s] DEBUG:colcon.colcon_core.shell:Skip shell extension 'dsv' for command environment
[0.950s] DEBUG:colcon.colcon_core.event_handler.log_command:Invoking command in '/root/ros2_ws/src/robotica/build/lazo_abierto': AMENT_PREFIX_PATH=/root/ros2_ws/src/robotica/install/robmovil_msgs:${AMENT_PREFIX_PATH} CMAKE_PREFIX_PATH=/root/ros2_ws/src/robotica/install/robmovil_msgs:/root/ros2_ws/install/sim_ros2_interface:/root/ros2_ws/install/modelo_omnidireccional:/root/ros2_ws/install/robmovil_msgs:/opt/ros/humble LD_LIBRARY_PATH=/root/ros2_ws/src/robotica/install/robmovil_msgs/lib:/root/ros2_ws/install/robmovil_msgs/lib:/usr/lib/x86_64-linux-gnu/gazebo-11/plugins:/opt/ros/humble/opt/rviz_ogre_vendor/lib:/opt/ros/humble/lib/x86_64-linux-gnu:/opt/ros/humble/lib:/usr/lib/x86_64-linux-gnu/gazebo-11/plugins PYTHONPATH=/root/ros2_ws/src/robotica/install/robmovil_msgs/local/lib/python3.10/dist-packages:${PYTHONPATH} /usr/bin/cmake --build /root/ros2_ws/src/robotica/build/lazo_abierto -- -j4 -l4
[0.955s] DEBUG:colcon.colcon_core.event_handler.log_command:Invoking command in '/root/ros2_ws/src/robotica/build/modelo_omnidireccional': AMENT_PREFIX_PATH=/root/ros2_ws/src/robotica/install/robmovil_msgs:${AMENT_PREFIX_PATH} CMAKE_PREFIX_PATH=/root/ros2_ws/src/robotica/install/robmovil_msgs:/root/ros2_ws/install/sim_ros2_interface:/root/ros2_ws/install/modelo_omnidireccional:/root/ros2_ws/install/robmovil_msgs:/opt/ros/humble LD_LIBRARY_PATH=/root/ros2_ws/src/robotica/install/robmovil_msgs/lib:/root/ros2_ws/install/robmovil_msgs/lib:/usr/lib/x86_64-linux-gnu/gazebo-11/plugins:/opt/ros/humble/opt/rviz_ogre_vendor/lib:/opt/ros/humble/lib/x86_64-linux-gnu:/opt/ros/humble/lib:/usr/lib/x86_64-linux-gnu/gazebo-11/plugins PYTHONPATH=/root/ros2_ws/src/robotica/install/robmovil_msgs/local/lib/python3.10/dist-packages:${PYTHONPATH} /usr/bin/cmake --build /root/ros2_ws/src/robotica/build/modelo_omnidireccional -- -j4 -l4
[1.092s] DEBUG:colcon.colcon_core.event_handler.log_command:Invoked command in '/root/ros2_ws/src/robotica/build/modelo_omnidireccional' returned '0': AMENT_PREFIX_PATH=/root/ros2_ws/src/robotica/install/robmovil_msgs:${AMENT_PREFIX_PATH} CMAKE_PREFIX_PATH=/root/ros2_ws/src/robotica/install/robmovil_msgs:/root/ros2_ws/install/sim_ros2_interface:/root/ros2_ws/install/modelo_omnidireccional:/root/ros2_ws/install/robmovil_msgs:/opt/ros/humble LD_LIBRARY_PATH=/root/ros2_ws/src/robotica/install/robmovil_msgs/lib:/root/ros2_ws/install/robmovil_msgs/lib:/usr/lib/x86_64-linux-gnu/gazebo-11/plugins:/opt/ros/humble/opt/rviz_ogre_vendor/lib:/opt/ros/humble/lib/x86_64-linux-gnu:/opt/ros/humble/lib:/usr/lib/x86_64-linux-gnu/gazebo-11/plugins PYTHONPATH=/root/ros2_ws/src/robotica/install/robmovil_msgs/local/lib/python3.10/dist-packages:${PYTHONPATH} /usr/bin/cmake --build /root/ros2_ws/src/robotica/build/modelo_omnidireccional -- -j4 -l4
[1.093s] DEBUG:colcon.colcon_core.event_handler.log_command:Invoking command in '/root/ros2_ws/src/robotica/build/modelo_omnidireccional': AMENT_PREFIX_PATH=/root/ros2_ws/src/robotica/install/robmovil_msgs:${AMENT_PREFIX_PATH} CMAKE_PREFIX_PATH=/root/ros2_ws/src/robotica/install/robmovil_msgs:/root/ros2_ws/install/sim_ros2_interface:/root/ros2_ws/install/modelo_omnidireccional:/root/ros2_ws/install/robmovil_msgs:/opt/ros/humble LD_LIBRARY_PATH=/root/ros2_ws/src/robotica/install/robmovil_msgs/lib:/root/ros2_ws/install/robmovil_msgs/lib:/usr/lib/x86_64-linux-gnu/gazebo-11/plugins:/opt/ros/humble/opt/rviz_ogre_vendor/lib:/opt/ros/humble/lib/x86_64-linux-gnu:/opt/ros/humble/lib:/usr/lib/x86_64-linux-gnu/gazebo-11/plugins PYTHONPATH=/root/ros2_ws/src/robotica/install/robmovil_msgs/local/lib/python3.10/dist-packages:${PYTHONPATH} /usr/bin/cmake --install /root/ros2_ws/src/robotica/build/modelo_omnidireccional
[1.107s] Level 1:colcon.colcon_core.environment:create_environment_scripts_only(modelo_omnidireccional)
[1.108s] Level 1:colcon.colcon_core.environment:checking '/root/ros2_ws/src/robotica/install/modelo_omnidireccional' for CMake module files
[1.108s] Level 1:colcon.colcon_core.environment:checking '/root/ros2_ws/src/robotica/install/modelo_omnidireccional' for CMake config files
[1.109s] Level 1:colcon.colcon_core.shell:create_environment_hook('modelo_omnidireccional', 'cmake_prefix_path')
[1.109s] INFO:colcon.colcon_core.shell:Creating environment hook '/root/ros2_ws/src/robotica/install/modelo_omnidireccional/share/modelo_omnidireccional/hook/cmake_prefix_path.ps1'
[1.110s] INFO:colcon.colcon_core.shell:Creating environment descriptor '/root/ros2_ws/src/robotica/install/modelo_omnidireccional/share/modelo_omnidireccional/hook/cmake_prefix_path.dsv'
[1.111s] DEBUG:colcon.colcon_core.event_handler.log_command:Invoked command in '/root/ros2_ws/src/robotica/build/modelo_omnidireccional' returned '0': AMENT_PREFIX_PATH=/root/ros2_ws/src/robotica/install/robmovil_msgs:${AMENT_PREFIX_PATH} CMAKE_PREFIX_PATH=/root/ros2_ws/src/robotica/install/robmovil_msgs:/root/ros2_ws/install/sim_ros2_interface:/root/ros2_ws/install/modelo_omnidireccional:/root/ros2_ws/install/robmovil_msgs:/opt/ros/humble LD_LIBRARY_PATH=/root/ros2_ws/src/robotica/install/robmovil_msgs/lib:/root/ros2_ws/install/robmovil_msgs/lib:/usr/lib/x86_64-linux-gnu/gazebo-11/plugins:/opt/ros/humble/opt/rviz_ogre_vendor/lib:/opt/ros/humble/lib/x86_64-linux-gnu:/opt/ros/humble/lib:/usr/lib/x86_64-linux-gnu/gazebo-11/plugins PYTHONPATH=/root/ros2_ws/src/robotica/install/robmovil_msgs/local/lib/python3.10/dist-packages:${PYTHONPATH} /usr/bin/cmake --install /root/ros2_ws/src/robotica/build/modelo_omnidireccional
[1.112s] INFO:colcon.colcon_core.shell:Creating environment hook '/root/ros2_ws/src/robotica/install/modelo_omnidireccional/share/modelo_omnidireccional/hook/cmake_prefix_path.sh'
[1.112s] Level 1:colcon.colcon_core.environment:checking '/root/ros2_ws/src/robotica/install/modelo_omnidireccional/lib'
[1.112s] Level 1:colcon.colcon_core.environment:checking '/root/ros2_ws/src/robotica/install/modelo_omnidireccional/bin'
[1.112s] Level 1:colcon.colcon_core.environment:checking '/root/ros2_ws/src/robotica/install/modelo_omnidireccional/lib/pkgconfig/modelo_omnidireccional.pc'
[1.113s] Level 1:colcon.colcon_core.environment:checking '/root/ros2_ws/src/robotica/install/modelo_omnidireccional/lib/python3.10/site-packages'
[1.113s] Level 1:colcon.colcon_core.environment:checking '/root/ros2_ws/src/robotica/install/modelo_omnidireccional/bin'
[1.114s] INFO:colcon.colcon_core.shell:Creating package script '/root/ros2_ws/src/robotica/install/modelo_omnidireccional/share/modelo_omnidireccional/package.ps1'
[1.114s] INFO:colcon.colcon_core.shell:Creating package descriptor '/root/ros2_ws/src/robotica/install/modelo_omnidireccional/share/modelo_omnidireccional/package.dsv'
[1.115s] INFO:colcon.colcon_core.shell:Creating package script '/root/ros2_ws/src/robotica/install/modelo_omnidireccional/share/modelo_omnidireccional/package.sh'
[1.115s] INFO:colcon.colcon_core.shell:Creating package script '/root/ros2_ws/src/robotica/install/modelo_omnidireccional/share/modelo_omnidireccional/package.bash'
[1.116s] INFO:colcon.colcon_core.shell:Creating package script '/root/ros2_ws/src/robotica/install/modelo_omnidireccional/share/modelo_omnidireccional/package.zsh'
[1.116s] Level 1:colcon.colcon_core.environment:create_file_with_runtime_dependencies(/root/ros2_ws/src/robotica/install/modelo_omnidireccional/share/colcon-core/packages/modelo_omnidireccional)
[1.117s] Level 1:colcon.colcon_core.environment:create_environment_scripts_only(modelo_omnidireccional)
[1.117s] Level 1:colcon.colcon_core.environment:checking '/root/ros2_ws/src/robotica/install/modelo_omnidireccional' for CMake module files
[1.118s] Level 1:colcon.colcon_core.environment:checking '/root/ros2_ws/src/robotica/install/modelo_omnidireccional' for CMake config files
[1.125s] Level 1:colcon.colcon_core.shell:create_environment_hook('modelo_omnidireccional', 'cmake_prefix_path')
[1.125s] INFO:colcon.colcon_core.shell:Creating environment hook '/root/ros2_ws/src/robotica/install/modelo_omnidireccional/share/modelo_omnidireccional/hook/cmake_prefix_path.ps1'
[1.126s] INFO:colcon.colcon_core.shell:Creating environment descriptor '/root/ros2_ws/src/robotica/install/modelo_omnidireccional/share/modelo_omnidireccional/hook/cmake_prefix_path.dsv'
[1.127s] INFO:colcon.colcon_core.shell:Creating environment hook '/root/ros2_ws/src/robotica/install/modelo_omnidireccional/share/modelo_omnidireccional/hook/cmake_prefix_path.sh'
[1.128s] Level 1:colcon.colcon_core.environment:checking '/root/ros2_ws/src/robotica/install/modelo_omnidireccional/lib'
[1.128s] Level 1:colcon.colcon_core.environment:checking '/root/ros2_ws/src/robotica/install/modelo_omnidireccional/bin'
[1.128s] Level 1:colcon.colcon_core.environment:checking '/root/ros2_ws/src/robotica/install/modelo_omnidireccional/lib/pkgconfig/modelo_omnidireccional.pc'
[1.128s] Level 1:colcon.colcon_core.environment:checking '/root/ros2_ws/src/robotica/install/modelo_omnidireccional/lib/python3.10/site-packages'
[1.129s] Level 1:colcon.colcon_core.environment:checking '/root/ros2_ws/src/robotica/install/modelo_omnidireccional/bin'
[1.129s] INFO:colcon.colcon_core.shell:Creating package script '/root/ros2_ws/src/robotica/install/modelo_omnidireccional/share/modelo_omnidireccional/package.ps1'
[1.130s] INFO:colcon.colcon_core.shell:Creating package descriptor '/root/ros2_ws/src/robotica/install/modelo_omnidireccional/share/modelo_omnidireccional/package.dsv'
[1.131s] INFO:colcon.colcon_core.shell:Creating package script '/root/ros2_ws/src/robotica/install/modelo_omnidireccional/share/modelo_omnidireccional/package.sh'
[1.131s] INFO:colcon.colcon_core.shell:Creating package script '/root/ros2_ws/src/robotica/install/modelo_omnidireccional/share/modelo_omnidireccional/package.bash'
[1.132s] INFO:colcon.colcon_core.shell:Creating package script '/root/ros2_ws/src/robotica/install/modelo_omnidireccional/share/modelo_omnidireccional/package.zsh'
[1.132s] Level 1:colcon.colcon_core.environment:create_file_with_runtime_dependencies(/root/ros2_ws/src/robotica/install/modelo_omnidireccional/share/colcon-core/packages/modelo_omnidireccional)
[10.564s] DEBUG:colcon.colcon_core.event_handler.log_command:Invoked command in '/root/ros2_ws/src/robotica/build/lazo_abierto' returned '2': AMENT_PREFIX_PATH=/root/ros2_ws/src/robotica/install/robmovil_msgs:${AMENT_PREFIX_PATH} CMAKE_PREFIX_PATH=/root/ros2_ws/src/robotica/install/robmovil_msgs:/root/ros2_ws/install/sim_ros2_interface:/root/ros2_ws/install/modelo_omnidireccional:/root/ros2_ws/install/robmovil_msgs:/opt/ros/humble LD_LIBRARY_PATH=/root/ros2_ws/src/robotica/install/robmovil_msgs/lib:/root/ros2_ws/install/robmovil_msgs/lib:/usr/lib/x86_64-linux-gnu/gazebo-11/plugins:/opt/ros/humble/opt/rviz_ogre_vendor/lib:/opt/ros/humble/lib/x86_64-linux-gnu:/opt/ros/humble/lib:/usr/lib/x86_64-linux-gnu/gazebo-11/plugins PYTHONPATH=/root/ros2_ws/src/robotica/install/robmovil_msgs/local/lib/python3.10/dist-packages:${PYTHONPATH} /usr/bin/cmake --build /root/ros2_ws/src/robotica/build/lazo_abierto -- -j4 -l4
[10.564s] Level 1:colcon.colcon_core.environment:create_environment_scripts_only(lazo_abierto)
[10.565s] Level 1:colcon.colcon_core.environment:checking '/root/ros2_ws/src/robotica/install/lazo_abierto' for CMake module files
[10.565s] Level 1:colcon.colcon_core.environment:checking '/root/ros2_ws/src/robotica/install/lazo_abierto' for CMake config files
[10.565s] Level 1:colcon.colcon_core.environment:checking '/root/ros2_ws/src/robotica/install/lazo_abierto/bin'
[10.565s] Level 1:colcon.colcon_core.environment:checking '/root/ros2_ws/src/robotica/install/lazo_abierto/lib/pkgconfig/lazo_abierto.pc'
[10.566s] Level 1:colcon.colcon_core.environment:checking '/root/ros2_ws/src/robotica/install/lazo_abierto/lib/python3.10/site-packages'
[10.566s] Level 1:colcon.colcon_core.environment:checking '/root/ros2_ws/src/robotica/install/lazo_abierto/bin'
[10.566s] INFO:colcon.colcon_core.shell:Creating package script '/root/ros2_ws/src/robotica/install/lazo_abierto/share/lazo_abierto/package.ps1'
[10.567s] INFO:colcon.colcon_core.shell:Creating package descriptor '/root/ros2_ws/src/robotica/install/lazo_abierto/share/lazo_abierto/package.dsv'
[10.567s] INFO:colcon.colcon_core.shell:Creating package script '/root/ros2_ws/src/robotica/install/lazo_abierto/share/lazo_abierto/package.sh'
[10.568s] INFO:colcon.colcon_core.shell:Creating package script '/root/ros2_ws/src/robotica/install/lazo_abierto/share/lazo_abierto/package.bash'
[10.568s] INFO:colcon.colcon_core.shell:Creating package script '/root/ros2_ws/src/robotica/install/lazo_abierto/share/lazo_abierto/package.zsh'
[10.568s] Level 1:colcon.colcon_core.environment:create_file_with_runtime_dependencies(/root/ros2_ws/src/robotica/install/lazo_abierto/share/colcon-core/packages/lazo_abierto)
[10.579s] DEBUG:colcon.colcon_parallel_executor.executor.parallel:closing loop
[10.579s] DEBUG:colcon.colcon_parallel_executor.executor.parallel:loop closed
[10.579s] DEBUG:colcon.colcon_parallel_executor.executor.parallel:run_until_complete finished with '2'
[10.579s] DEBUG:colcon.colcon_core.event_reactor:joining thread
[10.584s] INFO:colcon.colcon_core.plugin_system:Skipping extension 'colcon_notification.desktop_notification.notify_send': Could not find 'notify-send'
[10.585s] INFO:colcon.colcon_core.plugin_system:Skipping extension 'colcon_notification.desktop_notification.terminal_notifier': Not used on non-Darwin systems
[10.585s] INFO:colcon.colcon_core.plugin_system:Skipping extension 'colcon_notification.desktop_notification.win32': Not used on non-Windows systems
[10.585s] INFO:colcon.colcon_notification.desktop_notification:Sending desktop notification using 'notify2'
[10.587s] DEBUG:colcon.colcon_notification.desktop_notification.notify2:Failed to initialize notify2: org.freedesktop.DBus.Error.Spawn.ExecFailed: /usr/bin/dbus-launch terminated abnormally without any error message
[10.587s] DEBUG:colcon.colcon_core.event_reactor:joined thread
[10.588s] INFO:colcon.colcon_core.shell:Creating prefix script '/root/ros2_ws/src/robotica/install/local_setup.ps1'
[10.589s] INFO:colcon.colcon_core.shell:Creating prefix util module '/root/ros2_ws/src/robotica/install/_local_setup_util_ps1.py'
[10.592s] INFO:colcon.colcon_core.shell:Creating prefix chain script '/root/ros2_ws/src/robotica/install/setup.ps1'
[10.593s] INFO:colcon.colcon_core.shell:Creating prefix script '/root/ros2_ws/src/robotica/install/local_setup.sh'
[10.595s] INFO:colcon.colcon_core.shell:Creating prefix util module '/root/ros2_ws/src/robotica/install/_local_setup_util_sh.py'
[10.595s] INFO:colcon.colcon_core.shell:Creating prefix chain script '/root/ros2_ws/src/robotica/install/setup.sh'
[10.597s] INFO:colcon.colcon_core.shell:Creating prefix script '/root/ros2_ws/src/robotica/install/local_setup.bash'
[10.598s] INFO:colcon.colcon_core.shell:Creating prefix chain script '/root/ros2_ws/src/robotica/install/setup.bash'
[10.599s] INFO:colcon.colcon_core.shell:Creating prefix script '/root/ros2_ws/src/robotica/install/local_setup.zsh'
[10.600s] INFO:colcon.colcon_core.shell:Creating prefix chain script '/root/ros2_ws/src/robotica/install/setup.zsh'
