[0.012s] Invoking command in '/root/ros2_ws/src/robotica/build/modelo_omnidireccional': CMAKE_PREFIX_PATH=/root/ros2_ws/src/robotica/install/robmovil_msgs:/root/ros2_ws/src/robotica/install/modelo_omnidireccional:/root/ros2_ws/src/robotica/install/lazo_cerrado:/root/ros2_ws/src/robotica/install/lazo_abierto:/root/ros2_ws/install/lazo_cerrado:/root/ros2_ws/install/lazo_abierto:/root/ros2_ws/install/sim_ros2_interface:/root/ros2_ws/install/modelo_omnidireccional:/root/ros2_ws/install/robmovil_msgs:/opt/ros/humble LD_LIBRARY_PATH=/root/ros2_ws/src/robotica/install/robmovil_msgs/lib:/root/ros2_ws/src/robotica/install/lazo_abierto/lib:/root/ros2_ws/install/lazo_abierto/lib:/root/ros2_ws/install/robmovil_msgs/lib:/usr/lib/x86_64-linux-gnu/gazebo-11/plugins:/opt/ros/humble/opt/rviz_ogre_vendor/lib:/opt/ros/humble/lib/x86_64-linux-gnu:/opt/ros/humble/lib:/usr/lib/x86_64-linux-gnu/gazebo-11/plugins /usr/bin/cmake --build /root/ros2_ws/src/robotica/build/modelo_omnidireccional -- -j4 -l4
[0.092s] [100%] Built target pioneer_odometry_node
[0.111s] Invoked command in '/root/ros2_ws/src/robotica/build/modelo_omnidireccional' returned '0': CMAKE_PREFIX_PATH=/root/ros2_ws/src/robotica/install/robmovil_msgs:/root/ros2_ws/src/robotica/install/modelo_omnidireccional:/root/ros2_ws/src/robotica/install/lazo_cerrado:/root/ros2_ws/src/robotica/install/lazo_abierto:/root/ros2_ws/install/lazo_cerrado:/root/ros2_ws/install/lazo_abierto:/root/ros2_ws/install/sim_ros2_interface:/root/ros2_ws/install/modelo_omnidireccional:/root/ros2_ws/install/robmovil_msgs:/opt/ros/humble LD_LIBRARY_PATH=/root/ros2_ws/src/robotica/install/robmovil_msgs/lib:/root/ros2_ws/src/robotica/install/lazo_abierto/lib:/root/ros2_ws/install/lazo_abierto/lib:/root/ros2_ws/install/robmovil_msgs/lib:/usr/lib/x86_64-linux-gnu/gazebo-11/plugins:/opt/ros/humble/opt/rviz_ogre_vendor/lib:/opt/ros/humble/lib/x86_64-linux-gnu:/opt/ros/humble/lib:/usr/lib/x86_64-linux-gnu/gazebo-11/plugins /usr/bin/cmake --build /root/ros2_ws/src/robotica/build/modelo_omnidireccional -- -j4 -l4
[0.113s] Invoking command in '/root/ros2_ws/src/robotica/build/modelo_omnidireccional': CMAKE_PREFIX_PATH=/root/ros2_ws/src/robotica/install/robmovil_msgs:/root/ros2_ws/src/robotica/install/modelo_omnidireccional:/root/ros2_ws/src/robotica/install/lazo_cerrado:/root/ros2_ws/src/robotica/install/lazo_abierto:/root/ros2_ws/install/lazo_cerrado:/root/ros2_ws/install/lazo_abierto:/root/ros2_ws/install/sim_ros2_interface:/root/ros2_ws/install/modelo_omnidireccional:/root/ros2_ws/install/robmovil_msgs:/opt/ros/humble LD_LIBRARY_PATH=/root/ros2_ws/src/robotica/install/robmovil_msgs/lib:/root/ros2_ws/src/robotica/install/lazo_abierto/lib:/root/ros2_ws/install/lazo_abierto/lib:/root/ros2_ws/install/robmovil_msgs/lib:/usr/lib/x86_64-linux-gnu/gazebo-11/plugins:/opt/ros/humble/opt/rviz_ogre_vendor/lib:/opt/ros/humble/lib/x86_64-linux-gnu:/opt/ros/humble/lib:/usr/lib/x86_64-linux-gnu/gazebo-11/plugins /usr/bin/cmake --install /root/ros2_ws/src/robotica/build/modelo_omnidireccional
[0.119s] -- Install configuration: ""
[0.119s] -- Up-to-date: /root/ros2_ws/src/robotica/install/modelo_omnidireccional/lib/modelo_omnidireccional/pioneer_odometry_node
[0.120s] -- Up-to-date: /root/ros2_ws/src/robotica/install/modelo_omnidireccional/share/ament_index/resource_index/package_run_dependencies/modelo_omnidireccional
[0.120s] -- Up-to-date: /root/ros2_ws/src/robotica/install/modelo_omnidireccional/share/ament_index/resource_index/parent_prefix_path/modelo_omnidireccional
[0.120s] -- Up-to-date: /root/ros2_ws/src/robotica/install/modelo_omnidireccional/share/modelo_omnidireccional/environment/ament_prefix_path.sh
[0.120s] -- Up-to-date: /root/ros2_ws/src/robotica/install/modelo_omnidireccional/share/modelo_omnidireccional/environment/ament_prefix_path.dsv
[0.120s] -- Up-to-date: /root/ros2_ws/src/robotica/install/modelo_omnidireccional/share/modelo_omnidireccional/environment/path.sh
[0.120s] -- Up-to-date: /root/ros2_ws/src/robotica/install/modelo_omnidireccional/share/modelo_omnidireccional/environment/path.dsv
[0.120s] -- Up-to-date: /root/ros2_ws/src/robotica/install/modelo_omnidireccional/share/modelo_omnidireccional/local_setup.bash
[0.120s] -- Up-to-date: /root/ros2_ws/src/robotica/install/modelo_omnidireccional/share/modelo_omnidireccional/local_setup.sh
[0.120s] -- Up-to-date: /root/ros2_ws/src/robotica/install/modelo_omnidireccional/share/modelo_omnidireccional/local_setup.zsh
[0.121s] -- Up-to-date: /root/ros2_ws/src/robotica/install/modelo_omnidireccional/share/modelo_omnidireccional/local_setup.dsv
[0.121s] -- Installing: /root/ros2_ws/src/robotica/install/modelo_omnidireccional/share/modelo_omnidireccional/package.dsv
[0.121s] -- Up-to-date: /root/ros2_ws/src/robotica/install/modelo_omnidireccional/share/ament_index/resource_index/packages/modelo_omnidireccional
[0.121s] -- Up-to-date: /root/ros2_ws/src/robotica/install/modelo_omnidireccional/share/modelo_omnidireccional/cmake/modelo_omnidireccionalConfig.cmake
[0.121s] -- Up-to-date: /root/ros2_ws/src/robotica/install/modelo_omnidireccional/share/modelo_omnidireccional/cmake/modelo_omnidireccionalConfig-version.cmake
[0.121s] -- Up-to-date: /root/ros2_ws/src/robotica/install/modelo_omnidireccional/share/modelo_omnidireccional/package.xml
[0.125s] Invoked command in '/root/ros2_ws/src/robotica/build/modelo_omnidireccional' returned '0': CMAKE_PREFIX_PATH=/root/ros2_ws/src/robotica/install/robmovil_msgs:/root/ros2_ws/src/robotica/install/modelo_omnidireccional:/root/ros2_ws/src/robotica/install/lazo_cerrado:/root/ros2_ws/src/robotica/install/lazo_abierto:/root/ros2_ws/install/lazo_cerrado:/root/ros2_ws/install/lazo_abierto:/root/ros2_ws/install/sim_ros2_interface:/root/ros2_ws/install/modelo_omnidireccional:/root/ros2_ws/install/robmovil_msgs:/opt/ros/humble LD_LIBRARY_PATH=/root/ros2_ws/src/robotica/install/robmovil_msgs/lib:/root/ros2_ws/src/robotica/install/lazo_abierto/lib:/root/ros2_ws/install/lazo_abierto/lib:/root/ros2_ws/install/robmovil_msgs/lib:/usr/lib/x86_64-linux-gnu/gazebo-11/plugins:/opt/ros/humble/opt/rviz_ogre_vendor/lib:/opt/ros/humble/lib/x86_64-linux-gnu:/opt/ros/humble/lib:/usr/lib/x86_64-linux-gnu/gazebo-11/plugins /usr/bin/cmake --install /root/ros2_ws/src/robotica/build/modelo_omnidireccional
