[0.034s] Invoking command in '/root/ros2_ws/src/robotica/build/robmovil_msgs': CMAKE_PREFIX_PATH=${CMAKE_PREFIX_PATH}:/opt/ros/humble /usr/bin/cmake /root/ros2_ws/src/robotica/robmovil_msgs -DCMAKE_INSTALL_PREFIX=/root/ros2_ws/src/robotica/install/robmovil_msgs
[0.091s] -- The C compiler identification is GNU 11.4.0
[0.148s] -- The CXX compiler identification is GNU 11.4.0
[0.154s] -- Detecting C compiler ABI info
[0.225s] -- Detecting C compiler ABI info - done
[0.232s] -- Check for working C compiler: /usr/bin/cc - skipped
[0.232s] -- Detecting C compile features
[0.232s] -- Detecting C compile features - done
[0.235s] -- Detecting CXX compiler ABI info
[0.325s] -- Detecting CXX compiler ABI info - done
[0.335s] -- Check for working CXX compiler: /usr/bin/c++ - skipped
[0.335s] -- Detecting CXX compile features
[0.336s] -- Detecting CXX compile features - done
[0.353s] -- Found rosidl_default_generators: 1.2.0 (/opt/ros/humble/share/rosidl_default_generators/cmake)
[0.357s] -- Found ament_cmake_core: 1.3.12 (/opt/ros/humble/share/ament_cmake_core/cmake)
[0.509s] -- Found Python3: /usr/bin/python3 (found version "3.10.12") found components: Interpreter 
[0.583s] -- Using all available rosidl_typesupport_c: rosidl_typesupport_fastrtps_c;rosidl_typesupport_introspection_c
[0.602s] -- Found rosidl_adapter: 3.1.7 (/opt/ros/humble/share/rosidl_adapter/cmake)
[0.787s] -- Using all available rosidl_typesupport_cpp: rosidl_typesupport_fastrtps_cpp;rosidl_typesupport_introspection_cpp
[0.859s] -- Found geometry_msgs: 4.9.0 (/opt/ros/humble/share/geometry_msgs/cmake)
[1.281s] -- Found ament_cmake_ros: 0.10.0 (/opt/ros/humble/share/ament_cmake_ros/cmake)
[1.547s] -- Using all available rosidl_typesupport_c: rosidl_typesupport_fastrtps_c;rosidl_typesupport_introspection_c
[1.879s] -- Using all available rosidl_typesupport_cpp: rosidl_typesupport_fastrtps_cpp;rosidl_typesupport_introspection_cpp
[1.902s] -- Found PythonInterp: /usr/bin/python3 (found suitable version "3.10.12", minimum required is "3.6") 
[1.905s] -- Found python_cmake_module: 0.10.0 (/opt/ros/humble/share/python_cmake_module/cmake)
[1.936s] -- Found PythonLibs: /usr/lib/x86_64-linux-gnu/libpython3.10.so (found suitable version "3.10.12", minimum required is "3.5") 
[1.936s] -- Using PYTHON_EXECUTABLE: /usr/bin/python3
[1.936s] -- Using PYTHON_INCLUDE_DIRS: /usr/include/python3.10
[1.937s] -- Using PYTHON_LIBRARIES: /usr/lib/x86_64-linux-gnu/libpython3.10.so
[1.961s] -- Found PythonExtra: .so  
[2.027s] -- Configuring done
[2.080s] -- Generating done
[2.098s] -- Build files have been written to: /root/ros2_ws/src/robotica/build/robmovil_msgs
[2.108s] Invoked command in '/root/ros2_ws/src/robotica/build/robmovil_msgs' returned '0': CMAKE_PREFIX_PATH=${CMAKE_PREFIX_PATH}:/opt/ros/humble /usr/bin/cmake /root/ros2_ws/src/robotica/robmovil_msgs -DCMAKE_INSTALL_PREFIX=/root/ros2_ws/src/robotica/install/robmovil_msgs
[2.110s] Invoking command in '/root/ros2_ws/src/robotica/build/robmovil_msgs': CMAKE_PREFIX_PATH=${CMAKE_PREFIX_PATH}:/opt/ros/humble /usr/bin/cmake --build /root/ros2_ws/src/robotica/build/robmovil_msgs -- -j4 -l4
[2.166s] [  1%] [34m[1mGenerating C code for ROS interfaces[0m
[2.177s] [  2%] [34m[1mGenerating C++ code for ROS interfaces[0m
[2.192s] [  2%] Built target ament_cmake_python_copy_robmovil_msgs
[2.575s] running egg_info
[2.575s] creating robmovil_msgs.egg-info
[2.575s] writing robmovil_msgs.egg-info/PKG-INFO
[2.576s] writing dependency_links to robmovil_msgs.egg-info/dependency_links.txt
[2.576s] writing top-level names to robmovil_msgs.egg-info/top_level.txt
[2.576s] writing manifest file 'robmovil_msgs.egg-info/SOURCES.txt'
[2.578s] reading manifest file 'robmovil_msgs.egg-info/SOURCES.txt'
[2.578s] writing manifest file 'robmovil_msgs.egg-info/SOURCES.txt'
[2.625s] [  2%] Built target ament_cmake_python_build_robmovil_msgs_egg
[3.052s] [  2%] Built target robmovil_msgs__cpp
[3.066s] [  4%] [34m[1mGenerating C++ type support dispatch for ROS interfaces[0m
[3.073s] [  5%] [34m[1mGenerating C++ type support for eProsima Fast-RTPS[0m
[3.079s] [  7%] [34m[1mGenerating C++ introspection for ROS interfaces[0m
[3.314s] [  8%] [32mBuilding C object CMakeFiles/robmovil_msgs__rosidl_generator_c.dir/rosidl_generator_c/robmovil_msgs/msg/detail/encoder_ticks__functions.c.o[0m
[3.394s] [  9%] [32mBuilding C object CMakeFiles/robmovil_msgs__rosidl_generator_c.dir/rosidl_generator_c/robmovil_msgs/msg/detail/multi_encoder_ticks__functions.c.o[0m
[3.464s] [ 11%] [32mBuilding C object CMakeFiles/robmovil_msgs__rosidl_generator_c.dir/rosidl_generator_c/robmovil_msgs/msg/detail/trajectory__functions.c.o[0m
[3.535s] [ 12%] [32mBuilding C object CMakeFiles/robmovil_msgs__rosidl_generator_c.dir/rosidl_generator_c/robmovil_msgs/msg/detail/trajectory_point__functions.c.o[0m
[3.604s] [ 14%] [32mBuilding C object CMakeFiles/robmovil_msgs__rosidl_generator_c.dir/rosidl_generator_c/robmovil_msgs/msg/detail/landmark__functions.c.o[0m
[3.670s] [ 15%] [32mBuilding C object CMakeFiles/robmovil_msgs__rosidl_generator_c.dir/rosidl_generator_c/robmovil_msgs/msg/detail/landmark_array__functions.c.o[0m
[3.725s] [ 16%] [32mBuilding CXX object CMakeFiles/robmovil_msgs__rosidl_typesupport_cpp.dir/rosidl_typesupport_cpp/robmovil_msgs/msg/encoder_ticks__type_support.cpp.o[0m
[3.732s] [ 18%] [32m[1mLinking C shared library librobmovil_msgs__rosidl_generator_c.so[0m
[3.785s] [ 18%] Built target robmovil_msgs__rosidl_generator_c
[3.803s] [ 19%] [32mBuilding CXX object CMakeFiles/robmovil_msgs__rosidl_typesupport_cpp.dir/rosidl_typesupport_cpp/robmovil_msgs/msg/multi_encoder_ticks__type_support.cpp.o[0m
[4.176s] [ 21%] [34m[1mGenerating C type support for eProsima Fast-RTPS[0m
[4.208s] [ 22%] [32mBuilding CXX object CMakeFiles/robmovil_msgs__rosidl_typesupport_fastrtps_cpp.dir/rosidl_typesupport_fastrtps_cpp/robmovil_msgs/msg/detail/dds_fastrtps/encoder_ticks__type_support.cpp.o[0m
[4.235s] [ 23%] [32mBuilding CXX object CMakeFiles/robmovil_msgs__rosidl_typesupport_introspection_cpp.dir/rosidl_typesupport_introspection_cpp/robmovil_msgs/msg/detail/encoder_ticks__type_support.cpp.o[0m
[4.288s] [ 25%] [32mBuilding CXX object CMakeFiles/robmovil_msgs__rosidl_typesupport_cpp.dir/rosidl_typesupport_cpp/robmovil_msgs/msg/trajectory__type_support.cpp.o[0m
[4.796s] [ 26%] [32mBuilding CXX object CMakeFiles/robmovil_msgs__rosidl_typesupport_cpp.dir/rosidl_typesupport_cpp/robmovil_msgs/msg/trajectory_point__type_support.cpp.o[0m
[4.836s] [ 28%] [32mBuilding CXX object CMakeFiles/robmovil_msgs__rosidl_typesupport_introspection_cpp.dir/rosidl_typesupport_introspection_cpp/robmovil_msgs/msg/detail/multi_encoder_ticks__type_support.cpp.o[0m
[4.919s] [ 29%] [32mBuilding CXX object CMakeFiles/robmovil_msgs__rosidl_typesupport_fastrtps_cpp.dir/rosidl_typesupport_fastrtps_cpp/robmovil_msgs/msg/detail/dds_fastrtps/multi_encoder_ticks__type_support.cpp.o[0m
[5.099s] [ 30%] [32mBuilding CXX object CMakeFiles/robmovil_msgs__rosidl_typesupport_fastrtps_c.dir/rosidl_typesupport_fastrtps_c/robmovil_msgs/msg/detail/encoder_ticks__type_support_c.cpp.o[0m
[5.304s] [ 32%] [32mBuilding CXX object CMakeFiles/robmovil_msgs__rosidl_typesupport_cpp.dir/rosidl_typesupport_cpp/robmovil_msgs/msg/landmark__type_support.cpp.o[0m
[5.542s] [ 33%] [32mBuilding CXX object CMakeFiles/robmovil_msgs__rosidl_typesupport_fastrtps_c.dir/rosidl_typesupport_fastrtps_c/robmovil_msgs/msg/detail/multi_encoder_ticks__type_support_c.cpp.o[0m
[5.625s] [ 35%] [32mBuilding CXX object CMakeFiles/robmovil_msgs__rosidl_typesupport_introspection_cpp.dir/rosidl_typesupport_introspection_cpp/robmovil_msgs/msg/detail/trajectory__type_support.cpp.o[0m
[5.896s] [ 36%] [32mBuilding CXX object CMakeFiles/robmovil_msgs__rosidl_typesupport_cpp.dir/rosidl_typesupport_cpp/robmovil_msgs/msg/landmark_array__type_support.cpp.o[0m
[5.948s] [ 38%] [32mBuilding CXX object CMakeFiles/robmovil_msgs__rosidl_typesupport_fastrtps_cpp.dir/rosidl_typesupport_fastrtps_cpp/robmovil_msgs/msg/detail/dds_fastrtps/trajectory__type_support.cpp.o[0m
[6.025s] [ 39%] [32mBuilding CXX object CMakeFiles/robmovil_msgs__rosidl_typesupport_fastrtps_c.dir/rosidl_typesupport_fastrtps_c/robmovil_msgs/msg/detail/trajectory__type_support_c.cpp.o[0m
[6.386s] [ 40%] [32mBuilding CXX object CMakeFiles/robmovil_msgs__rosidl_typesupport_introspection_cpp.dir/rosidl_typesupport_introspection_cpp/robmovil_msgs/msg/detail/trajectory_point__type_support.cpp.o[0m
[6.462s] [ 42%] [32m[1mLinking CXX shared library librobmovil_msgs__rosidl_typesupport_cpp.so[0m
[6.542s] [ 42%] Built target robmovil_msgs__rosidl_typesupport_cpp
[6.555s] [ 43%] [32mBuilding CXX object CMakeFiles/robmovil_msgs__rosidl_typesupport_fastrtps_c.dir/rosidl_typesupport_fastrtps_c/robmovil_msgs/msg/detail/trajectory_point__type_support_c.cpp.o[0m
[6.562s] [ 45%] [32mBuilding CXX object CMakeFiles/robmovil_msgs__rosidl_typesupport_introspection_cpp.dir/rosidl_typesupport_introspection_cpp/robmovil_msgs/msg/detail/landmark__type_support.cpp.o[0m
[6.693s] [ 46%] [32mBuilding CXX object CMakeFiles/robmovil_msgs__rosidl_typesupport_fastrtps_cpp.dir/rosidl_typesupport_fastrtps_cpp/robmovil_msgs/msg/detail/dds_fastrtps/trajectory_point__type_support.cpp.o[0m
[7.058s] [ 47%] [32mBuilding CXX object CMakeFiles/robmovil_msgs__rosidl_typesupport_fastrtps_c.dir/rosidl_typesupport_fastrtps_c/robmovil_msgs/msg/detail/landmark__type_support_c.cpp.o[0m
[7.119s] [ 49%] [34m[1mGenerating C introspection for ROS interfaces[0m
[7.191s] [ 50%] [32mBuilding CXX object CMakeFiles/robmovil_msgs__rosidl_typesupport_introspection_cpp.dir/rosidl_typesupport_introspection_cpp/robmovil_msgs/msg/detail/landmark_array__type_support.cpp.o[0m
[7.351s] [ 52%] [32mBuilding CXX object CMakeFiles/robmovil_msgs__rosidl_typesupport_fastrtps_cpp.dir/rosidl_typesupport_fastrtps_cpp/robmovil_msgs/msg/detail/dds_fastrtps/landmark__type_support.cpp.o[0m
[7.673s] [ 53%] [32mBuilding CXX object CMakeFiles/robmovil_msgs__rosidl_typesupport_fastrtps_c.dir/rosidl_typesupport_fastrtps_c/robmovil_msgs/msg/detail/landmark_array__type_support_c.cpp.o[0m
[7.877s] [ 54%] [32m[1mLinking CXX shared library librobmovil_msgs__rosidl_typesupport_introspection_cpp.so[0m
[7.985s] [ 56%] [32mBuilding CXX object CMakeFiles/robmovil_msgs__rosidl_typesupport_fastrtps_cpp.dir/rosidl_typesupport_fastrtps_cpp/robmovil_msgs/msg/detail/dds_fastrtps/landmark_array__type_support.cpp.o[0m
[7.995s] [ 56%] Built target robmovil_msgs__rosidl_typesupport_introspection_cpp
[8.018s] [ 57%] [34m[1mGenerating C type support dispatch for ROS interfaces[0m
[8.111s] [ 59%] [32mBuilding C object CMakeFiles/robmovil_msgs__rosidl_typesupport_introspection_c.dir/rosidl_typesupport_introspection_c/robmovil_msgs/msg/detail/encoder_ticks__type_support.c.o[0m
[8.165s] [ 60%] [32mBuilding C object CMakeFiles/robmovil_msgs__rosidl_typesupport_introspection_c.dir/rosidl_typesupport_introspection_c/robmovil_msgs/msg/detail/multi_encoder_ticks__type_support.c.o[0m
[8.226s] [ 61%] [32mBuilding C object CMakeFiles/robmovil_msgs__rosidl_typesupport_introspection_c.dir/rosidl_typesupport_introspection_c/robmovil_msgs/msg/detail/trajectory__type_support.c.o[0m
[8.291s] [ 63%] [32mBuilding C object CMakeFiles/robmovil_msgs__rosidl_typesupport_introspection_c.dir/rosidl_typesupport_introspection_c/robmovil_msgs/msg/detail/trajectory_point__type_support.c.o[0m
[8.355s] [ 64%] [32mBuilding C object CMakeFiles/robmovil_msgs__rosidl_typesupport_introspection_c.dir/rosidl_typesupport_introspection_c/robmovil_msgs/msg/detail/landmark__type_support.c.o[0m
[8.361s] [ 66%] [32m[1mLinking CXX shared library librobmovil_msgs__rosidl_typesupport_fastrtps_c.so[0m
[8.414s] [ 67%] [32mBuilding C object CMakeFiles/robmovil_msgs__rosidl_typesupport_introspection_c.dir/rosidl_typesupport_introspection_c/robmovil_msgs/msg/detail/landmark_array__type_support.c.o[0m
[8.476s] [ 69%] [32m[1mLinking C shared library librobmovil_msgs__rosidl_typesupport_introspection_c.so[0m
[8.488s] [ 69%] Built target robmovil_msgs__rosidl_typesupport_fastrtps_c
[8.527s] [ 69%] Built target robmovil_msgs__rosidl_typesupport_introspection_c
[8.636s] [ 70%] [32mBuilding CXX object CMakeFiles/robmovil_msgs__rosidl_typesupport_c.dir/rosidl_typesupport_c/robmovil_msgs/msg/encoder_ticks__type_support.cpp.o[0m
[8.637s] [ 71%] [32mBuilding CXX object CMakeFiles/robmovil_msgs__rosidl_typesupport_c.dir/rosidl_typesupport_c/robmovil_msgs/msg/trajectory__type_support.cpp.o[0m
[8.644s] [ 73%] [32mBuilding CXX object CMakeFiles/robmovil_msgs__rosidl_typesupport_c.dir/rosidl_typesupport_c/robmovil_msgs/msg/multi_encoder_ticks__type_support.cpp.o[0m
[8.665s] [ 74%] [32m[1mLinking CXX shared library librobmovil_msgs__rosidl_typesupport_fastrtps_cpp.so[0m
[8.683s] [ 76%] [32mBuilding CXX object CMakeFiles/robmovil_msgs__rosidl_typesupport_c.dir/rosidl_typesupport_c/robmovil_msgs/msg/trajectory_point__type_support.cpp.o[0m
[8.687s] [ 77%] [32mBuilding CXX object CMakeFiles/robmovil_msgs__rosidl_typesupport_c.dir/rosidl_typesupport_c/robmovil_msgs/msg/landmark__type_support.cpp.o[0m
[8.698s] [ 78%] [32mBuilding CXX object CMakeFiles/robmovil_msgs__rosidl_typesupport_c.dir/rosidl_typesupport_c/robmovil_msgs/msg/landmark_array__type_support.cpp.o[0m
[8.739s] [ 80%] [32m[1mLinking CXX shared library librobmovil_msgs__rosidl_typesupport_c.so[0m
[8.764s] [ 80%] Built target robmovil_msgs__rosidl_typesupport_fastrtps_cpp
[8.791s] [ 80%] Built target robmovil_msgs__rosidl_typesupport_c
[8.811s] [ 80%] Built target robmovil_msgs
[8.834s] [ 81%] [34m[1mGenerating Python code for ROS interfaces[0m
[9.694s] [ 81%] Built target robmovil_msgs__py
[9.717s] [ 84%] [32mBuilding C object CMakeFiles/robmovil_msgs__rosidl_generator_py.dir/rosidl_generator_py/robmovil_msgs/msg/_multi_encoder_ticks_s.c.o[0m
[9.718s] [ 84%] [32mBuilding C object CMakeFiles/robmovil_msgs__rosidl_generator_py.dir/rosidl_generator_py/robmovil_msgs/msg/_encoder_ticks_s.c.o[0m
[9.718s] [ 87%] [32mBuilding C object CMakeFiles/robmovil_msgs__rosidl_generator_py.dir/rosidl_generator_py/robmovil_msgs/msg/_trajectory_s.c.o[0m
[9.718s] [ 87%] [32mBuilding C object CMakeFiles/robmovil_msgs__rosidl_generator_py.dir/rosidl_generator_py/robmovil_msgs/msg/_trajectory_point_s.c.o[0m
[9.890s] [ 88%] [32mBuilding C object CMakeFiles/robmovil_msgs__rosidl_generator_py.dir/rosidl_generator_py/robmovil_msgs/msg/_landmark_s.c.o[0m
[9.892s] [ 90%] [32mBuilding C object CMakeFiles/robmovil_msgs__rosidl_generator_py.dir/rosidl_generator_py/robmovil_msgs/msg/_landmark_array_s.c.o[0m
[10.000s] [ 91%] [32m[1mLinking C shared library rosidl_generator_py/robmovil_msgs/librobmovil_msgs__rosidl_generator_py.so[0m
[10.047s] [ 91%] Built target robmovil_msgs__rosidl_generator_py
[10.073s] [ 92%] [32mBuilding C object CMakeFiles/robmovil_msgs__rosidl_typesupport_c__pyext.dir/rosidl_generator_py/robmovil_msgs/_robmovil_msgs_s.ep.rosidl_typesupport_c.c.o[0m
[10.075s] [ 94%] [32mBuilding C object CMakeFiles/robmovil_msgs__rosidl_typesupport_fastrtps_c__pyext.dir/rosidl_generator_py/robmovil_msgs/_robmovil_msgs_s.ep.rosidl_typesupport_fastrtps_c.c.o[0m
[10.075s] [ 95%] [32mBuilding C object CMakeFiles/robmovil_msgs__rosidl_typesupport_introspection_c__pyext.dir/rosidl_generator_py/robmovil_msgs/_robmovil_msgs_s.ep.rosidl_typesupport_introspection_c.c.o[0m
[10.227s] [ 97%] [32m[1mLinking C shared library rosidl_generator_py/robmovil_msgs/robmovil_msgs_s__rosidl_typesupport_introspection_c.cpython-310-x86_64-linux-gnu.so[0m
[10.227s] [ 98%] [32m[1mLinking C shared library rosidl_generator_py/robmovil_msgs/robmovil_msgs_s__rosidl_typesupport_fastrtps_c.cpython-310-x86_64-linux-gnu.so[0m
[10.238s] [100%] [32m[1mLinking C shared library rosidl_generator_py/robmovil_msgs/robmovil_msgs_s__rosidl_typesupport_c.cpython-310-x86_64-linux-gnu.so[0m
[10.287s] [100%] Built target robmovil_msgs__rosidl_typesupport_introspection_c__pyext
[10.287s] [100%] Built target robmovil_msgs__rosidl_typesupport_c__pyext
[10.289s] [100%] Built target robmovil_msgs__rosidl_typesupport_fastrtps_c__pyext
[10.302s] Invoked command in '/root/ros2_ws/src/robotica/build/robmovil_msgs' returned '0': CMAKE_PREFIX_PATH=${CMAKE_PREFIX_PATH}:/opt/ros/humble /usr/bin/cmake --build /root/ros2_ws/src/robotica/build/robmovil_msgs -- -j4 -l4
[10.312s] Invoking command in '/root/ros2_ws/src/robotica/build/robmovil_msgs': CMAKE_PREFIX_PATH=${CMAKE_PREFIX_PATH}:/opt/ros/humble /usr/bin/cmake --install /root/ros2_ws/src/robotica/build/robmovil_msgs
[10.319s] -- Install configuration: ""
[10.319s] -- Installing: /root/ros2_ws/src/robotica/install/robmovil_msgs/share/ament_index/resource_index/rosidl_interfaces/robmovil_msgs
[10.319s] -- Installing: /root/ros2_ws/src/robotica/install/robmovil_msgs/include/robmovil_msgs/robmovil_msgs
[10.320s] -- Installing: /root/ros2_ws/src/robotica/install/robmovil_msgs/include/robmovil_msgs/robmovil_msgs/msg
[10.320s] -- Installing: /root/ros2_ws/src/robotica/install/robmovil_msgs/include/robmovil_msgs/robmovil_msgs/msg/landmark.h
[10.320s] -- Installing: /root/ros2_ws/src/robotica/install/robmovil_msgs/include/robmovil_msgs/robmovil_msgs/msg/detail
[10.320s] -- Installing: /root/ros2_ws/src/robotica/install/robmovil_msgs/include/robmovil_msgs/robmovil_msgs/msg/detail/encoder_ticks__struct.h
[10.320s] -- Installing: /root/ros2_ws/src/robotica/install/robmovil_msgs/include/robmovil_msgs/robmovil_msgs/msg/detail/multi_encoder_ticks__struct.h
[10.320s] -- Installing: /root/ros2_ws/src/robotica/install/robmovil_msgs/include/robmovil_msgs/robmovil_msgs/msg/detail/encoder_ticks__type_support.h
[10.320s] -- Installing: /root/ros2_ws/src/robotica/install/robmovil_msgs/include/robmovil_msgs/robmovil_msgs/msg/detail/trajectory_point__functions.c
[10.321s] -- Installing: /root/ros2_ws/src/robotica/install/robmovil_msgs/include/robmovil_msgs/robmovil_msgs/msg/detail/landmark__type_support.h
[10.321s] -- Installing: /root/ros2_ws/src/robotica/install/robmovil_msgs/include/robmovil_msgs/robmovil_msgs/msg/detail/multi_encoder_ticks__type_support.h
[10.321s] -- Installing: /root/ros2_ws/src/robotica/install/robmovil_msgs/include/robmovil_msgs/robmovil_msgs/msg/detail/landmark_array__functions.c
[10.321s] -- Installing: /root/ros2_ws/src/robotica/install/robmovil_msgs/include/robmovil_msgs/robmovil_msgs/msg/detail/landmark__functions.h
[10.321s] -- Installing: /root/ros2_ws/src/robotica/install/robmovil_msgs/include/robmovil_msgs/robmovil_msgs/msg/detail/trajectory_point__functions.h
[10.321s] -- Installing: /root/ros2_ws/src/robotica/install/robmovil_msgs/include/robmovil_msgs/robmovil_msgs/msg/detail/multi_encoder_ticks__functions.c
[10.322s] -- Installing: /root/ros2_ws/src/robotica/install/robmovil_msgs/include/robmovil_msgs/robmovil_msgs/msg/detail/trajectory__functions.h
[10.322s] -- Installing: /root/ros2_ws/src/robotica/install/robmovil_msgs/include/robmovil_msgs/robmovil_msgs/msg/detail/landmark__struct.h
[10.322s] -- Installing: /root/ros2_ws/src/robotica/install/robmovil_msgs/include/robmovil_msgs/robmovil_msgs/msg/detail/trajectory__functions.c
[10.322s] -- Installing: /root/ros2_ws/src/robotica/install/robmovil_msgs/include/robmovil_msgs/robmovil_msgs/msg/detail/multi_encoder_ticks__functions.h
[10.322s] -- Installing: /root/ros2_ws/src/robotica/install/robmovil_msgs/include/robmovil_msgs/robmovil_msgs/msg/detail/trajectory_point__type_support.h
[10.322s] -- Installing: /root/ros2_ws/src/robotica/install/robmovil_msgs/include/robmovil_msgs/robmovil_msgs/msg/detail/landmark_array__functions.h
[10.322s] -- Installing: /root/ros2_ws/src/robotica/install/robmovil_msgs/include/robmovil_msgs/robmovil_msgs/msg/detail/landmark_array__type_support.h
[10.322s] -- Installing: /root/ros2_ws/src/robotica/install/robmovil_msgs/include/robmovil_msgs/robmovil_msgs/msg/detail/encoder_ticks__functions.c
[10.323s] -- Installing: /root/ros2_ws/src/robotica/install/robmovil_msgs/include/robmovil_msgs/robmovil_msgs/msg/detail/trajectory_point__struct.h
[10.323s] -- Installing: /root/ros2_ws/src/robotica/install/robmovil_msgs/include/robmovil_msgs/robmovil_msgs/msg/detail/encoder_ticks__functions.h
[10.323s] -- Installing: /root/ros2_ws/src/robotica/install/robmovil_msgs/include/robmovil_msgs/robmovil_msgs/msg/detail/landmark_array__struct.h
[10.323s] -- Installing: /root/ros2_ws/src/robotica/install/robmovil_msgs/include/robmovil_msgs/robmovil_msgs/msg/detail/trajectory__struct.h
[10.323s] -- Installing: /root/ros2_ws/src/robotica/install/robmovil_msgs/include/robmovil_msgs/robmovil_msgs/msg/detail/trajectory__type_support.h
[10.323s] -- Installing: /root/ros2_ws/src/robotica/install/robmovil_msgs/include/robmovil_msgs/robmovil_msgs/msg/detail/landmark__functions.c
[10.324s] -- Installing: /root/ros2_ws/src/robotica/install/robmovil_msgs/include/robmovil_msgs/robmovil_msgs/msg/trajectory_point.h
[10.324s] -- Installing: /root/ros2_ws/src/robotica/install/robmovil_msgs/include/robmovil_msgs/robmovil_msgs/msg/multi_encoder_ticks.h
[10.324s] -- Installing: /root/ros2_ws/src/robotica/install/robmovil_msgs/include/robmovil_msgs/robmovil_msgs/msg/landmark_array.h
[10.324s] -- Installing: /root/ros2_ws/src/robotica/install/robmovil_msgs/include/robmovil_msgs/robmovil_msgs/msg/rosidl_generator_c__visibility_control.h
[10.324s] -- Installing: /root/ros2_ws/src/robotica/install/robmovil_msgs/include/robmovil_msgs/robmovil_msgs/msg/trajectory.h
[10.324s] -- Installing: /root/ros2_ws/src/robotica/install/robmovil_msgs/include/robmovil_msgs/robmovil_msgs/msg/encoder_ticks.h
[10.325s] -- Installing: /root/ros2_ws/src/robotica/install/robmovil_msgs/share/robmovil_msgs/environment/library_path.sh
[10.325s] -- Installing: /root/ros2_ws/src/robotica/install/robmovil_msgs/share/robmovil_msgs/environment/library_path.dsv
[10.325s] -- Installing: /root/ros2_ws/src/robotica/install/robmovil_msgs/lib/librobmovil_msgs__rosidl_generator_c.so
[10.325s] -- Set runtime path of "/root/ros2_ws/src/robotica/install/robmovil_msgs/lib/librobmovil_msgs__rosidl_generator_c.so" to ""
[10.326s] -- Up-to-date: /root/ros2_ws/src/robotica/install/robmovil_msgs/include/robmovil_msgs/robmovil_msgs
[10.326s] -- Up-to-date: /root/ros2_ws/src/robotica/install/robmovil_msgs/include/robmovil_msgs/robmovil_msgs/msg
[10.326s] -- Installing: /root/ros2_ws/src/robotica/install/robmovil_msgs/include/robmovil_msgs/robmovil_msgs/msg/rosidl_typesupport_fastrtps_c__visibility_control.h
[10.326s] -- Up-to-date: /root/ros2_ws/src/robotica/install/robmovil_msgs/include/robmovil_msgs/robmovil_msgs/msg/detail
[10.326s] -- Installing: /root/ros2_ws/src/robotica/install/robmovil_msgs/include/robmovil_msgs/robmovil_msgs/msg/detail/trajectory_point__rosidl_typesupport_fastrtps_c.h
[10.326s] -- Installing: /root/ros2_ws/src/robotica/install/robmovil_msgs/include/robmovil_msgs/robmovil_msgs/msg/detail/encoder_ticks__rosidl_typesupport_fastrtps_c.h
[10.326s] -- Installing: /root/ros2_ws/src/robotica/install/robmovil_msgs/include/robmovil_msgs/robmovil_msgs/msg/detail/landmark_array__rosidl_typesupport_fastrtps_c.h
[10.326s] -- Installing: /root/ros2_ws/src/robotica/install/robmovil_msgs/include/robmovil_msgs/robmovil_msgs/msg/detail/landmark__rosidl_typesupport_fastrtps_c.h
[10.326s] -- Installing: /root/ros2_ws/src/robotica/install/robmovil_msgs/include/robmovil_msgs/robmovil_msgs/msg/detail/trajectory__rosidl_typesupport_fastrtps_c.h
[10.326s] -- Installing: /root/ros2_ws/src/robotica/install/robmovil_msgs/include/robmovil_msgs/robmovil_msgs/msg/detail/multi_encoder_ticks__rosidl_typesupport_fastrtps_c.h
[10.327s] -- Installing: /root/ros2_ws/src/robotica/install/robmovil_msgs/lib/librobmovil_msgs__rosidl_typesupport_fastrtps_c.so
[10.327s] -- Set runtime path of "/root/ros2_ws/src/robotica/install/robmovil_msgs/lib/librobmovil_msgs__rosidl_typesupport_fastrtps_c.so" to ""
[10.327s] -- Up-to-date: /root/ros2_ws/src/robotica/install/robmovil_msgs/include/robmovil_msgs/robmovil_msgs
[10.327s] -- Up-to-date: /root/ros2_ws/src/robotica/install/robmovil_msgs/include/robmovil_msgs/robmovil_msgs/msg
[10.327s] -- Up-to-date: /root/ros2_ws/src/robotica/install/robmovil_msgs/include/robmovil_msgs/robmovil_msgs/msg/detail
[10.327s] -- Installing: /root/ros2_ws/src/robotica/install/robmovil_msgs/include/robmovil_msgs/robmovil_msgs/msg/detail/encoder_ticks__type_support.c
[10.328s] -- Installing: /root/ros2_ws/src/robotica/install/robmovil_msgs/include/robmovil_msgs/robmovil_msgs/msg/detail/trajectory__rosidl_typesupport_introspection_c.h
[10.328s] -- Installing: /root/ros2_ws/src/robotica/install/robmovil_msgs/include/robmovil_msgs/robmovil_msgs/msg/detail/trajectory_point__type_support.c
[10.328s] -- Installing: /root/ros2_ws/src/robotica/install/robmovil_msgs/include/robmovil_msgs/robmovil_msgs/msg/detail/landmark__rosidl_typesupport_introspection_c.h
[10.328s] -- Installing: /root/ros2_ws/src/robotica/install/robmovil_msgs/include/robmovil_msgs/robmovil_msgs/msg/detail/landmark_array__type_support.c
[10.328s] -- Installing: /root/ros2_ws/src/robotica/install/robmovil_msgs/include/robmovil_msgs/robmovil_msgs/msg/detail/landmark_array__rosidl_typesupport_introspection_c.h
[10.328s] -- Installing: /root/ros2_ws/src/robotica/install/robmovil_msgs/include/robmovil_msgs/robmovil_msgs/msg/detail/multi_encoder_ticks__rosidl_typesupport_introspection_c.h
[10.329s] -- Installing: /root/ros2_ws/src/robotica/install/robmovil_msgs/include/robmovil_msgs/robmovil_msgs/msg/detail/encoder_ticks__rosidl_typesupport_introspection_c.h
[10.329s] -- Installing: /root/ros2_ws/src/robotica/install/robmovil_msgs/include/robmovil_msgs/robmovil_msgs/msg/detail/landmark__type_support.c
[10.329s] -- Installing: /root/ros2_ws/src/robotica/install/robmovil_msgs/include/robmovil_msgs/robmovil_msgs/msg/detail/multi_encoder_ticks__type_support.c
[10.329s] -- Installing: /root/ros2_ws/src/robotica/install/robmovil_msgs/include/robmovil_msgs/robmovil_msgs/msg/detail/trajectory_point__rosidl_typesupport_introspection_c.h
[10.329s] -- Installing: /root/ros2_ws/src/robotica/install/robmovil_msgs/include/robmovil_msgs/robmovil_msgs/msg/detail/trajectory__type_support.c
[10.329s] -- Installing: /root/ros2_ws/src/robotica/install/robmovil_msgs/include/robmovil_msgs/robmovil_msgs/msg/rosidl_typesupport_introspection_c__visibility_control.h
[10.329s] -- Installing: /root/ros2_ws/src/robotica/install/robmovil_msgs/lib/librobmovil_msgs__rosidl_typesupport_introspection_c.so
[10.330s] -- Set runtime path of "/root/ros2_ws/src/robotica/install/robmovil_msgs/lib/librobmovil_msgs__rosidl_typesupport_introspection_c.so" to ""
[10.330s] -- Installing: /root/ros2_ws/src/robotica/install/robmovil_msgs/lib/librobmovil_msgs__rosidl_typesupport_c.so
[10.331s] -- Set runtime path of "/root/ros2_ws/src/robotica/install/robmovil_msgs/lib/librobmovil_msgs__rosidl_typesupport_c.so" to ""
[10.331s] -- Up-to-date: /root/ros2_ws/src/robotica/install/robmovil_msgs/include/robmovil_msgs/robmovil_msgs
[10.331s] -- Up-to-date: /root/ros2_ws/src/robotica/install/robmovil_msgs/include/robmovil_msgs/robmovil_msgs/msg
[10.331s] -- Up-to-date: /root/ros2_ws/src/robotica/install/robmovil_msgs/include/robmovil_msgs/robmovil_msgs/msg/detail
[10.332s] -- Installing: /root/ros2_ws/src/robotica/install/robmovil_msgs/include/robmovil_msgs/robmovil_msgs/msg/detail/encoder_ticks__builder.hpp
[10.332s] -- Installing: /root/ros2_ws/src/robotica/install/robmovil_msgs/include/robmovil_msgs/robmovil_msgs/msg/detail/trajectory_point__struct.hpp
[10.332s] -- Installing: /root/ros2_ws/src/robotica/install/robmovil_msgs/include/robmovil_msgs/robmovil_msgs/msg/detail/landmark_array__type_support.hpp
[10.332s] -- Installing: /root/ros2_ws/src/robotica/install/robmovil_msgs/include/robmovil_msgs/robmovil_msgs/msg/detail/multi_encoder_ticks__type_support.hpp
[10.332s] -- Installing: /root/ros2_ws/src/robotica/install/robmovil_msgs/include/robmovil_msgs/robmovil_msgs/msg/detail/encoder_ticks__struct.hpp
[10.332s] -- Installing: /root/ros2_ws/src/robotica/install/robmovil_msgs/include/robmovil_msgs/robmovil_msgs/msg/detail/landmark_array__struct.hpp
[10.332s] -- Installing: /root/ros2_ws/src/robotica/install/robmovil_msgs/include/robmovil_msgs/robmovil_msgs/msg/detail/landmark__type_support.hpp
[10.333s] -- Installing: /root/ros2_ws/src/robotica/install/robmovil_msgs/include/robmovil_msgs/robmovil_msgs/msg/detail/trajectory__struct.hpp
[10.333s] -- Installing: /root/ros2_ws/src/robotica/install/robmovil_msgs/include/robmovil_msgs/robmovil_msgs/msg/detail/multi_encoder_ticks__traits.hpp
[10.333s] -- Installing: /root/ros2_ws/src/robotica/install/robmovil_msgs/include/robmovil_msgs/robmovil_msgs/msg/detail/encoder_ticks__type_support.hpp
[10.333s] -- Installing: /root/ros2_ws/src/robotica/install/robmovil_msgs/include/robmovil_msgs/robmovil_msgs/msg/detail/landmark_array__traits.hpp
[10.333s] -- Installing: /root/ros2_ws/src/robotica/install/robmovil_msgs/include/robmovil_msgs/robmovil_msgs/msg/detail/trajectory__type_support.hpp
[10.333s] -- Installing: /root/ros2_ws/src/robotica/install/robmovil_msgs/include/robmovil_msgs/robmovil_msgs/msg/detail/trajectory_point__type_support.hpp
[10.334s] -- Installing: /root/ros2_ws/src/robotica/install/robmovil_msgs/include/robmovil_msgs/robmovil_msgs/msg/detail/landmark__struct.hpp
[10.334s] -- Installing: /root/ros2_ws/src/robotica/install/robmovil_msgs/include/robmovil_msgs/robmovil_msgs/msg/detail/landmark__builder.hpp
[10.334s] -- Installing: /root/ros2_ws/src/robotica/install/robmovil_msgs/include/robmovil_msgs/robmovil_msgs/msg/detail/trajectory_point__traits.hpp
[10.334s] -- Installing: /root/ros2_ws/src/robotica/install/robmovil_msgs/include/robmovil_msgs/robmovil_msgs/msg/detail/multi_encoder_ticks__builder.hpp
[10.334s] -- Installing: /root/ros2_ws/src/robotica/install/robmovil_msgs/include/robmovil_msgs/robmovil_msgs/msg/detail/encoder_ticks__traits.hpp
[10.334s] -- Installing: /root/ros2_ws/src/robotica/install/robmovil_msgs/include/robmovil_msgs/robmovil_msgs/msg/detail/trajectory_point__builder.hpp
[10.334s] -- Installing: /root/ros2_ws/src/robotica/install/robmovil_msgs/include/robmovil_msgs/robmovil_msgs/msg/detail/landmark__traits.hpp
[10.334s] -- Installing: /root/ros2_ws/src/robotica/install/robmovil_msgs/include/robmovil_msgs/robmovil_msgs/msg/detail/trajectory__builder.hpp
[10.335s] -- Installing: /root/ros2_ws/src/robotica/install/robmovil_msgs/include/robmovil_msgs/robmovil_msgs/msg/detail/landmark_array__builder.hpp
[10.335s] -- Installing: /root/ros2_ws/src/robotica/install/robmovil_msgs/include/robmovil_msgs/robmovil_msgs/msg/detail/trajectory__traits.hpp
[10.335s] -- Installing: /root/ros2_ws/src/robotica/install/robmovil_msgs/include/robmovil_msgs/robmovil_msgs/msg/detail/multi_encoder_ticks__struct.hpp
[10.335s] -- Installing: /root/ros2_ws/src/robotica/install/robmovil_msgs/include/robmovil_msgs/robmovil_msgs/msg/multi_encoder_ticks.hpp
[10.335s] -- Installing: /root/ros2_ws/src/robotica/install/robmovil_msgs/include/robmovil_msgs/robmovil_msgs/msg/trajectory_point.hpp
[10.335s] -- Installing: /root/ros2_ws/src/robotica/install/robmovil_msgs/include/robmovil_msgs/robmovil_msgs/msg/trajectory.hpp
[10.335s] -- Installing: /root/ros2_ws/src/robotica/install/robmovil_msgs/include/robmovil_msgs/robmovil_msgs/msg/encoder_ticks.hpp
[10.336s] -- Installing: /root/ros2_ws/src/robotica/install/robmovil_msgs/include/robmovil_msgs/robmovil_msgs/msg/landmark_array.hpp
[10.336s] -- Installing: /root/ros2_ws/src/robotica/install/robmovil_msgs/include/robmovil_msgs/robmovil_msgs/msg/landmark.hpp
[10.336s] -- Installing: /root/ros2_ws/src/robotica/install/robmovil_msgs/include/robmovil_msgs/robmovil_msgs/msg/rosidl_generator_cpp__visibility_control.hpp
[10.336s] -- Up-to-date: /root/ros2_ws/src/robotica/install/robmovil_msgs/include/robmovil_msgs/robmovil_msgs
[10.336s] -- Up-to-date: /root/ros2_ws/src/robotica/install/robmovil_msgs/include/robmovil_msgs/robmovil_msgs/msg
[10.336s] -- Up-to-date: /root/ros2_ws/src/robotica/install/robmovil_msgs/include/robmovil_msgs/robmovil_msgs/msg/detail
[10.336s] -- Installing: /root/ros2_ws/src/robotica/install/robmovil_msgs/include/robmovil_msgs/robmovil_msgs/msg/detail/trajectory_point__rosidl_typesupport_fastrtps_cpp.hpp
[10.336s] -- Installing: /root/ros2_ws/src/robotica/install/robmovil_msgs/include/robmovil_msgs/robmovil_msgs/msg/detail/encoder_ticks__rosidl_typesupport_fastrtps_cpp.hpp
[10.336s] -- Installing: /root/ros2_ws/src/robotica/install/robmovil_msgs/include/robmovil_msgs/robmovil_msgs/msg/detail/trajectory__rosidl_typesupport_fastrtps_cpp.hpp
[10.337s] -- Installing: /root/ros2_ws/src/robotica/install/robmovil_msgs/include/robmovil_msgs/robmovil_msgs/msg/detail/dds_fastrtps
[10.337s] -- Installing: /root/ros2_ws/src/robotica/install/robmovil_msgs/include/robmovil_msgs/robmovil_msgs/msg/detail/multi_encoder_ticks__rosidl_typesupport_fastrtps_cpp.hpp
[10.337s] -- Installing: /root/ros2_ws/src/robotica/install/robmovil_msgs/include/robmovil_msgs/robmovil_msgs/msg/detail/landmark__rosidl_typesupport_fastrtps_cpp.hpp
[10.337s] -- Installing: /root/ros2_ws/src/robotica/install/robmovil_msgs/include/robmovil_msgs/robmovil_msgs/msg/detail/landmark_array__rosidl_typesupport_fastrtps_cpp.hpp
[10.337s] -- Installing: /root/ros2_ws/src/robotica/install/robmovil_msgs/include/robmovil_msgs/robmovil_msgs/msg/rosidl_typesupport_fastrtps_cpp__visibility_control.h
[10.337s] -- Installing: /root/ros2_ws/src/robotica/install/robmovil_msgs/lib/librobmovil_msgs__rosidl_typesupport_fastrtps_cpp.so
[10.339s] -- Set runtime path of "/root/ros2_ws/src/robotica/install/robmovil_msgs/lib/librobmovil_msgs__rosidl_typesupport_fastrtps_cpp.so" to ""
[10.339s] -- Up-to-date: /root/ros2_ws/src/robotica/install/robmovil_msgs/include/robmovil_msgs/robmovil_msgs
[10.339s] -- Up-to-date: /root/ros2_ws/src/robotica/install/robmovil_msgs/include/robmovil_msgs/robmovil_msgs/msg
[10.339s] -- Up-to-date: /root/ros2_ws/src/robotica/install/robmovil_msgs/include/robmovil_msgs/robmovil_msgs/msg/detail
[10.340s] -- Installing: /root/ros2_ws/src/robotica/install/robmovil_msgs/include/robmovil_msgs/robmovil_msgs/msg/detail/encoder_ticks__rosidl_typesupport_introspection_cpp.hpp
[10.340s] -- Installing: /root/ros2_ws/src/robotica/install/robmovil_msgs/include/robmovil_msgs/robmovil_msgs/msg/detail/trajectory_point__rosidl_typesupport_introspection_cpp.hpp
[10.340s] -- Installing: /root/ros2_ws/src/robotica/install/robmovil_msgs/include/robmovil_msgs/robmovil_msgs/msg/detail/landmark__type_support.cpp
[10.340s] -- Installing: /root/ros2_ws/src/robotica/install/robmovil_msgs/include/robmovil_msgs/robmovil_msgs/msg/detail/multi_encoder_ticks__rosidl_typesupport_introspection_cpp.hpp
[10.340s] -- Installing: /root/ros2_ws/src/robotica/install/robmovil_msgs/include/robmovil_msgs/robmovil_msgs/msg/detail/landmark_array__rosidl_typesupport_introspection_cpp.hpp
[10.340s] -- Installing: /root/ros2_ws/src/robotica/install/robmovil_msgs/include/robmovil_msgs/robmovil_msgs/msg/detail/trajectory__rosidl_typesupport_introspection_cpp.hpp
[10.340s] -- Installing: /root/ros2_ws/src/robotica/install/robmovil_msgs/include/robmovil_msgs/robmovil_msgs/msg/detail/trajectory__type_support.cpp
[10.340s] -- Installing: /root/ros2_ws/src/robotica/install/robmovil_msgs/include/robmovil_msgs/robmovil_msgs/msg/detail/landmark__rosidl_typesupport_introspection_cpp.hpp
[10.340s] -- Installing: /root/ros2_ws/src/robotica/install/robmovil_msgs/include/robmovil_msgs/robmovil_msgs/msg/detail/encoder_ticks__type_support.cpp
[10.341s] -- Installing: /root/ros2_ws/src/robotica/install/robmovil_msgs/include/robmovil_msgs/robmovil_msgs/msg/detail/landmark_array__type_support.cpp
[10.341s] -- Installing: /root/ros2_ws/src/robotica/install/robmovil_msgs/include/robmovil_msgs/robmovil_msgs/msg/detail/multi_encoder_ticks__type_support.cpp
[10.341s] -- Installing: /root/ros2_ws/src/robotica/install/robmovil_msgs/include/robmovil_msgs/robmovil_msgs/msg/detail/trajectory_point__type_support.cpp
[10.341s] -- Installing: /root/ros2_ws/src/robotica/install/robmovil_msgs/lib/librobmovil_msgs__rosidl_typesupport_introspection_cpp.so
[10.342s] -- Set runtime path of "/root/ros2_ws/src/robotica/install/robmovil_msgs/lib/librobmovil_msgs__rosidl_typesupport_introspection_cpp.so" to ""
[10.342s] -- Installing: /root/ros2_ws/src/robotica/install/robmovil_msgs/lib/librobmovil_msgs__rosidl_typesupport_cpp.so
[10.342s] -- Set runtime path of "/root/ros2_ws/src/robotica/install/robmovil_msgs/lib/librobmovil_msgs__rosidl_typesupport_cpp.so" to ""
[10.342s] -- Installing: /root/ros2_ws/src/robotica/install/robmovil_msgs/share/robmovil_msgs/environment/pythonpath.sh
[10.342s] -- Installing: /root/ros2_ws/src/robotica/install/robmovil_msgs/share/robmovil_msgs/environment/pythonpath.dsv
[10.342s] -- Installing: /root/ros2_ws/src/robotica/install/robmovil_msgs/local/lib/python3.10/dist-packages/robmovil_msgs-0.0.0-py3.10.egg-info
[10.342s] -- Installing: /root/ros2_ws/src/robotica/install/robmovil_msgs/local/lib/python3.10/dist-packages/robmovil_msgs-0.0.0-py3.10.egg-info/top_level.txt
[10.342s] -- Installing: /root/ros2_ws/src/robotica/install/robmovil_msgs/local/lib/python3.10/dist-packages/robmovil_msgs-0.0.0-py3.10.egg-info/PKG-INFO
[10.342s] -- Installing: /root/ros2_ws/src/robotica/install/robmovil_msgs/local/lib/python3.10/dist-packages/robmovil_msgs-0.0.0-py3.10.egg-info/SOURCES.txt
[10.342s] -- Installing: /root/ros2_ws/src/robotica/install/robmovil_msgs/local/lib/python3.10/dist-packages/robmovil_msgs-0.0.0-py3.10.egg-info/dependency_links.txt
[10.342s] -- Installing: /root/ros2_ws/src/robotica/install/robmovil_msgs/local/lib/python3.10/dist-packages/robmovil_msgs
[10.343s] -- Installing: /root/ros2_ws/src/robotica/install/robmovil_msgs/local/lib/python3.10/dist-packages/robmovil_msgs/_robmovil_msgs_s.ep.rosidl_typesupport_c.c
[10.343s] -- Installing: /root/ros2_ws/src/robotica/install/robmovil_msgs/local/lib/python3.10/dist-packages/robmovil_msgs/_robmovil_msgs_s.ep.rosidl_typesupport_introspection_c.c
[10.343s] -- Installing: /root/ros2_ws/src/robotica/install/robmovil_msgs/local/lib/python3.10/dist-packages/robmovil_msgs/robmovil_msgs_s__rosidl_typesupport_c.cpython-310-x86_64-linux-gnu.so
[10.343s] -- Installing: /root/ros2_ws/src/robotica/install/robmovil_msgs/local/lib/python3.10/dist-packages/robmovil_msgs/msg
[10.343s] -- Installing: /root/ros2_ws/src/robotica/install/robmovil_msgs/local/lib/python3.10/dist-packages/robmovil_msgs/msg/_multi_encoder_ticks_s.c
[10.344s] -- Installing: /root/ros2_ws/src/robotica/install/robmovil_msgs/local/lib/python3.10/dist-packages/robmovil_msgs/msg/_multi_encoder_ticks.py
[10.344s] -- Installing: /root/ros2_ws/src/robotica/install/robmovil_msgs/local/lib/python3.10/dist-packages/robmovil_msgs/msg/_landmark.py
[10.344s] -- Installing: /root/ros2_ws/src/robotica/install/robmovil_msgs/local/lib/python3.10/dist-packages/robmovil_msgs/msg/_encoder_ticks_s.c
[10.344s] -- Installing: /root/ros2_ws/src/robotica/install/robmovil_msgs/local/lib/python3.10/dist-packages/robmovil_msgs/msg/_landmark_array.py
[10.344s] -- Installing: /root/ros2_ws/src/robotica/install/robmovil_msgs/local/lib/python3.10/dist-packages/robmovil_msgs/msg/_trajectory_s.c
[10.344s] -- Installing: /root/ros2_ws/src/robotica/install/robmovil_msgs/local/lib/python3.10/dist-packages/robmovil_msgs/msg/_trajectory.py
[10.344s] -- Installing: /root/ros2_ws/src/robotica/install/robmovil_msgs/local/lib/python3.10/dist-packages/robmovil_msgs/msg/_trajectory_point_s.c
[10.345s] -- Installing: /root/ros2_ws/src/robotica/install/robmovil_msgs/local/lib/python3.10/dist-packages/robmovil_msgs/msg/_landmark_array_s.c
[10.345s] -- Installing: /root/ros2_ws/src/robotica/install/robmovil_msgs/local/lib/python3.10/dist-packages/robmovil_msgs/msg/_landmark_s.c
[10.345s] -- Installing: /root/ros2_ws/src/robotica/install/robmovil_msgs/local/lib/python3.10/dist-packages/robmovil_msgs/msg/_trajectory_point.py
[10.345s] -- Installing: /root/ros2_ws/src/robotica/install/robmovil_msgs/local/lib/python3.10/dist-packages/robmovil_msgs/msg/_encoder_ticks.py
[10.345s] -- Installing: /root/ros2_ws/src/robotica/install/robmovil_msgs/local/lib/python3.10/dist-packages/robmovil_msgs/msg/__init__.py
[10.345s] -- Installing: /root/ros2_ws/src/robotica/install/robmovil_msgs/local/lib/python3.10/dist-packages/robmovil_msgs/_robmovil_msgs_s.ep.rosidl_typesupport_fastrtps_c.c
[10.345s] -- Installing: /root/ros2_ws/src/robotica/install/robmovil_msgs/local/lib/python3.10/dist-packages/robmovil_msgs/robmovil_msgs_s__rosidl_typesupport_fastrtps_c.cpython-310-x86_64-linux-gnu.so
[10.345s] -- Installing: /root/ros2_ws/src/robotica/install/robmovil_msgs/local/lib/python3.10/dist-packages/robmovil_msgs/librobmovil_msgs__rosidl_generator_py.so
[10.346s] -- Installing: /root/ros2_ws/src/robotica/install/robmovil_msgs/local/lib/python3.10/dist-packages/robmovil_msgs/__init__.py
[10.346s] -- Installing: /root/ros2_ws/src/robotica/install/robmovil_msgs/local/lib/python3.10/dist-packages/robmovil_msgs/robmovil_msgs_s__rosidl_typesupport_introspection_c.cpython-310-x86_64-linux-gnu.so
[10.382s] Listing '/root/ros2_ws/src/robotica/install/robmovil_msgs/local/lib/python3.10/dist-packages/robmovil_msgs'...
[10.382s] Compiling '/root/ros2_ws/src/robotica/install/robmovil_msgs/local/lib/python3.10/dist-packages/robmovil_msgs/__init__.py'...
[10.382s] Listing '/root/ros2_ws/src/robotica/install/robmovil_msgs/local/lib/python3.10/dist-packages/robmovil_msgs/msg'...
[10.382s] Compiling '/root/ros2_ws/src/robotica/install/robmovil_msgs/local/lib/python3.10/dist-packages/robmovil_msgs/msg/__init__.py'...
[10.382s] Compiling '/root/ros2_ws/src/robotica/install/robmovil_msgs/local/lib/python3.10/dist-packages/robmovil_msgs/msg/_encoder_ticks.py'...
[10.382s] Compiling '/root/ros2_ws/src/robotica/install/robmovil_msgs/local/lib/python3.10/dist-packages/robmovil_msgs/msg/_landmark.py'...
[10.382s] Compiling '/root/ros2_ws/src/robotica/install/robmovil_msgs/local/lib/python3.10/dist-packages/robmovil_msgs/msg/_landmark_array.py'...
[10.382s] Compiling '/root/ros2_ws/src/robotica/install/robmovil_msgs/local/lib/python3.10/dist-packages/robmovil_msgs/msg/_multi_encoder_ticks.py'...
[10.382s] Compiling '/root/ros2_ws/src/robotica/install/robmovil_msgs/local/lib/python3.10/dist-packages/robmovil_msgs/msg/_trajectory.py'...
[10.382s] Compiling '/root/ros2_ws/src/robotica/install/robmovil_msgs/local/lib/python3.10/dist-packages/robmovil_msgs/msg/_trajectory_point.py'...
[10.387s] -- Installing: /root/ros2_ws/src/robotica/install/robmovil_msgs/local/lib/python3.10/dist-packages/robmovil_msgs/robmovil_msgs_s__rosidl_typesupport_fastrtps_c.cpython-310-x86_64-linux-gnu.so
[10.387s] -- Set runtime path of "/root/ros2_ws/src/robotica/install/robmovil_msgs/local/lib/python3.10/dist-packages/robmovil_msgs/robmovil_msgs_s__rosidl_typesupport_fastrtps_c.cpython-310-x86_64-linux-gnu.so" to ""
[10.388s] -- Installing: /root/ros2_ws/src/robotica/install/robmovil_msgs/local/lib/python3.10/dist-packages/robmovil_msgs/robmovil_msgs_s__rosidl_typesupport_introspection_c.cpython-310-x86_64-linux-gnu.so
[10.388s] -- Set runtime path of "/root/ros2_ws/src/robotica/install/robmovil_msgs/local/lib/python3.10/dist-packages/robmovil_msgs/robmovil_msgs_s__rosidl_typesupport_introspection_c.cpython-310-x86_64-linux-gnu.so" to ""
[10.388s] -- Installing: /root/ros2_ws/src/robotica/install/robmovil_msgs/local/lib/python3.10/dist-packages/robmovil_msgs/robmovil_msgs_s__rosidl_typesupport_c.cpython-310-x86_64-linux-gnu.so
[10.388s] -- Set runtime path of "/root/ros2_ws/src/robotica/install/robmovil_msgs/local/lib/python3.10/dist-packages/robmovil_msgs/robmovil_msgs_s__rosidl_typesupport_c.cpython-310-x86_64-linux-gnu.so" to ""
[10.388s] -- Installing: /root/ros2_ws/src/robotica/install/robmovil_msgs/lib/librobmovil_msgs__rosidl_generator_py.so
[10.389s] -- Set runtime path of "/root/ros2_ws/src/robotica/install/robmovil_msgs/lib/librobmovil_msgs__rosidl_generator_py.so" to ""
[10.389s] -- Installing: /root/ros2_ws/src/robotica/install/robmovil_msgs/share/robmovil_msgs/msg/EncoderTicks.idl
[10.389s] -- Installing: /root/ros2_ws/src/robotica/install/robmovil_msgs/share/robmovil_msgs/msg/MultiEncoderTicks.idl
[10.390s] -- Installing: /root/ros2_ws/src/robotica/install/robmovil_msgs/share/robmovil_msgs/msg/Trajectory.idl
[10.390s] -- Installing: /root/ros2_ws/src/robotica/install/robmovil_msgs/share/robmovil_msgs/msg/TrajectoryPoint.idl
[10.390s] -- Installing: /root/ros2_ws/src/robotica/install/robmovil_msgs/share/robmovil_msgs/msg/Landmark.idl
[10.390s] -- Installing: /root/ros2_ws/src/robotica/install/robmovil_msgs/share/robmovil_msgs/msg/LandmarkArray.idl
[10.390s] -- Installing: /root/ros2_ws/src/robotica/install/robmovil_msgs/share/robmovil_msgs/msg/EncoderTicks.msg
[10.390s] -- Installing: /root/ros2_ws/src/robotica/install/robmovil_msgs/share/robmovil_msgs/msg/MultiEncoderTicks.msg
[10.391s] -- Installing: /root/ros2_ws/src/robotica/install/robmovil_msgs/share/robmovil_msgs/msg/Trajectory.msg
[10.391s] -- Installing: /root/ros2_ws/src/robotica/install/robmovil_msgs/share/robmovil_msgs/msg/TrajectoryPoint.msg
[10.391s] -- Installing: /root/ros2_ws/src/robotica/install/robmovil_msgs/share/robmovil_msgs/msg/Landmark.msg
[10.391s] -- Installing: /root/ros2_ws/src/robotica/install/robmovil_msgs/share/robmovil_msgs/msg/LandmarkArray.msg
[10.391s] -- Installing: /root/ros2_ws/src/robotica/install/robmovil_msgs/share/ament_index/resource_index/package_run_dependencies/robmovil_msgs
[10.392s] -- Installing: /root/ros2_ws/src/robotica/install/robmovil_msgs/share/ament_index/resource_index/parent_prefix_path/robmovil_msgs
[10.392s] -- Installing: /root/ros2_ws/src/robotica/install/robmovil_msgs/share/robmovil_msgs/environment/ament_prefix_path.sh
[10.392s] -- Installing: /root/ros2_ws/src/robotica/install/robmovil_msgs/share/robmovil_msgs/environment/ament_prefix_path.dsv
[10.392s] -- Installing: /root/ros2_ws/src/robotica/install/robmovil_msgs/share/robmovil_msgs/environment/path.sh
[10.392s] -- Installing: /root/ros2_ws/src/robotica/install/robmovil_msgs/share/robmovil_msgs/environment/path.dsv
[10.393s] -- Installing: /root/ros2_ws/src/robotica/install/robmovil_msgs/share/robmovil_msgs/local_setup.bash
[10.393s] -- Installing: /root/ros2_ws/src/robotica/install/robmovil_msgs/share/robmovil_msgs/local_setup.sh
[10.393s] -- Installing: /root/ros2_ws/src/robotica/install/robmovil_msgs/share/robmovil_msgs/local_setup.zsh
[10.393s] -- Installing: /root/ros2_ws/src/robotica/install/robmovil_msgs/share/robmovil_msgs/local_setup.dsv
[10.393s] -- Installing: /root/ros2_ws/src/robotica/install/robmovil_msgs/share/robmovil_msgs/package.dsv
[10.394s] -- Installing: /root/ros2_ws/src/robotica/install/robmovil_msgs/share/ament_index/resource_index/packages/robmovil_msgs
[10.394s] -- Installing: /root/ros2_ws/src/robotica/install/robmovil_msgs/share/robmovil_msgs/cmake/export_robmovil_msgs__rosidl_generator_cExport.cmake
[10.394s] -- Installing: /root/ros2_ws/src/robotica/install/robmovil_msgs/share/robmovil_msgs/cmake/export_robmovil_msgs__rosidl_generator_cExport-noconfig.cmake
[10.394s] -- Installing: /root/ros2_ws/src/robotica/install/robmovil_msgs/share/robmovil_msgs/cmake/export_robmovil_msgs__rosidl_typesupport_fastrtps_cExport.cmake
[10.394s] -- Installing: /root/ros2_ws/src/robotica/install/robmovil_msgs/share/robmovil_msgs/cmake/export_robmovil_msgs__rosidl_typesupport_fastrtps_cExport-noconfig.cmake
[10.395s] -- Installing: /root/ros2_ws/src/robotica/install/robmovil_msgs/share/robmovil_msgs/cmake/robmovil_msgs__rosidl_typesupport_introspection_cExport.cmake
[10.395s] -- Installing: /root/ros2_ws/src/robotica/install/robmovil_msgs/share/robmovil_msgs/cmake/robmovil_msgs__rosidl_typesupport_introspection_cExport-noconfig.cmake
[10.395s] -- Installing: /root/ros2_ws/src/robotica/install/robmovil_msgs/share/robmovil_msgs/cmake/robmovil_msgs__rosidl_typesupport_cExport.cmake
[10.395s] -- Installing: /root/ros2_ws/src/robotica/install/robmovil_msgs/share/robmovil_msgs/cmake/robmovil_msgs__rosidl_typesupport_cExport-noconfig.cmake
[10.395s] -- Installing: /root/ros2_ws/src/robotica/install/robmovil_msgs/share/robmovil_msgs/cmake/export_robmovil_msgs__rosidl_generator_cppExport.cmake
[10.396s] -- Installing: /root/ros2_ws/src/robotica/install/robmovil_msgs/share/robmovil_msgs/cmake/export_robmovil_msgs__rosidl_typesupport_fastrtps_cppExport.cmake
[10.396s] -- Installing: /root/ros2_ws/src/robotica/install/robmovil_msgs/share/robmovil_msgs/cmake/export_robmovil_msgs__rosidl_typesupport_fastrtps_cppExport-noconfig.cmake
[10.396s] -- Installing: /root/ros2_ws/src/robotica/install/robmovil_msgs/share/robmovil_msgs/cmake/robmovil_msgs__rosidl_typesupport_introspection_cppExport.cmake
[10.396s] -- Installing: /root/ros2_ws/src/robotica/install/robmovil_msgs/share/robmovil_msgs/cmake/robmovil_msgs__rosidl_typesupport_introspection_cppExport-noconfig.cmake
[10.396s] -- Installing: /root/ros2_ws/src/robotica/install/robmovil_msgs/share/robmovil_msgs/cmake/robmovil_msgs__rosidl_typesupport_cppExport.cmake
[10.397s] -- Installing: /root/ros2_ws/src/robotica/install/robmovil_msgs/share/robmovil_msgs/cmake/robmovil_msgs__rosidl_typesupport_cppExport-noconfig.cmake
[10.397s] -- Installing: /root/ros2_ws/src/robotica/install/robmovil_msgs/share/robmovil_msgs/cmake/export_robmovil_msgs__rosidl_generator_pyExport.cmake
[10.397s] -- Installing: /root/ros2_ws/src/robotica/install/robmovil_msgs/share/robmovil_msgs/cmake/export_robmovil_msgs__rosidl_generator_pyExport-noconfig.cmake
[10.397s] -- Installing: /root/ros2_ws/src/robotica/install/robmovil_msgs/share/robmovil_msgs/cmake/rosidl_cmake-extras.cmake
[10.397s] -- Installing: /root/ros2_ws/src/robotica/install/robmovil_msgs/share/robmovil_msgs/cmake/ament_cmake_export_dependencies-extras.cmake
[10.398s] -- Installing: /root/ros2_ws/src/robotica/install/robmovil_msgs/share/robmovil_msgs/cmake/ament_cmake_export_include_directories-extras.cmake
[10.398s] -- Installing: /root/ros2_ws/src/robotica/install/robmovil_msgs/share/robmovil_msgs/cmake/ament_cmake_export_libraries-extras.cmake
[10.398s] -- Installing: /root/ros2_ws/src/robotica/install/robmovil_msgs/share/robmovil_msgs/cmake/ament_cmake_export_targets-extras.cmake
[10.398s] -- Installing: /root/ros2_ws/src/robotica/install/robmovil_msgs/share/robmovil_msgs/cmake/rosidl_cmake_export_typesupport_targets-extras.cmake
[10.398s] -- Installing: /root/ros2_ws/src/robotica/install/robmovil_msgs/share/robmovil_msgs/cmake/rosidl_cmake_export_typesupport_libraries-extras.cmake
[10.399s] -- Installing: /root/ros2_ws/src/robotica/install/robmovil_msgs/share/robmovil_msgs/cmake/robmovil_msgsConfig.cmake
[10.399s] -- Installing: /root/ros2_ws/src/robotica/install/robmovil_msgs/share/robmovil_msgs/cmake/robmovil_msgsConfig-version.cmake
[10.399s] -- Installing: /root/ros2_ws/src/robotica/install/robmovil_msgs/share/robmovil_msgs/package.xml
[10.401s] Invoked command in '/root/ros2_ws/src/robotica/build/robmovil_msgs' returned '0': CMAKE_PREFIX_PATH=${CMAKE_PREFIX_PATH}:/opt/ros/humble /usr/bin/cmake --install /root/ros2_ws/src/robotica/build/robmovil_msgs
