[0.022s] Invoking command in '/root/ros2_ws/src/robotica/build/lazo_abierto': AMENT_PREFIX_PATH=/root/ros2_ws/src/robotica/install/robmovil_msgs:${AMENT_PREFIX_PATH} CMAKE_PREFIX_PATH=/root/ros2_ws/src/robotica/install/robmovil_msgs:/root/ros2_ws/install/sim_ros2_interface:/root/ros2_ws/install/modelo_omnidireccional:/root/ros2_ws/install/robmovil_msgs:/opt/ros/humble LD_LIBRARY_PATH=/root/ros2_ws/src/robotica/install/robmovil_msgs/lib:/root/ros2_ws/install/robmovil_msgs/lib:/usr/lib/x86_64-linux-gnu/gazebo-11/plugins:/opt/ros/humble/opt/rviz_ogre_vendor/lib:/opt/ros/humble/lib/x86_64-linux-gnu:/opt/ros/humble/lib:/usr/lib/x86_64-linux-gnu/gazebo-11/plugins PYTHONPATH=/root/ros2_ws/src/robotica/install/robmovil_msgs/local/lib/python3.10/dist-packages:${PYTHONPATH} /usr/bin/cmake --build /root/ros2_ws/src/robotica/build/lazo_abierto -- -j4 -l4
[0.047s] -- Found rclcpp: 16.0.15 (/opt/ros/humble/share/rclcpp/cmake)
[0.213s] -- Found rosidl_generator_c: 3.1.7 (/opt/ros/humble/share/rosidl_generator_c/cmake)
[0.215s] -- Found rosidl_adapter: 3.1.7 (/opt/ros/humble/share/rosidl_adapter/cmake)
[0.221s] -- Found rosidl_generator_cpp: 3.1.7 (/opt/ros/humble/share/rosidl_generator_cpp/cmake)
[0.230s] -- Using all available rosidl_typesupport_c: rosidl_typesupport_fastrtps_c;rosidl_typesupport_introspection_c
[0.241s] -- Using all available rosidl_typesupport_cpp: rosidl_typesupport_fastrtps_cpp;rosidl_typesupport_introspection_cpp
[0.272s] -- Found rmw_implementation_cmake: 6.1.2 (/opt/ros/humble/share/rmw_implementation_cmake/cmake)
[0.273s] -- Found rmw_fastrtps_cpp: 6.2.9 (/opt/ros/humble/share/rmw_fastrtps_cpp/cmake)
[0.399s] -- Using RMW implementation 'rmw_fastrtps_cpp' as default
[0.444s] -- Found geometry_msgs: 4.9.0 (/opt/ros/humble/share/geometry_msgs/cmake)
[0.457s] -- Found robmovil_msgs: 0.0.0 (/root/ros2_ws/src/robotica/install/robmovil_msgs/share/robmovil_msgs/cmake)
[0.473s] -- Found nav_msgs: 4.9.0 (/opt/ros/humble/share/nav_msgs/cmake)
[0.487s] -- Found tf2: 0.25.16 (/opt/ros/humble/share/tf2/cmake)
[0.490s] -- Found tf2_geometry_msgs: 0.25.16 (/opt/ros/humble/share/tf2_geometry_msgs/cmake)
[0.493s] -- Found eigen3_cmake_module: 0.1.1 (/opt/ros/humble/share/eigen3_cmake_module/cmake)
[0.495s] -- Ensuring Eigen3 include directory is part of orocos-kdl CMake target
[0.573s] -- Found angles: 1.15.0 (/opt/ros/humble/share/angles/cmake)
[0.580s] [31mCMake Error at /opt/ros/humble/share/ament_cmake_target_dependencies/cmake/ament_target_dependencies.cmake:42 (message):
[0.580s]   ament_target_dependencies() the first argument must be a valid target name
[0.580s] Call Stack (most recent call first):
[0.580s]   CMakeLists.txt:58 (ament_target_dependencies)
[0.580s] 
[0.580s] [0m
[0.580s] -- Configuring incomplete, errors occurred!
[0.580s] See also "/root/ros2_ws/src/robotica/build/lazo_abierto/CMakeFiles/CMakeOutput.log".
[0.587s] gmake: *** [Makefile:376: cmake_check_build_system] Error 1
[0.589s] Invoked command in '/root/ros2_ws/src/robotica/build/lazo_abierto' returned '2': AMENT_PREFIX_PATH=/root/ros2_ws/src/robotica/install/robmovil_msgs:${AMENT_PREFIX_PATH} CMAKE_PREFIX_PATH=/root/ros2_ws/src/robotica/install/robmovil_msgs:/root/ros2_ws/install/sim_ros2_interface:/root/ros2_ws/install/modelo_omnidireccional:/root/ros2_ws/install/robmovil_msgs:/opt/ros/humble LD_LIBRARY_PATH=/root/ros2_ws/src/robotica/install/robmovil_msgs/lib:/root/ros2_ws/install/robmovil_msgs/lib:/usr/lib/x86_64-linux-gnu/gazebo-11/plugins:/opt/ros/humble/opt/rviz_ogre_vendor/lib:/opt/ros/humble/lib/x86_64-linux-gnu:/opt/ros/humble/lib:/usr/lib/x86_64-linux-gnu/gazebo-11/plugins PYTHONPATH=/root/ros2_ws/src/robotica/install/robmovil_msgs/local/lib/python3.10/dist-packages:${PYTHONPATH} /usr/bin/cmake --build /root/ros2_ws/src/robotica/build/lazo_abierto -- -j4 -l4
