[0.106s] DEBUG:colcon:Command line arguments: ['/usr/bin/colcon', 'build']
[0.107s] DEBUG:colcon:Parsed command line arguments: Namespace(log_base=None, log_level=None, verb_name='build', build_base='build', install_base='install', merge_install=False, symlink_install=False, test_result_base=None, continue_on_error=False, executor='parallel', parallel_workers=4, event_handlers=None, ignore_user_meta=False, metas=['./colcon.meta'], base_paths=['.'], packages_ignore=None, packages_ignore_regex=None, paths=None, packages_up_to=None, packages_up_to_regex=None, packages_above=None, packages_above_and_dependencies=None, packages_above_depth=None, packages_select_by_dep=None, packages_skip_by_dep=None, packages_skip_up_to=None, packages_select_build_failed=False, packages_skip_build_finished=False, packages_select_test_failures=False, packages_skip_test_passed=False, packages_select=None, packages_skip=None, packages_select_regex=None, packages_skip_regex=None, packages_start=None, packages_end=None, cmake_args=None, cmake_target=None, cmake_target_skip_unavailable=False, cmake_clean_cache=False, cmake_clean_first=False, cmake_force_configure=False, ament_cmake_args=None, catkin_cmake_args=None, catkin_skip_building_tests=False, mixin_files=None, mixin=None, verb_parser=<colcon_mixin.mixin.mixin_argument.MixinArgumentDecorator object at 0x74d6f8f79180>, verb_extension=<colcon_core.verb.build.BuildVerb object at 0x74d6f9072020>, main=<bound method BuildVerb.main of <colcon_core.verb.build.BuildVerb object at 0x74d6f9072020>>, mixin_verb=('build',))
[0.246s] Level 1:colcon.colcon_core.package_discovery:discover_packages(colcon_meta) check parameters
[0.247s] INFO:colcon.colcon_metadata.package_discovery.colcon_meta:Using configuration from '/root/.colcon/metadata/default/Gazebo.meta'
[0.247s] INFO:colcon.colcon_metadata.package_discovery.colcon_meta:Using configuration from '/root/.colcon/metadata/default/fastdds.meta'
[0.248s] INFO:colcon.colcon_metadata.package_discovery.colcon_meta:Using configuration from '/root/.colcon/metadata/default/fastrtps.meta'
[0.248s] Level 1:colcon.colcon_core.package_discovery:discover_packages(recursive) check parameters
[0.248s] Level 1:colcon.colcon_core.package_discovery:discover_packages(ignore) check parameters
[0.248s] Level 1:colcon.colcon_core.package_discovery:discover_packages(path) check parameters
[0.248s] Level 1:colcon.colcon_core.package_discovery:discover_packages(colcon_meta) discover
[0.248s] Level 1:colcon.colcon_core.package_discovery:discover_packages(recursive) discover
[0.248s] INFO:colcon.colcon_core.package_discovery:Crawling recursively for packages in '/root/ros2_ws/src/robotica'
[0.248s] Level 1:colcon.colcon_core.package_identification:_identify(.) by extensions ['ignore', 'ignore_ament_install']
[0.248s] Level 1:colcon.colcon_core.package_identification:_identify(.) by extension 'ignore'
[0.249s] Level 1:colcon.colcon_core.package_identification:_identify(.) by extension 'ignore_ament_install'
[0.249s] Level 1:colcon.colcon_core.package_identification:_identify(.) by extensions ['colcon_pkg']
[0.249s] Level 1:colcon.colcon_core.package_identification:_identify(.) by extension 'colcon_pkg'
[0.249s] Level 1:colcon.colcon_core.package_identification:_identify(.) by extensions ['colcon_meta']
[0.249s] Level 1:colcon.colcon_core.package_identification:_identify(.) by extension 'colcon_meta'
[0.249s] Level 1:colcon.colcon_core.package_identification:_identify(.) by extensions ['ros']
[0.249s] Level 1:colcon.colcon_core.package_identification:_identify(.) by extension 'ros'
[0.259s] Level 1:colcon.colcon_core.package_identification:_identify(.) by extensions ['cmake', 'python']
[0.259s] Level 1:colcon.colcon_core.package_identification:_identify(.) by extension 'cmake'
[0.259s] Level 1:colcon.colcon_core.package_identification:_identify(.) by extension 'python'
[0.259s] Level 1:colcon.colcon_core.package_identification:_identify(.) by extensions ['python_setup_py']
[0.259s] Level 1:colcon.colcon_core.package_identification:_identify(.) by extension 'python_setup_py'
[0.259s] Level 1:colcon.colcon_core.package_identification:_identify(build) by extensions ['ignore', 'ignore_ament_install']
[0.259s] Level 1:colcon.colcon_core.package_identification:_identify(build) by extension 'ignore'
[0.259s] Level 1:colcon.colcon_core.package_identification:_identify(build) ignored
[0.260s] Level 1:colcon.colcon_core.package_identification:_identify(coppeliaSim) by extensions ['ignore', 'ignore_ament_install']
[0.260s] Level 1:colcon.colcon_core.package_identification:_identify(coppeliaSim) by extension 'ignore'
[0.260s] Level 1:colcon.colcon_core.package_identification:_identify(coppeliaSim) by extension 'ignore_ament_install'
[0.260s] Level 1:colcon.colcon_core.package_identification:_identify(coppeliaSim) by extensions ['colcon_pkg']
[0.260s] Level 1:colcon.colcon_core.package_identification:_identify(coppeliaSim) by extension 'colcon_pkg'
[0.260s] Level 1:colcon.colcon_core.package_identification:_identify(coppeliaSim) by extensions ['colcon_meta']
[0.260s] Level 1:colcon.colcon_core.package_identification:_identify(coppeliaSim) by extension 'colcon_meta'
[0.260s] Level 1:colcon.colcon_core.package_identification:_identify(coppeliaSim) by extensions ['ros']
[0.260s] Level 1:colcon.colcon_core.package_identification:_identify(coppeliaSim) by extension 'ros'
[0.260s] Level 1:colcon.colcon_core.package_identification:_identify(coppeliaSim) by extensions ['cmake', 'python']
[0.260s] Level 1:colcon.colcon_core.package_identification:_identify(coppeliaSim) by extension 'cmake'
[0.260s] Level 1:colcon.colcon_core.package_identification:_identify(coppeliaSim) by extension 'python'
[0.260s] Level 1:colcon.colcon_core.package_identification:_identify(coppeliaSim) by extensions ['python_setup_py']
[0.260s] Level 1:colcon.colcon_core.package_identification:_identify(coppeliaSim) by extension 'python_setup_py'
[0.260s] Level 1:colcon.colcon_core.package_identification:_identify(install) by extensions ['ignore', 'ignore_ament_install']
[0.261s] Level 1:colcon.colcon_core.package_identification:_identify(install) by extension 'ignore'
[0.261s] Level 1:colcon.colcon_core.package_identification:_identify(install) ignored
[0.261s] Level 1:colcon.colcon_core.package_identification:_identify(lazo_abierto) by extensions ['ignore', 'ignore_ament_install']
[0.261s] Level 1:colcon.colcon_core.package_identification:_identify(lazo_abierto) by extension 'ignore'
[0.261s] Level 1:colcon.colcon_core.package_identification:_identify(lazo_abierto) by extension 'ignore_ament_install'
[0.261s] Level 1:colcon.colcon_core.package_identification:_identify(lazo_abierto) by extensions ['colcon_pkg']
[0.261s] Level 1:colcon.colcon_core.package_identification:_identify(lazo_abierto) by extension 'colcon_pkg'
[0.261s] Level 1:colcon.colcon_core.package_identification:_identify(lazo_abierto) by extensions ['colcon_meta']
[0.261s] Level 1:colcon.colcon_core.package_identification:_identify(lazo_abierto) by extension 'colcon_meta'
[0.261s] Level 1:colcon.colcon_core.package_identification:_identify(lazo_abierto) by extensions ['ros']
[0.261s] Level 1:colcon.colcon_core.package_identification:_identify(lazo_abierto) by extension 'ros'
[0.263s] DEBUG:colcon.colcon_core.package_identification:Package 'lazo_abierto' with type 'ros.ament_cmake' and name 'lazo_abierto'
[0.263s] Level 1:colcon.colcon_core.package_identification:_identify(lazo_cerrado) by extensions ['ignore', 'ignore_ament_install']
[0.263s] Level 1:colcon.colcon_core.package_identification:_identify(lazo_cerrado) by extension 'ignore'
[0.264s] Level 1:colcon.colcon_core.package_identification:_identify(lazo_cerrado) by extension 'ignore_ament_install'
[0.264s] Level 1:colcon.colcon_core.package_identification:_identify(lazo_cerrado) by extensions ['colcon_pkg']
[0.264s] Level 1:colcon.colcon_core.package_identification:_identify(lazo_cerrado) by extension 'colcon_pkg'
[0.264s] Level 1:colcon.colcon_core.package_identification:_identify(lazo_cerrado) by extensions ['colcon_meta']
[0.264s] Level 1:colcon.colcon_core.package_identification:_identify(lazo_cerrado) by extension 'colcon_meta'
[0.264s] Level 1:colcon.colcon_core.package_identification:_identify(lazo_cerrado) by extensions ['ros']
[0.264s] Level 1:colcon.colcon_core.package_identification:_identify(lazo_cerrado) by extension 'ros'
[0.265s] DEBUG:colcon.colcon_core.package_identification:Package 'lazo_cerrado' with type 'ros.ament_cmake' and name 'lazo_cerrado'
[0.265s] Level 1:colcon.colcon_core.package_identification:_identify(log) by extensions ['ignore', 'ignore_ament_install']
[0.265s] Level 1:colcon.colcon_core.package_identification:_identify(log) by extension 'ignore'
[0.265s] Level 1:colcon.colcon_core.package_identification:_identify(log) ignored
[0.265s] Level 1:colcon.colcon_core.package_identification:_identify(modelo_omnidireccional) by extensions ['ignore', 'ignore_ament_install']
[0.266s] Level 1:colcon.colcon_core.package_identification:_identify(modelo_omnidireccional) by extension 'ignore'
[0.266s] Level 1:colcon.colcon_core.package_identification:_identify(modelo_omnidireccional) by extension 'ignore_ament_install'
[0.266s] Level 1:colcon.colcon_core.package_identification:_identify(modelo_omnidireccional) by extensions ['colcon_pkg']
[0.266s] Level 1:colcon.colcon_core.package_identification:_identify(modelo_omnidireccional) by extension 'colcon_pkg'
[0.266s] Level 1:colcon.colcon_core.package_identification:_identify(modelo_omnidireccional) by extensions ['colcon_meta']
[0.266s] Level 1:colcon.colcon_core.package_identification:_identify(modelo_omnidireccional) by extension 'colcon_meta'
[0.266s] Level 1:colcon.colcon_core.package_identification:_identify(modelo_omnidireccional) by extensions ['ros']
[0.266s] Level 1:colcon.colcon_core.package_identification:_identify(modelo_omnidireccional) by extension 'ros'
[0.267s] DEBUG:colcon.colcon_core.package_identification:Package 'modelo_omnidireccional' with type 'ros.ament_cmake' and name 'modelo_omnidireccional'
[0.267s] Level 1:colcon.colcon_core.package_identification:_identify(robmovil_msgs) by extensions ['ignore', 'ignore_ament_install']
[0.267s] Level 1:colcon.colcon_core.package_identification:_identify(robmovil_msgs) by extension 'ignore'
[0.267s] Level 1:colcon.colcon_core.package_identification:_identify(robmovil_msgs) by extension 'ignore_ament_install'
[0.267s] Level 1:colcon.colcon_core.package_identification:_identify(robmovil_msgs) by extensions ['colcon_pkg']
[0.267s] Level 1:colcon.colcon_core.package_identification:_identify(robmovil_msgs) by extension 'colcon_pkg'
[0.267s] Level 1:colcon.colcon_core.package_identification:_identify(robmovil_msgs) by extensions ['colcon_meta']
[0.267s] Level 1:colcon.colcon_core.package_identification:_identify(robmovil_msgs) by extension 'colcon_meta'
[0.267s] Level 1:colcon.colcon_core.package_identification:_identify(robmovil_msgs) by extensions ['ros']
[0.267s] Level 1:colcon.colcon_core.package_identification:_identify(robmovil_msgs) by extension 'ros'
[0.268s] DEBUG:colcon.colcon_core.package_identification:Package 'robmovil_msgs' with type 'ros.ament_cmake' and name 'robmovil_msgs'
[0.268s] Level 1:colcon.colcon_core.package_discovery:discover_packages(recursive) using defaults
[0.268s] Level 1:colcon.colcon_core.package_discovery:discover_packages(ignore) discover
[0.268s] Level 1:colcon.colcon_core.package_discovery:discover_packages(ignore) using defaults
[0.268s] Level 1:colcon.colcon_core.package_discovery:discover_packages(path) discover
[0.268s] Level 1:colcon.colcon_core.package_discovery:discover_packages(path) using defaults
[0.288s] Level 5:colcon.colcon_core.verb:set package 'robmovil_msgs' build argument 'cmake_args' from command line to 'None'
[0.288s] Level 5:colcon.colcon_core.verb:set package 'robmovil_msgs' build argument 'cmake_target' from command line to 'None'
[0.288s] Level 5:colcon.colcon_core.verb:set package 'robmovil_msgs' build argument 'cmake_target_skip_unavailable' from command line to 'False'
[0.288s] Level 5:colcon.colcon_core.verb:set package 'robmovil_msgs' build argument 'cmake_clean_cache' from command line to 'False'
[0.288s] Level 5:colcon.colcon_core.verb:set package 'robmovil_msgs' build argument 'cmake_clean_first' from command line to 'False'
[0.288s] Level 5:colcon.colcon_core.verb:set package 'robmovil_msgs' build argument 'cmake_force_configure' from command line to 'False'
[0.288s] Level 5:colcon.colcon_core.verb:set package 'robmovil_msgs' build argument 'ament_cmake_args' from command line to 'None'
[0.288s] Level 5:colcon.colcon_core.verb:set package 'robmovil_msgs' build argument 'catkin_cmake_args' from command line to 'None'
[0.288s] Level 5:colcon.colcon_core.verb:set package 'robmovil_msgs' build argument 'catkin_skip_building_tests' from command line to 'False'
[0.288s] DEBUG:colcon.colcon_core.verb:Building package 'robmovil_msgs' with the following arguments: {'ament_cmake_args': None, 'build_base': '/root/ros2_ws/src/robotica/build/robmovil_msgs', 'catkin_cmake_args': None, 'catkin_skip_building_tests': False, 'cmake_args': None, 'cmake_clean_cache': False, 'cmake_clean_first': False, 'cmake_force_configure': False, 'cmake_target': None, 'cmake_target_skip_unavailable': False, 'install_base': '/root/ros2_ws/src/robotica/install/robmovil_msgs', 'merge_install': False, 'path': '/root/ros2_ws/src/robotica/robmovil_msgs', 'symlink_install': False, 'test_result_base': None}
[0.289s] Level 5:colcon.colcon_core.verb:set package 'lazo_abierto' build argument 'cmake_args' from command line to 'None'
[0.289s] Level 5:colcon.colcon_core.verb:set package 'lazo_abierto' build argument 'cmake_target' from command line to 'None'
[0.289s] Level 5:colcon.colcon_core.verb:set package 'lazo_abierto' build argument 'cmake_target_skip_unavailable' from command line to 'False'
[0.289s] Level 5:colcon.colcon_core.verb:set package 'lazo_abierto' build argument 'cmake_clean_cache' from command line to 'False'
[0.289s] Level 5:colcon.colcon_core.verb:set package 'lazo_abierto' build argument 'cmake_clean_first' from command line to 'False'
[0.289s] Level 5:colcon.colcon_core.verb:set package 'lazo_abierto' build argument 'cmake_force_configure' from command line to 'False'
[0.289s] Level 5:colcon.colcon_core.verb:set package 'lazo_abierto' build argument 'ament_cmake_args' from command line to 'None'
[0.289s] Level 5:colcon.colcon_core.verb:set package 'lazo_abierto' build argument 'catkin_cmake_args' from command line to 'None'
[0.289s] Level 5:colcon.colcon_core.verb:set package 'lazo_abierto' build argument 'catkin_skip_building_tests' from command line to 'False'
[0.289s] DEBUG:colcon.colcon_core.verb:Building package 'lazo_abierto' with the following arguments: {'ament_cmake_args': None, 'build_base': '/root/ros2_ws/src/robotica/build/lazo_abierto', 'catkin_cmake_args': None, 'catkin_skip_building_tests': False, 'cmake_args': None, 'cmake_clean_cache': False, 'cmake_clean_first': False, 'cmake_force_configure': False, 'cmake_target': None, 'cmake_target_skip_unavailable': False, 'install_base': '/root/ros2_ws/src/robotica/install/lazo_abierto', 'merge_install': False, 'path': '/root/ros2_ws/src/robotica/lazo_abierto', 'symlink_install': False, 'test_result_base': None}
[0.289s] Level 5:colcon.colcon_core.verb:set package 'modelo_omnidireccional' build argument 'cmake_args' from command line to 'None'
[0.289s] Level 5:colcon.colcon_core.verb:set package 'modelo_omnidireccional' build argument 'cmake_target' from command line to 'None'
[0.289s] Level 5:colcon.colcon_core.verb:set package 'modelo_omnidireccional' build argument 'cmake_target_skip_unavailable' from command line to 'False'
[0.289s] Level 5:colcon.colcon_core.verb:set package 'modelo_omnidireccional' build argument 'cmake_clean_cache' from command line to 'False'
[0.289s] Level 5:colcon.colcon_core.verb:set package 'modelo_omnidireccional' build argument 'cmake_clean_first' from command line to 'False'
[0.289s] Level 5:colcon.colcon_core.verb:set package 'modelo_omnidireccional' build argument 'cmake_force_configure' from command line to 'False'
[0.289s] Level 5:colcon.colcon_core.verb:set package 'modelo_omnidireccional' build argument 'ament_cmake_args' from command line to 'None'
[0.290s] Level 5:colcon.colcon_core.verb:set package 'modelo_omnidireccional' build argument 'catkin_cmake_args' from command line to 'None'
[0.290s] Level 5:colcon.colcon_core.verb:set package 'modelo_omnidireccional' build argument 'catkin_skip_building_tests' from command line to 'False'
[0.290s] DEBUG:colcon.colcon_core.verb:Building package 'modelo_omnidireccional' with the following arguments: {'ament_cmake_args': None, 'build_base': '/root/ros2_ws/src/robotica/build/modelo_omnidireccional', 'catkin_cmake_args': None, 'catkin_skip_building_tests': False, 'cmake_args': None, 'cmake_clean_cache': False, 'cmake_clean_first': False, 'cmake_force_configure': False, 'cmake_target': None, 'cmake_target_skip_unavailable': False, 'install_base': '/root/ros2_ws/src/robotica/install/modelo_omnidireccional', 'merge_install': False, 'path': '/root/ros2_ws/src/robotica/modelo_omnidireccional', 'symlink_install': False, 'test_result_base': None}
[0.290s] Level 5:colcon.colcon_core.verb:set package 'lazo_cerrado' build argument 'cmake_args' from command line to 'None'
[0.290s] Level 5:colcon.colcon_core.verb:set package 'lazo_cerrado' build argument 'cmake_target' from command line to 'None'
[0.290s] Level 5:colcon.colcon_core.verb:set package 'lazo_cerrado' build argument 'cmake_target_skip_unavailable' from command line to 'False'
[0.290s] Level 5:colcon.colcon_core.verb:set package 'lazo_cerrado' build argument 'cmake_clean_cache' from command line to 'False'
[0.290s] Level 5:colcon.colcon_core.verb:set package 'lazo_cerrado' build argument 'cmake_clean_first' from command line to 'False'
[0.290s] Level 5:colcon.colcon_core.verb:set package 'lazo_cerrado' build argument 'cmake_force_configure' from command line to 'False'
[0.290s] Level 5:colcon.colcon_core.verb:set package 'lazo_cerrado' build argument 'ament_cmake_args' from command line to 'None'
[0.290s] Level 5:colcon.colcon_core.verb:set package 'lazo_cerrado' build argument 'catkin_cmake_args' from command line to 'None'
[0.290s] Level 5:colcon.colcon_core.verb:set package 'lazo_cerrado' build argument 'catkin_skip_building_tests' from command line to 'False'
[0.290s] DEBUG:colcon.colcon_core.verb:Building package 'lazo_cerrado' with the following arguments: {'ament_cmake_args': None, 'build_base': '/root/ros2_ws/src/robotica/build/lazo_cerrado', 'catkin_cmake_args': None, 'catkin_skip_building_tests': False, 'cmake_args': None, 'cmake_clean_cache': False, 'cmake_clean_first': False, 'cmake_force_configure': False, 'cmake_target': None, 'cmake_target_skip_unavailable': False, 'install_base': '/root/ros2_ws/src/robotica/install/lazo_cerrado', 'merge_install': False, 'path': '/root/ros2_ws/src/robotica/lazo_cerrado', 'symlink_install': False, 'test_result_base': None}
[0.290s] INFO:colcon.colcon_core.executor:Executing jobs using 'parallel' executor
[0.299s] DEBUG:colcon.colcon_parallel_executor.executor.parallel:run_until_complete
[0.300s] INFO:colcon.colcon_ros.task.ament_cmake.build:Building ROS package in '/root/ros2_ws/src/robotica/robmovil_msgs' with build type 'ament_cmake'
[0.300s] INFO:colcon.colcon_cmake.task.cmake.build:Building CMake package in '/root/ros2_ws/src/robotica/robmovil_msgs'
[0.303s] INFO:colcon.colcon_core.plugin_system:Skipping extension 'colcon_core.shell.bat': Not used on non-Windows systems
[0.303s] INFO:colcon.colcon_core.shell:Skip shell extension 'powershell' for command environment: Not usable outside of PowerShell
[0.304s] DEBUG:colcon.colcon_core.shell:Skip shell extension 'dsv' for command environment
[0.323s] DEBUG:colcon.colcon_core.event_handler.log_command:Invoking command in '/root/ros2_ws/src/robotica/build/robmovil_msgs': CMAKE_PREFIX_PATH=${CMAKE_PREFIX_PATH}:/opt/ros/humble /usr/bin/cmake --build /root/ros2_ws/src/robotica/build/robmovil_msgs -- -j4 -l4
[0.763s] DEBUG:colcon.colcon_core.event_handler.log_command:Invoked command in '/root/ros2_ws/src/robotica/build/robmovil_msgs' returned '0': CMAKE_PREFIX_PATH=${CMAKE_PREFIX_PATH}:/opt/ros/humble /usr/bin/cmake --build /root/ros2_ws/src/robotica/build/robmovil_msgs -- -j4 -l4
[0.779s] DEBUG:colcon.colcon_core.event_handler.log_command:Invoking command in '/root/ros2_ws/src/robotica/build/robmovil_msgs': CMAKE_PREFIX_PATH=${CMAKE_PREFIX_PATH}:/opt/ros/humble /usr/bin/cmake --install /root/ros2_ws/src/robotica/build/robmovil_msgs
[0.868s] Level 1:colcon.colcon_core.environment:create_environment_scripts_only(robmovil_msgs)
[0.868s] DEBUG:colcon.colcon_core.event_handler.log_command:Invoked command in '/root/ros2_ws/src/robotica/build/robmovil_msgs' returned '0': CMAKE_PREFIX_PATH=${CMAKE_PREFIX_PATH}:/opt/ros/humble /usr/bin/cmake --install /root/ros2_ws/src/robotica/build/robmovil_msgs
[0.871s] Level 1:colcon.colcon_core.environment:checking '/root/ros2_ws/src/robotica/install/robmovil_msgs' for CMake module files
[0.872s] Level 1:colcon.colcon_core.environment:checking '/root/ros2_ws/src/robotica/install/robmovil_msgs' for CMake config files
[0.873s] Level 1:colcon.colcon_core.shell:create_environment_hook('robmovil_msgs', 'cmake_prefix_path')
[0.873s] INFO:colcon.colcon_core.shell:Creating environment hook '/root/ros2_ws/src/robotica/install/robmovil_msgs/share/robmovil_msgs/hook/cmake_prefix_path.ps1'
[0.874s] INFO:colcon.colcon_core.shell:Creating environment descriptor '/root/ros2_ws/src/robotica/install/robmovil_msgs/share/robmovil_msgs/hook/cmake_prefix_path.dsv'
[0.874s] INFO:colcon.colcon_core.shell:Creating environment hook '/root/ros2_ws/src/robotica/install/robmovil_msgs/share/robmovil_msgs/hook/cmake_prefix_path.sh'
[0.876s] Level 1:colcon.colcon_core.environment:checking '/root/ros2_ws/src/robotica/install/robmovil_msgs/lib'
[0.876s] Level 1:colcon.colcon_core.shell:create_environment_hook('robmovil_msgs', 'ld_library_path_lib')
[0.876s] INFO:colcon.colcon_core.shell:Creating environment hook '/root/ros2_ws/src/robotica/install/robmovil_msgs/share/robmovil_msgs/hook/ld_library_path_lib.ps1'
[0.877s] INFO:colcon.colcon_core.shell:Creating environment descriptor '/root/ros2_ws/src/robotica/install/robmovil_msgs/share/robmovil_msgs/hook/ld_library_path_lib.dsv'
[0.877s] INFO:colcon.colcon_core.shell:Creating environment hook '/root/ros2_ws/src/robotica/install/robmovil_msgs/share/robmovil_msgs/hook/ld_library_path_lib.sh'
[0.878s] Level 1:colcon.colcon_core.environment:checking '/root/ros2_ws/src/robotica/install/robmovil_msgs/bin'
[0.878s] Level 1:colcon.colcon_core.environment:checking '/root/ros2_ws/src/robotica/install/robmovil_msgs/lib/pkgconfig/robmovil_msgs.pc'
[0.880s] Level 1:colcon.colcon_core.environment:checking '/root/ros2_ws/src/robotica/install/robmovil_msgs/lib/python3.10/site-packages'
[0.880s] Level 1:colcon.colcon_core.environment:checking '/root/ros2_ws/src/robotica/install/robmovil_msgs/bin'
[0.881s] INFO:colcon.colcon_core.shell:Creating package script '/root/ros2_ws/src/robotica/install/robmovil_msgs/share/robmovil_msgs/package.ps1'
[0.882s] INFO:colcon.colcon_core.shell:Creating package descriptor '/root/ros2_ws/src/robotica/install/robmovil_msgs/share/robmovil_msgs/package.dsv'
[0.883s] INFO:colcon.colcon_core.shell:Creating package script '/root/ros2_ws/src/robotica/install/robmovil_msgs/share/robmovil_msgs/package.sh'
[0.884s] INFO:colcon.colcon_core.shell:Creating package script '/root/ros2_ws/src/robotica/install/robmovil_msgs/share/robmovil_msgs/package.bash'
[0.885s] INFO:colcon.colcon_core.shell:Creating package script '/root/ros2_ws/src/robotica/install/robmovil_msgs/share/robmovil_msgs/package.zsh'
[0.886s] Level 1:colcon.colcon_core.environment:create_file_with_runtime_dependencies(/root/ros2_ws/src/robotica/install/robmovil_msgs/share/colcon-core/packages/robmovil_msgs)
[0.886s] Level 1:colcon.colcon_core.environment:create_environment_scripts_only(robmovil_msgs)
[0.887s] Level 1:colcon.colcon_core.environment:checking '/root/ros2_ws/src/robotica/install/robmovil_msgs' for CMake module files
[0.887s] Level 1:colcon.colcon_core.environment:checking '/root/ros2_ws/src/robotica/install/robmovil_msgs' for CMake config files
[0.888s] Level 1:colcon.colcon_core.shell:create_environment_hook('robmovil_msgs', 'cmake_prefix_path')
[0.888s] INFO:colcon.colcon_core.shell:Creating environment hook '/root/ros2_ws/src/robotica/install/robmovil_msgs/share/robmovil_msgs/hook/cmake_prefix_path.ps1'
[0.888s] INFO:colcon.colcon_core.shell:Creating environment descriptor '/root/ros2_ws/src/robotica/install/robmovil_msgs/share/robmovil_msgs/hook/cmake_prefix_path.dsv'
[0.889s] INFO:colcon.colcon_core.shell:Creating environment hook '/root/ros2_ws/src/robotica/install/robmovil_msgs/share/robmovil_msgs/hook/cmake_prefix_path.sh'
[0.889s] Level 1:colcon.colcon_core.environment:checking '/root/ros2_ws/src/robotica/install/robmovil_msgs/lib'
[0.889s] Level 1:colcon.colcon_core.shell:create_environment_hook('robmovil_msgs', 'ld_library_path_lib')
[0.890s] INFO:colcon.colcon_core.shell:Creating environment hook '/root/ros2_ws/src/robotica/install/robmovil_msgs/share/robmovil_msgs/hook/ld_library_path_lib.ps1'
[0.890s] INFO:colcon.colcon_core.shell:Creating environment descriptor '/root/ros2_ws/src/robotica/install/robmovil_msgs/share/robmovil_msgs/hook/ld_library_path_lib.dsv'
[0.890s] INFO:colcon.colcon_core.shell:Creating environment hook '/root/ros2_ws/src/robotica/install/robmovil_msgs/share/robmovil_msgs/hook/ld_library_path_lib.sh'
[0.891s] Level 1:colcon.colcon_core.environment:checking '/root/ros2_ws/src/robotica/install/robmovil_msgs/bin'
[0.891s] Level 1:colcon.colcon_core.environment:checking '/root/ros2_ws/src/robotica/install/robmovil_msgs/lib/pkgconfig/robmovil_msgs.pc'
[0.891s] Level 1:colcon.colcon_core.environment:checking '/root/ros2_ws/src/robotica/install/robmovil_msgs/lib/python3.10/site-packages'
[0.892s] Level 1:colcon.colcon_core.environment:checking '/root/ros2_ws/src/robotica/install/robmovil_msgs/bin'
[0.892s] INFO:colcon.colcon_core.shell:Creating package script '/root/ros2_ws/src/robotica/install/robmovil_msgs/share/robmovil_msgs/package.ps1'
[0.892s] INFO:colcon.colcon_core.shell:Creating package descriptor '/root/ros2_ws/src/robotica/install/robmovil_msgs/share/robmovil_msgs/package.dsv'
[0.893s] INFO:colcon.colcon_core.shell:Creating package script '/root/ros2_ws/src/robotica/install/robmovil_msgs/share/robmovil_msgs/package.sh'
[0.893s] INFO:colcon.colcon_core.shell:Creating package script '/root/ros2_ws/src/robotica/install/robmovil_msgs/share/robmovil_msgs/package.bash'
[0.894s] INFO:colcon.colcon_core.shell:Creating package script '/root/ros2_ws/src/robotica/install/robmovil_msgs/share/robmovil_msgs/package.zsh'
[0.894s] Level 1:colcon.colcon_core.environment:create_file_with_runtime_dependencies(/root/ros2_ws/src/robotica/install/robmovil_msgs/share/colcon-core/packages/robmovil_msgs)
[0.895s] INFO:colcon.colcon_ros.task.ament_cmake.build:Building ROS package in '/root/ros2_ws/src/robotica/lazo_abierto' with build type 'ament_cmake'
[0.895s] INFO:colcon.colcon_cmake.task.cmake.build:Building CMake package in '/root/ros2_ws/src/robotica/lazo_abierto'
[0.895s] INFO:colcon.colcon_core.shell:Skip shell extension 'powershell' for command environment: Not usable outside of PowerShell
[0.895s] DEBUG:colcon.colcon_core.shell:Skip shell extension 'dsv' for command environment
[0.901s] INFO:colcon.colcon_ros.task.ament_cmake.build:Building ROS package in '/root/ros2_ws/src/robotica/modelo_omnidireccional' with build type 'ament_cmake'
[0.901s] INFO:colcon.colcon_cmake.task.cmake.build:Building CMake package in '/root/ros2_ws/src/robotica/modelo_omnidireccional'
[0.901s] INFO:colcon.colcon_core.shell:Skip shell extension 'powershell' for command environment: Not usable outside of PowerShell
[0.902s] DEBUG:colcon.colcon_core.shell:Skip shell extension 'dsv' for command environment
[0.909s] DEBUG:colcon.colcon_core.event_handler.log_command:Invoking command in '/root/ros2_ws/src/robotica/build/lazo_abierto': CMAKE_PREFIX_PATH=/root/ros2_ws/src/robotica/install/robmovil_msgs:/root/ros2_ws/src/robotica/install/modelo_omnidireccional:/root/ros2_ws/src/robotica/install/lazo_cerrado:/root/ros2_ws/src/robotica/install/lazo_abierto:/root/ros2_ws/install/lazo_cerrado:/root/ros2_ws/install/lazo_abierto:/root/ros2_ws/install/sim_ros2_interface:/root/ros2_ws/install/modelo_omnidireccional:/root/ros2_ws/install/robmovil_msgs:/opt/ros/humble LD_LIBRARY_PATH=/root/ros2_ws/src/robotica/install/robmovil_msgs/lib:/root/ros2_ws/src/robotica/install/lazo_abierto/lib:/root/ros2_ws/install/lazo_abierto/lib:/root/ros2_ws/install/robmovil_msgs/lib:/usr/lib/x86_64-linux-gnu/gazebo-11/plugins:/opt/ros/humble/opt/rviz_ogre_vendor/lib:/opt/ros/humble/lib/x86_64-linux-gnu:/opt/ros/humble/lib:/usr/lib/x86_64-linux-gnu/gazebo-11/plugins /usr/bin/cmake --build /root/ros2_ws/src/robotica/build/lazo_abierto -- -j4 -l4
[0.914s] DEBUG:colcon.colcon_core.event_handler.log_command:Invoking command in '/root/ros2_ws/src/robotica/build/modelo_omnidireccional': CMAKE_PREFIX_PATH=/root/ros2_ws/src/robotica/install/robmovil_msgs:/root/ros2_ws/src/robotica/install/modelo_omnidireccional:/root/ros2_ws/src/robotica/install/lazo_cerrado:/root/ros2_ws/src/robotica/install/lazo_abierto:/root/ros2_ws/install/lazo_cerrado:/root/ros2_ws/install/lazo_abierto:/root/ros2_ws/install/sim_ros2_interface:/root/ros2_ws/install/modelo_omnidireccional:/root/ros2_ws/install/robmovil_msgs:/opt/ros/humble LD_LIBRARY_PATH=/root/ros2_ws/src/robotica/install/robmovil_msgs/lib:/root/ros2_ws/src/robotica/install/lazo_abierto/lib:/root/ros2_ws/install/lazo_abierto/lib:/root/ros2_ws/install/robmovil_msgs/lib:/usr/lib/x86_64-linux-gnu/gazebo-11/plugins:/opt/ros/humble/opt/rviz_ogre_vendor/lib:/opt/ros/humble/lib/x86_64-linux-gnu:/opt/ros/humble/lib:/usr/lib/x86_64-linux-gnu/gazebo-11/plugins /usr/bin/cmake --build /root/ros2_ws/src/robotica/build/modelo_omnidireccional -- -j4 -l4
[1.013s] DEBUG:colcon.colcon_core.event_handler.log_command:Invoked command in '/root/ros2_ws/src/robotica/build/modelo_omnidireccional' returned '0': CMAKE_PREFIX_PATH=/root/ros2_ws/src/robotica/install/robmovil_msgs:/root/ros2_ws/src/robotica/install/modelo_omnidireccional:/root/ros2_ws/src/robotica/install/lazo_cerrado:/root/ros2_ws/src/robotica/install/lazo_abierto:/root/ros2_ws/install/lazo_cerrado:/root/ros2_ws/install/lazo_abierto:/root/ros2_ws/install/sim_ros2_interface:/root/ros2_ws/install/modelo_omnidireccional:/root/ros2_ws/install/robmovil_msgs:/opt/ros/humble LD_LIBRARY_PATH=/root/ros2_ws/src/robotica/install/robmovil_msgs/lib:/root/ros2_ws/src/robotica/install/lazo_abierto/lib:/root/ros2_ws/install/lazo_abierto/lib:/root/ros2_ws/install/robmovil_msgs/lib:/usr/lib/x86_64-linux-gnu/gazebo-11/plugins:/opt/ros/humble/opt/rviz_ogre_vendor/lib:/opt/ros/humble/lib/x86_64-linux-gnu:/opt/ros/humble/lib:/usr/lib/x86_64-linux-gnu/gazebo-11/plugins /usr/bin/cmake --build /root/ros2_ws/src/robotica/build/modelo_omnidireccional -- -j4 -l4
[1.015s] DEBUG:colcon.colcon_core.event_handler.log_command:Invoking command in '/root/ros2_ws/src/robotica/build/modelo_omnidireccional': CMAKE_PREFIX_PATH=/root/ros2_ws/src/robotica/install/robmovil_msgs:/root/ros2_ws/src/robotica/install/modelo_omnidireccional:/root/ros2_ws/src/robotica/install/lazo_cerrado:/root/ros2_ws/src/robotica/install/lazo_abierto:/root/ros2_ws/install/lazo_cerrado:/root/ros2_ws/install/lazo_abierto:/root/ros2_ws/install/sim_ros2_interface:/root/ros2_ws/install/modelo_omnidireccional:/root/ros2_ws/install/robmovil_msgs:/opt/ros/humble LD_LIBRARY_PATH=/root/ros2_ws/src/robotica/install/robmovil_msgs/lib:/root/ros2_ws/src/robotica/install/lazo_abierto/lib:/root/ros2_ws/install/lazo_abierto/lib:/root/ros2_ws/install/robmovil_msgs/lib:/usr/lib/x86_64-linux-gnu/gazebo-11/plugins:/opt/ros/humble/opt/rviz_ogre_vendor/lib:/opt/ros/humble/lib/x86_64-linux-gnu:/opt/ros/humble/lib:/usr/lib/x86_64-linux-gnu/gazebo-11/plugins /usr/bin/cmake --install /root/ros2_ws/src/robotica/build/modelo_omnidireccional
[1.024s] Level 1:colcon.colcon_core.environment:create_environment_scripts_only(modelo_omnidireccional)
[1.025s] Level 1:colcon.colcon_core.environment:checking '/root/ros2_ws/src/robotica/install/modelo_omnidireccional' for CMake module files
[1.025s] Level 1:colcon.colcon_core.environment:checking '/root/ros2_ws/src/robotica/install/modelo_omnidireccional' for CMake config files
[1.026s] Level 1:colcon.colcon_core.shell:create_environment_hook('modelo_omnidireccional', 'cmake_prefix_path')
[1.026s] INFO:colcon.colcon_core.shell:Creating environment hook '/root/ros2_ws/src/robotica/install/modelo_omnidireccional/share/modelo_omnidireccional/hook/cmake_prefix_path.ps1'
[1.027s] DEBUG:colcon.colcon_core.event_handler.log_command:Invoked command in '/root/ros2_ws/src/robotica/build/modelo_omnidireccional' returned '0': CMAKE_PREFIX_PATH=/root/ros2_ws/src/robotica/install/robmovil_msgs:/root/ros2_ws/src/robotica/install/modelo_omnidireccional:/root/ros2_ws/src/robotica/install/lazo_cerrado:/root/ros2_ws/src/robotica/install/lazo_abierto:/root/ros2_ws/install/lazo_cerrado:/root/ros2_ws/install/lazo_abierto:/root/ros2_ws/install/sim_ros2_interface:/root/ros2_ws/install/modelo_omnidireccional:/root/ros2_ws/install/robmovil_msgs:/opt/ros/humble LD_LIBRARY_PATH=/root/ros2_ws/src/robotica/install/robmovil_msgs/lib:/root/ros2_ws/src/robotica/install/lazo_abierto/lib:/root/ros2_ws/install/lazo_abierto/lib:/root/ros2_ws/install/robmovil_msgs/lib:/usr/lib/x86_64-linux-gnu/gazebo-11/plugins:/opt/ros/humble/opt/rviz_ogre_vendor/lib:/opt/ros/humble/lib/x86_64-linux-gnu:/opt/ros/humble/lib:/usr/lib/x86_64-linux-gnu/gazebo-11/plugins /usr/bin/cmake --install /root/ros2_ws/src/robotica/build/modelo_omnidireccional
[1.027s] INFO:colcon.colcon_core.shell:Creating environment descriptor '/root/ros2_ws/src/robotica/install/modelo_omnidireccional/share/modelo_omnidireccional/hook/cmake_prefix_path.dsv'
[1.027s] INFO:colcon.colcon_core.shell:Creating environment hook '/root/ros2_ws/src/robotica/install/modelo_omnidireccional/share/modelo_omnidireccional/hook/cmake_prefix_path.sh'
[1.028s] Level 1:colcon.colcon_core.environment:checking '/root/ros2_ws/src/robotica/install/modelo_omnidireccional/lib'
[1.028s] Level 1:colcon.colcon_core.environment:checking '/root/ros2_ws/src/robotica/install/modelo_omnidireccional/bin'
[1.028s] Level 1:colcon.colcon_core.environment:checking '/root/ros2_ws/src/robotica/install/modelo_omnidireccional/lib/pkgconfig/modelo_omnidireccional.pc'
[1.029s] Level 1:colcon.colcon_core.environment:checking '/root/ros2_ws/src/robotica/install/modelo_omnidireccional/lib/python3.10/site-packages'
[1.029s] Level 1:colcon.colcon_core.environment:checking '/root/ros2_ws/src/robotica/install/modelo_omnidireccional/bin'
[1.029s] INFO:colcon.colcon_core.shell:Creating package script '/root/ros2_ws/src/robotica/install/modelo_omnidireccional/share/modelo_omnidireccional/package.ps1'
[1.030s] INFO:colcon.colcon_core.shell:Creating package descriptor '/root/ros2_ws/src/robotica/install/modelo_omnidireccional/share/modelo_omnidireccional/package.dsv'
[1.030s] INFO:colcon.colcon_core.shell:Creating package script '/root/ros2_ws/src/robotica/install/modelo_omnidireccional/share/modelo_omnidireccional/package.sh'
[1.031s] INFO:colcon.colcon_core.shell:Creating package script '/root/ros2_ws/src/robotica/install/modelo_omnidireccional/share/modelo_omnidireccional/package.bash'
[1.032s] INFO:colcon.colcon_core.shell:Creating package script '/root/ros2_ws/src/robotica/install/modelo_omnidireccional/share/modelo_omnidireccional/package.zsh'
[1.032s] Level 1:colcon.colcon_core.environment:create_file_with_runtime_dependencies(/root/ros2_ws/src/robotica/install/modelo_omnidireccional/share/colcon-core/packages/modelo_omnidireccional)
[1.033s] Level 1:colcon.colcon_core.environment:create_environment_scripts_only(modelo_omnidireccional)
[1.033s] Level 1:colcon.colcon_core.environment:checking '/root/ros2_ws/src/robotica/install/modelo_omnidireccional' for CMake module files
[1.034s] Level 1:colcon.colcon_core.environment:checking '/root/ros2_ws/src/robotica/install/modelo_omnidireccional' for CMake config files
[1.034s] Level 1:colcon.colcon_core.shell:create_environment_hook('modelo_omnidireccional', 'cmake_prefix_path')
[1.034s] INFO:colcon.colcon_core.shell:Creating environment hook '/root/ros2_ws/src/robotica/install/modelo_omnidireccional/share/modelo_omnidireccional/hook/cmake_prefix_path.ps1'
[1.035s] INFO:colcon.colcon_core.shell:Creating environment descriptor '/root/ros2_ws/src/robotica/install/modelo_omnidireccional/share/modelo_omnidireccional/hook/cmake_prefix_path.dsv'
[1.036s] INFO:colcon.colcon_core.shell:Creating environment hook '/root/ros2_ws/src/robotica/install/modelo_omnidireccional/share/modelo_omnidireccional/hook/cmake_prefix_path.sh'
[1.037s] Level 1:colcon.colcon_core.environment:checking '/root/ros2_ws/src/robotica/install/modelo_omnidireccional/lib'
[1.037s] Level 1:colcon.colcon_core.environment:checking '/root/ros2_ws/src/robotica/install/modelo_omnidireccional/bin'
[1.037s] Level 1:colcon.colcon_core.environment:checking '/root/ros2_ws/src/robotica/install/modelo_omnidireccional/lib/pkgconfig/modelo_omnidireccional.pc'
[1.037s] Level 1:colcon.colcon_core.environment:checking '/root/ros2_ws/src/robotica/install/modelo_omnidireccional/lib/python3.10/site-packages'
[1.038s] Level 1:colcon.colcon_core.environment:checking '/root/ros2_ws/src/robotica/install/modelo_omnidireccional/bin'
[1.038s] INFO:colcon.colcon_core.shell:Creating package script '/root/ros2_ws/src/robotica/install/modelo_omnidireccional/share/modelo_omnidireccional/package.ps1'
[1.039s] INFO:colcon.colcon_core.shell:Creating package descriptor '/root/ros2_ws/src/robotica/install/modelo_omnidireccional/share/modelo_omnidireccional/package.dsv'
[1.039s] INFO:colcon.colcon_core.shell:Creating package script '/root/ros2_ws/src/robotica/install/modelo_omnidireccional/share/modelo_omnidireccional/package.sh'
[1.040s] INFO:colcon.colcon_core.shell:Creating package script '/root/ros2_ws/src/robotica/install/modelo_omnidireccional/share/modelo_omnidireccional/package.bash'
[1.040s] INFO:colcon.colcon_core.shell:Creating package script '/root/ros2_ws/src/robotica/install/modelo_omnidireccional/share/modelo_omnidireccional/package.zsh'
[1.040s] Level 1:colcon.colcon_core.environment:create_file_with_runtime_dependencies(/root/ros2_ws/src/robotica/install/modelo_omnidireccional/share/colcon-core/packages/modelo_omnidireccional)
[1.048s] DEBUG:colcon.colcon_core.event_handler.log_command:Invoked command in '/root/ros2_ws/src/robotica/build/lazo_abierto' returned '0': CMAKE_PREFIX_PATH=/root/ros2_ws/src/robotica/install/robmovil_msgs:/root/ros2_ws/src/robotica/install/modelo_omnidireccional:/root/ros2_ws/src/robotica/install/lazo_cerrado:/root/ros2_ws/src/robotica/install/lazo_abierto:/root/ros2_ws/install/lazo_cerrado:/root/ros2_ws/install/lazo_abierto:/root/ros2_ws/install/sim_ros2_interface:/root/ros2_ws/install/modelo_omnidireccional:/root/ros2_ws/install/robmovil_msgs:/opt/ros/humble LD_LIBRARY_PATH=/root/ros2_ws/src/robotica/install/robmovil_msgs/lib:/root/ros2_ws/src/robotica/install/lazo_abierto/lib:/root/ros2_ws/install/lazo_abierto/lib:/root/ros2_ws/install/robmovil_msgs/lib:/usr/lib/x86_64-linux-gnu/gazebo-11/plugins:/opt/ros/humble/opt/rviz_ogre_vendor/lib:/opt/ros/humble/lib/x86_64-linux-gnu:/opt/ros/humble/lib:/usr/lib/x86_64-linux-gnu/gazebo-11/plugins /usr/bin/cmake --build /root/ros2_ws/src/robotica/build/lazo_abierto -- -j4 -l4
[1.049s] DEBUG:colcon.colcon_core.event_handler.log_command:Invoking command in '/root/ros2_ws/src/robotica/build/lazo_abierto': CMAKE_PREFIX_PATH=/root/ros2_ws/src/robotica/install/robmovil_msgs:/root/ros2_ws/src/robotica/install/modelo_omnidireccional:/root/ros2_ws/src/robotica/install/lazo_cerrado:/root/ros2_ws/src/robotica/install/lazo_abierto:/root/ros2_ws/install/lazo_cerrado:/root/ros2_ws/install/lazo_abierto:/root/ros2_ws/install/sim_ros2_interface:/root/ros2_ws/install/modelo_omnidireccional:/root/ros2_ws/install/robmovil_msgs:/opt/ros/humble LD_LIBRARY_PATH=/root/ros2_ws/src/robotica/install/robmovil_msgs/lib:/root/ros2_ws/src/robotica/install/lazo_abierto/lib:/root/ros2_ws/install/lazo_abierto/lib:/root/ros2_ws/install/robmovil_msgs/lib:/usr/lib/x86_64-linux-gnu/gazebo-11/plugins:/opt/ros/humble/opt/rviz_ogre_vendor/lib:/opt/ros/humble/lib/x86_64-linux-gnu:/opt/ros/humble/lib:/usr/lib/x86_64-linux-gnu/gazebo-11/plugins /usr/bin/cmake --install /root/ros2_ws/src/robotica/build/lazo_abierto
[1.060s] Level 1:colcon.colcon_core.environment:create_environment_scripts_only(lazo_abierto)
[1.060s] Level 1:colcon.colcon_core.environment:checking '/root/ros2_ws/src/robotica/install/lazo_abierto' for CMake module files
[1.062s] DEBUG:colcon.colcon_core.event_handler.log_command:Invoked command in '/root/ros2_ws/src/robotica/build/lazo_abierto' returned '0': CMAKE_PREFIX_PATH=/root/ros2_ws/src/robotica/install/robmovil_msgs:/root/ros2_ws/src/robotica/install/modelo_omnidireccional:/root/ros2_ws/src/robotica/install/lazo_cerrado:/root/ros2_ws/src/robotica/install/lazo_abierto:/root/ros2_ws/install/lazo_cerrado:/root/ros2_ws/install/lazo_abierto:/root/ros2_ws/install/sim_ros2_interface:/root/ros2_ws/install/modelo_omnidireccional:/root/ros2_ws/install/robmovil_msgs:/opt/ros/humble LD_LIBRARY_PATH=/root/ros2_ws/src/robotica/install/robmovil_msgs/lib:/root/ros2_ws/src/robotica/install/lazo_abierto/lib:/root/ros2_ws/install/lazo_abierto/lib:/root/ros2_ws/install/robmovil_msgs/lib:/usr/lib/x86_64-linux-gnu/gazebo-11/plugins:/opt/ros/humble/opt/rviz_ogre_vendor/lib:/opt/ros/humble/lib/x86_64-linux-gnu:/opt/ros/humble/lib:/usr/lib/x86_64-linux-gnu/gazebo-11/plugins /usr/bin/cmake --install /root/ros2_ws/src/robotica/build/lazo_abierto
[1.063s] Level 1:colcon.colcon_core.environment:checking '/root/ros2_ws/src/robotica/install/lazo_abierto' for CMake config files
[1.063s] Level 1:colcon.colcon_core.shell:create_environment_hook('lazo_abierto', 'cmake_prefix_path')
[1.063s] INFO:colcon.colcon_core.shell:Creating environment hook '/root/ros2_ws/src/robotica/install/lazo_abierto/share/lazo_abierto/hook/cmake_prefix_path.ps1'
[1.064s] INFO:colcon.colcon_core.shell:Creating environment descriptor '/root/ros2_ws/src/robotica/install/lazo_abierto/share/lazo_abierto/hook/cmake_prefix_path.dsv'
[1.065s] INFO:colcon.colcon_core.shell:Creating environment hook '/root/ros2_ws/src/robotica/install/lazo_abierto/share/lazo_abierto/hook/cmake_prefix_path.sh'
[1.065s] Level 1:colcon.colcon_core.environment:checking '/root/ros2_ws/src/robotica/install/lazo_abierto/lib'
[1.065s] Level 1:colcon.colcon_core.environment:checking '/root/ros2_ws/src/robotica/install/lazo_abierto/bin'
[1.066s] Level 1:colcon.colcon_core.environment:checking '/root/ros2_ws/src/robotica/install/lazo_abierto/lib/pkgconfig/lazo_abierto.pc'
[1.066s] Level 1:colcon.colcon_core.environment:checking '/root/ros2_ws/src/robotica/install/lazo_abierto/lib/python3.10/site-packages'
[1.066s] Level 1:colcon.colcon_core.environment:checking '/root/ros2_ws/src/robotica/install/lazo_abierto/bin'
[1.067s] INFO:colcon.colcon_core.shell:Creating package script '/root/ros2_ws/src/robotica/install/lazo_abierto/share/lazo_abierto/package.ps1'
[1.067s] INFO:colcon.colcon_core.shell:Creating package descriptor '/root/ros2_ws/src/robotica/install/lazo_abierto/share/lazo_abierto/package.dsv'
[1.068s] INFO:colcon.colcon_core.shell:Creating package script '/root/ros2_ws/src/robotica/install/lazo_abierto/share/lazo_abierto/package.sh'
[1.068s] INFO:colcon.colcon_core.shell:Creating package script '/root/ros2_ws/src/robotica/install/lazo_abierto/share/lazo_abierto/package.bash'
[1.069s] INFO:colcon.colcon_core.shell:Creating package script '/root/ros2_ws/src/robotica/install/lazo_abierto/share/lazo_abierto/package.zsh'
[1.069s] Level 1:colcon.colcon_core.environment:create_file_with_runtime_dependencies(/root/ros2_ws/src/robotica/install/lazo_abierto/share/colcon-core/packages/lazo_abierto)
[1.070s] Level 1:colcon.colcon_core.environment:create_environment_scripts_only(lazo_abierto)
[1.070s] Level 1:colcon.colcon_core.environment:checking '/root/ros2_ws/src/robotica/install/lazo_abierto' for CMake module files
[1.071s] Level 1:colcon.colcon_core.environment:checking '/root/ros2_ws/src/robotica/install/lazo_abierto' for CMake config files
[1.071s] Level 1:colcon.colcon_core.shell:create_environment_hook('lazo_abierto', 'cmake_prefix_path')
[1.071s] INFO:colcon.colcon_core.shell:Creating environment hook '/root/ros2_ws/src/robotica/install/lazo_abierto/share/lazo_abierto/hook/cmake_prefix_path.ps1'
[1.072s] INFO:colcon.colcon_core.shell:Creating environment descriptor '/root/ros2_ws/src/robotica/install/lazo_abierto/share/lazo_abierto/hook/cmake_prefix_path.dsv'
[1.072s] INFO:colcon.colcon_core.shell:Creating environment hook '/root/ros2_ws/src/robotica/install/lazo_abierto/share/lazo_abierto/hook/cmake_prefix_path.sh'
[1.073s] Level 1:colcon.colcon_core.environment:checking '/root/ros2_ws/src/robotica/install/lazo_abierto/lib'
[1.073s] Level 1:colcon.colcon_core.environment:checking '/root/ros2_ws/src/robotica/install/lazo_abierto/bin'
[1.073s] Level 1:colcon.colcon_core.environment:checking '/root/ros2_ws/src/robotica/install/lazo_abierto/lib/pkgconfig/lazo_abierto.pc'
[1.073s] Level 1:colcon.colcon_core.environment:checking '/root/ros2_ws/src/robotica/install/lazo_abierto/lib/python3.10/site-packages'
[1.073s] Level 1:colcon.colcon_core.environment:checking '/root/ros2_ws/src/robotica/install/lazo_abierto/bin'
[1.074s] INFO:colcon.colcon_core.shell:Creating package script '/root/ros2_ws/src/robotica/install/lazo_abierto/share/lazo_abierto/package.ps1'
[1.074s] INFO:colcon.colcon_core.shell:Creating package descriptor '/root/ros2_ws/src/robotica/install/lazo_abierto/share/lazo_abierto/package.dsv'
[1.075s] INFO:colcon.colcon_core.shell:Creating package script '/root/ros2_ws/src/robotica/install/lazo_abierto/share/lazo_abierto/package.sh'
[1.075s] INFO:colcon.colcon_core.shell:Creating package script '/root/ros2_ws/src/robotica/install/lazo_abierto/share/lazo_abierto/package.bash'
[1.075s] INFO:colcon.colcon_core.shell:Creating package script '/root/ros2_ws/src/robotica/install/lazo_abierto/share/lazo_abierto/package.zsh'
[1.076s] Level 1:colcon.colcon_core.environment:create_file_with_runtime_dependencies(/root/ros2_ws/src/robotica/install/lazo_abierto/share/colcon-core/packages/lazo_abierto)
[1.076s] INFO:colcon.colcon_ros.task.ament_cmake.build:Building ROS package in '/root/ros2_ws/src/robotica/lazo_cerrado' with build type 'ament_cmake'
[1.076s] INFO:colcon.colcon_cmake.task.cmake.build:Building CMake package in '/root/ros2_ws/src/robotica/lazo_cerrado'
[1.077s] INFO:colcon.colcon_core.shell:Skip shell extension 'powershell' for command environment: Not usable outside of PowerShell
[1.077s] DEBUG:colcon.colcon_core.shell:Skip shell extension 'dsv' for command environment
[1.094s] DEBUG:colcon.colcon_core.event_handler.log_command:Invoking command in '/root/ros2_ws/src/robotica/build/lazo_cerrado': CMAKE_PREFIX_PATH=/root/ros2_ws/src/robotica/install/lazo_abierto:/root/ros2_ws/src/robotica/install/robmovil_msgs:/root/ros2_ws/src/robotica/install/modelo_omnidireccional:/root/ros2_ws/src/robotica/install/lazo_cerrado:/root/ros2_ws/install/lazo_cerrado:/root/ros2_ws/install/lazo_abierto:/root/ros2_ws/install/sim_ros2_interface:/root/ros2_ws/install/modelo_omnidireccional:/root/ros2_ws/install/robmovil_msgs:/opt/ros/humble LD_LIBRARY_PATH=/root/ros2_ws/src/robotica/install/robmovil_msgs/lib:/root/ros2_ws/src/robotica/install/lazo_abierto/lib:/root/ros2_ws/install/lazo_abierto/lib:/root/ros2_ws/install/robmovil_msgs/lib:/usr/lib/x86_64-linux-gnu/gazebo-11/plugins:/opt/ros/humble/opt/rviz_ogre_vendor/lib:/opt/ros/humble/lib/x86_64-linux-gnu:/opt/ros/humble/lib:/usr/lib/x86_64-linux-gnu/gazebo-11/plugins /usr/bin/cmake --build /root/ros2_ws/src/robotica/build/lazo_cerrado -- -j4 -l4
[1.184s] DEBUG:colcon.colcon_core.event_handler.log_command:Invoked command in '/root/ros2_ws/src/robotica/build/lazo_cerrado' returned '0': CMAKE_PREFIX_PATH=/root/ros2_ws/src/robotica/install/lazo_abierto:/root/ros2_ws/src/robotica/install/robmovil_msgs:/root/ros2_ws/src/robotica/install/modelo_omnidireccional:/root/ros2_ws/src/robotica/install/lazo_cerrado:/root/ros2_ws/install/lazo_cerrado:/root/ros2_ws/install/lazo_abierto:/root/ros2_ws/install/sim_ros2_interface:/root/ros2_ws/install/modelo_omnidireccional:/root/ros2_ws/install/robmovil_msgs:/opt/ros/humble LD_LIBRARY_PATH=/root/ros2_ws/src/robotica/install/robmovil_msgs/lib:/root/ros2_ws/src/robotica/install/lazo_abierto/lib:/root/ros2_ws/install/lazo_abierto/lib:/root/ros2_ws/install/robmovil_msgs/lib:/usr/lib/x86_64-linux-gnu/gazebo-11/plugins:/opt/ros/humble/opt/rviz_ogre_vendor/lib:/opt/ros/humble/lib/x86_64-linux-gnu:/opt/ros/humble/lib:/usr/lib/x86_64-linux-gnu/gazebo-11/plugins /usr/bin/cmake --build /root/ros2_ws/src/robotica/build/lazo_cerrado -- -j4 -l4
[1.186s] DEBUG:colcon.colcon_core.event_handler.log_command:Invoking command in '/root/ros2_ws/src/robotica/build/lazo_cerrado': CMAKE_PREFIX_PATH=/root/ros2_ws/src/robotica/install/lazo_abierto:/root/ros2_ws/src/robotica/install/robmovil_msgs:/root/ros2_ws/src/robotica/install/modelo_omnidireccional:/root/ros2_ws/src/robotica/install/lazo_cerrado:/root/ros2_ws/install/lazo_cerrado:/root/ros2_ws/install/lazo_abierto:/root/ros2_ws/install/sim_ros2_interface:/root/ros2_ws/install/modelo_omnidireccional:/root/ros2_ws/install/robmovil_msgs:/opt/ros/humble LD_LIBRARY_PATH=/root/ros2_ws/src/robotica/install/robmovil_msgs/lib:/root/ros2_ws/src/robotica/install/lazo_abierto/lib:/root/ros2_ws/install/lazo_abierto/lib:/root/ros2_ws/install/robmovil_msgs/lib:/usr/lib/x86_64-linux-gnu/gazebo-11/plugins:/opt/ros/humble/opt/rviz_ogre_vendor/lib:/opt/ros/humble/lib/x86_64-linux-gnu:/opt/ros/humble/lib:/usr/lib/x86_64-linux-gnu/gazebo-11/plugins /usr/bin/cmake --install /root/ros2_ws/src/robotica/build/lazo_cerrado
[1.197s] Level 1:colcon.colcon_core.environment:create_environment_scripts_only(lazo_cerrado)
[1.197s] Level 1:colcon.colcon_core.environment:checking '/root/ros2_ws/src/robotica/install/lazo_cerrado' for CMake module files
[1.198s] DEBUG:colcon.colcon_core.event_handler.log_command:Invoked command in '/root/ros2_ws/src/robotica/build/lazo_cerrado' returned '0': CMAKE_PREFIX_PATH=/root/ros2_ws/src/robotica/install/lazo_abierto:/root/ros2_ws/src/robotica/install/robmovil_msgs:/root/ros2_ws/src/robotica/install/modelo_omnidireccional:/root/ros2_ws/src/robotica/install/lazo_cerrado:/root/ros2_ws/install/lazo_cerrado:/root/ros2_ws/install/lazo_abierto:/root/ros2_ws/install/sim_ros2_interface:/root/ros2_ws/install/modelo_omnidireccional:/root/ros2_ws/install/robmovil_msgs:/opt/ros/humble LD_LIBRARY_PATH=/root/ros2_ws/src/robotica/install/robmovil_msgs/lib:/root/ros2_ws/src/robotica/install/lazo_abierto/lib:/root/ros2_ws/install/lazo_abierto/lib:/root/ros2_ws/install/robmovil_msgs/lib:/usr/lib/x86_64-linux-gnu/gazebo-11/plugins:/opt/ros/humble/opt/rviz_ogre_vendor/lib:/opt/ros/humble/lib/x86_64-linux-gnu:/opt/ros/humble/lib:/usr/lib/x86_64-linux-gnu/gazebo-11/plugins /usr/bin/cmake --install /root/ros2_ws/src/robotica/build/lazo_cerrado
[1.198s] Level 1:colcon.colcon_core.environment:checking '/root/ros2_ws/src/robotica/install/lazo_cerrado' for CMake config files
[1.199s] Level 1:colcon.colcon_core.shell:create_environment_hook('lazo_cerrado', 'cmake_prefix_path')
[1.199s] INFO:colcon.colcon_core.shell:Creating environment hook '/root/ros2_ws/src/robotica/install/lazo_cerrado/share/lazo_cerrado/hook/cmake_prefix_path.ps1'
[1.199s] INFO:colcon.colcon_core.shell:Creating environment descriptor '/root/ros2_ws/src/robotica/install/lazo_cerrado/share/lazo_cerrado/hook/cmake_prefix_path.dsv'
[1.200s] INFO:colcon.colcon_core.shell:Creating environment hook '/root/ros2_ws/src/robotica/install/lazo_cerrado/share/lazo_cerrado/hook/cmake_prefix_path.sh'
[1.201s] Level 1:colcon.colcon_core.environment:checking '/root/ros2_ws/src/robotica/install/lazo_cerrado/lib'
[1.201s] Level 1:colcon.colcon_core.environment:checking '/root/ros2_ws/src/robotica/install/lazo_cerrado/bin'
[1.201s] Level 1:colcon.colcon_core.environment:checking '/root/ros2_ws/src/robotica/install/lazo_cerrado/lib/pkgconfig/lazo_cerrado.pc'
[1.201s] Level 1:colcon.colcon_core.environment:checking '/root/ros2_ws/src/robotica/install/lazo_cerrado/lib/python3.10/site-packages'
[1.202s] Level 1:colcon.colcon_core.environment:checking '/root/ros2_ws/src/robotica/install/lazo_cerrado/bin'
[1.202s] INFO:colcon.colcon_core.shell:Creating package script '/root/ros2_ws/src/robotica/install/lazo_cerrado/share/lazo_cerrado/package.ps1'
[1.203s] INFO:colcon.colcon_core.shell:Creating package descriptor '/root/ros2_ws/src/robotica/install/lazo_cerrado/share/lazo_cerrado/package.dsv'
[1.203s] INFO:colcon.colcon_core.shell:Creating package script '/root/ros2_ws/src/robotica/install/lazo_cerrado/share/lazo_cerrado/package.sh'
[1.204s] INFO:colcon.colcon_core.shell:Creating package script '/root/ros2_ws/src/robotica/install/lazo_cerrado/share/lazo_cerrado/package.bash'
[1.204s] INFO:colcon.colcon_core.shell:Creating package script '/root/ros2_ws/src/robotica/install/lazo_cerrado/share/lazo_cerrado/package.zsh'
[1.205s] Level 1:colcon.colcon_core.environment:create_file_with_runtime_dependencies(/root/ros2_ws/src/robotica/install/lazo_cerrado/share/colcon-core/packages/lazo_cerrado)
[1.205s] Level 1:colcon.colcon_core.environment:create_environment_scripts_only(lazo_cerrado)
[1.205s] Level 1:colcon.colcon_core.environment:checking '/root/ros2_ws/src/robotica/install/lazo_cerrado' for CMake module files
[1.206s] Level 1:colcon.colcon_core.environment:checking '/root/ros2_ws/src/robotica/install/lazo_cerrado' for CMake config files
[1.206s] Level 1:colcon.colcon_core.shell:create_environment_hook('lazo_cerrado', 'cmake_prefix_path')
[1.207s] INFO:colcon.colcon_core.shell:Creating environment hook '/root/ros2_ws/src/robotica/install/lazo_cerrado/share/lazo_cerrado/hook/cmake_prefix_path.ps1'
[1.207s] INFO:colcon.colcon_core.shell:Creating environment descriptor '/root/ros2_ws/src/robotica/install/lazo_cerrado/share/lazo_cerrado/hook/cmake_prefix_path.dsv'
[1.208s] INFO:colcon.colcon_core.shell:Creating environment hook '/root/ros2_ws/src/robotica/install/lazo_cerrado/share/lazo_cerrado/hook/cmake_prefix_path.sh'
[1.208s] Level 1:colcon.colcon_core.environment:checking '/root/ros2_ws/src/robotica/install/lazo_cerrado/lib'
[1.208s] Level 1:colcon.colcon_core.environment:checking '/root/ros2_ws/src/robotica/install/lazo_cerrado/bin'
[1.208s] Level 1:colcon.colcon_core.environment:checking '/root/ros2_ws/src/robotica/install/lazo_cerrado/lib/pkgconfig/lazo_cerrado.pc'
[1.209s] Level 1:colcon.colcon_core.environment:checking '/root/ros2_ws/src/robotica/install/lazo_cerrado/lib/python3.10/site-packages'
[1.209s] Level 1:colcon.colcon_core.environment:checking '/root/ros2_ws/src/robotica/install/lazo_cerrado/bin'
[1.210s] INFO:colcon.colcon_core.shell:Creating package script '/root/ros2_ws/src/robotica/install/lazo_cerrado/share/lazo_cerrado/package.ps1'
[1.210s] INFO:colcon.colcon_core.shell:Creating package descriptor '/root/ros2_ws/src/robotica/install/lazo_cerrado/share/lazo_cerrado/package.dsv'
[1.210s] INFO:colcon.colcon_core.shell:Creating package script '/root/ros2_ws/src/robotica/install/lazo_cerrado/share/lazo_cerrado/package.sh'
[1.211s] INFO:colcon.colcon_core.shell:Creating package script '/root/ros2_ws/src/robotica/install/lazo_cerrado/share/lazo_cerrado/package.bash'
[1.211s] INFO:colcon.colcon_core.shell:Creating package script '/root/ros2_ws/src/robotica/install/lazo_cerrado/share/lazo_cerrado/package.zsh'
[1.212s] Level 1:colcon.colcon_core.environment:create_file_with_runtime_dependencies(/root/ros2_ws/src/robotica/install/lazo_cerrado/share/colcon-core/packages/lazo_cerrado)
[1.212s] DEBUG:colcon.colcon_parallel_executor.executor.parallel:closing loop
[1.212s] DEBUG:colcon.colcon_parallel_executor.executor.parallel:loop closed
[1.212s] DEBUG:colcon.colcon_parallel_executor.executor.parallel:run_until_complete finished with '0'
[1.212s] DEBUG:colcon.colcon_core.event_reactor:joining thread
[1.217s] INFO:colcon.colcon_core.plugin_system:Skipping extension 'colcon_notification.desktop_notification.notify_send': Could not find 'notify-send'
[1.217s] INFO:colcon.colcon_core.plugin_system:Skipping extension 'colcon_notification.desktop_notification.terminal_notifier': Not used on non-Darwin systems
[1.218s] INFO:colcon.colcon_core.plugin_system:Skipping extension 'colcon_notification.desktop_notification.win32': Not used on non-Windows systems
[1.218s] INFO:colcon.colcon_notification.desktop_notification:Sending desktop notification using 'notify2'
[1.220s] DEBUG:colcon.colcon_notification.desktop_notification.notify2:Failed to initialize notify2: org.freedesktop.DBus.Error.Spawn.ExecFailed: /usr/bin/dbus-launch terminated abnormally without any error message
[1.220s] DEBUG:colcon.colcon_core.event_reactor:joined thread
[1.220s] INFO:colcon.colcon_core.shell:Creating prefix script '/root/ros2_ws/src/robotica/install/local_setup.ps1'
[1.221s] INFO:colcon.colcon_core.shell:Creating prefix util module '/root/ros2_ws/src/robotica/install/_local_setup_util_ps1.py'
[1.223s] INFO:colcon.colcon_core.shell:Creating prefix chain script '/root/ros2_ws/src/robotica/install/setup.ps1'
[1.224s] INFO:colcon.colcon_core.shell:Creating prefix script '/root/ros2_ws/src/robotica/install/local_setup.sh'
[1.224s] INFO:colcon.colcon_core.shell:Creating prefix util module '/root/ros2_ws/src/robotica/install/_local_setup_util_sh.py'
[1.225s] INFO:colcon.colcon_core.shell:Creating prefix chain script '/root/ros2_ws/src/robotica/install/setup.sh'
[1.226s] INFO:colcon.colcon_core.shell:Creating prefix script '/root/ros2_ws/src/robotica/install/local_setup.bash'
[1.227s] INFO:colcon.colcon_core.shell:Creating prefix chain script '/root/ros2_ws/src/robotica/install/setup.bash'
[1.229s] INFO:colcon.colcon_core.shell:Creating prefix script '/root/ros2_ws/src/robotica/install/local_setup.zsh'
[1.229s] INFO:colcon.colcon_core.shell:Creating prefix chain script '/root/ros2_ws/src/robotica/install/setup.zsh'
