[35m[1mConsolidate compiler generated dependencies of target trajectory_follower_cl[0m
[ 40%] Built target logger
[100%] Built target trajectory_follower_cl
-- Install configuration: ""
-- Up-to-date: /root/ros2_ws/src/robotica/install/lazo_cerrado/lib/lazo_cerrado/trajectory_follower_cl
-- Up-to-date: /root/ros2_ws/src/robotica/install/lazo_cerrado/lib/lazo_cerrado/logger
-- Up-to-date: /root/ros2_ws/src/robotica/install/lazo_cerrado/share/lazo_cerrado//launch
-- Installing: /root/ros2_ws/src/robotica/install/lazo_cerrado/share/lazo_cerrado//launch/lazo_cerrado.launch.py
-- Up-to-date: /root/ros2_ws/src/robotica/install/lazo_cerrado/share/ament_index/resource_index/package_run_dependencies/lazo_cerrado
-- Up-to-date: /root/ros2_ws/src/robotica/install/lazo_cerrado/share/ament_index/resource_index/parent_prefix_path/lazo_cerrado
-- Up-to-date: /root/ros2_ws/src/robotica/install/lazo_cerrado/share/lazo_cerrado/environment/ament_prefix_path.sh
-- Up-to-date: /root/ros2_ws/src/robotica/install/lazo_cerrado/share/lazo_cerrado/environment/ament_prefix_path.dsv
-- Up-to-date: /root/ros2_ws/src/robotica/install/lazo_cerrado/share/lazo_cerrado/environment/path.sh
-- Up-to-date: /root/ros2_ws/src/robotica/install/lazo_cerrado/share/lazo_cerrado/environment/path.dsv
-- Up-to-date: /root/ros2_ws/src/robotica/install/lazo_cerrado/share/lazo_cerrado/local_setup.bash
-- Up-to-date: /root/ros2_ws/src/robotica/install/lazo_cerrado/share/lazo_cerrado/local_setup.sh
-- Up-to-date: /root/ros2_ws/src/robotica/install/lazo_cerrado/share/lazo_cerrado/local_setup.zsh
-- Up-to-date: /root/ros2_ws/src/robotica/install/lazo_cerrado/share/lazo_cerrado/local_setup.dsv
-- Installing: /root/ros2_ws/src/robotica/install/lazo_cerrado/share/lazo_cerrado/package.dsv
-- Up-to-date: /root/ros2_ws/src/robotica/install/lazo_cerrado/share/ament_index/resource_index/packages/lazo_cerrado
-- Up-to-date: /root/ros2_ws/src/robotica/install/lazo_cerrado/share/lazo_cerrado/cmake/ament_cmake_export_include_directories-extras.cmake
-- Up-to-date: /root/ros2_ws/src/robotica/install/lazo_cerrado/share/lazo_cerrado/cmake/lazo_cerradoConfig.cmake
-- Up-to-date: /root/ros2_ws/src/robotica/install/lazo_cerrado/share/lazo_cerrado/cmake/lazo_cerradoConfig-version.cmake
-- Up-to-date: /root/ros2_ws/src/robotica/install/lazo_cerrado/share/lazo_cerrado/package.xml
