[0.016s] Invoking command in '/root/ros2_ws/src/robotica/build/lazo_cerrado': CMAKE_PREFIX_PATH=/root/ros2_ws/src/robotica/install/lazo_abierto:/root/ros2_ws/src/robotica/install/robmovil_msgs:/root/ros2_ws/src/robotica/install/modelo_omnidireccional:/root/ros2_ws/src/robotica/install/lazo_cerrado:/root/ros2_ws/install/lazo_cerrado:/root/ros2_ws/install/lazo_abierto:/root/ros2_ws/install/sim_ros2_interface:/root/ros2_ws/install/modelo_omnidireccional:/root/ros2_ws/install/robmovil_msgs:/opt/ros/humble LD_LIBRARY_PATH=/root/ros2_ws/src/robotica/install/robmovil_msgs/lib:/root/ros2_ws/src/robotica/install/lazo_abierto/lib:/root/ros2_ws/install/lazo_abierto/lib:/root/ros2_ws/install/robmovil_msgs/lib:/usr/lib/x86_64-linux-gnu/gazebo-11/plugins:/opt/ros/humble/opt/rviz_ogre_vendor/lib:/opt/ros/humble/lib/x86_64-linux-gnu:/opt/ros/humble/lib:/usr/lib/x86_64-linux-gnu/gazebo-11/plugins /usr/bin/cmake --build /root/ros2_ws/src/robotica/build/lazo_cerrado -- -j4 -l4
[0.068s] [35m[1mConsolidate compiler generated dependencies of target trajectory_follower_cl[0m
[0.094s] [ 40%] Built target logger
[0.096s] [100%] Built target trajectory_follower_cl
[0.106s] Invoked command in '/root/ros2_ws/src/robotica/build/lazo_cerrado' returned '0': CMAKE_PREFIX_PATH=/root/ros2_ws/src/robotica/install/lazo_abierto:/root/ros2_ws/src/robotica/install/robmovil_msgs:/root/ros2_ws/src/robotica/install/modelo_omnidireccional:/root/ros2_ws/src/robotica/install/lazo_cerrado:/root/ros2_ws/install/lazo_cerrado:/root/ros2_ws/install/lazo_abierto:/root/ros2_ws/install/sim_ros2_interface:/root/ros2_ws/install/modelo_omnidireccional:/root/ros2_ws/install/robmovil_msgs:/opt/ros/humble LD_LIBRARY_PATH=/root/ros2_ws/src/robotica/install/robmovil_msgs/lib:/root/ros2_ws/src/robotica/install/lazo_abierto/lib:/root/ros2_ws/install/lazo_abierto/lib:/root/ros2_ws/install/robmovil_msgs/lib:/usr/lib/x86_64-linux-gnu/gazebo-11/plugins:/opt/ros/humble/opt/rviz_ogre_vendor/lib:/opt/ros/humble/lib/x86_64-linux-gnu:/opt/ros/humble/lib:/usr/lib/x86_64-linux-gnu/gazebo-11/plugins /usr/bin/cmake --build /root/ros2_ws/src/robotica/build/lazo_cerrado -- -j4 -l4
[0.108s] Invoking command in '/root/ros2_ws/src/robotica/build/lazo_cerrado': CMAKE_PREFIX_PATH=/root/ros2_ws/src/robotica/install/lazo_abierto:/root/ros2_ws/src/robotica/install/robmovil_msgs:/root/ros2_ws/src/robotica/install/modelo_omnidireccional:/root/ros2_ws/src/robotica/install/lazo_cerrado:/root/ros2_ws/install/lazo_cerrado:/root/ros2_ws/install/lazo_abierto:/root/ros2_ws/install/sim_ros2_interface:/root/ros2_ws/install/modelo_omnidireccional:/root/ros2_ws/install/robmovil_msgs:/opt/ros/humble LD_LIBRARY_PATH=/root/ros2_ws/src/robotica/install/robmovil_msgs/lib:/root/ros2_ws/src/robotica/install/lazo_abierto/lib:/root/ros2_ws/install/lazo_abierto/lib:/root/ros2_ws/install/robmovil_msgs/lib:/usr/lib/x86_64-linux-gnu/gazebo-11/plugins:/opt/ros/humble/opt/rviz_ogre_vendor/lib:/opt/ros/humble/lib/x86_64-linux-gnu:/opt/ros/humble/lib:/usr/lib/x86_64-linux-gnu/gazebo-11/plugins /usr/bin/cmake --install /root/ros2_ws/src/robotica/build/lazo_cerrado
[0.115s] -- Install configuration: ""
[0.115s] -- Up-to-date: /root/ros2_ws/src/robotica/install/lazo_cerrado/lib/lazo_cerrado/trajectory_follower_cl
[0.116s] -- Up-to-date: /root/ros2_ws/src/robotica/install/lazo_cerrado/lib/lazo_cerrado/logger
[0.116s] -- Up-to-date: /root/ros2_ws/src/robotica/install/lazo_cerrado/share/lazo_cerrado//launch
[0.116s] -- Installing: /root/ros2_ws/src/robotica/install/lazo_cerrado/share/lazo_cerrado//launch/lazo_cerrado.launch.py
[0.116s] -- Up-to-date: /root/ros2_ws/src/robotica/install/lazo_cerrado/share/ament_index/resource_index/package_run_dependencies/lazo_cerrado
[0.117s] -- Up-to-date: /root/ros2_ws/src/robotica/install/lazo_cerrado/share/ament_index/resource_index/parent_prefix_path/lazo_cerrado
[0.117s] -- Up-to-date: /root/ros2_ws/src/robotica/install/lazo_cerrado/share/lazo_cerrado/environment/ament_prefix_path.sh
[0.117s] -- Up-to-date: /root/ros2_ws/src/robotica/install/lazo_cerrado/share/lazo_cerrado/environment/ament_prefix_path.dsv
[0.117s] -- Up-to-date: /root/ros2_ws/src/robotica/install/lazo_cerrado/share/lazo_cerrado/environment/path.sh
[0.117s] -- Up-to-date: /root/ros2_ws/src/robotica/install/lazo_cerrado/share/lazo_cerrado/environment/path.dsv
[0.117s] -- Up-to-date: /root/ros2_ws/src/robotica/install/lazo_cerrado/share/lazo_cerrado/local_setup.bash
[0.118s] -- Up-to-date: /root/ros2_ws/src/robotica/install/lazo_cerrado/share/lazo_cerrado/local_setup.sh
[0.118s] -- Up-to-date: /root/ros2_ws/src/robotica/install/lazo_cerrado/share/lazo_cerrado/local_setup.zsh
[0.118s] -- Up-to-date: /root/ros2_ws/src/robotica/install/lazo_cerrado/share/lazo_cerrado/local_setup.dsv
[0.118s] -- Installing: /root/ros2_ws/src/robotica/install/lazo_cerrado/share/lazo_cerrado/package.dsv
[0.118s] -- Up-to-date: /root/ros2_ws/src/robotica/install/lazo_cerrado/share/ament_index/resource_index/packages/lazo_cerrado
[0.118s] -- Up-to-date: /root/ros2_ws/src/robotica/install/lazo_cerrado/share/lazo_cerrado/cmake/ament_cmake_export_include_directories-extras.cmake
[0.118s] -- Up-to-date: /root/ros2_ws/src/robotica/install/lazo_cerrado/share/lazo_cerrado/cmake/lazo_cerradoConfig.cmake
[0.118s] -- Up-to-date: /root/ros2_ws/src/robotica/install/lazo_cerrado/share/lazo_cerrado/cmake/lazo_cerradoConfig-version.cmake
[0.118s] -- Up-to-date: /root/ros2_ws/src/robotica/install/lazo_cerrado/share/lazo_cerrado/package.xml
[0.120s] Invoked command in '/root/ros2_ws/src/robotica/build/lazo_cerrado' returned '0': CMAKE_PREFIX_PATH=/root/ros2_ws/src/robotica/install/lazo_abierto:/root/ros2_ws/src/robotica/install/robmovil_msgs:/root/ros2_ws/src/robotica/install/modelo_omnidireccional:/root/ros2_ws/src/robotica/install/lazo_cerrado:/root/ros2_ws/install/lazo_cerrado:/root/ros2_ws/install/lazo_abierto:/root/ros2_ws/install/sim_ros2_interface:/root/ros2_ws/install/modelo_omnidireccional:/root/ros2_ws/install/robmovil_msgs:/opt/ros/humble LD_LIBRARY_PATH=/root/ros2_ws/src/robotica/install/robmovil_msgs/lib:/root/ros2_ws/src/robotica/install/lazo_abierto/lib:/root/ros2_ws/install/lazo_abierto/lib:/root/ros2_ws/install/robmovil_msgs/lib:/usr/lib/x86_64-linux-gnu/gazebo-11/plugins:/opt/ros/humble/opt/rviz_ogre_vendor/lib:/opt/ros/humble/lib/x86_64-linux-gnu:/opt/ros/humble/lib:/usr/lib/x86_64-linux-gnu/gazebo-11/plugins /usr/bin/cmake --install /root/ros2_ws/src/robotica/build/lazo_cerrado
