4 0 0 0
4 0 0 0
4 0 0 0
4 0 0 0
4 0 0 0
5 0 0 0
5 0 0 0
5 0 0 0
5 0 0 0
5 0 0 0
5 0 0 0
5 0 0 0
5 0 0 0
5 -0.00015708 0.00015708 0.000448799
5 -0.00015708 0.00015708 0.000448799
5 -0.00015708 0.00015708 0.000448799
5 -0.00015708 0.00015708 0.000448799
5 -0.00015708 0.00015708 0.000448799
5 -0.00015708 0.00015708 0.000448799
5 -0.00015708 0.00015708 0.000448799
5 -0.00015708 0.00015708 0.000448799
5 -0.00015708 0.00015708 0.000448799
5 -0.00015708 0.00015708 0.000448799
5 -0.00015708 0.00015708 0.000448799
5 -0.00015708 0.00015708 0.000448799
6 -0.00015708 0.00015708 0.000448799
6 -0.00015708 0.00015708 0.000448799
6 -0.00015708 0.00015708 0.000448799
6 -0.00015708 0.00015708 0.000448799
6 -0.00015708 0.00015708 0.000448799
6 -0.00015708 0.00015708 0.000448799
6 -0.00031423 0.000314089 0.000897598
6 -0.00031423 0.000314089 0.000897598
6 -0.00031423 0.000314089 0.000897598
6 -0.00031423 0.000314089 0.000897598
6 -0.00031423 0.000314089 0.000897598
6 -0.00031423 0.000314089 0.000897598
6 -0.00031423 0.000314089 0.000897598
6 -0.00031423 0.000314089 0.000897598
6 -0.00031423 0.000314089 0.000897598
6 -0.00031423 0.000314089 0.000897598
6 -0.00031423 0.000314089 0.000897598
6 -0.00031423 0.000314089 0.000897598
6 -0.00031423 0.000314089 0.000897598
6 -0.00031423 0.000314089 0.000897598
7 -0.00031423 0.000314089 0.000897598
7 -0.00031423 0.000314089 0.000897598
7 -0.00031423 0.000314089 0.000897598
7 -0.00047145 0.000471027 0.0013464
7 -0.00047145 0.000471027 0.0013464
7 -0.00047145 0.000471027 0.0013464
7 -0.00047145 0.000471027 0.0013464
7 -0.00047145 0.000471027 0.0013464
7 -0.00047145 0.000471027 0.0013464
7 -0.00047145 0.000471027 0.0013464
7 -0.00047145 0.000471027 0.0013464
7 -0.00047145 0.000471027 0.0013464
7 -0.00047145 0.000471027 0.0013464
7 -0.00047145 0.000471027 0.0013464
7 -0.00047145 0.000471027 0.0013464
7 -0.00047145 0.000471027 0.0013464
7 -0.00047145 0.000471027 0.0013464
7 -0.00047145 0.000471027 0.0013464
7 -0.00047145 0.000471027 0.0013464
7 -0.00047145 0.000471027 0.0013464
8 -0.000628741 0.000627895 0.0017952
8 -0.000628741 0.000627895 0.0017952
8 -0.000628741 0.000627895 0.0017952
8 -0.000628741 0.000627895 0.0017952
8 -0.000628741 0.000627895 0.0017952
8 -0.000628741 0.000627895 0.0017952
8 -0.000628741 0.000627895 0.0017952
8 -0.000628741 0.000627895 0.0017952
8 -0.000628741 0.000627895 0.0017952
8 -0.000628741 0.000627895 0.0017952
8 -0.000628741 0.000627895 0.0017952
8 -0.000628741 0.000627895 0.0017952
8 -0.000628741 0.000627895 0.0017952
8 -0.000628741 0.000627895 0.0017952
8 -0.000628741 0.000627895 0.0017952
8 -0.000628741 0.000627895 0.0017952
8 -0.000628741 0.000627895 0.0017952
8 -0.000628741 0.000627895 0.0017952
8 -0.000786103 0.000784693 0.00224399
8 -0.000786103 0.000784693 0.00224399
9 -0.000786103 0.000784693 0.00224399
9 -0.000786103 0.000784693 0.00224399
9 -0.000786103 0.000784693 0.00224399
9 -0.000786103 0.000784693 0.00224399
9 -0.000786103 0.000784693 0.00224399
9 -0.000786103 0.000784693 0.00224399
9 -0.000786103 0.000784693 0.00224399
9 -0.000786103 0.000784693 0.00224399
9 -0.000786103 0.000784693 0.00224399
9 -0.000786103 0.000784693 0.00224399
9 -0.000786103 0.000784693 0.00224399
9 -0.000786103 0.000784693 0.00224399
9 -0.000786103 0.000784693 0.00224399
9 -0.000786103 0.000784693 0.00224399
9 -0.000786103 0.000784693 0.00224399
9 -0.000943534 0.000941419 0.00269279
9 -0.000943534 0.000941419 0.00269279
9 -0.000943534 0.000941419 0.00269279
9 -0.000943534 0.000941419 0.00269279
10 -0.000943534 0.000941419 0.00269279
10 -0.000943534 0.000941419 0.00269279
10 -0.000943534 0.000941419 0.00269279
10 -0.000943534 0.000941419 0.00269279
10 -0.000943534 0.000941419 0.00269279
10 -0.000943534 0.000941419 0.00269279
10 -0.000943534 0.000941419 0.00269279
10 -0.000943534 0.000941419 0.00269279
10 -0.000943534 0.000941419 0.00269279
10 -0.000943534 0.000941419 0.00269279
10 -0.000943534 0.000941419 0.00269279
10 -0.000943534 0.000941419 0.00269279
10 -0.000943534 0.000941419 0.00269279
10 -0.000943534 0.000941419 0.00269279
10 -0.00110104 0.00109808 0.00314159
10 -0.00110104 0.00109808 0.00314159
10 -0.00110104 0.00109808 0.00314159
10 -0.00110104 0.00109808 0.00314159
10 -0.00110104 0.00109808 0.00314159
10 -0.00110104 0.00109808 0.00314159
11 -0.00110104 0.00109808 0.00314159
11 -0.00110104 0.00109808 0.00314159
11 -0.00110104 0.00109808 0.00314159
11 -0.00110104 0.00109808 0.00314159
11 -0.00110104 0.00109808 0.00314159
11 -0.00110104 0.00109808 0.00314159
11 -0.00110104 0.00109808 0.00314159
11 -0.00110104 0.00109808 0.00314159
11 -0.00110104 0.00109808 0.00314159
11 -0.00110104 0.00109808 0.00314159
11 -0.00110104 0.00109808 0.00314159
11 -0.00125861 0.00125466 0.00359039
11 -0.00125861 0.00125466 0.00359039
11 -0.00125861 0.00125466 0.00359039
11 -0.00125861 0.00125466 0.00359039
11 -0.00125861 0.00125466 0.00359039
11 -0.00125861 0.00125466 0.00359039
11 -0.00125861 0.00125466 0.00359039
11 -0.00125861 0.00125466 0.00359039
11 -0.00125861 0.00125466 0.00359039
12 -0.00125861 0.00125466 0.00359039
12 -0.00125861 0.00125466 0.00359039
12 -0.00125861 0.00125466 0.00359039
12 -0.00125861 0.00125466 0.00359039
12 -0.00125861 0.00125466 0.00359039
12 -0.00125861 0.00125466 0.00359039
12 -0.00125861 0.00125466 0.00359039
12 -0.00125861 0.00125466 0.00359039
12 -0.00125861 0.00125466 0.00359039
12 -0.00141625 0.00141118 0.00403919
12 -0.00141625 0.00141118 0.00403919
12 -0.00141625 0.00141118 0.00403919
12 -0.00141625 0.00141118 0.00403919
12 -0.00141625 0.00141118 0.00403919
12 -0.00141625 0.00141118 0.00403919
12 -0.00141625 0.00141118 0.00403919
12 -0.00141625 0.00141118 0.00403919
12 -0.00141625 0.00141118 0.00403919
12 -0.00141625 0.00141118 0.00403919
12 -0.00141625 0.00141118 0.00403919
13 -0.00141625 0.00141118 0.00403919
13 -0.00141625 0.00141118 0.00403919
13 -0.00141625 0.00141118 0.00403919
13 -0.00141625 0.00141118 0.00403919
13 -0.00141625 0.00141118 0.00403919
13 -0.00141625 0.00141118 0.00403919
13 -0.00157396 0.00156762 0.00448799
13 -0.00157396 0.00156762 0.00448799
13 -0.00157396 0.00156762 0.00448799
13 -0.00157396 0.00156762 0.00448799
13 -0.00157396 0.00156762 0.00448799
13 -0.00157396 0.00156762 0.00448799
13 -0.00157396 0.00156762 0.00448799
13 -0.00157396 0.00156762 0.00448799
13 -0.00157396 0.00156762 0.00448799
13 -0.00157396 0.00156762 0.00448799
13 -0.00157396 0.00156762 0.00448799
13 -0.00157396 0.00156762 0.00448799
13 -0.00157396 0.00156762 0.00448799
13 -0.00157396 0.00156762 0.00448799
14 -0.00157396 0.00156762 0.00448799
14 -0.00157396 0.00156762 0.00448799
14 -0.00157396 0.00156762 0.00448799
14 -0.00157396 0.00156762 0.00448799
14 -0.00173175 0.00172399 0.00493679
14 -0.00173175 0.00172399 0.00493679
14 -0.00173175 0.00172399 0.00493679
14 -0.00173175 0.00172399 0.00493679
14 -0.00173175 0.00172399 0.00493679
14 -0.00173175 0.00172399 0.00493679
14 -0.00173175 0.00172399 0.00493679
14 -0.00173175 0.00172399 0.00493679
14 -0.00173175 0.00172399 0.00493679
14 -0.00173175 0.00172399 0.00493679
14 -0.00173175 0.00172399 0.00493679
14 -0.00173175 0.00172399 0.00493679
14 -0.00173175 0.00172399 0.00493679
14 -0.00173175 0.00172399 0.00493679
14 -0.00173175 0.00172399 0.00493679
14 -0.00173175 0.00172399 0.00493679
15 -0.00173175 0.00172399 0.00493679
15 -0.0018896 0.00188029 0.00538559
15 -0.0018896 0.00188029 0.00538559
15 -0.0018896 0.00188029 0.00538559
15 -0.0018896 0.00188029 0.00538559
15 -0.0018896 0.00188029 0.00538559
15 -0.0018896 0.00188029 0.00538559
15 -0.0018896 0.00188029 0.00538559
15 -0.0018896 0.00188029 0.00538559
15 -0.0018896 0.00188029 0.00538559
15 -0.0018896 0.00188029 0.00538559
15 -0.0018896 0.00188029 0.00538559
15 -0.0018896 0.00188029 0.00538559
15 -0.0018896 0.00188029 0.00538559
15 -0.0018896 0.00188029 0.00538559
15 -0.0018896 0.00188029 0.00538559
15 -0.0018896 0.00188029 0.00538559
15 -0.0018896 0.00188029 0.00538559
15 -0.00204752 0.00203653 0.00583439
15 -0.00204752 0.00203653 0.00583439
