4 0.00128839 0.00101879 0.00296724
4 0.00130443 0.00102937 0.0029982
4 0.00131346 0.00103992 0.00302865
4 0.0013295 0.0010505 0.00305961
4 0.00133854 0.00106105 0.00309006
5 0.00135457 0.00107163 0.00312103
5 0.0013636 0.00108218 0.00315147
5 0.00137964 0.00109275 0.00318244
5 0.00138867 0.00110331 0.00321288
5 0.0014047 0.00111389 0.00324385
5 0.00141374 0.00112444 0.00327429
5 0.00142977 0.00113502 0.00330526
5 0.0014388 0.00114557 0.0033357
5 0.00145484 0.00115615 0.00336667
5 0.00146387 0.0011667 0.00339711
5 0.0014799 0.00117729 0.00342808
5 0.00148893 0.00118784 0.00345852
5 0.00150496 0.00119842 0.00348949
5 0.00151399 0.00120898 0.00351993
5 0.00153002 0.00121956 0.0035509
5 0.00153905 0.00123012 0.00358134
5 0.00155508 0.0012407 0.00361231
5 0.00156411 0.00125126 0.00364275
5 0.00158014 0.00126185 0.00367372
5 0.00158917 0.0012724 0.00370416
6 0.0016052 0.00128299 0.00373513
6 0.00161423 0.00129354 0.00376557
6 0.00163025 0.00130413 0.00379654
6 0.00163928 0.00131469 0.00382698
6 0.00165531 0.00132528 0.00385795
6 0.00166434 0.00133584 0.0038884
6 0.00168036 0.00134643 0.00391936
6 0.00168939 0.00135698 0.00394981
6 0.00170541 0.00136758 0.00398077
6 0.00171444 0.00137813 0.00401122
6 0.00173046 0.00138873 0.00404219
6 0.00173949 0.00139929 0.00407263
6 0.00175551 0.00140988 0.0041036
6 0.00176454 0.00142044 0.00413404
6 0.00178056 0.00143103 0.00416501
6 0.00178958 0.00144159 0.00419545
6 0.00180561 0.00145219 0.00422642
6 0.00181463 0.00146275 0.00425686
6 0.00183065 0.00147335 0.00428783
6 0.00183968 0.00148391 0.00431827
7 0.0018557 0.00149451 0.00434924
7 0.00186472 0.00150507 0.00437968
7 0.00188074 0.00151567 0.00441065
7 0.00188976 0.00152623 0.00444109
7 0.00190578 0.00153683 0.00447206
7 0.0019148 0.00154739 0.0045025
7 0.00193082 0.00155799 0.00453347
7 0.00193984 0.00156855 0.00456391
7 0.00195586 0.00157916 0.00459488
7 0.00196488 0.00158972 0.00462532
7 0.0019809 0.00160032 0.00465629
7 0.00198992 0.00161089 0.00468673
7 0.00200593 0.00162149 0.0047177
7 0.00201495 0.00163205 0.00474814
7 0.00203097 0.00164266 0.00477911
7 0.00203999 0.00165322 0.00480956
7 0.002056 0.00166383 0.00484052
7 0.00206502 0.0016744 0.00487097
7 0.00208103 0.001685 0.00490193
7 0.00209005 0.00169557 0.00493238
8 0.00210606 0.00170618 0.00496335
8 0.00211508 0.00171674 0.00499379
8 0.00213109 0.00172735 0.00502476
8 0.00214011 0.00173792 0.0050552
8 0.00215612 0.00174853 0.00508617
8 0.00216514 0.0017591 0.00511661
8 0.00218115 0.00176971 0.00514758
8 0.00219016 0.00178028 0.00517802
8 0.00220618 0.00179089 0.00520899
8 0.00221519 0.00180146 0.00523943
8 0.0022312 0.00181207 0.0052704
8 0.00224021 0.00182264 0.00530084
8 0.00225622 0.00183325 0.00533181
8 0.00226524 0.00184382 0.00536225
8 0.00228124 0.00185444 0.00539322
8 0.00229026 0.00186501 0.00542366
8 0.00230627 0.00187562 0.00545463
8 0.00231528 0.0018862 0.00548507
8 0.00233128 0.00189681 0.00551604
8 0.0023403 0.00190738 0.00554648
9 0.0023563 0.001918 0.00557745
9 0.00236531 0.00192857 0.00560789
9 0.00238132 0.00193919 0.00563886
9 0.00239033 0.00194977 0.00566931
9 0.00240633 0.00196039 0.00570027
9 0.00241534 0.00197096 0.00573072
9 0.00243135 0.00198158 0.00576169
9 0.00244036 0.00199215 0.00579213
9 0.00245636 0.00200278 0.0058231
9 0.00246537 0.00201335 0.00585354
9 0.00248137 0.00202397 0.00588451
9 0.00249038 0.00203455 0.00591495
9 0.00250638 0.00204517 0.00594592
9 0.00251539 0.00205575 0.00597636
9 0.00253139 0.00206637 0.00600733
9 0.0025404 0.00207695 0.00603777
9 0.0025564 0.00208757 0.00606874
9 0.00256541 0.00209815 0.00609918
9 0.00258141 0.00210878 0.00613015
10 0.00259041 0.00211935 0.00616059
10 0.00260641 0.00212998 0.00619156
10 0.00261542 0.00214056 0.006222
10 0.00263141 0.00215119 0.00625297
10 0.00264042 0.00216177 0.00628341
10 0.00265642 0.0021724 0.00631438
10 0.00266542 0.00218297 0.00634482
10 0.00268142 0.0021936 0.00637579
10 0.00269042 0.00220418 0.00640623
10 0.00270642 0.00221482 0.0064372
10 0.00271542 0.0022254 0.00646765
10 0.00273142 0.00223603 0.00649861
10 0.00274042 0.00224661 0.00652906
10 0.00275641 0.00225724 0.00656002
10 0.00276541 0.00226782 0.00659047
10 0.00278141 0.00227846 0.00662144
10 0.00279041 0.00228904 0.00665188
10 0.0028064 0.00229967 0.00668285
10 0.0028154 0.00231026 0.00671329
10 0.0028314 0.00232089 0.00674426
11 0.0028404 0.00233148 0.0067747
11 0.00285639 0.00234211 0.00680567
11 0.00286539 0.0023527 0.00683611
11 0.00288138 0.00236333 0.00686708
11 0.00289038 0.00237392 0.00689752
11 0.00290637 0.00238456 0.00692849
11 0.00291537 0.00239514 0.00695893
11 0.00293136 0.00240578 0.0069899
11 0.00294035 0.00241637 0.00702034
11 0.00295634 0.00242701 0.00705131
11 0.00296534 0.00243759 0.00708175
11 0.00298133 0.00244824 0.00711272
11 0.00299032 0.00245882 0.00714316
11 0.00300631 0.00246947 0.00717413
11 0.00301531 0.00248005 0.00720457
11 0.0030313 0.0024907 0.00723554
11 0.00304029 0.00250128 0.00726599
11 0.00305628 0.00251193 0.00729695
11 0.00306527 0.00252252 0.0073274
11 0.00308126 0.00253316 0.00735837
12 0.00309025 0.00254375 0.00738881
12 0.00310624 0.0025544 0.00741978
12 0.00311523 0.00256499 0.00745022
12 0.00313121 0.00257564 0.00748119
12 0.0031402 0.00258623 0.00751163
12 0.00315619 0.00259688 0.0075426
12 0.00316518 0.00260746 0.00757304
12 0.00318117 0.00261812 0.00760401
12 0.00319015 0.00262871 0.00763445
12 0.00320614 0.00263936 0.00766542
12 0.00321513 0.00264995 0.00769586
12 0.00323111 0.0026606 0.00772683
12 0.0032401 0.00267119 0.00775727
12 0.00325608 0.00268184 0.00778824
12 0.00326507 0.00269244 0.00781868
12 0.00328105 0.00270309 0.00784965
12 0.00329004 0.00271368 0.00788009
12 0.00330602 0.00272434 0.00791106
12 0.00331501 0.00273493 0.0079415
12 0.00333099 0.00274559 0.00797247
13 0.00333997 0.00275618 0.00800292
13 0.00335595 0.00276684 0.00803388
13 0.00336494 0.00277743 0.00806433
13 0.00338092 0.00278809 0.0080953
13 0.0033899 0.00279869 0.00812574
13 0.00340588 0.00280935 0.00815671
13 0.00341486 0.00281994 0.00818715
13 0.00343084 0.0028306 0.00821812
13 0.00343983 0.0028412 0.00824856
13 0.0034558 0.00285186 0.00827953
13 0.00346479 0.00286245 0.00830997
13 0.00348076 0.00287312 0.00834094
13 0.00348974 0.00288371 0.00837138
13 0.00350572 0.00289438 0.00840235
13 0.0035147 0.00290497 0.00843279
13 0.00353068 0.00291564 0.00846376
13 0.00353966 0.00292624 0.0084942
13 0.00355563 0.0029369 0.00852517
13 0.00356461 0.0029475 0.00855561
13 0.00358059 0.00295817 0.00858658
14 0.00358957 0.00296877 0.00861702
14 0.00360554 0.00297943 0.00864799
14 0.00361452 0.00299003 0.00867844
14 0.00363049 0.0030007 0.0087094
14 0.00363947 0.0030113 0.00873985
14 0.00365544 0.00302197 0.00877081
14 0.00366442 0.00303257 0.00880126
14 0.00368039 0.00304324 0.00883223
14 0.00368937 0.00305384 0.00886267
14 0.00370534 0.00306451 0.00889364
14 0.00371431 0.00307511 0.00892408
14 0.00373028 0.00308579 0.00895505
14 0.00373926 0.00309639 0.00898549
14 0.00375523 0.00310706 0.00901646
14 0.0037642 0.00311766 0.0090469
14 0.00378017 0.00312834 0.00907787
14 0.00378915 0.00313894 0.00910831
14 0.00380511 0.00314962 0.00913928
14 0.00381409 0.00316022 0.00916972
14 0.00383006 0.0031709 0.00920069
15 0.00383903 0.0031815 0.00923113
15 0.003855 0.00319218 0.0092621
15 0.00386397 0.00320278 0.00929254
15 0.00387993 0.00321346 0.00932351
15 0.0038889 0.00322407 0.00935396
15 0.00390487 0.00323475 0.00938492
15 0.00391384 0.00324535 0.00941537
15 0.00392981 0.00325603 0.00944633
15 0.00393878 0.00326664 0.00947678
15 0.00395474 0.00327732 0.00950775
15 0.00396371 0.00328793 0.00953819
15 0.00397967 0.00329861 0.00956916
15 0.00398864 0.00330922 0.0095996
15 0.00400461 0.0033199 0.00963057
15 0.00401357 0.00333051 0.00966101
15 0.00402954 0.00334119 0.00969198
15 0.0040385 0.0033518 0.00972242
15 0.00405447 0.00336249 0.00975339
15 0.00406343 0.0033731 0.00978383
15 0.00407939 0.00338378 0.0098148
