[0.011s] Invoking command in '/root/ros2_ws/src/robotica/build/modelo_omnidireccional': AMENT_PREFIX_PATH=/root/ros2_ws/src/robotica/install/robmovil_msgs:${AMENT_PREFIX_PATH} CMAKE_PREFIX_PATH=/root/ros2_ws/src/robotica/install/robmovil_msgs:/root/ros2_ws/install/sim_ros2_interface:/root/ros2_ws/install/modelo_omnidireccional:/root/ros2_ws/install/robmovil_msgs:/opt/ros/humble LD_LIBRARY_PATH=/root/ros2_ws/src/robotica/install/robmovil_msgs/lib:/root/ros2_ws/install/robmovil_msgs/lib:/usr/lib/x86_64-linux-gnu/gazebo-11/plugins:/opt/ros/humble/opt/rviz_ogre_vendor/lib:/opt/ros/humble/lib/x86_64-linux-gnu:/opt/ros/humble/lib:/usr/lib/x86_64-linux-gnu/gazebo-11/plugins PYTHONPATH=/root/ros2_ws/src/robotica/install/robmovil_msgs/local/lib/python3.10/dist-packages:${PYTHONPATH} /usr/bin/cmake /root/ros2_ws/src/robotica/modelo_omnidireccional -DCMAKE_INSTALL_PREFIX=/root/ros2_ws/src/robotica/install/modelo_omnidireccional
[0.098s] -- The C compiler identification is GNU 11.4.0
[0.163s] -- The CXX compiler identification is GNU 11.4.0
[0.171s] -- Detecting C compiler ABI info
[0.246s] -- Detecting C compiler ABI info - done
[0.255s] -- Check for working C compiler: /usr/bin/cc - skipped
[0.255s] -- Detecting C compile features
[0.256s] -- Detecting C compile features - done
[0.260s] -- Detecting CXX compiler ABI info
[0.371s] -- Detecting CXX compiler ABI info - done
[0.379s] -- Check for working CXX compiler: /usr/bin/c++ - skipped
[0.380s] -- Detecting CXX compile features
[0.381s] -- Detecting CXX compile features - done
[0.388s] -- Found ament_cmake: 1.3.12 (/opt/ros/humble/share/ament_cmake/cmake)
[0.557s] -- Found Python3: /usr/bin/python3 (found version "3.10.12") found components: Interpreter 
[0.672s] -- Found rclcpp: 16.0.15 (/opt/ros/humble/share/rclcpp/cmake)
[0.744s] -- Found rosidl_generator_c: 3.1.7 (/opt/ros/humble/share/rosidl_generator_c/cmake)
[0.751s] -- Found rosidl_adapter: 3.1.7 (/opt/ros/humble/share/rosidl_adapter/cmake)
[0.761s] -- Found rosidl_generator_cpp: 3.1.7 (/opt/ros/humble/share/rosidl_generator_cpp/cmake)
[0.775s] -- Using all available rosidl_typesupport_c: rosidl_typesupport_fastrtps_c;rosidl_typesupport_introspection_c
[0.800s] -- Using all available rosidl_typesupport_cpp: rosidl_typesupport_fastrtps_cpp;rosidl_typesupport_introspection_cpp
[0.889s] -- Found rmw_implementation_cmake: 6.1.2 (/opt/ros/humble/share/rmw_implementation_cmake/cmake)
[0.895s] -- Found rmw_fastrtps_cpp: 6.2.9 (/opt/ros/humble/share/rmw_fastrtps_cpp/cmake)
[1.029s] -- Found OpenSSL: /usr/lib/x86_64-linux-gnu/libcrypto.so (found version "3.0.2")  
[1.066s] -- Found FastRTPS: /opt/ros/humble/include  
[1.130s] -- Using RMW implementation 'rmw_fastrtps_cpp' as default
[1.147s] -- Looking for pthread.h
[1.228s] -- Looking for pthread.h - found
[1.228s] -- Performing Test CMAKE_HAVE_LIBC_PTHREAD
[1.303s] -- Performing Test CMAKE_HAVE_LIBC_PTHREAD - Success
[1.304s] -- Found Threads: TRUE  
[1.373s] -- Found geometry_msgs: 4.9.0 (/opt/ros/humble/share/geometry_msgs/cmake)
[1.387s] -- Found nav_msgs: 4.9.0 (/opt/ros/humble/share/nav_msgs/cmake)
[1.403s] -- Found robmovil_msgs: 0.0.0 (/root/ros2_ws/src/robotica/install/robmovil_msgs/share/robmovil_msgs/cmake)
[1.425s] -- Found tf2_ros: 0.25.16 (/opt/ros/humble/share/tf2_ros/cmake)
[1.580s] -- Found tf2_geometry_msgs: 0.25.16 (/opt/ros/humble/share/tf2_geometry_msgs/cmake)
[1.603s] -- Found eigen3_cmake_module: 0.1.1 (/opt/ros/humble/share/eigen3_cmake_module/cmake)
[1.604s] -- Found Eigen3: TRUE (found version "3.4.0") 
[1.605s] -- Ensuring Eigen3 include directory is part of orocos-kdl CMake target
[1.683s] -- Configuring done
[1.701s] -- Generating done
[1.710s] -- Build files have been written to: /root/ros2_ws/src/robotica/build/modelo_omnidireccional
[1.728s] Invoked command in '/root/ros2_ws/src/robotica/build/modelo_omnidireccional' returned '0': AMENT_PREFIX_PATH=/root/ros2_ws/src/robotica/install/robmovil_msgs:${AMENT_PREFIX_PATH} CMAKE_PREFIX_PATH=/root/ros2_ws/src/robotica/install/robmovil_msgs:/root/ros2_ws/install/sim_ros2_interface:/root/ros2_ws/install/modelo_omnidireccional:/root/ros2_ws/install/robmovil_msgs:/opt/ros/humble LD_LIBRARY_PATH=/root/ros2_ws/src/robotica/install/robmovil_msgs/lib:/root/ros2_ws/install/robmovil_msgs/lib:/usr/lib/x86_64-linux-gnu/gazebo-11/plugins:/opt/ros/humble/opt/rviz_ogre_vendor/lib:/opt/ros/humble/lib/x86_64-linux-gnu:/opt/ros/humble/lib:/usr/lib/x86_64-linux-gnu/gazebo-11/plugins PYTHONPATH=/root/ros2_ws/src/robotica/install/robmovil_msgs/local/lib/python3.10/dist-packages:${PYTHONPATH} /usr/bin/cmake /root/ros2_ws/src/robotica/modelo_omnidireccional -DCMAKE_INSTALL_PREFIX=/root/ros2_ws/src/robotica/install/modelo_omnidireccional
[1.729s] Invoking command in '/root/ros2_ws/src/robotica/build/modelo_omnidireccional': AMENT_PREFIX_PATH=/root/ros2_ws/src/robotica/install/robmovil_msgs:${AMENT_PREFIX_PATH} CMAKE_PREFIX_PATH=/root/ros2_ws/src/robotica/install/robmovil_msgs:/root/ros2_ws/install/sim_ros2_interface:/root/ros2_ws/install/modelo_omnidireccional:/root/ros2_ws/install/robmovil_msgs:/opt/ros/humble LD_LIBRARY_PATH=/root/ros2_ws/src/robotica/install/robmovil_msgs/lib:/root/ros2_ws/install/robmovil_msgs/lib:/usr/lib/x86_64-linux-gnu/gazebo-11/plugins:/opt/ros/humble/opt/rviz_ogre_vendor/lib:/opt/ros/humble/lib/x86_64-linux-gnu:/opt/ros/humble/lib:/usr/lib/x86_64-linux-gnu/gazebo-11/plugins PYTHONPATH=/root/ros2_ws/src/robotica/install/robmovil_msgs/local/lib/python3.10/dist-packages:${PYTHONPATH} /usr/bin/cmake --build /root/ros2_ws/src/robotica/build/modelo_omnidireccional -- -j4 -l4
[1.784s] [ 33%] [32mBuilding CXX object CMakeFiles/pioneer_odometry_node.dir/src/pioneer_odometry_node.cpp.o[0m
[1.785s] [ 66%] [32mBuilding CXX object CMakeFiles/pioneer_odometry_node.dir/src/pioneer_odometry.cpp.o[0m
[15.836s] [100%] [32m[1mLinking CXX executable pioneer_odometry_node[0m
[16.435s] [100%] Built target pioneer_odometry_node
