[0.024s] Invoking command in '/root/ros2_ws/src/robotica/build/modelo_omnidireccional': AMENT_PREFIX_PATH=/root/ros2_ws/src/robotica/install/robmovil_msgs:${AMENT_PREFIX_PATH} CMAKE_PREFIX_PATH=/root/ros2_ws/src/robotica/install/robmovil_msgs:/root/ros2_ws/install/sim_ros2_interface:/root/ros2_ws/install/modelo_omnidireccional:/root/ros2_ws/install/robmovil_msgs:/opt/ros/humble LD_LIBRARY_PATH=/root/ros2_ws/src/robotica/install/robmovil_msgs/lib:/root/ros2_ws/install/robmovil_msgs/lib:/usr/lib/x86_64-linux-gnu/gazebo-11/plugins:/opt/ros/humble/opt/rviz_ogre_vendor/lib:/opt/ros/humble/lib/x86_64-linux-gnu:/opt/ros/humble/lib:/usr/lib/x86_64-linux-gnu/gazebo-11/plugins PYTHONPATH=/root/ros2_ws/src/robotica/install/robmovil_msgs/local/lib/python3.10/dist-packages:${PYTHONPATH} /usr/bin/cmake --build /root/ros2_ws/src/robotica/build/modelo_omnidireccional -- -j4 -l4
[0.129s] [100%] Built target pioneer_odometry_node
[0.149s] Invoked command in '/root/ros2_ws/src/robotica/build/modelo_omnidireccional' returned '0': AMENT_PREFIX_PATH=/root/ros2_ws/src/robotica/install/robmovil_msgs:${AMENT_PREFIX_PATH} CMAKE_PREFIX_PATH=/root/ros2_ws/src/robotica/install/robmovil_msgs:/root/ros2_ws/install/sim_ros2_interface:/root/ros2_ws/install/modelo_omnidireccional:/root/ros2_ws/install/robmovil_msgs:/opt/ros/humble LD_LIBRARY_PATH=/root/ros2_ws/src/robotica/install/robmovil_msgs/lib:/root/ros2_ws/install/robmovil_msgs/lib:/usr/lib/x86_64-linux-gnu/gazebo-11/plugins:/opt/ros/humble/opt/rviz_ogre_vendor/lib:/opt/ros/humble/lib/x86_64-linux-gnu:/opt/ros/humble/lib:/usr/lib/x86_64-linux-gnu/gazebo-11/plugins PYTHONPATH=/root/ros2_ws/src/robotica/install/robmovil_msgs/local/lib/python3.10/dist-packages:${PYTHONPATH} /usr/bin/cmake --build /root/ros2_ws/src/robotica/build/modelo_omnidireccional -- -j4 -l4
[0.150s] Invoking command in '/root/ros2_ws/src/robotica/build/modelo_omnidireccional': AMENT_PREFIX_PATH=/root/ros2_ws/src/robotica/install/robmovil_msgs:${AMENT_PREFIX_PATH} CMAKE_PREFIX_PATH=/root/ros2_ws/src/robotica/install/robmovil_msgs:/root/ros2_ws/install/sim_ros2_interface:/root/ros2_ws/install/modelo_omnidireccional:/root/ros2_ws/install/robmovil_msgs:/opt/ros/humble LD_LIBRARY_PATH=/root/ros2_ws/src/robotica/install/robmovil_msgs/lib:/root/ros2_ws/install/robmovil_msgs/lib:/usr/lib/x86_64-linux-gnu/gazebo-11/plugins:/opt/ros/humble/opt/rviz_ogre_vendor/lib:/opt/ros/humble/lib/x86_64-linux-gnu:/opt/ros/humble/lib:/usr/lib/x86_64-linux-gnu/gazebo-11/plugins PYTHONPATH=/root/ros2_ws/src/robotica/install/robmovil_msgs/local/lib/python3.10/dist-packages:${PYTHONPATH} /usr/bin/cmake --install /root/ros2_ws/src/robotica/build/modelo_omnidireccional
[0.157s] -- Install configuration: ""
[0.159s] -- Up-to-date: /root/ros2_ws/src/robotica/install/modelo_omnidireccional/lib/modelo_omnidireccional/pioneer_odometry_node
[0.160s] -- Up-to-date: /root/ros2_ws/src/robotica/install/modelo_omnidireccional/share/ament_index/resource_index/package_run_dependencies/modelo_omnidireccional
[0.160s] -- Up-to-date: /root/ros2_ws/src/robotica/install/modelo_omnidireccional/share/ament_index/resource_index/parent_prefix_path/modelo_omnidireccional
[0.161s] -- Up-to-date: /root/ros2_ws/src/robotica/install/modelo_omnidireccional/share/modelo_omnidireccional/environment/ament_prefix_path.sh
[0.161s] -- Up-to-date: /root/ros2_ws/src/robotica/install/modelo_omnidireccional/share/modelo_omnidireccional/environment/ament_prefix_path.dsv
[0.161s] -- Up-to-date: /root/ros2_ws/src/robotica/install/modelo_omnidireccional/share/modelo_omnidireccional/environment/path.sh
[0.161s] -- Up-to-date: /root/ros2_ws/src/robotica/install/modelo_omnidireccional/share/modelo_omnidireccional/environment/path.dsv
[0.161s] -- Up-to-date: /root/ros2_ws/src/robotica/install/modelo_omnidireccional/share/modelo_omnidireccional/local_setup.bash
[0.161s] -- Up-to-date: /root/ros2_ws/src/robotica/install/modelo_omnidireccional/share/modelo_omnidireccional/local_setup.sh
[0.161s] -- Up-to-date: /root/ros2_ws/src/robotica/install/modelo_omnidireccional/share/modelo_omnidireccional/local_setup.zsh
[0.161s] -- Up-to-date: /root/ros2_ws/src/robotica/install/modelo_omnidireccional/share/modelo_omnidireccional/local_setup.dsv
[0.161s] -- Installing: /root/ros2_ws/src/robotica/install/modelo_omnidireccional/share/modelo_omnidireccional/package.dsv
[0.161s] -- Up-to-date: /root/ros2_ws/src/robotica/install/modelo_omnidireccional/share/ament_index/resource_index/packages/modelo_omnidireccional
[0.161s] -- Up-to-date: /root/ros2_ws/src/robotica/install/modelo_omnidireccional/share/modelo_omnidireccional/cmake/modelo_omnidireccionalConfig.cmake
[0.162s] -- Up-to-date: /root/ros2_ws/src/robotica/install/modelo_omnidireccional/share/modelo_omnidireccional/cmake/modelo_omnidireccionalConfig-version.cmake
[0.163s] -- Up-to-date: /root/ros2_ws/src/robotica/install/modelo_omnidireccional/share/modelo_omnidireccional/package.xml
[0.163s] Invoked command in '/root/ros2_ws/src/robotica/build/modelo_omnidireccional' returned '0': AMENT_PREFIX_PATH=/root/ros2_ws/src/robotica/install/robmovil_msgs:${AMENT_PREFIX_PATH} CMAKE_PREFIX_PATH=/root/ros2_ws/src/robotica/install/robmovil_msgs:/root/ros2_ws/install/sim_ros2_interface:/root/ros2_ws/install/modelo_omnidireccional:/root/ros2_ws/install/robmovil_msgs:/opt/ros/humble LD_LIBRARY_PATH=/root/ros2_ws/src/robotica/install/robmovil_msgs/lib:/root/ros2_ws/install/robmovil_msgs/lib:/usr/lib/x86_64-linux-gnu/gazebo-11/plugins:/opt/ros/humble/opt/rviz_ogre_vendor/lib:/opt/ros/humble/lib/x86_64-linux-gnu:/opt/ros/humble/lib:/usr/lib/x86_64-linux-gnu/gazebo-11/plugins PYTHONPATH=/root/ros2_ws/src/robotica/install/robmovil_msgs/local/lib/python3.10/dist-packages:${PYTHONPATH} /usr/bin/cmake --install /root/ros2_ws/src/robotica/build/modelo_omnidireccional
