[0.037s] Invoking command in '/root/ros2_ws/src/robotica/build/lazo_abierto': AMENT_PREFIX_PATH=/root/ros2_ws/src/robotica/install/robmovil_msgs:${AMENT_PREFIX_PATH} CMAKE_PREFIX_PATH=/root/ros2_ws/src/robotica/install/robmovil_msgs:/root/ros2_ws/install/sim_ros2_interface:/root/ros2_ws/install/modelo_omnidireccional:/root/ros2_ws/install/robmovil_msgs:/opt/ros/humble LD_LIBRARY_PATH=/root/ros2_ws/src/robotica/install/robmovil_msgs/lib:/root/ros2_ws/install/robmovil_msgs/lib:/usr/lib/x86_64-linux-gnu/gazebo-11/plugins:/opt/ros/humble/opt/rviz_ogre_vendor/lib:/opt/ros/humble/lib/x86_64-linux-gnu:/opt/ros/humble/lib:/usr/lib/x86_64-linux-gnu/gazebo-11/plugins PYTHONPATH=/root/ros2_ws/src/robotica/install/robmovil_msgs/local/lib/python3.10/dist-packages:${PYTHONPATH} /usr/bin/cmake --build /root/ros2_ws/src/robotica/build/lazo_abierto -- -j4 -l4
[0.102s] -- Found rclcpp: 16.0.15 (/opt/ros/humble/share/rclcpp/cmake)
[0.353s] -- Found rosidl_generator_c: 3.1.7 (/opt/ros/humble/share/rosidl_generator_c/cmake)
[0.356s] -- Found rosidl_adapter: 3.1.7 (/opt/ros/humble/share/rosidl_adapter/cmake)
[0.362s] -- Found rosidl_generator_cpp: 3.1.7 (/opt/ros/humble/share/rosidl_generator_cpp/cmake)
[0.378s] -- Using all available rosidl_typesupport_c: rosidl_typesupport_fastrtps_c;rosidl_typesupport_introspection_c
[0.398s] -- Using all available rosidl_typesupport_cpp: rosidl_typesupport_fastrtps_cpp;rosidl_typesupport_introspection_cpp
[0.432s] -- Found rmw_implementation_cmake: 6.1.2 (/opt/ros/humble/share/rmw_implementation_cmake/cmake)
[0.434s] -- Found rmw_fastrtps_cpp: 6.2.9 (/opt/ros/humble/share/rmw_fastrtps_cpp/cmake)
[0.593s] -- Using RMW implementation 'rmw_fastrtps_cpp' as default
[0.647s] -- Found geometry_msgs: 4.9.0 (/opt/ros/humble/share/geometry_msgs/cmake)
[0.663s] -- Found robmovil_msgs: 0.0.0 (/root/ros2_ws/src/robotica/install/robmovil_msgs/share/robmovil_msgs/cmake)
[0.680s] -- Found nav_msgs: 4.9.0 (/opt/ros/humble/share/nav_msgs/cmake)
[0.700s] -- Found tf2: 0.25.16 (/opt/ros/humble/share/tf2/cmake)
[0.704s] -- Found tf2_geometry_msgs: 0.25.16 (/opt/ros/humble/share/tf2_geometry_msgs/cmake)
[0.708s] -- Found eigen3_cmake_module: 0.1.1 (/opt/ros/humble/share/eigen3_cmake_module/cmake)
[0.710s] -- Ensuring Eigen3 include directory is part of orocos-kdl CMake target
[0.896s] -- Configuring done
[0.918s] -- Generating done
[0.929s] -- Build files have been written to: /root/ros2_ws/src/robotica/build/lazo_abierto
[0.961s] [35m[1mConsolidate compiler generated dependencies of target trajectory_generator[0m
[0.964s] [35m[1mConsolidate compiler generated dependencies of target trajectory_controller[0m
[0.998s] [ 28%] [32mBuilding CXX object CMakeFiles/trajectory_generator.dir/src/trajectory_generator_node.cpp.o[0m
[0.999s] [ 42%] Built target trajectory_controller
[1.027s] [35m[1mConsolidate compiler generated dependencies of target trajectory_follower[0m
[1.055s] [ 85%] Built target trajectory_follower
[3.735s] [01m[K/root/ros2_ws/src/robotica/lazo_abierto/src/trajectory_generator_node.cpp:[m[K In function ‘[01m[Kint main(int, char**)[m[K’:
[3.736s] [01m[K/root/ros2_ws/src/robotica/lazo_abierto/src/trajectory_generator_node.cpp:51:114:[m[K [01;35m[Kwarning: [m[Kconverting to ‘[01m[Kconst ParameterDescriptor[m[K’ {aka ‘[01m[Kconst rcl_interfaces::msg::ParameterDescriptor_<std::allocator<void> >[m[K’} from initializer list would use explicit constructor ‘[01m[Krcl_interfaces::msg::ParameterDescriptor_<ContainerAllocator>::ParameterDescriptor_(rosidl_runtime_cpp::MessageInitialization) [with ContainerAllocator = std::allocator<void>][m[K’
[3.736s]    51 |     std::vector<double> spline_waypoints_data = [01;35m[Ktrajectory_generator_node->declare_parameter<std::vector<double>>("spline_waypoints", {})[m[K;
[3.736s]       |                                                 [01;35m[K~~~~~~~~~~~~~~~~~~~~~~~~~~~~~~~~~~~~~~~~~~~~~~~~~~~~~~~~~~~~~~~~~^~~~~~~~~~~~~~~~~~~~~~~~[m[K
[3.736s] [01m[K/root/ros2_ws/src/robotica/lazo_abierto/src/trajectory_generator_node.cpp:51:114:[m[K [01;36m[Knote: [m[Kin C++11 and above a default constructor can be explicit
[6.009s] [100%] [32m[1mLinking CXX executable trajectory_generator[0m
[6.238s] [100%] Built target trajectory_generator
[6.248s] Invoked command in '/root/ros2_ws/src/robotica/build/lazo_abierto' returned '0': AMENT_PREFIX_PATH=/root/ros2_ws/src/robotica/install/robmovil_msgs:${AMENT_PREFIX_PATH} CMAKE_PREFIX_PATH=/root/ros2_ws/src/robotica/install/robmovil_msgs:/root/ros2_ws/install/sim_ros2_interface:/root/ros2_ws/install/modelo_omnidireccional:/root/ros2_ws/install/robmovil_msgs:/opt/ros/humble LD_LIBRARY_PATH=/root/ros2_ws/src/robotica/install/robmovil_msgs/lib:/root/ros2_ws/install/robmovil_msgs/lib:/usr/lib/x86_64-linux-gnu/gazebo-11/plugins:/opt/ros/humble/opt/rviz_ogre_vendor/lib:/opt/ros/humble/lib/x86_64-linux-gnu:/opt/ros/humble/lib:/usr/lib/x86_64-linux-gnu/gazebo-11/plugins PYTHONPATH=/root/ros2_ws/src/robotica/install/robmovil_msgs/local/lib/python3.10/dist-packages:${PYTHONPATH} /usr/bin/cmake --build /root/ros2_ws/src/robotica/build/lazo_abierto -- -j4 -l4
[6.250s] Invoking command in '/root/ros2_ws/src/robotica/build/lazo_abierto': AMENT_PREFIX_PATH=/root/ros2_ws/src/robotica/install/robmovil_msgs:${AMENT_PREFIX_PATH} CMAKE_PREFIX_PATH=/root/ros2_ws/src/robotica/install/robmovil_msgs:/root/ros2_ws/install/sim_ros2_interface:/root/ros2_ws/install/modelo_omnidireccional:/root/ros2_ws/install/robmovil_msgs:/opt/ros/humble LD_LIBRARY_PATH=/root/ros2_ws/src/robotica/install/robmovil_msgs/lib:/root/ros2_ws/install/robmovil_msgs/lib:/usr/lib/x86_64-linux-gnu/gazebo-11/plugins:/opt/ros/humble/opt/rviz_ogre_vendor/lib:/opt/ros/humble/lib/x86_64-linux-gnu:/opt/ros/humble/lib:/usr/lib/x86_64-linux-gnu/gazebo-11/plugins PYTHONPATH=/root/ros2_ws/src/robotica/install/robmovil_msgs/local/lib/python3.10/dist-packages:${PYTHONPATH} /usr/bin/cmake --install /root/ros2_ws/src/robotica/build/lazo_abierto
[6.257s] -- Install configuration: ""
[6.257s] -- Installing: /root/ros2_ws/src/robotica/install/lazo_abierto/lib/lazo_abierto/libtrajectory_controller.a
[6.265s] -- Installing: /root/ros2_ws/src/robotica/install/lazo_abierto/lib/lazo_abierto/trajectory_follower
[6.267s] -- Set runtime path of "/root/ros2_ws/src/robotica/install/lazo_abierto/lib/lazo_abierto/trajectory_follower" to ""
[6.267s] -- Installing: /root/ros2_ws/src/robotica/install/lazo_abierto/lib/lazo_abierto/trajectory_generator
[6.268s] -- Set runtime path of "/root/ros2_ws/src/robotica/install/lazo_abierto/lib/lazo_abierto/trajectory_generator" to ""
[6.268s] -- Installing: /root/ros2_ws/src/robotica/install/lazo_abierto/include
[6.269s] -- Installing: /root/ros2_ws/src/robotica/install/lazo_abierto/include/lazo_abierto
[6.269s] -- Installing: /root/ros2_ws/src/robotica/install/lazo_abierto/include/lazo_abierto/TrajectoryFollower.h
[6.269s] -- Installing: /root/ros2_ws/src/robotica/install/lazo_abierto/include/lazo_abierto/FeedForwardController.h
[6.269s] -- Installing: /root/ros2_ws/src/robotica/install/lazo_abierto/share/lazo_abierto//launch
[6.269s] -- Installing: /root/ros2_ws/src/robotica/install/lazo_abierto/share/lazo_abierto//launch/lazo_abierto.launch.py
[6.269s] -- Installing: /root/ros2_ws/src/robotica/install/lazo_abierto/share/lazo_abierto/environment/library_path.sh
[6.269s] -- Installing: /root/ros2_ws/src/robotica/install/lazo_abierto/share/lazo_abierto/environment/library_path.dsv
[6.270s] -- Installing: /root/ros2_ws/src/robotica/install/lazo_abierto/share/ament_index/resource_index/package_run_dependencies/lazo_abierto
[6.270s] -- Installing: /root/ros2_ws/src/robotica/install/lazo_abierto/share/ament_index/resource_index/parent_prefix_path/lazo_abierto
[6.270s] -- Installing: /root/ros2_ws/src/robotica/install/lazo_abierto/share/lazo_abierto/environment/ament_prefix_path.sh
[6.270s] -- Installing: /root/ros2_ws/src/robotica/install/lazo_abierto/share/lazo_abierto/environment/ament_prefix_path.dsv
[6.270s] -- Installing: /root/ros2_ws/src/robotica/install/lazo_abierto/share/lazo_abierto/environment/path.sh
[6.271s] -- Installing: /root/ros2_ws/src/robotica/install/lazo_abierto/share/lazo_abierto/environment/path.dsv
[6.271s] -- Installing: /root/ros2_ws/src/robotica/install/lazo_abierto/share/lazo_abierto/local_setup.bash
[6.271s] -- Installing: /root/ros2_ws/src/robotica/install/lazo_abierto/share/lazo_abierto/local_setup.sh
[6.271s] -- Installing: /root/ros2_ws/src/robotica/install/lazo_abierto/share/lazo_abierto/local_setup.zsh
[6.271s] -- Installing: /root/ros2_ws/src/robotica/install/lazo_abierto/share/lazo_abierto/local_setup.dsv
[6.271s] -- Installing: /root/ros2_ws/src/robotica/install/lazo_abierto/share/lazo_abierto/package.dsv
[6.272s] -- Installing: /root/ros2_ws/src/robotica/install/lazo_abierto/share/ament_index/resource_index/packages/lazo_abierto
[6.272s] -- Installing: /root/ros2_ws/src/robotica/install/lazo_abierto/share/lazo_abierto/cmake/export_trajectory_controllerExport.cmake
[6.272s] -- Installing: /root/ros2_ws/src/robotica/install/lazo_abierto/share/lazo_abierto/cmake/export_trajectory_controllerExport-noconfig.cmake
[6.273s] -- Installing: /root/ros2_ws/src/robotica/install/lazo_abierto/share/lazo_abierto/cmake/ament_cmake_export_targets-extras.cmake
[6.273s] -- Installing: /root/ros2_ws/src/robotica/install/lazo_abierto/share/lazo_abierto/cmake/ament_cmake_export_include_directories-extras.cmake
[6.273s] -- Installing: /root/ros2_ws/src/robotica/install/lazo_abierto/share/lazo_abierto/cmake/ament_cmake_export_dependencies-extras.cmake
[6.273s] -- Installing: /root/ros2_ws/src/robotica/install/lazo_abierto/share/lazo_abierto/cmake/lazo_abiertoConfig.cmake
[6.273s] -- Installing: /root/ros2_ws/src/robotica/install/lazo_abierto/share/lazo_abierto/cmake/lazo_abiertoConfig-version.cmake
[6.274s] -- Installing: /root/ros2_ws/src/robotica/install/lazo_abierto/share/lazo_abierto/package.xml
[6.276s] Invoked command in '/root/ros2_ws/src/robotica/build/lazo_abierto' returned '0': AMENT_PREFIX_PATH=/root/ros2_ws/src/robotica/install/robmovil_msgs:${AMENT_PREFIX_PATH} CMAKE_PREFIX_PATH=/root/ros2_ws/src/robotica/install/robmovil_msgs:/root/ros2_ws/install/sim_ros2_interface:/root/ros2_ws/install/modelo_omnidireccional:/root/ros2_ws/install/robmovil_msgs:/opt/ros/humble LD_LIBRARY_PATH=/root/ros2_ws/src/robotica/install/robmovil_msgs/lib:/root/ros2_ws/install/robmovil_msgs/lib:/usr/lib/x86_64-linux-gnu/gazebo-11/plugins:/opt/ros/humble/opt/rviz_ogre_vendor/lib:/opt/ros/humble/lib/x86_64-linux-gnu:/opt/ros/humble/lib:/usr/lib/x86_64-linux-gnu/gazebo-11/plugins PYTHONPATH=/root/ros2_ws/src/robotica/install/robmovil_msgs/local/lib/python3.10/dist-packages:${PYTHONPATH} /usr/bin/cmake --install /root/ros2_ws/src/robotica/build/lazo_abierto
