[35m[1mConsolidate compiler generated dependencies of target trajectory_follower_cl[0m
[ 40%] Built target logger
[ 60%] [32mBuilding CXX object CMakeFiles/trajectory_follower_cl.dir/src/KinematicPositionController.cpp.o[0m
[ 80%] [32mBuilding CXX object CMakeFiles/trajectory_follower_cl.dir/src/kinematic_position_controller_node.cpp.o[0m
[100%] [32m[1mLinking CXX executable trajectory_follower_cl[0m
[100%] Built target trajectory_follower_cl
-- Install configuration: ""
-- Installing: /root/ros2_ws/src/robotica/install/lazo_cerrado/lib/lazo_cerrado/trajectory_follower_cl
-- Set runtime path of "/root/ros2_ws/src/robotica/install/lazo_cerrado/lib/lazo_cerrado/trajectory_follower_cl" to ""
-- Installing: /root/ros2_ws/src/robotica/install/lazo_cerrado/lib/lazo_cerrado/logger
-- Set runtime path of "/root/ros2_ws/src/robotica/install/lazo_cerrado/lib/lazo_cerrado/logger" to ""
-- Installing: /root/ros2_ws/src/robotica/install/lazo_cerrado/share/lazo_cerrado//launch
-- Installing: /root/ros2_ws/src/robotica/install/lazo_cerrado/share/lazo_cerrado//launch/lazo_cerrado.launch.py
-- Installing: /root/ros2_ws/src/robotica/install/lazo_cerrado/share/ament_index/resource_index/package_run_dependencies/lazo_cerrado
-- Installing: /root/ros2_ws/src/robotica/install/lazo_cerrado/share/ament_index/resource_index/parent_prefix_path/lazo_cerrado
-- Installing: /root/ros2_ws/src/robotica/install/lazo_cerrado/share/lazo_cerrado/environment/ament_prefix_path.sh
-- Installing: /root/ros2_ws/src/robotica/install/lazo_cerrado/share/lazo_cerrado/environment/ament_prefix_path.dsv
-- Installing: /root/ros2_ws/src/robotica/install/lazo_cerrado/share/lazo_cerrado/environment/path.sh
-- Installing: /root/ros2_ws/src/robotica/install/lazo_cerrado/share/lazo_cerrado/environment/path.dsv
-- Installing: /root/ros2_ws/src/robotica/install/lazo_cerrado/share/lazo_cerrado/local_setup.bash
-- Installing: /root/ros2_ws/src/robotica/install/lazo_cerrado/share/lazo_cerrado/local_setup.sh
-- Installing: /root/ros2_ws/src/robotica/install/lazo_cerrado/share/lazo_cerrado/local_setup.zsh
-- Installing: /root/ros2_ws/src/robotica/install/lazo_cerrado/share/lazo_cerrado/local_setup.dsv
-- Installing: /root/ros2_ws/src/robotica/install/lazo_cerrado/share/lazo_cerrado/package.dsv
-- Installing: /root/ros2_ws/src/robotica/install/lazo_cerrado/share/ament_index/resource_index/packages/lazo_cerrado
-- Installing: /root/ros2_ws/src/robotica/install/lazo_cerrado/share/lazo_cerrado/cmake/ament_cmake_export_include_directories-extras.cmake
-- Installing: /root/ros2_ws/src/robotica/install/lazo_cerrado/share/lazo_cerrado/cmake/lazo_cerradoConfig.cmake
-- Installing: /root/ros2_ws/src/robotica/install/lazo_cerrado/share/lazo_cerrado/cmake/lazo_cerradoConfig-version.cmake
-- Installing: /root/ros2_ws/src/robotica/install/lazo_cerrado/share/lazo_cerrado/package.xml
