[0.017s] Invoking command in '/root/ros2_ws/src/robotica/build/lazo_cerrado': AMENT_PREFIX_PATH=/root/ros2_ws/src/robotica/install/lazo_abierto:/root/ros2_ws/src/robotica/install/robmovil_msgs:${AMENT_PREFIX_PATH} CMAKE_PREFIX_PATH=/root/ros2_ws/src/robotica/install/lazo_abierto:/root/ros2_ws/src/robotica/install/robmovil_msgs:/root/ros2_ws/install/sim_ros2_interface:/root/ros2_ws/install/modelo_omnidireccional:/root/ros2_ws/install/robmovil_msgs:/opt/ros/humble LD_LIBRARY_PATH=/root/ros2_ws/src/robotica/install/lazo_abierto/lib:/root/ros2_ws/src/robotica/install/robmovil_msgs/lib:/root/ros2_ws/install/robmovil_msgs/lib:/usr/lib/x86_64-linux-gnu/gazebo-11/plugins:/opt/ros/humble/opt/rviz_ogre_vendor/lib:/opt/ros/humble/lib/x86_64-linux-gnu:/opt/ros/humble/lib:/usr/lib/x86_64-linux-gnu/gazebo-11/plugins PYTHONPATH=/root/ros2_ws/src/robotica/install/robmovil_msgs/local/lib/python3.10/dist-packages:${PYTHONPATH} /usr/bin/cmake --build /root/ros2_ws/src/robotica/build/lazo_cerrado -- -j4 -l4
[0.087s] [35m[1mConsolidate compiler generated dependencies of target trajectory_follower_cl[0m
[0.111s] [ 40%] Built target logger
[0.121s] [ 60%] [32mBuilding CXX object CMakeFiles/trajectory_follower_cl.dir/src/KinematicPositionController.cpp.o[0m
[0.122s] [ 80%] [32mBuilding CXX object CMakeFiles/trajectory_follower_cl.dir/src/kinematic_position_controller_node.cpp.o[0m
[9.747s] [100%] [32m[1mLinking CXX executable trajectory_follower_cl[0m
[10.496s] [100%] Built target trajectory_follower_cl
[10.510s] Invoked command in '/root/ros2_ws/src/robotica/build/lazo_cerrado' returned '0': AMENT_PREFIX_PATH=/root/ros2_ws/src/robotica/install/lazo_abierto:/root/ros2_ws/src/robotica/install/robmovil_msgs:${AMENT_PREFIX_PATH} CMAKE_PREFIX_PATH=/root/ros2_ws/src/robotica/install/lazo_abierto:/root/ros2_ws/src/robotica/install/robmovil_msgs:/root/ros2_ws/install/sim_ros2_interface:/root/ros2_ws/install/modelo_omnidireccional:/root/ros2_ws/install/robmovil_msgs:/opt/ros/humble LD_LIBRARY_PATH=/root/ros2_ws/src/robotica/install/lazo_abierto/lib:/root/ros2_ws/src/robotica/install/robmovil_msgs/lib:/root/ros2_ws/install/robmovil_msgs/lib:/usr/lib/x86_64-linux-gnu/gazebo-11/plugins:/opt/ros/humble/opt/rviz_ogre_vendor/lib:/opt/ros/humble/lib/x86_64-linux-gnu:/opt/ros/humble/lib:/usr/lib/x86_64-linux-gnu/gazebo-11/plugins PYTHONPATH=/root/ros2_ws/src/robotica/install/robmovil_msgs/local/lib/python3.10/dist-packages:${PYTHONPATH} /usr/bin/cmake --build /root/ros2_ws/src/robotica/build/lazo_cerrado -- -j4 -l4
[10.510s] Invoking command in '/root/ros2_ws/src/robotica/build/lazo_cerrado': AMENT_PREFIX_PATH=/root/ros2_ws/src/robotica/install/lazo_abierto:/root/ros2_ws/src/robotica/install/robmovil_msgs:${AMENT_PREFIX_PATH} CMAKE_PREFIX_PATH=/root/ros2_ws/src/robotica/install/lazo_abierto:/root/ros2_ws/src/robotica/install/robmovil_msgs:/root/ros2_ws/install/sim_ros2_interface:/root/ros2_ws/install/modelo_omnidireccional:/root/ros2_ws/install/robmovil_msgs:/opt/ros/humble LD_LIBRARY_PATH=/root/ros2_ws/src/robotica/install/lazo_abierto/lib:/root/ros2_ws/src/robotica/install/robmovil_msgs/lib:/root/ros2_ws/install/robmovil_msgs/lib:/usr/lib/x86_64-linux-gnu/gazebo-11/plugins:/opt/ros/humble/opt/rviz_ogre_vendor/lib:/opt/ros/humble/lib/x86_64-linux-gnu:/opt/ros/humble/lib:/usr/lib/x86_64-linux-gnu/gazebo-11/plugins PYTHONPATH=/root/ros2_ws/src/robotica/install/robmovil_msgs/local/lib/python3.10/dist-packages:${PYTHONPATH} /usr/bin/cmake --install /root/ros2_ws/src/robotica/build/lazo_cerrado
[10.516s] -- Install configuration: ""
[10.516s] -- Installing: /root/ros2_ws/src/robotica/install/lazo_cerrado/lib/lazo_cerrado/trajectory_follower_cl
[10.520s] -- Set runtime path of "/root/ros2_ws/src/robotica/install/lazo_cerrado/lib/lazo_cerrado/trajectory_follower_cl" to ""
[10.520s] -- Installing: /root/ros2_ws/src/robotica/install/lazo_cerrado/lib/lazo_cerrado/logger
[10.526s] -- Set runtime path of "/root/ros2_ws/src/robotica/install/lazo_cerrado/lib/lazo_cerrado/logger" to ""
[10.526s] -- Installing: /root/ros2_ws/src/robotica/install/lazo_cerrado/share/lazo_cerrado//launch
[10.526s] -- Installing: /root/ros2_ws/src/robotica/install/lazo_cerrado/share/lazo_cerrado//launch/lazo_cerrado.launch.py
[10.526s] -- Installing: /root/ros2_ws/src/robotica/install/lazo_cerrado/share/ament_index/resource_index/package_run_dependencies/lazo_cerrado
[10.526s] -- Installing: /root/ros2_ws/src/robotica/install/lazo_cerrado/share/ament_index/resource_index/parent_prefix_path/lazo_cerrado
[10.526s] -- Installing: /root/ros2_ws/src/robotica/install/lazo_cerrado/share/lazo_cerrado/environment/ament_prefix_path.sh
[10.528s] -- Installing: /root/ros2_ws/src/robotica/install/lazo_cerrado/share/lazo_cerrado/environment/ament_prefix_path.dsv
[10.528s] -- Installing: /root/ros2_ws/src/robotica/install/lazo_cerrado/share/lazo_cerrado/environment/path.sh
[10.528s] -- Installing: /root/ros2_ws/src/robotica/install/lazo_cerrado/share/lazo_cerrado/environment/path.dsv
[10.528s] -- Installing: /root/ros2_ws/src/robotica/install/lazo_cerrado/share/lazo_cerrado/local_setup.bash
[10.528s] -- Installing: /root/ros2_ws/src/robotica/install/lazo_cerrado/share/lazo_cerrado/local_setup.sh
[10.528s] -- Installing: /root/ros2_ws/src/robotica/install/lazo_cerrado/share/lazo_cerrado/local_setup.zsh
[10.528s] -- Installing: /root/ros2_ws/src/robotica/install/lazo_cerrado/share/lazo_cerrado/local_setup.dsv
[10.528s] -- Installing: /root/ros2_ws/src/robotica/install/lazo_cerrado/share/lazo_cerrado/package.dsv
[10.528s] -- Installing: /root/ros2_ws/src/robotica/install/lazo_cerrado/share/ament_index/resource_index/packages/lazo_cerrado
[10.529s] -- Installing: /root/ros2_ws/src/robotica/install/lazo_cerrado/share/lazo_cerrado/cmake/ament_cmake_export_include_directories-extras.cmake
[10.529s] -- Installing: /root/ros2_ws/src/robotica/install/lazo_cerrado/share/lazo_cerrado/cmake/lazo_cerradoConfig.cmake
[10.529s] -- Installing: /root/ros2_ws/src/robotica/install/lazo_cerrado/share/lazo_cerrado/cmake/lazo_cerradoConfig-version.cmake
[10.529s] -- Installing: /root/ros2_ws/src/robotica/install/lazo_cerrado/share/lazo_cerrado/package.xml
[10.531s] Invoked command in '/root/ros2_ws/src/robotica/build/lazo_cerrado' returned '0': AMENT_PREFIX_PATH=/root/ros2_ws/src/robotica/install/lazo_abierto:/root/ros2_ws/src/robotica/install/robmovil_msgs:${AMENT_PREFIX_PATH} CMAKE_PREFIX_PATH=/root/ros2_ws/src/robotica/install/lazo_abierto:/root/ros2_ws/src/robotica/install/robmovil_msgs:/root/ros2_ws/install/sim_ros2_interface:/root/ros2_ws/install/modelo_omnidireccional:/root/ros2_ws/install/robmovil_msgs:/opt/ros/humble LD_LIBRARY_PATH=/root/ros2_ws/src/robotica/install/lazo_abierto/lib:/root/ros2_ws/src/robotica/install/robmovil_msgs/lib:/root/ros2_ws/install/robmovil_msgs/lib:/usr/lib/x86_64-linux-gnu/gazebo-11/plugins:/opt/ros/humble/opt/rviz_ogre_vendor/lib:/opt/ros/humble/lib/x86_64-linux-gnu:/opt/ros/humble/lib:/usr/lib/x86_64-linux-gnu/gazebo-11/plugins PYTHONPATH=/root/ros2_ws/src/robotica/install/robmovil_msgs/local/lib/python3.10/dist-packages:${PYTHONPATH} /usr/bin/cmake --install /root/ros2_ws/src/robotica/build/lazo_cerrado
