[0.040s] Invoking command in '/root/ros2_ws/src/robotica/build/modelo_diferencial': AMENT_PREFIX_PATH=/root/ros2_ws/src/robotica/install/keyboard:/root/ros2_ws/src/robotica/install/robmovil_msgs:/root/ros2_ws/src/robotica/install/keyboard_msgs:${AMENT_PREFIX_PATH} CMAKE_PREFIX_PATH=/root/ros2_ws/src/robotica/install/keyboard:/root/ros2_ws/src/robotica/install/robmovil_msgs:/root/ros2_ws/src/robotica/install/keyboard_msgs:/root/ros2_ws/install/sim_ros2_interface:/opt/ros/humble LD_LIBRARY_PATH=/root/ros2_ws/src/robotica/install/robmovil_msgs/lib:/root/ros2_ws/src/robotica/install/keyboard_msgs/lib:/usr/lib/x86_64-linux-gnu/gazebo-11/plugins:/opt/ros/humble/opt/rviz_ogre_vendor/lib:/opt/ros/humble/lib/x86_64-linux-gnu:/opt/ros/humble/lib:/usr/lib/x86_64-linux-gnu/gazebo-11/plugins PYTHONPATH=/root/ros2_ws/src/robotica/install/robmovil_msgs/local/lib/python3.10/dist-packages:/root/ros2_ws/src/robotica/install/keyboard_msgs/local/lib/python3.10/dist-packages:${PYTHONPATH} /usr/bin/cmake /root/ros2_ws/src/robotica/modelo_diferencial -DCMAKE_INSTALL_PREFIX=/root/ros2_ws/src/robotica/install/modelo_diferencial
[0.183s] -- The C compiler identification is GNU 11.4.0
[0.330s] -- The CXX compiler identification is GNU 11.4.0
[0.349s] -- Detecting C compiler ABI info
[0.548s] -- Detecting C compiler ABI info - done
[0.575s] -- Check for working C compiler: /usr/bin/cc - skipped
[0.576s] -- Detecting C compile features
[0.577s] -- Detecting C compile features - done
[0.588s] -- Detecting CXX compiler ABI info
[0.785s] -- Detecting CXX compiler ABI info - done
[0.804s] -- Check for working CXX compiler: /usr/bin/c++ - skipped
[0.805s] -- Detecting CXX compile features
[0.806s] -- Detecting CXX compile features - done
[0.816s] -- Found ament_cmake: 1.3.12 (/opt/ros/humble/share/ament_cmake/cmake)
[1.252s] -- Found Python3: /usr/bin/python3 (found version "3.10.12") found components: Interpreter 
[1.523s] -- Found rclcpp: 16.0.14 (/opt/ros/humble/share/rclcpp/cmake)
[1.653s] -- Found rosidl_generator_c: 3.1.7 (/opt/ros/humble/share/rosidl_generator_c/cmake)
[1.670s] -- Found rosidl_adapter: 3.1.7 (/opt/ros/humble/share/rosidl_adapter/cmake)
[1.695s] -- Found rosidl_generator_cpp: 3.1.7 (/opt/ros/humble/share/rosidl_generator_cpp/cmake)
[1.730s] -- Using all available rosidl_typesupport_c: rosidl_typesupport_fastrtps_c;rosidl_typesupport_introspection_c
[1.776s] -- Using all available rosidl_typesupport_cpp: rosidl_typesupport_fastrtps_cpp;rosidl_typesupport_introspection_cpp
[1.902s] -- Found rmw_implementation_cmake: 6.1.2 (/opt/ros/humble/share/rmw_implementation_cmake/cmake)
[1.910s] -- Found rmw_fastrtps_cpp: 6.2.8 (/opt/ros/humble/share/rmw_fastrtps_cpp/cmake)
[2.133s] -- Found OpenSSL: /usr/lib/x86_64-linux-gnu/libcrypto.so (found version "3.0.2")  
[2.201s] -- Found FastRTPS: /opt/ros/humble/include  
[2.306s] -- Using RMW implementation 'rmw_fastrtps_cpp' as default
[2.333s] -- Looking for pthread.h
[2.471s] -- Looking for pthread.h - found
[2.472s] -- Performing Test CMAKE_HAVE_LIBC_PTHREAD
[2.626s] -- Performing Test CMAKE_HAVE_LIBC_PTHREAD - Success
[2.628s] -- Found Threads: TRUE  
[2.730s] -- Found geometry_msgs: 4.9.0 (/opt/ros/humble/share/geometry_msgs/cmake)
[2.757s] -- Found nav_msgs: 4.9.0 (/opt/ros/humble/share/nav_msgs/cmake)
[2.786s] -- Found robmovil_msgs: 0.0.0 (/root/ros2_ws/src/robotica/install/robmovil_msgs/share/robmovil_msgs/cmake)
[2.820s] -- Found tf2_ros: 0.25.16 (/opt/ros/humble/share/tf2_ros/cmake)
[3.027s] -- Found tf2_geometry_msgs: 0.25.16 (/opt/ros/humble/share/tf2_geometry_msgs/cmake)
[3.063s] -- Found eigen3_cmake_module: 0.1.1 (/opt/ros/humble/share/eigen3_cmake_module/cmake)
[3.065s] -- Found Eigen3: TRUE (found version "3.4.0") 
[3.065s] -- Ensuring Eigen3 include directory is part of orocos-kdl CMake target
[3.172s] -- Configuring done
[3.190s] -- Generating done
[3.197s] -- Build files have been written to: /root/ros2_ws/src/robotica/build/modelo_diferencial
[3.225s] Invoked command in '/root/ros2_ws/src/robotica/build/modelo_diferencial' returned '0': AMENT_PREFIX_PATH=/root/ros2_ws/src/robotica/install/keyboard:/root/ros2_ws/src/robotica/install/robmovil_msgs:/root/ros2_ws/src/robotica/install/keyboard_msgs:${AMENT_PREFIX_PATH} CMAKE_PREFIX_PATH=/root/ros2_ws/src/robotica/install/keyboard:/root/ros2_ws/src/robotica/install/robmovil_msgs:/root/ros2_ws/src/robotica/install/keyboard_msgs:/root/ros2_ws/install/sim_ros2_interface:/opt/ros/humble LD_LIBRARY_PATH=/root/ros2_ws/src/robotica/install/robmovil_msgs/lib:/root/ros2_ws/src/robotica/install/keyboard_msgs/lib:/usr/lib/x86_64-linux-gnu/gazebo-11/plugins:/opt/ros/humble/opt/rviz_ogre_vendor/lib:/opt/ros/humble/lib/x86_64-linux-gnu:/opt/ros/humble/lib:/usr/lib/x86_64-linux-gnu/gazebo-11/plugins PYTHONPATH=/root/ros2_ws/src/robotica/install/robmovil_msgs/local/lib/python3.10/dist-packages:/root/ros2_ws/src/robotica/install/keyboard_msgs/local/lib/python3.10/dist-packages:${PYTHONPATH} /usr/bin/cmake /root/ros2_ws/src/robotica/modelo_diferencial -DCMAKE_INSTALL_PREFIX=/root/ros2_ws/src/robotica/install/modelo_diferencial
[3.226s] Invoking command in '/root/ros2_ws/src/robotica/build/modelo_diferencial': AMENT_PREFIX_PATH=/root/ros2_ws/src/robotica/install/keyboard:/root/ros2_ws/src/robotica/install/robmovil_msgs:/root/ros2_ws/src/robotica/install/keyboard_msgs:${AMENT_PREFIX_PATH} CMAKE_PREFIX_PATH=/root/ros2_ws/src/robotica/install/keyboard:/root/ros2_ws/src/robotica/install/robmovil_msgs:/root/ros2_ws/src/robotica/install/keyboard_msgs:/root/ros2_ws/install/sim_ros2_interface:/opt/ros/humble LD_LIBRARY_PATH=/root/ros2_ws/src/robotica/install/robmovil_msgs/lib:/root/ros2_ws/src/robotica/install/keyboard_msgs/lib:/usr/lib/x86_64-linux-gnu/gazebo-11/plugins:/opt/ros/humble/opt/rviz_ogre_vendor/lib:/opt/ros/humble/lib/x86_64-linux-gnu:/opt/ros/humble/lib:/usr/lib/x86_64-linux-gnu/gazebo-11/plugins PYTHONPATH=/root/ros2_ws/src/robotica/install/robmovil_msgs/local/lib/python3.10/dist-packages:/root/ros2_ws/src/robotica/install/keyboard_msgs/local/lib/python3.10/dist-packages:${PYTHONPATH} /usr/bin/cmake --build /root/ros2_ws/src/robotica/build/modelo_diferencial -- -j22 -l22
[3.305s] [ 33%] [32mBuilding CXX object CMakeFiles/pioneer_odometry_node.dir/src/pioneer_odometry_node.cpp.o[0m
[3.307s] [ 66%] [32mBuilding CXX object CMakeFiles/pioneer_odometry_node.dir/src/pioneer_odometry.cpp.o[0m
[13.709s] [100%] [32m[1mLinking CXX executable pioneer_odometry_node[0m
[14.148s] [100%] Built target pioneer_odometry_node
[14.159s] Invoked command in '/root/ros2_ws/src/robotica/build/modelo_diferencial' returned '0': AMENT_PREFIX_PATH=/root/ros2_ws/src/robotica/install/keyboard:/root/ros2_ws/src/robotica/install/robmovil_msgs:/root/ros2_ws/src/robotica/install/keyboard_msgs:${AMENT_PREFIX_PATH} CMAKE_PREFIX_PATH=/root/ros2_ws/src/robotica/install/keyboard:/root/ros2_ws/src/robotica/install/robmovil_msgs:/root/ros2_ws/src/robotica/install/keyboard_msgs:/root/ros2_ws/install/sim_ros2_interface:/opt/ros/humble LD_LIBRARY_PATH=/root/ros2_ws/src/robotica/install/robmovil_msgs/lib:/root/ros2_ws/src/robotica/install/keyboard_msgs/lib:/usr/lib/x86_64-linux-gnu/gazebo-11/plugins:/opt/ros/humble/opt/rviz_ogre_vendor/lib:/opt/ros/humble/lib/x86_64-linux-gnu:/opt/ros/humble/lib:/usr/lib/x86_64-linux-gnu/gazebo-11/plugins PYTHONPATH=/root/ros2_ws/src/robotica/install/robmovil_msgs/local/lib/python3.10/dist-packages:/root/ros2_ws/src/robotica/install/keyboard_msgs/local/lib/python3.10/dist-packages:${PYTHONPATH} /usr/bin/cmake --build /root/ros2_ws/src/robotica/build/modelo_diferencial -- -j22 -l22
[14.162s] Invoking command in '/root/ros2_ws/src/robotica/build/modelo_diferencial': AMENT_PREFIX_PATH=/root/ros2_ws/src/robotica/install/keyboard:/root/ros2_ws/src/robotica/install/robmovil_msgs:/root/ros2_ws/src/robotica/install/keyboard_msgs:${AMENT_PREFIX_PATH} CMAKE_PREFIX_PATH=/root/ros2_ws/src/robotica/install/keyboard:/root/ros2_ws/src/robotica/install/robmovil_msgs:/root/ros2_ws/src/robotica/install/keyboard_msgs:/root/ros2_ws/install/sim_ros2_interface:/opt/ros/humble LD_LIBRARY_PATH=/root/ros2_ws/src/robotica/install/robmovil_msgs/lib:/root/ros2_ws/src/robotica/install/keyboard_msgs/lib:/usr/lib/x86_64-linux-gnu/gazebo-11/plugins:/opt/ros/humble/opt/rviz_ogre_vendor/lib:/opt/ros/humble/lib/x86_64-linux-gnu:/opt/ros/humble/lib:/usr/lib/x86_64-linux-gnu/gazebo-11/plugins PYTHONPATH=/root/ros2_ws/src/robotica/install/robmovil_msgs/local/lib/python3.10/dist-packages:/root/ros2_ws/src/robotica/install/keyboard_msgs/local/lib/python3.10/dist-packages:${PYTHONPATH} /usr/bin/cmake --install /root/ros2_ws/src/robotica/build/modelo_diferencial
[14.168s] -- Install configuration: ""
[14.168s] -- Installing: /root/ros2_ws/src/robotica/install/modelo_diferencial/lib/modelo_diferencial/pioneer_odometry_node
[14.171s] -- Set runtime path of "/root/ros2_ws/src/robotica/install/modelo_diferencial/lib/modelo_diferencial/pioneer_odometry_node" to ""
[14.171s] -- Installing: /root/ros2_ws/src/robotica/install/modelo_diferencial/share/ament_index/resource_index/package_run_dependencies/modelo_diferencial
[14.171s] -- Installing: /root/ros2_ws/src/robotica/install/modelo_diferencial/share/ament_index/resource_index/parent_prefix_path/modelo_diferencial
[14.171s] -- Installing: /root/ros2_ws/src/robotica/install/modelo_diferencial/share/modelo_diferencial/environment/ament_prefix_path.sh
[14.171s] -- Installing: /root/ros2_ws/src/robotica/install/modelo_diferencial/share/modelo_diferencial/environment/ament_prefix_path.dsv
[14.172s] -- Installing: /root/ros2_ws/src/robotica/install/modelo_diferencial/share/modelo_diferencial/environment/path.sh
[14.172s] -- Installing: /root/ros2_ws/src/robotica/install/modelo_diferencial/share/modelo_diferencial/environment/path.dsv
[14.172s] -- Installing: /root/ros2_ws/src/robotica/install/modelo_diferencial/share/modelo_diferencial/local_setup.bash
[14.172s] -- Installing: /root/ros2_ws/src/robotica/install/modelo_diferencial/share/modelo_diferencial/local_setup.sh
[14.172s] -- Installing: /root/ros2_ws/src/robotica/install/modelo_diferencial/share/modelo_diferencial/local_setup.zsh
[14.172s] -- Installing: /root/ros2_ws/src/robotica/install/modelo_diferencial/share/modelo_diferencial/local_setup.dsv
[14.172s] -- Installing: /root/ros2_ws/src/robotica/install/modelo_diferencial/share/modelo_diferencial/package.dsv
[14.172s] -- Installing: /root/ros2_ws/src/robotica/install/modelo_diferencial/share/ament_index/resource_index/packages/modelo_diferencial
[14.172s] -- Installing: /root/ros2_ws/src/robotica/install/modelo_diferencial/share/modelo_diferencial/cmake/modelo_diferencialConfig.cmake
[14.172s] -- Installing: /root/ros2_ws/src/robotica/install/modelo_diferencial/share/modelo_diferencial/cmake/modelo_diferencialConfig-version.cmake
[14.172s] -- Installing: /root/ros2_ws/src/robotica/install/modelo_diferencial/share/modelo_diferencial/package.xml
[14.174s] Invoked command in '/root/ros2_ws/src/robotica/build/modelo_diferencial' returned '0': AMENT_PREFIX_PATH=/root/ros2_ws/src/robotica/install/keyboard:/root/ros2_ws/src/robotica/install/robmovil_msgs:/root/ros2_ws/src/robotica/install/keyboard_msgs:${AMENT_PREFIX_PATH} CMAKE_PREFIX_PATH=/root/ros2_ws/src/robotica/install/keyboard:/root/ros2_ws/src/robotica/install/robmovil_msgs:/root/ros2_ws/src/robotica/install/keyboard_msgs:/root/ros2_ws/install/sim_ros2_interface:/opt/ros/humble LD_LIBRARY_PATH=/root/ros2_ws/src/robotica/install/robmovil_msgs/lib:/root/ros2_ws/src/robotica/install/keyboard_msgs/lib:/usr/lib/x86_64-linux-gnu/gazebo-11/plugins:/opt/ros/humble/opt/rviz_ogre_vendor/lib:/opt/ros/humble/lib/x86_64-linux-gnu:/opt/ros/humble/lib:/usr/lib/x86_64-linux-gnu/gazebo-11/plugins PYTHONPATH=/root/ros2_ws/src/robotica/install/robmovil_msgs/local/lib/python3.10/dist-packages:/root/ros2_ws/src/robotica/install/keyboard_msgs/local/lib/python3.10/dist-packages:${PYTHONPATH} /usr/bin/cmake --install /root/ros2_ws/src/robotica/build/modelo_diferencial
