[01m[K/root/ros2_ws/src/robotica/lazo_abierto/src/FeedForwardController.cpp:[m[K In member function ‘[01m[Kvirtual bool FeedForwardController::control(const rclcpp::Time&, double&, double&, double&)[m[K’:
[01m[K/root/ros2_ws/src/robotica/lazo_abierto/src/FeedForwardController.cpp:64:11:[m[K [01;31m[Kerror: [m[Kexpected ‘[01m[K;[m[K’ before ‘[01m[Kvy[m[K’
   64 |   vx = v_x
      |           [01;31m[K^[m[K
      |           [32m[K;[m[K
   65 |   [32m[Kvy[m[K = v_y
      |   [32m[K~~[m[K       
[01m[K/root/ros2_ws/src/robotica/lazo_abierto/src/trajectory_generator_node.cpp:[m[K In function ‘[01m[Kint main(int, char**)[m[K’:
[01m[K/root/ros2_ws/src/robotica/lazo_abierto/src/trajectory_generator_node.cpp:51:114:[m[K [01;35m[Kwarning: [m[Kconverting to ‘[01m[Kconst ParameterDescriptor[m[K’ {aka ‘[01m[Kconst rcl_interfaces::msg::ParameterDescriptor_<std::allocator<void> >[m[K’} from initializer list would use explicit constructor ‘[01m[Krcl_interfaces::msg::ParameterDescriptor_<ContainerAllocator>::ParameterDescriptor_(rosidl_runtime_cpp::MessageInitialization) [with ContainerAllocator = std::allocator<void>][m[K’
   51 |     std::vector<double> spline_waypoints_data = [01;35m[Ktrajectory_generator_node->declare_parameter<std::vector<double>>("spline_waypoints", {})[m[K;
      |                                                 [01;35m[K~~~~~~~~~~~~~~~~~~~~~~~~~~~~~~~~~~~~~~~~~~~~~~~~~~~~~~~~~~~~~~~~~^~~~~~~~~~~~~~~~~~~~~~~~[m[K
[01m[K/root/ros2_ws/src/robotica/lazo_abierto/src/trajectory_generator_node.cpp:51:114:[m[K [01;36m[Knote: [m[Kin C++11 and above a default constructor can be explicit
[01m[K/root/ros2_ws/src/robotica/lazo_abierto/src/trajectory_generator_node.cpp:[m[K In function ‘[01m[Kvoid build_spline_trajectory(double, std::vector<std::vector<double, std::allocator<double> > >&, robmovil_msgs::msg::Trajectory&, nav_msgs::msg::Path&)[m[K’:
[01m[K/root/ros2_ws/src/robotica/lazo_abierto/src/trajectory_generator_node.cpp:218:18:[m[K [01;31m[Kerror: [m[K‘[01m[Kangles[m[K’ has not been declared
  218 |       double a = [01;31m[Kangles[m[K::normalize_angle(
      |                  [01;31m[K^~~~~~[m[K
[01m[K/root/ros2_ws/src/robotica/lazo_abierto/src/trajectory_generator_node.cpp:221:19:[m[K [01;31m[Kerror: [m[K‘[01m[Kangles[m[K’ has not been declared
  221 |       double va = [01;31m[Kangles[m[K::normalize_angle(thetab - thetaa) / delta_time;
      |                   [01;31m[K^~~~~~[m[K
gmake[2]: *** [CMakeFiles/trajectory_follower.dir/build.make:90: CMakeFiles/trajectory_follower.dir/src/FeedForwardController.cpp.o] Error 1
gmake[2]: *** Waiting for unfinished jobs....
gmake[1]: *** [CMakeFiles/Makefile2:167: CMakeFiles/trajectory_follower.dir/all] Error 2
gmake[1]: *** Waiting for unfinished jobs....
gmake[2]: *** [CMakeFiles/trajectory_generator.dir/build.make:76: CMakeFiles/trajectory_generator.dir/src/trajectory_generator_node.cpp.o] Error 1
gmake[1]: *** [CMakeFiles/Makefile2:193: CMakeFiles/trajectory_generator.dir/all] Error 2
gmake: *** [Makefile:146: all] Error 2
