[0.109s] DEBUG:colcon:Command line arguments: ['/usr/bin/colcon', 'build']
[0.110s] DEBUG:colcon:Parsed command line arguments: Namespace(log_base=None, log_level=None, verb_name='build', build_base='build', install_base='install', merge_install=False, symlink_install=False, test_result_base=None, continue_on_error=False, executor='parallel', parallel_workers=4, event_handlers=None, ignore_user_meta=False, metas=['./colcon.meta'], base_paths=['.'], packages_ignore=None, packages_ignore_regex=None, paths=None, packages_up_to=None, packages_up_to_regex=None, packages_above=None, packages_above_and_dependencies=None, packages_above_depth=None, packages_select_by_dep=None, packages_skip_by_dep=None, packages_skip_up_to=None, packages_select_build_failed=False, packages_skip_build_finished=False, packages_select_test_failures=False, packages_skip_test_passed=False, packages_select=None, packages_skip=None, packages_select_regex=None, packages_skip_regex=None, packages_start=None, packages_end=None, cmake_args=None, cmake_target=None, cmake_target_skip_unavailable=False, cmake_clean_cache=False, cmake_clean_first=False, cmake_force_configure=False, ament_cmake_args=None, catkin_cmake_args=None, catkin_skip_building_tests=False, mixin_files=None, mixin=None, verb_parser=<colcon_mixin.mixin.mixin_argument.MixinArgumentDecorator object at 0x7200b035cf10>, verb_extension=<colcon_core.verb.build.BuildVerb object at 0x7200b0469db0>, main=<bound method BuildVerb.main of <colcon_core.verb.build.BuildVerb object at 0x7200b0469db0>>, mixin_verb=('build',))
[0.257s] Level 1:colcon.colcon_core.package_discovery:discover_packages(colcon_meta) check parameters
[0.258s] INFO:colcon.colcon_metadata.package_discovery.colcon_meta:Using configuration from '/root/.colcon/metadata/default/Gazebo.meta'
[0.259s] INFO:colcon.colcon_metadata.package_discovery.colcon_meta:Using configuration from '/root/.colcon/metadata/default/fastdds.meta'
[0.260s] INFO:colcon.colcon_metadata.package_discovery.colcon_meta:Using configuration from '/root/.colcon/metadata/default/fastrtps.meta'
[0.260s] Level 1:colcon.colcon_core.package_discovery:discover_packages(recursive) check parameters
[0.260s] Level 1:colcon.colcon_core.package_discovery:discover_packages(ignore) check parameters
[0.260s] Level 1:colcon.colcon_core.package_discovery:discover_packages(path) check parameters
[0.260s] Level 1:colcon.colcon_core.package_discovery:discover_packages(colcon_meta) discover
[0.260s] Level 1:colcon.colcon_core.package_discovery:discover_packages(recursive) discover
[0.260s] INFO:colcon.colcon_core.package_discovery:Crawling recursively for packages in '/root/ros2_ws/src/robotica'
[0.260s] Level 1:colcon.colcon_core.package_identification:_identify(.) by extensions ['ignore', 'ignore_ament_install']
[0.260s] Level 1:colcon.colcon_core.package_identification:_identify(.) by extension 'ignore'
[0.260s] Level 1:colcon.colcon_core.package_identification:_identify(.) by extension 'ignore_ament_install'
[0.260s] Level 1:colcon.colcon_core.package_identification:_identify(.) by extensions ['colcon_pkg']
[0.260s] Level 1:colcon.colcon_core.package_identification:_identify(.) by extension 'colcon_pkg'
[0.260s] Level 1:colcon.colcon_core.package_identification:_identify(.) by extensions ['colcon_meta']
[0.260s] Level 1:colcon.colcon_core.package_identification:_identify(.) by extension 'colcon_meta'
[0.260s] Level 1:colcon.colcon_core.package_identification:_identify(.) by extensions ['ros']
[0.260s] Level 1:colcon.colcon_core.package_identification:_identify(.) by extension 'ros'
[0.271s] Level 1:colcon.colcon_core.package_identification:_identify(.) by extensions ['cmake', 'python']
[0.271s] Level 1:colcon.colcon_core.package_identification:_identify(.) by extension 'cmake'
[0.271s] Level 1:colcon.colcon_core.package_identification:_identify(.) by extension 'python'
[0.271s] Level 1:colcon.colcon_core.package_identification:_identify(.) by extensions ['python_setup_py']
[0.271s] Level 1:colcon.colcon_core.package_identification:_identify(.) by extension 'python_setup_py'
[0.271s] Level 1:colcon.colcon_core.package_identification:_identify(build) by extensions ['ignore', 'ignore_ament_install']
[0.271s] Level 1:colcon.colcon_core.package_identification:_identify(build) by extension 'ignore'
[0.271s] Level 1:colcon.colcon_core.package_identification:_identify(build) ignored
[0.271s] Level 1:colcon.colcon_core.package_identification:_identify(coppeliaSim) by extensions ['ignore', 'ignore_ament_install']
[0.271s] Level 1:colcon.colcon_core.package_identification:_identify(coppeliaSim) by extension 'ignore'
[0.271s] Level 1:colcon.colcon_core.package_identification:_identify(coppeliaSim) by extension 'ignore_ament_install'
[0.272s] Level 1:colcon.colcon_core.package_identification:_identify(coppeliaSim) by extensions ['colcon_pkg']
[0.272s] Level 1:colcon.colcon_core.package_identification:_identify(coppeliaSim) by extension 'colcon_pkg'
[0.272s] Level 1:colcon.colcon_core.package_identification:_identify(coppeliaSim) by extensions ['colcon_meta']
[0.272s] Level 1:colcon.colcon_core.package_identification:_identify(coppeliaSim) by extension 'colcon_meta'
[0.272s] Level 1:colcon.colcon_core.package_identification:_identify(coppeliaSim) by extensions ['ros']
[0.272s] Level 1:colcon.colcon_core.package_identification:_identify(coppeliaSim) by extension 'ros'
[0.272s] Level 1:colcon.colcon_core.package_identification:_identify(coppeliaSim) by extensions ['cmake', 'python']
[0.272s] Level 1:colcon.colcon_core.package_identification:_identify(coppeliaSim) by extension 'cmake'
[0.272s] Level 1:colcon.colcon_core.package_identification:_identify(coppeliaSim) by extension 'python'
[0.272s] Level 1:colcon.colcon_core.package_identification:_identify(coppeliaSim) by extensions ['python_setup_py']
[0.272s] Level 1:colcon.colcon_core.package_identification:_identify(coppeliaSim) by extension 'python_setup_py'
[0.272s] Level 1:colcon.colcon_core.package_identification:_identify(install) by extensions ['ignore', 'ignore_ament_install']
[0.272s] Level 1:colcon.colcon_core.package_identification:_identify(install) by extension 'ignore'
[0.272s] Level 1:colcon.colcon_core.package_identification:_identify(install) ignored
[0.272s] Level 1:colcon.colcon_core.package_identification:_identify(lazo_abierto) by extensions ['ignore', 'ignore_ament_install']
[0.273s] Level 1:colcon.colcon_core.package_identification:_identify(lazo_abierto) by extension 'ignore'
[0.273s] Level 1:colcon.colcon_core.package_identification:_identify(lazo_abierto) by extension 'ignore_ament_install'
[0.273s] Level 1:colcon.colcon_core.package_identification:_identify(lazo_abierto) by extensions ['colcon_pkg']
[0.273s] Level 1:colcon.colcon_core.package_identification:_identify(lazo_abierto) by extension 'colcon_pkg'
[0.273s] Level 1:colcon.colcon_core.package_identification:_identify(lazo_abierto) by extensions ['colcon_meta']
[0.273s] Level 1:colcon.colcon_core.package_identification:_identify(lazo_abierto) by extension 'colcon_meta'
[0.273s] Level 1:colcon.colcon_core.package_identification:_identify(lazo_abierto) by extensions ['ros']
[0.273s] Level 1:colcon.colcon_core.package_identification:_identify(lazo_abierto) by extension 'ros'
[0.275s] DEBUG:colcon.colcon_core.package_identification:Package 'lazo_abierto' with type 'ros.ament_cmake' and name 'lazo_abierto'
[0.275s] Level 1:colcon.colcon_core.package_identification:_identify(lazo_cerrado) by extensions ['ignore', 'ignore_ament_install']
[0.275s] Level 1:colcon.colcon_core.package_identification:_identify(lazo_cerrado) by extension 'ignore'
[0.275s] Level 1:colcon.colcon_core.package_identification:_identify(lazo_cerrado) by extension 'ignore_ament_install'
[0.275s] Level 1:colcon.colcon_core.package_identification:_identify(lazo_cerrado) by extensions ['colcon_pkg']
[0.275s] Level 1:colcon.colcon_core.package_identification:_identify(lazo_cerrado) by extension 'colcon_pkg'
[0.275s] Level 1:colcon.colcon_core.package_identification:_identify(lazo_cerrado) by extensions ['colcon_meta']
[0.275s] Level 1:colcon.colcon_core.package_identification:_identify(lazo_cerrado) by extension 'colcon_meta'
[0.275s] Level 1:colcon.colcon_core.package_identification:_identify(lazo_cerrado) by extensions ['ros']
[0.275s] Level 1:colcon.colcon_core.package_identification:_identify(lazo_cerrado) by extension 'ros'
[0.276s] DEBUG:colcon.colcon_core.package_identification:Package 'lazo_cerrado' with type 'ros.ament_cmake' and name 'lazo_cerrado'
[0.277s] Level 1:colcon.colcon_core.package_identification:_identify(log) by extensions ['ignore', 'ignore_ament_install']
[0.277s] Level 1:colcon.colcon_core.package_identification:_identify(log) by extension 'ignore'
[0.277s] Level 1:colcon.colcon_core.package_identification:_identify(log) ignored
[0.277s] Level 1:colcon.colcon_core.package_identification:_identify(modelo_omnidireccional) by extensions ['ignore', 'ignore_ament_install']
[0.277s] Level 1:colcon.colcon_core.package_identification:_identify(modelo_omnidireccional) by extension 'ignore'
[0.277s] Level 1:colcon.colcon_core.package_identification:_identify(modelo_omnidireccional) by extension 'ignore_ament_install'
[0.277s] Level 1:colcon.colcon_core.package_identification:_identify(modelo_omnidireccional) by extensions ['colcon_pkg']
[0.277s] Level 1:colcon.colcon_core.package_identification:_identify(modelo_omnidireccional) by extension 'colcon_pkg'
[0.277s] Level 1:colcon.colcon_core.package_identification:_identify(modelo_omnidireccional) by extensions ['colcon_meta']
[0.277s] Level 1:colcon.colcon_core.package_identification:_identify(modelo_omnidireccional) by extension 'colcon_meta'
[0.277s] Level 1:colcon.colcon_core.package_identification:_identify(modelo_omnidireccional) by extensions ['ros']
[0.277s] Level 1:colcon.colcon_core.package_identification:_identify(modelo_omnidireccional) by extension 'ros'
[0.278s] DEBUG:colcon.colcon_core.package_identification:Package 'modelo_omnidireccional' with type 'ros.ament_cmake' and name 'modelo_omnidireccional'
[0.278s] Level 1:colcon.colcon_core.package_identification:_identify(robmovil_msgs) by extensions ['ignore', 'ignore_ament_install']
[0.278s] Level 1:colcon.colcon_core.package_identification:_identify(robmovil_msgs) by extension 'ignore'
[0.278s] Level 1:colcon.colcon_core.package_identification:_identify(robmovil_msgs) by extension 'ignore_ament_install'
[0.278s] Level 1:colcon.colcon_core.package_identification:_identify(robmovil_msgs) by extensions ['colcon_pkg']
[0.278s] Level 1:colcon.colcon_core.package_identification:_identify(robmovil_msgs) by extension 'colcon_pkg'
[0.278s] Level 1:colcon.colcon_core.package_identification:_identify(robmovil_msgs) by extensions ['colcon_meta']
[0.278s] Level 1:colcon.colcon_core.package_identification:_identify(robmovil_msgs) by extension 'colcon_meta'
[0.278s] Level 1:colcon.colcon_core.package_identification:_identify(robmovil_msgs) by extensions ['ros']
[0.278s] Level 1:colcon.colcon_core.package_identification:_identify(robmovil_msgs) by extension 'ros'
[0.279s] DEBUG:colcon.colcon_core.package_identification:Package 'robmovil_msgs' with type 'ros.ament_cmake' and name 'robmovil_msgs'
[0.279s] Level 1:colcon.colcon_core.package_discovery:discover_packages(recursive) using defaults
[0.279s] Level 1:colcon.colcon_core.package_discovery:discover_packages(ignore) discover
[0.279s] Level 1:colcon.colcon_core.package_discovery:discover_packages(ignore) using defaults
[0.279s] Level 1:colcon.colcon_core.package_discovery:discover_packages(path) discover
[0.279s] Level 1:colcon.colcon_core.package_discovery:discover_packages(path) using defaults
[0.301s] Level 5:colcon.colcon_core.verb:set package 'robmovil_msgs' build argument 'cmake_args' from command line to 'None'
[0.301s] Level 5:colcon.colcon_core.verb:set package 'robmovil_msgs' build argument 'cmake_target' from command line to 'None'
[0.301s] Level 5:colcon.colcon_core.verb:set package 'robmovil_msgs' build argument 'cmake_target_skip_unavailable' from command line to 'False'
[0.301s] Level 5:colcon.colcon_core.verb:set package 'robmovil_msgs' build argument 'cmake_clean_cache' from command line to 'False'
[0.301s] Level 5:colcon.colcon_core.verb:set package 'robmovil_msgs' build argument 'cmake_clean_first' from command line to 'False'
[0.301s] Level 5:colcon.colcon_core.verb:set package 'robmovil_msgs' build argument 'cmake_force_configure' from command line to 'False'
[0.301s] Level 5:colcon.colcon_core.verb:set package 'robmovil_msgs' build argument 'ament_cmake_args' from command line to 'None'
[0.301s] Level 5:colcon.colcon_core.verb:set package 'robmovil_msgs' build argument 'catkin_cmake_args' from command line to 'None'
[0.301s] Level 5:colcon.colcon_core.verb:set package 'robmovil_msgs' build argument 'catkin_skip_building_tests' from command line to 'False'
[0.301s] DEBUG:colcon.colcon_core.verb:Building package 'robmovil_msgs' with the following arguments: {'ament_cmake_args': None, 'build_base': '/root/ros2_ws/src/robotica/build/robmovil_msgs', 'catkin_cmake_args': None, 'catkin_skip_building_tests': False, 'cmake_args': None, 'cmake_clean_cache': False, 'cmake_clean_first': False, 'cmake_force_configure': False, 'cmake_target': None, 'cmake_target_skip_unavailable': False, 'install_base': '/root/ros2_ws/src/robotica/install/robmovil_msgs', 'merge_install': False, 'path': '/root/ros2_ws/src/robotica/robmovil_msgs', 'symlink_install': False, 'test_result_base': None}
[0.301s] Level 5:colcon.colcon_core.verb:set package 'lazo_abierto' build argument 'cmake_args' from command line to 'None'
[0.301s] Level 5:colcon.colcon_core.verb:set package 'lazo_abierto' build argument 'cmake_target' from command line to 'None'
[0.301s] Level 5:colcon.colcon_core.verb:set package 'lazo_abierto' build argument 'cmake_target_skip_unavailable' from command line to 'False'
[0.301s] Level 5:colcon.colcon_core.verb:set package 'lazo_abierto' build argument 'cmake_clean_cache' from command line to 'False'
[0.301s] Level 5:colcon.colcon_core.verb:set package 'lazo_abierto' build argument 'cmake_clean_first' from command line to 'False'
[0.301s] Level 5:colcon.colcon_core.verb:set package 'lazo_abierto' build argument 'cmake_force_configure' from command line to 'False'
[0.301s] Level 5:colcon.colcon_core.verb:set package 'lazo_abierto' build argument 'ament_cmake_args' from command line to 'None'
[0.301s] Level 5:colcon.colcon_core.verb:set package 'lazo_abierto' build argument 'catkin_cmake_args' from command line to 'None'
[0.301s] Level 5:colcon.colcon_core.verb:set package 'lazo_abierto' build argument 'catkin_skip_building_tests' from command line to 'False'
[0.302s] DEBUG:colcon.colcon_core.verb:Building package 'lazo_abierto' with the following arguments: {'ament_cmake_args': None, 'build_base': '/root/ros2_ws/src/robotica/build/lazo_abierto', 'catkin_cmake_args': None, 'catkin_skip_building_tests': False, 'cmake_args': None, 'cmake_clean_cache': False, 'cmake_clean_first': False, 'cmake_force_configure': False, 'cmake_target': None, 'cmake_target_skip_unavailable': False, 'install_base': '/root/ros2_ws/src/robotica/install/lazo_abierto', 'merge_install': False, 'path': '/root/ros2_ws/src/robotica/lazo_abierto', 'symlink_install': False, 'test_result_base': None}
[0.302s] Level 5:colcon.colcon_core.verb:set package 'modelo_omnidireccional' build argument 'cmake_args' from command line to 'None'
[0.302s] Level 5:colcon.colcon_core.verb:set package 'modelo_omnidireccional' build argument 'cmake_target' from command line to 'None'
[0.302s] Level 5:colcon.colcon_core.verb:set package 'modelo_omnidireccional' build argument 'cmake_target_skip_unavailable' from command line to 'False'
[0.302s] Level 5:colcon.colcon_core.verb:set package 'modelo_omnidireccional' build argument 'cmake_clean_cache' from command line to 'False'
[0.302s] Level 5:colcon.colcon_core.verb:set package 'modelo_omnidireccional' build argument 'cmake_clean_first' from command line to 'False'
[0.302s] Level 5:colcon.colcon_core.verb:set package 'modelo_omnidireccional' build argument 'cmake_force_configure' from command line to 'False'
[0.302s] Level 5:colcon.colcon_core.verb:set package 'modelo_omnidireccional' build argument 'ament_cmake_args' from command line to 'None'
[0.302s] Level 5:colcon.colcon_core.verb:set package 'modelo_omnidireccional' build argument 'catkin_cmake_args' from command line to 'None'
[0.302s] Level 5:colcon.colcon_core.verb:set package 'modelo_omnidireccional' build argument 'catkin_skip_building_tests' from command line to 'False'
[0.302s] DEBUG:colcon.colcon_core.verb:Building package 'modelo_omnidireccional' with the following arguments: {'ament_cmake_args': None, 'build_base': '/root/ros2_ws/src/robotica/build/modelo_omnidireccional', 'catkin_cmake_args': None, 'catkin_skip_building_tests': False, 'cmake_args': None, 'cmake_clean_cache': False, 'cmake_clean_first': False, 'cmake_force_configure': False, 'cmake_target': None, 'cmake_target_skip_unavailable': False, 'install_base': '/root/ros2_ws/src/robotica/install/modelo_omnidireccional', 'merge_install': False, 'path': '/root/ros2_ws/src/robotica/modelo_omnidireccional', 'symlink_install': False, 'test_result_base': None}
[0.302s] Level 5:colcon.colcon_core.verb:set package 'lazo_cerrado' build argument 'cmake_args' from command line to 'None'
[0.302s] Level 5:colcon.colcon_core.verb:set package 'lazo_cerrado' build argument 'cmake_target' from command line to 'None'
[0.302s] Level 5:colcon.colcon_core.verb:set package 'lazo_cerrado' build argument 'cmake_target_skip_unavailable' from command line to 'False'
[0.302s] Level 5:colcon.colcon_core.verb:set package 'lazo_cerrado' build argument 'cmake_clean_cache' from command line to 'False'
[0.302s] Level 5:colcon.colcon_core.verb:set package 'lazo_cerrado' build argument 'cmake_clean_first' from command line to 'False'
[0.302s] Level 5:colcon.colcon_core.verb:set package 'lazo_cerrado' build argument 'cmake_force_configure' from command line to 'False'
[0.302s] Level 5:colcon.colcon_core.verb:set package 'lazo_cerrado' build argument 'ament_cmake_args' from command line to 'None'
[0.303s] Level 5:colcon.colcon_core.verb:set package 'lazo_cerrado' build argument 'catkin_cmake_args' from command line to 'None'
[0.303s] Level 5:colcon.colcon_core.verb:set package 'lazo_cerrado' build argument 'catkin_skip_building_tests' from command line to 'False'
[0.303s] DEBUG:colcon.colcon_core.verb:Building package 'lazo_cerrado' with the following arguments: {'ament_cmake_args': None, 'build_base': '/root/ros2_ws/src/robotica/build/lazo_cerrado', 'catkin_cmake_args': None, 'catkin_skip_building_tests': False, 'cmake_args': None, 'cmake_clean_cache': False, 'cmake_clean_first': False, 'cmake_force_configure': False, 'cmake_target': None, 'cmake_target_skip_unavailable': False, 'install_base': '/root/ros2_ws/src/robotica/install/lazo_cerrado', 'merge_install': False, 'path': '/root/ros2_ws/src/robotica/lazo_cerrado', 'symlink_install': False, 'test_result_base': None}
[0.303s] INFO:colcon.colcon_core.executor:Executing jobs using 'parallel' executor
[0.305s] DEBUG:colcon.colcon_parallel_executor.executor.parallel:run_until_complete
[0.305s] INFO:colcon.colcon_ros.task.ament_cmake.build:Building ROS package in '/root/ros2_ws/src/robotica/robmovil_msgs' with build type 'ament_cmake'
[0.306s] INFO:colcon.colcon_cmake.task.cmake.build:Building CMake package in '/root/ros2_ws/src/robotica/robmovil_msgs'
[0.309s] INFO:colcon.colcon_core.plugin_system:Skipping extension 'colcon_core.shell.bat': Not used on non-Windows systems
[0.309s] INFO:colcon.colcon_core.shell:Skip shell extension 'powershell' for command environment: Not usable outside of PowerShell
[0.309s] DEBUG:colcon.colcon_core.shell:Skip shell extension 'dsv' for command environment
[0.335s] DEBUG:colcon.colcon_core.event_handler.log_command:Invoking command in '/root/ros2_ws/src/robotica/build/robmovil_msgs': CMAKE_PREFIX_PATH=${CMAKE_PREFIX_PATH}:/opt/ros/humble /usr/bin/cmake --build /root/ros2_ws/src/robotica/build/robmovil_msgs -- -j4 -l4
[0.819s] DEBUG:colcon.colcon_core.event_handler.log_command:Invoked command in '/root/ros2_ws/src/robotica/build/robmovil_msgs' returned '0': CMAKE_PREFIX_PATH=${CMAKE_PREFIX_PATH}:/opt/ros/humble /usr/bin/cmake --build /root/ros2_ws/src/robotica/build/robmovil_msgs -- -j4 -l4
[0.834s] DEBUG:colcon.colcon_core.event_handler.log_command:Invoking command in '/root/ros2_ws/src/robotica/build/robmovil_msgs': CMAKE_PREFIX_PATH=${CMAKE_PREFIX_PATH}:/opt/ros/humble /usr/bin/cmake --install /root/ros2_ws/src/robotica/build/robmovil_msgs
[0.924s] Level 1:colcon.colcon_core.environment:create_environment_scripts_only(robmovil_msgs)
[0.927s] DEBUG:colcon.colcon_core.event_handler.log_command:Invoked command in '/root/ros2_ws/src/robotica/build/robmovil_msgs' returned '0': CMAKE_PREFIX_PATH=${CMAKE_PREFIX_PATH}:/opt/ros/humble /usr/bin/cmake --install /root/ros2_ws/src/robotica/build/robmovil_msgs
[0.929s] Level 1:colcon.colcon_core.environment:checking '/root/ros2_ws/src/robotica/install/robmovil_msgs' for CMake module files
[0.930s] Level 1:colcon.colcon_core.environment:checking '/root/ros2_ws/src/robotica/install/robmovil_msgs' for CMake config files
[0.930s] Level 1:colcon.colcon_core.shell:create_environment_hook('robmovil_msgs', 'cmake_prefix_path')
[0.930s] INFO:colcon.colcon_core.shell:Creating environment hook '/root/ros2_ws/src/robotica/install/robmovil_msgs/share/robmovil_msgs/hook/cmake_prefix_path.ps1'
[0.932s] INFO:colcon.colcon_core.shell:Creating environment descriptor '/root/ros2_ws/src/robotica/install/robmovil_msgs/share/robmovil_msgs/hook/cmake_prefix_path.dsv'
[0.932s] INFO:colcon.colcon_core.shell:Creating environment hook '/root/ros2_ws/src/robotica/install/robmovil_msgs/share/robmovil_msgs/hook/cmake_prefix_path.sh'
[0.933s] Level 1:colcon.colcon_core.environment:checking '/root/ros2_ws/src/robotica/install/robmovil_msgs/lib'
[0.934s] Level 1:colcon.colcon_core.shell:create_environment_hook('robmovil_msgs', 'ld_library_path_lib')
[0.934s] INFO:colcon.colcon_core.shell:Creating environment hook '/root/ros2_ws/src/robotica/install/robmovil_msgs/share/robmovil_msgs/hook/ld_library_path_lib.ps1'
[0.934s] INFO:colcon.colcon_core.shell:Creating environment descriptor '/root/ros2_ws/src/robotica/install/robmovil_msgs/share/robmovil_msgs/hook/ld_library_path_lib.dsv'
[0.935s] INFO:colcon.colcon_core.shell:Creating environment hook '/root/ros2_ws/src/robotica/install/robmovil_msgs/share/robmovil_msgs/hook/ld_library_path_lib.sh'
[0.935s] Level 1:colcon.colcon_core.environment:checking '/root/ros2_ws/src/robotica/install/robmovil_msgs/bin'
[0.935s] Level 1:colcon.colcon_core.environment:checking '/root/ros2_ws/src/robotica/install/robmovil_msgs/lib/pkgconfig/robmovil_msgs.pc'
[0.938s] Level 1:colcon.colcon_core.environment:checking '/root/ros2_ws/src/robotica/install/robmovil_msgs/lib/python3.10/site-packages'
[0.938s] Level 1:colcon.colcon_core.environment:checking '/root/ros2_ws/src/robotica/install/robmovil_msgs/bin'
[0.939s] INFO:colcon.colcon_core.shell:Creating package script '/root/ros2_ws/src/robotica/install/robmovil_msgs/share/robmovil_msgs/package.ps1'
[0.940s] INFO:colcon.colcon_core.shell:Creating package descriptor '/root/ros2_ws/src/robotica/install/robmovil_msgs/share/robmovil_msgs/package.dsv'
[0.940s] INFO:colcon.colcon_core.shell:Creating package script '/root/ros2_ws/src/robotica/install/robmovil_msgs/share/robmovil_msgs/package.sh'
[0.941s] INFO:colcon.colcon_core.shell:Creating package script '/root/ros2_ws/src/robotica/install/robmovil_msgs/share/robmovil_msgs/package.bash'
[0.943s] INFO:colcon.colcon_core.shell:Creating package script '/root/ros2_ws/src/robotica/install/robmovil_msgs/share/robmovil_msgs/package.zsh'
[0.944s] Level 1:colcon.colcon_core.environment:create_file_with_runtime_dependencies(/root/ros2_ws/src/robotica/install/robmovil_msgs/share/colcon-core/packages/robmovil_msgs)
[0.945s] Level 1:colcon.colcon_core.environment:create_environment_scripts_only(robmovil_msgs)
[0.945s] Level 1:colcon.colcon_core.environment:checking '/root/ros2_ws/src/robotica/install/robmovil_msgs' for CMake module files
[0.946s] Level 1:colcon.colcon_core.environment:checking '/root/ros2_ws/src/robotica/install/robmovil_msgs' for CMake config files
[0.946s] Level 1:colcon.colcon_core.shell:create_environment_hook('robmovil_msgs', 'cmake_prefix_path')
[0.947s] INFO:colcon.colcon_core.shell:Creating environment hook '/root/ros2_ws/src/robotica/install/robmovil_msgs/share/robmovil_msgs/hook/cmake_prefix_path.ps1'
[0.947s] INFO:colcon.colcon_core.shell:Creating environment descriptor '/root/ros2_ws/src/robotica/install/robmovil_msgs/share/robmovil_msgs/hook/cmake_prefix_path.dsv'
[0.948s] INFO:colcon.colcon_core.shell:Creating environment hook '/root/ros2_ws/src/robotica/install/robmovil_msgs/share/robmovil_msgs/hook/cmake_prefix_path.sh'
[0.949s] Level 1:colcon.colcon_core.environment:checking '/root/ros2_ws/src/robotica/install/robmovil_msgs/lib'
[0.949s] Level 1:colcon.colcon_core.shell:create_environment_hook('robmovil_msgs', 'ld_library_path_lib')
[0.949s] INFO:colcon.colcon_core.shell:Creating environment hook '/root/ros2_ws/src/robotica/install/robmovil_msgs/share/robmovil_msgs/hook/ld_library_path_lib.ps1'
[0.949s] INFO:colcon.colcon_core.shell:Creating environment descriptor '/root/ros2_ws/src/robotica/install/robmovil_msgs/share/robmovil_msgs/hook/ld_library_path_lib.dsv'
[0.950s] INFO:colcon.colcon_core.shell:Creating environment hook '/root/ros2_ws/src/robotica/install/robmovil_msgs/share/robmovil_msgs/hook/ld_library_path_lib.sh'
[0.950s] Level 1:colcon.colcon_core.environment:checking '/root/ros2_ws/src/robotica/install/robmovil_msgs/bin'
[0.950s] Level 1:colcon.colcon_core.environment:checking '/root/ros2_ws/src/robotica/install/robmovil_msgs/lib/pkgconfig/robmovil_msgs.pc'
[0.951s] Level 1:colcon.colcon_core.environment:checking '/root/ros2_ws/src/robotica/install/robmovil_msgs/lib/python3.10/site-packages'
[0.951s] Level 1:colcon.colcon_core.environment:checking '/root/ros2_ws/src/robotica/install/robmovil_msgs/bin'
[0.952s] INFO:colcon.colcon_core.shell:Creating package script '/root/ros2_ws/src/robotica/install/robmovil_msgs/share/robmovil_msgs/package.ps1'
[0.952s] INFO:colcon.colcon_core.shell:Creating package descriptor '/root/ros2_ws/src/robotica/install/robmovil_msgs/share/robmovil_msgs/package.dsv'
[0.953s] INFO:colcon.colcon_core.shell:Creating package script '/root/ros2_ws/src/robotica/install/robmovil_msgs/share/robmovil_msgs/package.sh'
[0.953s] INFO:colcon.colcon_core.shell:Creating package script '/root/ros2_ws/src/robotica/install/robmovil_msgs/share/robmovil_msgs/package.bash'
[0.954s] INFO:colcon.colcon_core.shell:Creating package script '/root/ros2_ws/src/robotica/install/robmovil_msgs/share/robmovil_msgs/package.zsh'
[0.954s] Level 1:colcon.colcon_core.environment:create_file_with_runtime_dependencies(/root/ros2_ws/src/robotica/install/robmovil_msgs/share/colcon-core/packages/robmovil_msgs)
[0.955s] INFO:colcon.colcon_ros.task.ament_cmake.build:Building ROS package in '/root/ros2_ws/src/robotica/lazo_abierto' with build type 'ament_cmake'
[0.955s] INFO:colcon.colcon_cmake.task.cmake.build:Building CMake package in '/root/ros2_ws/src/robotica/lazo_abierto'
[0.956s] INFO:colcon.colcon_core.shell:Skip shell extension 'powershell' for command environment: Not usable outside of PowerShell
[0.956s] DEBUG:colcon.colcon_core.shell:Skip shell extension 'dsv' for command environment
[0.961s] INFO:colcon.colcon_ros.task.ament_cmake.build:Building ROS package in '/root/ros2_ws/src/robotica/modelo_omnidireccional' with build type 'ament_cmake'
[0.961s] INFO:colcon.colcon_cmake.task.cmake.build:Building CMake package in '/root/ros2_ws/src/robotica/modelo_omnidireccional'
[0.962s] INFO:colcon.colcon_core.shell:Skip shell extension 'powershell' for command environment: Not usable outside of PowerShell
[0.962s] DEBUG:colcon.colcon_core.shell:Skip shell extension 'dsv' for command environment
[0.992s] DEBUG:colcon.colcon_core.event_handler.log_command:Invoking command in '/root/ros2_ws/src/robotica/build/lazo_abierto': AMENT_PREFIX_PATH=/root/ros2_ws/src/robotica/install/robmovil_msgs:${AMENT_PREFIX_PATH} CMAKE_PREFIX_PATH=/root/ros2_ws/src/robotica/install/robmovil_msgs:/root/ros2_ws/install/sim_ros2_interface:/root/ros2_ws/install/modelo_omnidireccional:/root/ros2_ws/install/robmovil_msgs:/opt/ros/humble LD_LIBRARY_PATH=/root/ros2_ws/src/robotica/install/robmovil_msgs/lib:/root/ros2_ws/install/robmovil_msgs/lib:/usr/lib/x86_64-linux-gnu/gazebo-11/plugins:/opt/ros/humble/opt/rviz_ogre_vendor/lib:/opt/ros/humble/lib/x86_64-linux-gnu:/opt/ros/humble/lib:/usr/lib/x86_64-linux-gnu/gazebo-11/plugins PYTHONPATH=/root/ros2_ws/src/robotica/install/robmovil_msgs/local/lib/python3.10/dist-packages:${PYTHONPATH} /usr/bin/cmake --build /root/ros2_ws/src/robotica/build/lazo_abierto -- -j4 -l4
[0.999s] DEBUG:colcon.colcon_core.event_handler.log_command:Invoking command in '/root/ros2_ws/src/robotica/build/modelo_omnidireccional': AMENT_PREFIX_PATH=/root/ros2_ws/src/robotica/install/robmovil_msgs:${AMENT_PREFIX_PATH} CMAKE_PREFIX_PATH=/root/ros2_ws/src/robotica/install/robmovil_msgs:/root/ros2_ws/install/sim_ros2_interface:/root/ros2_ws/install/modelo_omnidireccional:/root/ros2_ws/install/robmovil_msgs:/opt/ros/humble LD_LIBRARY_PATH=/root/ros2_ws/src/robotica/install/robmovil_msgs/lib:/root/ros2_ws/install/robmovil_msgs/lib:/usr/lib/x86_64-linux-gnu/gazebo-11/plugins:/opt/ros/humble/opt/rviz_ogre_vendor/lib:/opt/ros/humble/lib/x86_64-linux-gnu:/opt/ros/humble/lib:/usr/lib/x86_64-linux-gnu/gazebo-11/plugins PYTHONPATH=/root/ros2_ws/src/robotica/install/robmovil_msgs/local/lib/python3.10/dist-packages:${PYTHONPATH} /usr/bin/cmake --build /root/ros2_ws/src/robotica/build/modelo_omnidireccional -- -j4 -l4
[1.245s] DEBUG:colcon.colcon_core.event_handler.log_command:Invoked command in '/root/ros2_ws/src/robotica/build/modelo_omnidireccional' returned '0': AMENT_PREFIX_PATH=/root/ros2_ws/src/robotica/install/robmovil_msgs:${AMENT_PREFIX_PATH} CMAKE_PREFIX_PATH=/root/ros2_ws/src/robotica/install/robmovil_msgs:/root/ros2_ws/install/sim_ros2_interface:/root/ros2_ws/install/modelo_omnidireccional:/root/ros2_ws/install/robmovil_msgs:/opt/ros/humble LD_LIBRARY_PATH=/root/ros2_ws/src/robotica/install/robmovil_msgs/lib:/root/ros2_ws/install/robmovil_msgs/lib:/usr/lib/x86_64-linux-gnu/gazebo-11/plugins:/opt/ros/humble/opt/rviz_ogre_vendor/lib:/opt/ros/humble/lib/x86_64-linux-gnu:/opt/ros/humble/lib:/usr/lib/x86_64-linux-gnu/gazebo-11/plugins PYTHONPATH=/root/ros2_ws/src/robotica/install/robmovil_msgs/local/lib/python3.10/dist-packages:${PYTHONPATH} /usr/bin/cmake --build /root/ros2_ws/src/robotica/build/modelo_omnidireccional -- -j4 -l4
[1.247s] DEBUG:colcon.colcon_core.event_handler.log_command:Invoking command in '/root/ros2_ws/src/robotica/build/modelo_omnidireccional': AMENT_PREFIX_PATH=/root/ros2_ws/src/robotica/install/robmovil_msgs:${AMENT_PREFIX_PATH} CMAKE_PREFIX_PATH=/root/ros2_ws/src/robotica/install/robmovil_msgs:/root/ros2_ws/install/sim_ros2_interface:/root/ros2_ws/install/modelo_omnidireccional:/root/ros2_ws/install/robmovil_msgs:/opt/ros/humble LD_LIBRARY_PATH=/root/ros2_ws/src/robotica/install/robmovil_msgs/lib:/root/ros2_ws/install/robmovil_msgs/lib:/usr/lib/x86_64-linux-gnu/gazebo-11/plugins:/opt/ros/humble/opt/rviz_ogre_vendor/lib:/opt/ros/humble/lib/x86_64-linux-gnu:/opt/ros/humble/lib:/usr/lib/x86_64-linux-gnu/gazebo-11/plugins PYTHONPATH=/root/ros2_ws/src/robotica/install/robmovil_msgs/local/lib/python3.10/dist-packages:${PYTHONPATH} /usr/bin/cmake --install /root/ros2_ws/src/robotica/build/modelo_omnidireccional
[1.276s] Level 1:colcon.colcon_core.environment:create_environment_scripts_only(modelo_omnidireccional)
[1.277s] Level 1:colcon.colcon_core.environment:checking '/root/ros2_ws/src/robotica/install/modelo_omnidireccional' for CMake module files
[1.277s] DEBUG:colcon.colcon_core.event_handler.log_command:Invoked command in '/root/ros2_ws/src/robotica/build/modelo_omnidireccional' returned '0': AMENT_PREFIX_PATH=/root/ros2_ws/src/robotica/install/robmovil_msgs:${AMENT_PREFIX_PATH} CMAKE_PREFIX_PATH=/root/ros2_ws/src/robotica/install/robmovil_msgs:/root/ros2_ws/install/sim_ros2_interface:/root/ros2_ws/install/modelo_omnidireccional:/root/ros2_ws/install/robmovil_msgs:/opt/ros/humble LD_LIBRARY_PATH=/root/ros2_ws/src/robotica/install/robmovil_msgs/lib:/root/ros2_ws/install/robmovil_msgs/lib:/usr/lib/x86_64-linux-gnu/gazebo-11/plugins:/opt/ros/humble/opt/rviz_ogre_vendor/lib:/opt/ros/humble/lib/x86_64-linux-gnu:/opt/ros/humble/lib:/usr/lib/x86_64-linux-gnu/gazebo-11/plugins PYTHONPATH=/root/ros2_ws/src/robotica/install/robmovil_msgs/local/lib/python3.10/dist-packages:${PYTHONPATH} /usr/bin/cmake --install /root/ros2_ws/src/robotica/build/modelo_omnidireccional
[1.278s] Level 1:colcon.colcon_core.environment:checking '/root/ros2_ws/src/robotica/install/modelo_omnidireccional' for CMake config files
[1.278s] Level 1:colcon.colcon_core.shell:create_environment_hook('modelo_omnidireccional', 'cmake_prefix_path')
[1.279s] INFO:colcon.colcon_core.shell:Creating environment hook '/root/ros2_ws/src/robotica/install/modelo_omnidireccional/share/modelo_omnidireccional/hook/cmake_prefix_path.ps1'
[1.280s] INFO:colcon.colcon_core.shell:Creating environment descriptor '/root/ros2_ws/src/robotica/install/modelo_omnidireccional/share/modelo_omnidireccional/hook/cmake_prefix_path.dsv'
[1.280s] INFO:colcon.colcon_core.shell:Creating environment hook '/root/ros2_ws/src/robotica/install/modelo_omnidireccional/share/modelo_omnidireccional/hook/cmake_prefix_path.sh'
[1.282s] Level 1:colcon.colcon_core.environment:checking '/root/ros2_ws/src/robotica/install/modelo_omnidireccional/lib'
[1.282s] Level 1:colcon.colcon_core.environment:checking '/root/ros2_ws/src/robotica/install/modelo_omnidireccional/bin'
[1.282s] Level 1:colcon.colcon_core.environment:checking '/root/ros2_ws/src/robotica/install/modelo_omnidireccional/lib/pkgconfig/modelo_omnidireccional.pc'
[1.282s] Level 1:colcon.colcon_core.environment:checking '/root/ros2_ws/src/robotica/install/modelo_omnidireccional/lib/python3.10/site-packages'
[1.282s] Level 1:colcon.colcon_core.environment:checking '/root/ros2_ws/src/robotica/install/modelo_omnidireccional/bin'
[1.283s] INFO:colcon.colcon_core.shell:Creating package script '/root/ros2_ws/src/robotica/install/modelo_omnidireccional/share/modelo_omnidireccional/package.ps1'
[1.284s] INFO:colcon.colcon_core.shell:Creating package descriptor '/root/ros2_ws/src/robotica/install/modelo_omnidireccional/share/modelo_omnidireccional/package.dsv'
[1.284s] INFO:colcon.colcon_core.shell:Creating package script '/root/ros2_ws/src/robotica/install/modelo_omnidireccional/share/modelo_omnidireccional/package.sh'
[1.286s] INFO:colcon.colcon_core.shell:Creating package script '/root/ros2_ws/src/robotica/install/modelo_omnidireccional/share/modelo_omnidireccional/package.bash'
[1.286s] INFO:colcon.colcon_core.shell:Creating package script '/root/ros2_ws/src/robotica/install/modelo_omnidireccional/share/modelo_omnidireccional/package.zsh'
[1.286s] Level 1:colcon.colcon_core.environment:create_file_with_runtime_dependencies(/root/ros2_ws/src/robotica/install/modelo_omnidireccional/share/colcon-core/packages/modelo_omnidireccional)
[1.287s] Level 1:colcon.colcon_core.environment:create_environment_scripts_only(modelo_omnidireccional)
[1.288s] Level 1:colcon.colcon_core.environment:checking '/root/ros2_ws/src/robotica/install/modelo_omnidireccional' for CMake module files
[1.289s] Level 1:colcon.colcon_core.environment:checking '/root/ros2_ws/src/robotica/install/modelo_omnidireccional' for CMake config files
[1.290s] Level 1:colcon.colcon_core.shell:create_environment_hook('modelo_omnidireccional', 'cmake_prefix_path')
[1.291s] INFO:colcon.colcon_core.shell:Creating environment hook '/root/ros2_ws/src/robotica/install/modelo_omnidireccional/share/modelo_omnidireccional/hook/cmake_prefix_path.ps1'
[1.291s] INFO:colcon.colcon_core.shell:Creating environment descriptor '/root/ros2_ws/src/robotica/install/modelo_omnidireccional/share/modelo_omnidireccional/hook/cmake_prefix_path.dsv'
[1.292s] INFO:colcon.colcon_core.shell:Creating environment hook '/root/ros2_ws/src/robotica/install/modelo_omnidireccional/share/modelo_omnidireccional/hook/cmake_prefix_path.sh'
[1.292s] Level 1:colcon.colcon_core.environment:checking '/root/ros2_ws/src/robotica/install/modelo_omnidireccional/lib'
[1.293s] Level 1:colcon.colcon_core.environment:checking '/root/ros2_ws/src/robotica/install/modelo_omnidireccional/bin'
[1.293s] Level 1:colcon.colcon_core.environment:checking '/root/ros2_ws/src/robotica/install/modelo_omnidireccional/lib/pkgconfig/modelo_omnidireccional.pc'
[1.293s] Level 1:colcon.colcon_core.environment:checking '/root/ros2_ws/src/robotica/install/modelo_omnidireccional/lib/python3.10/site-packages'
[1.293s] Level 1:colcon.colcon_core.environment:checking '/root/ros2_ws/src/robotica/install/modelo_omnidireccional/bin'
[1.294s] INFO:colcon.colcon_core.shell:Creating package script '/root/ros2_ws/src/robotica/install/modelo_omnidireccional/share/modelo_omnidireccional/package.ps1'
[1.294s] INFO:colcon.colcon_core.shell:Creating package descriptor '/root/ros2_ws/src/robotica/install/modelo_omnidireccional/share/modelo_omnidireccional/package.dsv'
[1.295s] INFO:colcon.colcon_core.shell:Creating package script '/root/ros2_ws/src/robotica/install/modelo_omnidireccional/share/modelo_omnidireccional/package.sh'
[1.296s] INFO:colcon.colcon_core.shell:Creating package script '/root/ros2_ws/src/robotica/install/modelo_omnidireccional/share/modelo_omnidireccional/package.bash'
[1.296s] INFO:colcon.colcon_core.shell:Creating package script '/root/ros2_ws/src/robotica/install/modelo_omnidireccional/share/modelo_omnidireccional/package.zsh'
[1.297s] Level 1:colcon.colcon_core.environment:create_file_with_runtime_dependencies(/root/ros2_ws/src/robotica/install/modelo_omnidireccional/share/colcon-core/packages/modelo_omnidireccional)
[7.204s] DEBUG:colcon.colcon_core.event_handler.log_command:Invoked command in '/root/ros2_ws/src/robotica/build/lazo_abierto' returned '0': AMENT_PREFIX_PATH=/root/ros2_ws/src/robotica/install/robmovil_msgs:${AMENT_PREFIX_PATH} CMAKE_PREFIX_PATH=/root/ros2_ws/src/robotica/install/robmovil_msgs:/root/ros2_ws/install/sim_ros2_interface:/root/ros2_ws/install/modelo_omnidireccional:/root/ros2_ws/install/robmovil_msgs:/opt/ros/humble LD_LIBRARY_PATH=/root/ros2_ws/src/robotica/install/robmovil_msgs/lib:/root/ros2_ws/install/robmovil_msgs/lib:/usr/lib/x86_64-linux-gnu/gazebo-11/plugins:/opt/ros/humble/opt/rviz_ogre_vendor/lib:/opt/ros/humble/lib/x86_64-linux-gnu:/opt/ros/humble/lib:/usr/lib/x86_64-linux-gnu/gazebo-11/plugins PYTHONPATH=/root/ros2_ws/src/robotica/install/robmovil_msgs/local/lib/python3.10/dist-packages:${PYTHONPATH} /usr/bin/cmake --build /root/ros2_ws/src/robotica/build/lazo_abierto -- -j4 -l4
[7.206s] DEBUG:colcon.colcon_core.event_handler.log_command:Invoking command in '/root/ros2_ws/src/robotica/build/lazo_abierto': AMENT_PREFIX_PATH=/root/ros2_ws/src/robotica/install/robmovil_msgs:${AMENT_PREFIX_PATH} CMAKE_PREFIX_PATH=/root/ros2_ws/src/robotica/install/robmovil_msgs:/root/ros2_ws/install/sim_ros2_interface:/root/ros2_ws/install/modelo_omnidireccional:/root/ros2_ws/install/robmovil_msgs:/opt/ros/humble LD_LIBRARY_PATH=/root/ros2_ws/src/robotica/install/robmovil_msgs/lib:/root/ros2_ws/install/robmovil_msgs/lib:/usr/lib/x86_64-linux-gnu/gazebo-11/plugins:/opt/ros/humble/opt/rviz_ogre_vendor/lib:/opt/ros/humble/lib/x86_64-linux-gnu:/opt/ros/humble/lib:/usr/lib/x86_64-linux-gnu/gazebo-11/plugins PYTHONPATH=/root/ros2_ws/src/robotica/install/robmovil_msgs/local/lib/python3.10/dist-packages:${PYTHONPATH} /usr/bin/cmake --install /root/ros2_ws/src/robotica/build/lazo_abierto
[7.231s] Level 1:colcon.colcon_core.environment:create_environment_scripts_only(lazo_abierto)
[7.231s] Level 1:colcon.colcon_core.environment:checking '/root/ros2_ws/src/robotica/install/lazo_abierto' for CMake module files
[7.231s] DEBUG:colcon.colcon_core.event_handler.log_command:Invoked command in '/root/ros2_ws/src/robotica/build/lazo_abierto' returned '0': AMENT_PREFIX_PATH=/root/ros2_ws/src/robotica/install/robmovil_msgs:${AMENT_PREFIX_PATH} CMAKE_PREFIX_PATH=/root/ros2_ws/src/robotica/install/robmovil_msgs:/root/ros2_ws/install/sim_ros2_interface:/root/ros2_ws/install/modelo_omnidireccional:/root/ros2_ws/install/robmovil_msgs:/opt/ros/humble LD_LIBRARY_PATH=/root/ros2_ws/src/robotica/install/robmovil_msgs/lib:/root/ros2_ws/install/robmovil_msgs/lib:/usr/lib/x86_64-linux-gnu/gazebo-11/plugins:/opt/ros/humble/opt/rviz_ogre_vendor/lib:/opt/ros/humble/lib/x86_64-linux-gnu:/opt/ros/humble/lib:/usr/lib/x86_64-linux-gnu/gazebo-11/plugins PYTHONPATH=/root/ros2_ws/src/robotica/install/robmovil_msgs/local/lib/python3.10/dist-packages:${PYTHONPATH} /usr/bin/cmake --install /root/ros2_ws/src/robotica/build/lazo_abierto
[7.232s] Level 1:colcon.colcon_core.environment:checking '/root/ros2_ws/src/robotica/install/lazo_abierto' for CMake config files
[7.232s] Level 1:colcon.colcon_core.shell:create_environment_hook('lazo_abierto', 'cmake_prefix_path')
[7.232s] INFO:colcon.colcon_core.shell:Creating environment hook '/root/ros2_ws/src/robotica/install/lazo_abierto/share/lazo_abierto/hook/cmake_prefix_path.ps1'
[7.233s] INFO:colcon.colcon_core.shell:Creating environment descriptor '/root/ros2_ws/src/robotica/install/lazo_abierto/share/lazo_abierto/hook/cmake_prefix_path.dsv'
[7.234s] INFO:colcon.colcon_core.shell:Creating environment hook '/root/ros2_ws/src/robotica/install/lazo_abierto/share/lazo_abierto/hook/cmake_prefix_path.sh'
[7.234s] Level 1:colcon.colcon_core.environment:checking '/root/ros2_ws/src/robotica/install/lazo_abierto/lib'
[7.235s] Level 1:colcon.colcon_core.environment:checking '/root/ros2_ws/src/robotica/install/lazo_abierto/bin'
[7.235s] Level 1:colcon.colcon_core.environment:checking '/root/ros2_ws/src/robotica/install/lazo_abierto/lib/pkgconfig/lazo_abierto.pc'
[7.235s] Level 1:colcon.colcon_core.environment:checking '/root/ros2_ws/src/robotica/install/lazo_abierto/lib/python3.10/site-packages'
[7.235s] Level 1:colcon.colcon_core.environment:checking '/root/ros2_ws/src/robotica/install/lazo_abierto/bin'
[7.236s] INFO:colcon.colcon_core.shell:Creating package script '/root/ros2_ws/src/robotica/install/lazo_abierto/share/lazo_abierto/package.ps1'
[7.236s] INFO:colcon.colcon_core.shell:Creating package descriptor '/root/ros2_ws/src/robotica/install/lazo_abierto/share/lazo_abierto/package.dsv'
[7.237s] INFO:colcon.colcon_core.shell:Creating package script '/root/ros2_ws/src/robotica/install/lazo_abierto/share/lazo_abierto/package.sh'
[7.237s] INFO:colcon.colcon_core.shell:Creating package script '/root/ros2_ws/src/robotica/install/lazo_abierto/share/lazo_abierto/package.bash'
[7.238s] INFO:colcon.colcon_core.shell:Creating package script '/root/ros2_ws/src/robotica/install/lazo_abierto/share/lazo_abierto/package.zsh'
[7.238s] Level 1:colcon.colcon_core.environment:create_file_with_runtime_dependencies(/root/ros2_ws/src/robotica/install/lazo_abierto/share/colcon-core/packages/lazo_abierto)
[7.239s] Level 1:colcon.colcon_core.environment:create_environment_scripts_only(lazo_abierto)
[7.239s] Level 1:colcon.colcon_core.environment:checking '/root/ros2_ws/src/robotica/install/lazo_abierto' for CMake module files
[7.240s] Level 1:colcon.colcon_core.environment:checking '/root/ros2_ws/src/robotica/install/lazo_abierto' for CMake config files
[7.240s] Level 1:colcon.colcon_core.shell:create_environment_hook('lazo_abierto', 'cmake_prefix_path')
[7.240s] INFO:colcon.colcon_core.shell:Creating environment hook '/root/ros2_ws/src/robotica/install/lazo_abierto/share/lazo_abierto/hook/cmake_prefix_path.ps1'
[7.241s] INFO:colcon.colcon_core.shell:Creating environment descriptor '/root/ros2_ws/src/robotica/install/lazo_abierto/share/lazo_abierto/hook/cmake_prefix_path.dsv'
[7.241s] INFO:colcon.colcon_core.shell:Creating environment hook '/root/ros2_ws/src/robotica/install/lazo_abierto/share/lazo_abierto/hook/cmake_prefix_path.sh'
[7.242s] Level 1:colcon.colcon_core.environment:checking '/root/ros2_ws/src/robotica/install/lazo_abierto/lib'
[7.242s] Level 1:colcon.colcon_core.environment:checking '/root/ros2_ws/src/robotica/install/lazo_abierto/bin'
[7.242s] Level 1:colcon.colcon_core.environment:checking '/root/ros2_ws/src/robotica/install/lazo_abierto/lib/pkgconfig/lazo_abierto.pc'
[7.242s] Level 1:colcon.colcon_core.environment:checking '/root/ros2_ws/src/robotica/install/lazo_abierto/lib/python3.10/site-packages'
[7.242s] Level 1:colcon.colcon_core.environment:checking '/root/ros2_ws/src/robotica/install/lazo_abierto/bin'
[7.243s] INFO:colcon.colcon_core.shell:Creating package script '/root/ros2_ws/src/robotica/install/lazo_abierto/share/lazo_abierto/package.ps1'
[7.243s] INFO:colcon.colcon_core.shell:Creating package descriptor '/root/ros2_ws/src/robotica/install/lazo_abierto/share/lazo_abierto/package.dsv'
[7.244s] INFO:colcon.colcon_core.shell:Creating package script '/root/ros2_ws/src/robotica/install/lazo_abierto/share/lazo_abierto/package.sh'
[7.244s] INFO:colcon.colcon_core.shell:Creating package script '/root/ros2_ws/src/robotica/install/lazo_abierto/share/lazo_abierto/package.bash'
[7.244s] INFO:colcon.colcon_core.shell:Creating package script '/root/ros2_ws/src/robotica/install/lazo_abierto/share/lazo_abierto/package.zsh'
[7.245s] Level 1:colcon.colcon_core.environment:create_file_with_runtime_dependencies(/root/ros2_ws/src/robotica/install/lazo_abierto/share/colcon-core/packages/lazo_abierto)
[7.245s] INFO:colcon.colcon_ros.task.ament_cmake.build:Building ROS package in '/root/ros2_ws/src/robotica/lazo_cerrado' with build type 'ament_cmake'
[7.246s] INFO:colcon.colcon_cmake.task.cmake.build:Building CMake package in '/root/ros2_ws/src/robotica/lazo_cerrado'
[7.246s] INFO:colcon.colcon_core.shell:Skip shell extension 'powershell' for command environment: Not usable outside of PowerShell
[7.246s] DEBUG:colcon.colcon_core.shell:Skip shell extension 'dsv' for command environment
[7.261s] DEBUG:colcon.colcon_core.event_handler.log_command:Invoking command in '/root/ros2_ws/src/robotica/build/lazo_cerrado': AMENT_PREFIX_PATH=/root/ros2_ws/src/robotica/install/lazo_abierto:/root/ros2_ws/src/robotica/install/robmovil_msgs:${AMENT_PREFIX_PATH} CMAKE_PREFIX_PATH=/root/ros2_ws/src/robotica/install/lazo_abierto:/root/ros2_ws/src/robotica/install/robmovil_msgs:/root/ros2_ws/install/sim_ros2_interface:/root/ros2_ws/install/modelo_omnidireccional:/root/ros2_ws/install/robmovil_msgs:/opt/ros/humble LD_LIBRARY_PATH=/root/ros2_ws/src/robotica/install/lazo_abierto/lib:/root/ros2_ws/src/robotica/install/robmovil_msgs/lib:/root/ros2_ws/install/robmovil_msgs/lib:/usr/lib/x86_64-linux-gnu/gazebo-11/plugins:/opt/ros/humble/opt/rviz_ogre_vendor/lib:/opt/ros/humble/lib/x86_64-linux-gnu:/opt/ros/humble/lib:/usr/lib/x86_64-linux-gnu/gazebo-11/plugins PYTHONPATH=/root/ros2_ws/src/robotica/install/robmovil_msgs/local/lib/python3.10/dist-packages:${PYTHONPATH} /usr/bin/cmake /root/ros2_ws/src/robotica/lazo_cerrado -DCMAKE_INSTALL_PREFIX=/root/ros2_ws/src/robotica/install/lazo_cerrado
[8.697s] DEBUG:colcon.colcon_core.event_handler.log_command:Invoked command in '/root/ros2_ws/src/robotica/build/lazo_cerrado' returned '0': AMENT_PREFIX_PATH=/root/ros2_ws/src/robotica/install/lazo_abierto:/root/ros2_ws/src/robotica/install/robmovil_msgs:${AMENT_PREFIX_PATH} CMAKE_PREFIX_PATH=/root/ros2_ws/src/robotica/install/lazo_abierto:/root/ros2_ws/src/robotica/install/robmovil_msgs:/root/ros2_ws/install/sim_ros2_interface:/root/ros2_ws/install/modelo_omnidireccional:/root/ros2_ws/install/robmovil_msgs:/opt/ros/humble LD_LIBRARY_PATH=/root/ros2_ws/src/robotica/install/lazo_abierto/lib:/root/ros2_ws/src/robotica/install/robmovil_msgs/lib:/root/ros2_ws/install/robmovil_msgs/lib:/usr/lib/x86_64-linux-gnu/gazebo-11/plugins:/opt/ros/humble/opt/rviz_ogre_vendor/lib:/opt/ros/humble/lib/x86_64-linux-gnu:/opt/ros/humble/lib:/usr/lib/x86_64-linux-gnu/gazebo-11/plugins PYTHONPATH=/root/ros2_ws/src/robotica/install/robmovil_msgs/local/lib/python3.10/dist-packages:${PYTHONPATH} /usr/bin/cmake /root/ros2_ws/src/robotica/lazo_cerrado -DCMAKE_INSTALL_PREFIX=/root/ros2_ws/src/robotica/install/lazo_cerrado
[8.698s] DEBUG:colcon.colcon_core.event_handler.log_command:Invoking command in '/root/ros2_ws/src/robotica/build/lazo_cerrado': AMENT_PREFIX_PATH=/root/ros2_ws/src/robotica/install/lazo_abierto:/root/ros2_ws/src/robotica/install/robmovil_msgs:${AMENT_PREFIX_PATH} CMAKE_PREFIX_PATH=/root/ros2_ws/src/robotica/install/lazo_abierto:/root/ros2_ws/src/robotica/install/robmovil_msgs:/root/ros2_ws/install/sim_ros2_interface:/root/ros2_ws/install/modelo_omnidireccional:/root/ros2_ws/install/robmovil_msgs:/opt/ros/humble LD_LIBRARY_PATH=/root/ros2_ws/src/robotica/install/lazo_abierto/lib:/root/ros2_ws/src/robotica/install/robmovil_msgs/lib:/root/ros2_ws/install/robmovil_msgs/lib:/usr/lib/x86_64-linux-gnu/gazebo-11/plugins:/opt/ros/humble/opt/rviz_ogre_vendor/lib:/opt/ros/humble/lib/x86_64-linux-gnu:/opt/ros/humble/lib:/usr/lib/x86_64-linux-gnu/gazebo-11/plugins PYTHONPATH=/root/ros2_ws/src/robotica/install/robmovil_msgs/local/lib/python3.10/dist-packages:${PYTHONPATH} /usr/bin/cmake --build /root/ros2_ws/src/robotica/build/lazo_cerrado -- -j4 -l4
[22.195s] DEBUG:colcon.colcon_core.event_handler.log_command:Invoked command in '/root/ros2_ws/src/robotica/build/lazo_cerrado' returned '2': AMENT_PREFIX_PATH=/root/ros2_ws/src/robotica/install/lazo_abierto:/root/ros2_ws/src/robotica/install/robmovil_msgs:${AMENT_PREFIX_PATH} CMAKE_PREFIX_PATH=/root/ros2_ws/src/robotica/install/lazo_abierto:/root/ros2_ws/src/robotica/install/robmovil_msgs:/root/ros2_ws/install/sim_ros2_interface:/root/ros2_ws/install/modelo_omnidireccional:/root/ros2_ws/install/robmovil_msgs:/opt/ros/humble LD_LIBRARY_PATH=/root/ros2_ws/src/robotica/install/lazo_abierto/lib:/root/ros2_ws/src/robotica/install/robmovil_msgs/lib:/root/ros2_ws/install/robmovil_msgs/lib:/usr/lib/x86_64-linux-gnu/gazebo-11/plugins:/opt/ros/humble/opt/rviz_ogre_vendor/lib:/opt/ros/humble/lib/x86_64-linux-gnu:/opt/ros/humble/lib:/usr/lib/x86_64-linux-gnu/gazebo-11/plugins PYTHONPATH=/root/ros2_ws/src/robotica/install/robmovil_msgs/local/lib/python3.10/dist-packages:${PYTHONPATH} /usr/bin/cmake --build /root/ros2_ws/src/robotica/build/lazo_cerrado -- -j4 -l4
[22.195s] Level 1:colcon.colcon_core.environment:create_environment_scripts_only(lazo_cerrado)
[22.196s] Level 1:colcon.colcon_core.environment:checking '/root/ros2_ws/src/robotica/install/lazo_cerrado' for CMake module files
[22.196s] Level 1:colcon.colcon_core.environment:checking '/root/ros2_ws/src/robotica/install/lazo_cerrado' for CMake config files
[22.196s] Level 1:colcon.colcon_core.environment:checking '/root/ros2_ws/src/robotica/install/lazo_cerrado/bin'
[22.196s] Level 1:colcon.colcon_core.environment:checking '/root/ros2_ws/src/robotica/install/lazo_cerrado/lib/pkgconfig/lazo_cerrado.pc'
[22.196s] Level 1:colcon.colcon_core.environment:checking '/root/ros2_ws/src/robotica/install/lazo_cerrado/lib/python3.10/site-packages'
[22.197s] Level 1:colcon.colcon_core.environment:checking '/root/ros2_ws/src/robotica/install/lazo_cerrado/bin'
[22.197s] INFO:colcon.colcon_core.shell:Creating package script '/root/ros2_ws/src/robotica/install/lazo_cerrado/share/lazo_cerrado/package.ps1'
[22.197s] INFO:colcon.colcon_core.shell:Creating package descriptor '/root/ros2_ws/src/robotica/install/lazo_cerrado/share/lazo_cerrado/package.dsv'
[22.198s] INFO:colcon.colcon_core.shell:Creating package script '/root/ros2_ws/src/robotica/install/lazo_cerrado/share/lazo_cerrado/package.sh'
[22.198s] INFO:colcon.colcon_core.shell:Creating package script '/root/ros2_ws/src/robotica/install/lazo_cerrado/share/lazo_cerrado/package.bash'
[22.198s] INFO:colcon.colcon_core.shell:Creating package script '/root/ros2_ws/src/robotica/install/lazo_cerrado/share/lazo_cerrado/package.zsh'
[22.199s] Level 1:colcon.colcon_core.environment:create_file_with_runtime_dependencies(/root/ros2_ws/src/robotica/install/lazo_cerrado/share/colcon-core/packages/lazo_cerrado)
[22.209s] DEBUG:colcon.colcon_parallel_executor.executor.parallel:closing loop
[22.209s] DEBUG:colcon.colcon_parallel_executor.executor.parallel:loop closed
[22.209s] DEBUG:colcon.colcon_parallel_executor.executor.parallel:run_until_complete finished with '2'
[22.210s] DEBUG:colcon.colcon_core.event_reactor:joining thread
[22.216s] INFO:colcon.colcon_core.plugin_system:Skipping extension 'colcon_notification.desktop_notification.notify_send': Could not find 'notify-send'
[22.216s] INFO:colcon.colcon_core.plugin_system:Skipping extension 'colcon_notification.desktop_notification.terminal_notifier': Not used on non-Darwin systems
[22.216s] INFO:colcon.colcon_core.plugin_system:Skipping extension 'colcon_notification.desktop_notification.win32': Not used on non-Windows systems
[22.216s] INFO:colcon.colcon_notification.desktop_notification:Sending desktop notification using 'notify2'
[22.219s] DEBUG:colcon.colcon_notification.desktop_notification.notify2:Failed to initialize notify2: org.freedesktop.DBus.Error.Spawn.ExecFailed: /usr/bin/dbus-launch terminated abnormally without any error message
[22.220s] DEBUG:colcon.colcon_core.event_reactor:joined thread
[22.221s] INFO:colcon.colcon_core.shell:Creating prefix script '/root/ros2_ws/src/robotica/install/local_setup.ps1'
[22.223s] INFO:colcon.colcon_core.shell:Creating prefix util module '/root/ros2_ws/src/robotica/install/_local_setup_util_ps1.py'
[22.225s] INFO:colcon.colcon_core.shell:Creating prefix chain script '/root/ros2_ws/src/robotica/install/setup.ps1'
[22.226s] INFO:colcon.colcon_core.shell:Creating prefix script '/root/ros2_ws/src/robotica/install/local_setup.sh'
[22.227s] INFO:colcon.colcon_core.shell:Creating prefix util module '/root/ros2_ws/src/robotica/install/_local_setup_util_sh.py'
[22.228s] INFO:colcon.colcon_core.shell:Creating prefix chain script '/root/ros2_ws/src/robotica/install/setup.sh'
[22.230s] INFO:colcon.colcon_core.shell:Creating prefix script '/root/ros2_ws/src/robotica/install/local_setup.bash'
[22.230s] INFO:colcon.colcon_core.shell:Creating prefix chain script '/root/ros2_ws/src/robotica/install/setup.bash'
[22.232s] INFO:colcon.colcon_core.shell:Creating prefix script '/root/ros2_ws/src/robotica/install/local_setup.zsh'
[22.233s] INFO:colcon.colcon_core.shell:Creating prefix chain script '/root/ros2_ws/src/robotica/install/setup.zsh'
